This is METAFONT, Version 2.7182 (Web2C 7.4.5) (base=mf 2006.1.10)  26 JUL 2006 13:59
**\mode:=ljfour; mag:=1; nonstopmode; input ectt1000
(/var/lib/texmf/source/jknappen/ec/ectt1000.mf
(/usr/share/texmf/fonts/source/jknappen/ec/exbase.mf)
(/usr/share/texmf/fonts/source/jknappen/ec/ectt.mf
(/usr/share/texmf/fonts/source/jknappen/ec/exroman.mf
 Ok (/usr/share/texmf/fonts/source/jknappen/ec/exaccess.mf
 Ok) (/usr/share/texmf/fonts/source/jknappen/ec/expseudo.mf
 Ok) (/usr/share/texmf/fonts/source/jknappen/ec/exruwest.mf
 Ok [192] [193] [194] [195] [196] [197] [198] [199] [200] [201] [202] [203]
[204] [205] [206] [207] [208] [209] [210] [211] [212] [213] [214] [215]
[216] [217] [218] [219] [220] [221] [222] [223])
(/usr/share/texmf/fonts/source/jknappen/ec/exrlwest.mf
 Ok [224] [225] [226] [227] [228] [229] [230] [231] [232] [233] [234] [235]
[236] [237] [238] [239] [240] [241] [242] [243] [244] [245] [246] [247]
[248] [249] [250] [251] [252] [253] [254] [255])
(/usr/share/texmf/fonts/source/jknappen/ec/exrueast.mf
 Ok [128] [129] [130] [131] [132] [133] [134] [135] [136] [137] [138] [139]
[140] [141] [142] [143] [144] [145] [146] [147] [148] [149] [150] [151]
[152] [153] [154] [155] [156] [157])
(/usr/share/texmf/fonts/source/jknappen/ec/exrleast.mf
 Ok [158] [160] [161] [162] [163] [164] [165] [166] [167] [168] [169] [170]
[171] [172] [173] [174] [175] [176] [177] [178] [179] [180] [181] [182]
[183] [184] [185] [186] [187] [188])
(/usr/share/texmf/fonts/source/jknappen/ec/exbraces.mf
 Ok [94] [126] [23] [40] [41] [60] [124] [62] [91] [93] [92] [123] [125]
[95] [127] [32]) (/usr/share/texmf/fonts/source/jknappen/ec/expunct.mf
 Ok [14] [15] [19] [20] [13] [18] [33] [39] [42] [43] [44] [46] [47] [58]
[59] [61] [96] [189] [17] [45] [16] [21] [22])
(/usr/share/texmf/fonts/source/jknappen/ec/exaccent.mf
 Ok [0] [1] [2] [3] [4] [5] [6] [7] [8] [9] [10] [11] [12])
(/usr/share/texmf/fonts/source/jknappen/ec/exsign.mf
 Ok [24] [34] [35] [36] [37] [64] [191] [159])
(/usr/share/texmf/fonts/source/jknappen/ec/exrlig.mf
 Ok [25] [26] [28] [27] [29] [30] [31])
(/usr/share/texmf/fonts/source/jknappen/ec/exromp.mf
 Ok [38] [63] [190]) (/usr/share/texmf/fonts/source/jknappen/ec/exrulett.mf
 Ok [65] [66] [67] [68] [69] [70] [71] [72] [73] [74] [75] [76] [77] [78]
[79] [80] [81] [82] [83] [84] [85] [86] [87] [88] [89] [90])
(/usr/share/texmf/fonts/source/jknappen/ec/exrllett.mf
 Ok [97] [98] [99] [100] [101] [102]
! Interruption.
<to be read again> 
                   x
pos->...((EXPR3)-currentbreadth,0)rotated(EXPR4);x
                                                  (SUFFIX2)=0.5(x(SUFFIX2)l+...
l.231 pos14(loop_side,-180)
                           ; pos10'(.5[thin_join,vair],-270);
? 
! Emergency stop.
<to be read again> 
                   x
pos->...((EXPR3)-currentbreadth,0)rotated(EXPR4);x
                                                  (SUFFIX2)=0.5(x(SUFFIX2)l+...
l.231 pos14(loop_side,-180)
                           ; pos10'(.5[thin_join,vair],-270);
End of file on the terminal!

 
Here is how much of METAFONT's memory you used:
 640 strings out of 5326
 7372 string characters out of 70999
 44751 words of memory out of 1000001
 1484 symbolic tokens out of 9500
 13i,79n,0r,29p,236b stack positions out of 300i,300n,1000r,150p,200000b
 
(You used 3w,16h,11d,1i,0l,0k,0e,15p metric file positions
  out of 256w,16h,16d,64i,15000l,2500k,256e,60p)
Font metrics written on ectt1000.tfm.
Output written on ectt1000.600gf (226 characters, 38880 bytes).
