This is pdfTeXk, Version 3.141592-1.40.3 (Web2C 7.5.6) (format=latex 2010.9.15)  15 SEP 2010 16:11
entering extended mode
 %&-line parsing enabled.
**refman.tex
(./refman.tex
LaTeX2e <2005/12/01>
Babel <v3.8h> and hyphenation patterns for english, usenglishmax, dumylang, noh
yphenation, arabic, basque, bulgarian, coptic, welsh, czech, slovak, german, ng
erman, danish, esperanto, spanish, catalan, galician, estonian, farsi, finnish,
 french, greek, monogreek, ancientgreek, croatian, hungarian, interlingua, ibyc
us, indonesian, icelandic, italian, latin, mongolian, dutch, norsk, polish, por
tuguese, pinyin, romanian, russian, slovenian, uppersorbian, serbian, swedish, 
turkish, ukenglish, ukrainian, loaded.
(/usr/share/texmf/tex/latex/base/book.cls
Document Class: book 2005/09/16 v1.4f Standard LaTeX document class
(/usr/share/texmf/tex/latex/base/bk10.clo
File: bk10.clo 2005/09/16 v1.4f Standard LaTeX file (size option)
)
\c@part=\count79
\c@chapter=\count80
\c@section=\count81
\c@subsection=\count82
\c@subsubsection=\count83
\c@paragraph=\count84
\c@subparagraph=\count85
\c@figure=\count86
\c@table=\count87
\abovecaptionskip=\skip41
\belowcaptionskip=\skip42
\bibindent=\dimen102
)
(/usr/share/texmf/tex/latex/ltxmisc/a4wide.sty
Package: a4wide 1994/08/30

(/usr/share/texmf/tex/latex/ntgclass/a4.sty
Package: a4 2004/04/15 v1.2g A4 based page layout
))
(/usr/share/texmf/tex/latex/base/makeidx.sty
Package: makeidx 2000/03/29 v1.0m Standard LaTeX package
)
(/usr/share/texmf/tex/latex/graphics/graphicx.sty
Package: graphicx 1999/02/16 v1.0f Enhanced LaTeX Graphics (DPC,SPQR)

(/usr/share/texmf/tex/latex/graphics/keyval.sty
Package: keyval 1999/03/16 v1.13 key=value parser (DPC)
\KV@toks@=\toks14
)
(/usr/share/texmf/tex/latex/graphics/graphics.sty
Package: graphics 2006/02/20 v1.0o Standard LaTeX Graphics (DPC,SPQR)

(/usr/share/texmf/tex/latex/graphics/trig.sty
Package: trig 1999/03/16 v1.09 sin cos tan (DPC)
)
(/usr/share/texmf/tex/latex/config/graphics.cfg
File: graphics.cfg 2007/01/18 v1.5 graphics configuration of teTeX/TeXLive
)
Package graphics Info: Driver file: dvips.def on input line 90.

(/usr/share/texmf/tex/latex/graphics/dvips.def
File: dvips.def 1999/02/16 v3.0i Driver-dependant file (DPC,SPQR)
))
\Gin@req@height=\dimen103
\Gin@req@width=\dimen104
)
(/usr/share/texmf/tex/latex/tools/multicol.sty
Package: multicol 2006/05/18 v1.6g multicolumn formatting (FMi)
\c@tracingmulticols=\count88
\mult@box=\box26
\multicol@leftmargin=\dimen105
\c@unbalance=\count89
\c@collectmore=\count90
\doublecol@number=\count91
\multicoltolerance=\count92
\multicolpretolerance=\count93
\full@width=\dimen106
\page@free=\dimen107
\premulticols=\dimen108
\postmulticols=\dimen109
\multicolsep=\skip43
\multicolbaselineskip=\skip44
\partial@page=\box27
\last@line=\box28
\mult@rightbox=\box29
\mult@grightbox=\box30
\mult@gfirstbox=\box31
\mult@firstbox=\box32
\@tempa=\box33
\@tempa=\box34
\@tempa=\box35
\@tempa=\box36
\@tempa=\box37
\@tempa=\box38
\@tempa=\box39
\@tempa=\box40
\@tempa=\box41
\@tempa=\box42
\@tempa=\box43
\@tempa=\box44
\@tempa=\box45
\@tempa=\box46
\@tempa=\box47
\@tempa=\box48
\@tempa=\box49
\c@columnbadness=\count94
\c@finalcolumnbadness=\count95
\last@try=\dimen110
\multicolovershoot=\dimen111
\multicolundershoot=\dimen112
\mult@nat@firstbox=\box50
\colbreak@box=\box51
)
(/usr/share/texmf/tex/latex/float/float.sty
Package: float 2001/11/08 v1.3d Float enhancements (AL)
\c@float@type=\count96
\float@exts=\toks15
\float@box=\box52
\@float@everytoks=\toks16
\@floatcapt=\box53
)
(/usr/share/texmf/tex/latex/listings/listings.sty
\lst@mode=\count97
\lst@gtempboxa=\box54
\lst@token=\toks17
\lst@length=\count98
\lst@currlwidth=\dimen113
\lst@column=\count99
\lst@pos=\count100
\lst@lostspace=\dimen114
\lst@width=\dimen115
\lst@newlines=\count101
\lst@lineno=\count102
\c@lstlisting=\count103
\lst@maxwidth=\dimen116

(/usr/share/texmf/tex/latex/listings/lstpatch.sty
File: lstpatch.sty 2004/10/17 1.3b (Carsten Heinz)
)
(/usr/share/texmf/tex/latex/listings/lstmisc.sty
File: lstmisc.sty 2004/09/07 1.3 (Carsten Heinz)
\c@lstnumber=\count104
\lst@skipnumbers=\count105
\lst@framebox=\box55
)
(/usr/share/texmf/tex/latex/listings/listings.cfg
File: listings.cfg 2004/09/05 1.3 listings configuration
))
Package: listings 2004/10/17 1.3b (Carsten Heinz)

(/usr/share/texmf/tex/latex/graphics/color.sty
Package: color 2005/11/14 v1.0j Standard LaTeX Color (DPC)

(/usr/share/texmf/tex/latex/config/color.cfg
File: color.cfg 2007/01/18 v1.5 color configuration of teTeX/TeXLive
)
Package color Info: Driver file: dvips.def on input line 130.

(/usr/share/texmf/tex/latex/graphics/dvipsnam.def
File: dvipsnam.def 1999/02/16 v3.0i Driver-dependant file (DPC,SPQR)
))
(/usr/share/texmf/tex/latex/base/textcomp.sty
Package: textcomp 2005/09/27 v1.99g Standard LaTeX package
Package textcomp Info: Sub-encoding information:
(textcomp)               5 = only ISO-Adobe without \textcurrency
(textcomp)               4 = 5 + \texteuro
(textcomp)               3 = 4 + \textohm
(textcomp)               2 = 3 + \textestimated + \textcurrency
(textcomp)               1 = TS1 - \textcircled - \t
(textcomp)               0 = TS1 (full)
(textcomp)             Font families with sub-encoding setting implement
(textcomp)             only a restricted character set as indicated.
(textcomp)             Family '?' is the default used for unknown fonts.
(textcomp)             See the documentation for details.
Package textcomp Info: Setting ? sub-encoding to TS1/1 on input line 71.

(/usr/share/texmf/tex/latex/base/ts1enc.def
File: ts1enc.def 2001/06/05 v3.0e (jk/car/fm) Standard LaTeX file
)
LaTeX Info: Redefining \oldstylenums on input line 266.
Package textcomp Info: Setting cmr sub-encoding to TS1/0 on input line 281.
Package textcomp Info: Setting cmss sub-encoding to TS1/0 on input line 282.
Package textcomp Info: Setting cmtt sub-encoding to TS1/0 on input line 283.
Package textcomp Info: Setting cmvtt sub-encoding to TS1/0 on input line 284.
Package textcomp Info: Setting cmbr sub-encoding to TS1/0 on input line 285.
Package textcomp Info: Setting cmtl sub-encoding to TS1/0 on input line 286.
Package textcomp Info: Setting ccr sub-encoding to TS1/0 on input line 287.
Package textcomp Info: Setting ptm sub-encoding to TS1/4 on input line 288.
Package textcomp Info: Setting pcr sub-encoding to TS1/4 on input line 289.
Package textcomp Info: Setting phv sub-encoding to TS1/4 on input line 290.
Package textcomp Info: Setting ppl sub-encoding to TS1/3 on input line 291.
Package textcomp Info: Setting pag sub-encoding to TS1/4 on input line 292.
Package textcomp Info: Setting pbk sub-encoding to TS1/4 on input line 293.
Package textcomp Info: Setting pnc sub-encoding to TS1/4 on input line 294.
Package textcomp Info: Setting pzc sub-encoding to TS1/4 on input line 295.
Package textcomp Info: Setting bch sub-encoding to TS1/4 on input line 296.
Package textcomp Info: Setting put sub-encoding to TS1/5 on input line 297.
Package textcomp Info: Setting uag sub-encoding to TS1/5 on input line 298.
Package textcomp Info: Setting ugq sub-encoding to TS1/5 on input line 299.
Package textcomp Info: Setting ul8 sub-encoding to TS1/4 on input line 300.
Package textcomp Info: Setting ul9 sub-encoding to TS1/4 on input line 301.
Package textcomp Info: Setting augie sub-encoding to TS1/5 on input line 302.
Package textcomp Info: Setting dayrom sub-encoding to TS1/3 on input line 303.
Package textcomp Info: Setting dayroms sub-encoding to TS1/3 on input line 304.

Package textcomp Info: Setting pxr sub-encoding to TS1/0 on input line 305.
Package textcomp Info: Setting pxss sub-encoding to TS1/0 on input line 306.
Package textcomp Info: Setting pxtt sub-encoding to TS1/0 on input line 307.
Package textcomp Info: Setting txr sub-encoding to TS1/0 on input line 308.
Package textcomp Info: Setting txss sub-encoding to TS1/0 on input line 309.
Package textcomp Info: Setting txtt sub-encoding to TS1/0 on input line 310.
Package textcomp Info: Setting futs sub-encoding to TS1/4 on input line 311.
Package textcomp Info: Setting futx sub-encoding to TS1/4 on input line 312.
Package textcomp Info: Setting futj sub-encoding to TS1/4 on input line 313.
Package textcomp Info: Setting hlh sub-encoding to TS1/3 on input line 314.
Package textcomp Info: Setting hls sub-encoding to TS1/3 on input line 315.
Package textcomp Info: Setting hlst sub-encoding to TS1/3 on input line 316.
Package textcomp Info: Setting hlct sub-encoding to TS1/5 on input line 317.
Package textcomp Info: Setting hlx sub-encoding to TS1/5 on input line 318.
Package textcomp Info: Setting hlce sub-encoding to TS1/5 on input line 319.
Package textcomp Info: Setting hlcn sub-encoding to TS1/5 on input line 320.
Package textcomp Info: Setting hlcw sub-encoding to TS1/5 on input line 321.
Package textcomp Info: Setting hlcf sub-encoding to TS1/5 on input line 322.
Package textcomp Info: Setting pplx sub-encoding to TS1/3 on input line 323.
Package textcomp Info: Setting pplj sub-encoding to TS1/3 on input line 324.
Package textcomp Info: Setting ptmx sub-encoding to TS1/4 on input line 325.
Package textcomp Info: Setting ptmj sub-encoding to TS1/4 on input line 326.
)
(/usr/share/texmf/tex/latex/base/alltt.sty
Package: alltt 1997/06/16 v2.0g defines alltt environment
)
(/usr/share/texmf/tex/latex/base/inputenc.sty
Package: inputenc 2006/05/05 v1.1b Input encoding file
\inpenc@prehook=\toks18
\inpenc@posthook=\toks19

(/usr/share/texmf/tex/latex/base/utf8.def
File: utf8.def 2006/03/30 v1.1i UTF-8 support for inputenc
Now handling font encoding OML ...
... no UTF-8 mapping file for font encoding OML
Now handling font encoding T1 ...
... processing UTF-8 mapping file for font encodingT1

(/usr/share/texmf/tex/latex/base/t1enc.dfu
File: t1enc.dfu 2006/03/30 v1.1i UTF-8 support for inputenc
   defining Unicode char U+00A1 (decimal 161)
   defining Unicode char U+00A3 (decimal 163)
   defining Unicode char U+00AB (decimal 171)
   defining Unicode char U+00BB (decimal 187)
   defining Unicode char U+00BF (decimal 191)
   defining Unicode char U+00C0 (decimal 192)
   defining Unicode char U+00C1 (decimal 193)
   defining Unicode char U+00C2 (decimal 194)
   defining Unicode char U+00C3 (decimal 195)
   defining Unicode char U+00C4 (decimal 196)
   defining Unicode char U+00C5 (decimal 197)
   defining Unicode char U+00C6 (decimal 198)
   defining Unicode char U+00C7 (decimal 199)
   defining Unicode char U+00C8 (decimal 200)
   defining Unicode char U+00C9 (decimal 201)
   defining Unicode char U+00CA (decimal 202)
   defining Unicode char U+00CB (decimal 203)
   defining Unicode char U+00CC (decimal 204)
   defining Unicode char U+00CD (decimal 205)
   defining Unicode char U+00CE (decimal 206)
   defining Unicode char U+00CF (decimal 207)
   defining Unicode char U+00D0 (decimal 208)
   defining Unicode char U+00D1 (decimal 209)
   defining Unicode char U+00D2 (decimal 210)
   defining Unicode char U+00D3 (decimal 211)
   defining Unicode char U+00D4 (decimal 212)
   defining Unicode char U+00D5 (decimal 213)
   defining Unicode char U+00D6 (decimal 214)
   defining Unicode char U+00D8 (decimal 216)
   defining Unicode char U+00D9 (decimal 217)
   defining Unicode char U+00DA (decimal 218)
   defining Unicode char U+00DB (decimal 219)
   defining Unicode char U+00DC (decimal 220)
   defining Unicode char U+00DD (decimal 221)
   defining Unicode char U+00DE (decimal 222)
   defining Unicode char U+00DF (decimal 223)
   defining Unicode char U+00E0 (decimal 224)
   defining Unicode char U+00E1 (decimal 225)
   defining Unicode char U+00E2 (decimal 226)
   defining Unicode char U+00E3 (decimal 227)
   defining Unicode char U+00E4 (decimal 228)
   defining Unicode char U+00E5 (decimal 229)
   defining Unicode char U+00E6 (decimal 230)
   defining Unicode char U+00E7 (decimal 231)
   defining Unicode char U+00E8 (decimal 232)
   defining Unicode char U+00E9 (decimal 233)
   defining Unicode char U+00EA (decimal 234)
   defining Unicode char U+00EB (decimal 235)
   defining Unicode char U+00EC (decimal 236)
   defining Unicode char U+00ED (decimal 237)
   defining Unicode char U+00EE (decimal 238)
   defining Unicode char U+00EF (decimal 239)
   defining Unicode char U+00F0 (decimal 240)
   defining Unicode char U+00F1 (decimal 241)
   defining Unicode char U+00F2 (decimal 242)
   defining Unicode char U+00F3 (decimal 243)
   defining Unicode char U+00F4 (decimal 244)
   defining Unicode char U+00F5 (decimal 245)
   defining Unicode char U+00F6 (decimal 246)
   defining Unicode char U+00F8 (decimal 248)
   defining Unicode char U+00F9 (decimal 249)
   defining Unicode char U+00FA (decimal 250)
   defining Unicode char U+00FB (decimal 251)
   defining Unicode char U+00FC (decimal 252)
   defining Unicode char U+00FD (decimal 253)
   defining Unicode char U+00FE (decimal 254)
   defining Unicode char U+00FF (decimal 255)
   defining Unicode char U+0102 (decimal 258)
   defining Unicode char U+0103 (decimal 259)
   defining Unicode char U+0104 (decimal 260)
   defining Unicode char U+0105 (decimal 261)
   defining Unicode char U+0106 (decimal 262)
   defining Unicode char U+0107 (decimal 263)
   defining Unicode char U+010C (decimal 268)
   defining Unicode char U+010D (decimal 269)
   defining Unicode char U+010E (decimal 270)
   defining Unicode char U+010F (decimal 271)
   defining Unicode char U+0110 (decimal 272)
   defining Unicode char U+0111 (decimal 273)
   defining Unicode char U+0118 (decimal 280)
   defining Unicode char U+0119 (decimal 281)
   defining Unicode char U+011A (decimal 282)
   defining Unicode char U+011B (decimal 283)
   defining Unicode char U+011E (decimal 286)
   defining Unicode char U+011F (decimal 287)
   defining Unicode char U+0130 (decimal 304)
   defining Unicode char U+0131 (decimal 305)
   defining Unicode char U+0132 (decimal 306)
   defining Unicode char U+0133 (decimal 307)
   defining Unicode char U+0139 (decimal 313)
   defining Unicode char U+013A (decimal 314)
   defining Unicode char U+013D (decimal 317)
   defining Unicode char U+013E (decimal 318)
   defining Unicode char U+0141 (decimal 321)
   defining Unicode char U+0142 (decimal 322)
   defining Unicode char U+0143 (decimal 323)
   defining Unicode char U+0144 (decimal 324)
   defining Unicode char U+0147 (decimal 327)
   defining Unicode char U+0148 (decimal 328)
   defining Unicode char U+014A (decimal 330)
   defining Unicode char U+014B (decimal 331)
   defining Unicode char U+0150 (decimal 336)
   defining Unicode char U+0151 (decimal 337)
   defining Unicode char U+0152 (decimal 338)
   defining Unicode char U+0153 (decimal 339)
   defining Unicode char U+0154 (decimal 340)
   defining Unicode char U+0155 (decimal 341)
   defining Unicode char U+0158 (decimal 344)
   defining Unicode char U+0159 (decimal 345)
   defining Unicode char U+015A (decimal 346)
   defining Unicode char U+015B (decimal 347)
   defining Unicode char U+015E (decimal 350)
   defining Unicode char U+015F (decimal 351)
   defining Unicode char U+0160 (decimal 352)
   defining Unicode char U+0161 (decimal 353)
   defining Unicode char U+0162 (decimal 354)
   defining Unicode char U+0163 (decimal 355)
   defining Unicode char U+0164 (decimal 356)
   defining Unicode char U+0165 (decimal 357)
   defining Unicode char U+016E (decimal 366)
   defining Unicode char U+016F (decimal 367)
   defining Unicode char U+0170 (decimal 368)
   defining Unicode char U+0171 (decimal 369)
   defining Unicode char U+0178 (decimal 376)
   defining Unicode char U+0179 (decimal 377)
   defining Unicode char U+017A (decimal 378)
   defining Unicode char U+017B (decimal 379)
   defining Unicode char U+017C (decimal 380)
   defining Unicode char U+017D (decimal 381)
   defining Unicode char U+017E (decimal 382)
   defining Unicode char U+200C (decimal 8204)
   defining Unicode char U+2013 (decimal 8211)
   defining Unicode char U+2014 (decimal 8212)
   defining Unicode char U+2018 (decimal 8216)
   defining Unicode char U+2019 (decimal 8217)
   defining Unicode char U+201A (decimal 8218)
   defining Unicode char U+201C (decimal 8220)
   defining Unicode char U+201D (decimal 8221)
   defining Unicode char U+201E (decimal 8222)
   defining Unicode char U+2030 (decimal 8240)
   defining Unicode char U+2031 (decimal 8241)
   defining Unicode char U+2039 (decimal 8249)
   defining Unicode char U+203A (decimal 8250)
   defining Unicode char U+2423 (decimal 9251)
)
Now handling font encoding OT1 ...
... processing UTF-8 mapping file for font encodingOT1

(/usr/share/texmf/tex/latex/base/ot1enc.dfu
File: ot1enc.dfu 2006/03/30 v1.1i UTF-8 support for inputenc
   defining Unicode char U+00A1 (decimal 161)
   defining Unicode char U+00A3 (decimal 163)
   defining Unicode char U+00B8 (decimal 184)
   defining Unicode char U+00BF (decimal 191)
   defining Unicode char U+00C5 (decimal 197)
   defining Unicode char U+00C6 (decimal 198)
   defining Unicode char U+00D8 (decimal 216)
   defining Unicode char U+00DF (decimal 223)
   defining Unicode char U+00E6 (decimal 230)
   defining Unicode char U+00EC (decimal 236)
   defining Unicode char U+00ED (decimal 237)
   defining Unicode char U+00EE (decimal 238)
   defining Unicode char U+00EF (decimal 239)
   defining Unicode char U+00F8 (decimal 248)
   defining Unicode char U+0131 (decimal 305)
   defining Unicode char U+0141 (decimal 321)
   defining Unicode char U+0142 (decimal 322)
   defining Unicode char U+0152 (decimal 338)
   defining Unicode char U+0153 (decimal 339)
   defining Unicode char U+2013 (decimal 8211)
   defining Unicode char U+2014 (decimal 8212)
   defining Unicode char U+2018 (decimal 8216)
   defining Unicode char U+2019 (decimal 8217)
   defining Unicode char U+201C (decimal 8220)
   defining Unicode char U+201D (decimal 8221)
)
Now handling font encoding OMS ...
... processing UTF-8 mapping file for font encodingOMS

(/usr/share/texmf/tex/latex/base/omsenc.dfu
File: omsenc.dfu 2006/03/30 v1.1i UTF-8 support for inputenc
   defining Unicode char U+00A7 (decimal 167)
   defining Unicode char U+00B6 (decimal 182)
   defining Unicode char U+00B7 (decimal 183)
   defining Unicode char U+2020 (decimal 8224)
   defining Unicode char U+2021 (decimal 8225)
   defining Unicode char U+2022 (decimal 8226)
)
Now handling font encoding OMX ...
... no UTF-8 mapping file for font encoding OMX
Now handling font encoding U ...
... no UTF-8 mapping file for font encoding U
Now handling font encoding TS1 ...
... processing UTF-8 mapping file for font encodingTS1

(/usr/share/texmf/tex/latex/base/ts1enc.dfu
File: ts1enc.dfu 2006/03/30 v1.1i UTF-8 support for inputenc
   defining Unicode char U+00A2 (decimal 162)
   defining Unicode char U+00A3 (decimal 163)
   defining Unicode char U+00A4 (decimal 164)
   defining Unicode char U+00A5 (decimal 165)
   defining Unicode char U+00A6 (decimal 166)
   defining Unicode char U+00A7 (decimal 167)
   defining Unicode char U+00A8 (decimal 168)
   defining Unicode char U+00A9 (decimal 169)
   defining Unicode char U+00AA (decimal 170)
   defining Unicode char U+00AC (decimal 172)
   defining Unicode char U+00AE (decimal 174)
   defining Unicode char U+00AF (decimal 175)
   defining Unicode char U+00B0 (decimal 176)
   defining Unicode char U+00B1 (decimal 177)
   defining Unicode char U+00B2 (decimal 178)
   defining Unicode char U+00B3 (decimal 179)
   defining Unicode char U+00B4 (decimal 180)
   defining Unicode char U+00B5 (decimal 181)
   defining Unicode char U+00B6 (decimal 182)
   defining Unicode char U+00B7 (decimal 183)
   defining Unicode char U+00B9 (decimal 185)
   defining Unicode char U+00BA (decimal 186)
   defining Unicode char U+00BC (decimal 188)
   defining Unicode char U+00BD (decimal 189)
   defining Unicode char U+00BE (decimal 190)
   defining Unicode char U+00D7 (decimal 215)
   defining Unicode char U+00F7 (decimal 247)
   defining Unicode char U+0192 (decimal 402)
   defining Unicode char U+02C7 (decimal 711)
   defining Unicode char U+02D8 (decimal 728)
   defining Unicode char U+02DD (decimal 733)
   defining Unicode char U+0E3F (decimal 3647)
   defining Unicode char U+2016 (decimal 8214)
   defining Unicode char U+2020 (decimal 8224)
   defining Unicode char U+2021 (decimal 8225)
   defining Unicode char U+2022 (decimal 8226)
   defining Unicode char U+2030 (decimal 8240)
   defining Unicode char U+2031 (decimal 8241)
   defining Unicode char U+203B (decimal 8251)
   defining Unicode char U+203D (decimal 8253)
   defining Unicode char U+2044 (decimal 8260)
   defining Unicode char U+204E (decimal 8270)
   defining Unicode char U+2052 (decimal 8274)
   defining Unicode char U+20A1 (decimal 8353)
   defining Unicode char U+20A4 (decimal 8356)
   defining Unicode char U+20A6 (decimal 8358)
   defining Unicode char U+20A9 (decimal 8361)
   defining Unicode char U+20AB (decimal 8363)
   defining Unicode char U+20AC (decimal 8364)
   defining Unicode char U+20B1 (decimal 8369)
   defining Unicode char U+2103 (decimal 8451)
   defining Unicode char U+2116 (decimal 8470)
   defining Unicode char U+2117 (decimal 8471)
   defining Unicode char U+211E (decimal 8478)
   defining Unicode char U+2120 (decimal 8480)
   defining Unicode char U+2122 (decimal 8482)
   defining Unicode char U+2126 (decimal 8486)
   defining Unicode char U+2127 (decimal 8487)
   defining Unicode char U+212E (decimal 8494)
   defining Unicode char U+2190 (decimal 8592)
   defining Unicode char U+2191 (decimal 8593)
   defining Unicode char U+2192 (decimal 8594)
   defining Unicode char U+2193 (decimal 8595)
   defining Unicode char U+2329 (decimal 9001)
   defining Unicode char U+232A (decimal 9002)
   defining Unicode char U+2422 (decimal 9250)
   defining Unicode char U+25E6 (decimal 9702)
   defining Unicode char U+25EF (decimal 9711)
   defining Unicode char U+266A (decimal 9834)
)
   defining Unicode char U+00A9 (decimal 169)
   defining Unicode char U+00AA (decimal 170)
   defining Unicode char U+00AE (decimal 174)
   defining Unicode char U+00BA (decimal 186)
   defining Unicode char U+02C6 (decimal 710)
   defining Unicode char U+02DC (decimal 732)
   defining Unicode char U+200C (decimal 8204)
   defining Unicode char U+2026 (decimal 8230)
   defining Unicode char U+2122 (decimal 8482)
   defining Unicode char U+2423 (decimal 9251)
)) (./doxygen.sty
Package: doxygen 

(/usr/share/texmf/tex/latex/tools/array.sty
Package: array 2005/08/23 v2.4b Tabular extension package (FMi)
\col@sep=\dimen117
\extrarowheight=\dimen118
\NC@list=\toks20
\extratabsurround=\skip45
\backup@length=\skip46
)
(/usr/share/texmf/tex/latex/tools/calc.sty
Package: calc 2005/08/06 v4.2 Infix arithmetic (KKT,FJ)
\calc@Acount=\count106
\calc@Bcount=\count107
\calc@Adimen=\dimen119
\calc@Bdimen=\dimen120
\calc@Askip=\skip47
\calc@Bskip=\skip48
LaTeX Info: Redefining \setlength on input line 75.
LaTeX Info: Redefining \addtolength on input line 76.
\calc@Ccount=\count108
\calc@Cskip=\skip49
)
(/usr/share/texmf/tex/latex/fancyhdr/fancyhdr.sty
\fancy@headwidth=\skip50
\f@ncyO@elh=\skip51
\f@ncyO@erh=\skip52
\f@ncyO@olh=\skip53
\f@ncyO@orh=\skip54
\f@ncyO@elf=\skip55
\f@ncyO@erf=\skip56
\f@ncyO@olf=\skip57
\f@ncyO@orf=\skip58
)
(/usr/share/texmf/tex/latex/tools/verbatim.sty
Package: verbatim 2003/08/22 v1.5q LaTeX2e package for verbatim enhancements
\every@verbatim=\toks21
\verbatim@line=\toks22
\verbatim@in@stream=\read1
)
\tmplength=\skip59

(/usr/share/texmf/tex/latex/base/fontenc.sty
Package: fontenc 2005/09/27 v1.99g Standard LaTeX package

(/usr/share/texmf/tex/latex/base/t1enc.def
File: t1enc.def 2005/09/27 v1.99g Standard LaTeX file
LaTeX Font Info:    Redeclaring font encoding T1 on input line 43.
)))
(/usr/share/texmf/tex/latex/listings/lstlang1.sty
File: lstlang1.sty 2004/09/05 1.3 listings language file
)
(/usr/share/texmf/tex/latex/listings/lstlang1.sty
File: lstlang1.sty 2004/09/05 1.3 listings language file
)
(/usr/share/texmf/tex/latex/listings/lstmisc.sty
File: lstmisc.sty 2004/09/07 1.3 (Carsten Heinz)
)
\@indexfile=\write3
\openout3 = `refman.idx'.


Writing index file refman.idx
No file refman.aux.
\openout1 = `refman.aux'.

LaTeX Font Info:    Checking defaults for OML/cmm/m/it on input line 17.
LaTeX Font Info:    ... okay on input line 17.
LaTeX Font Info:    Checking defaults for T1/cmr/m/n on input line 17.
LaTeX Font Info:    ... okay on input line 17.
LaTeX Font Info:    Checking defaults for OT1/cmr/m/n on input line 17.
LaTeX Font Info:    ... okay on input line 17.
LaTeX Font Info:    Checking defaults for OMS/cmsy/m/n on input line 17.
LaTeX Font Info:    ... okay on input line 17.
LaTeX Font Info:    Checking defaults for OMX/cmex/m/n on input line 17.
LaTeX Font Info:    ... okay on input line 17.
LaTeX Font Info:    Checking defaults for U/cmr/m/n on input line 17.
LaTeX Font Info:    ... okay on input line 17.
LaTeX Font Info:    Checking defaults for TS1/cmr/m/n on input line 17.
LaTeX Font Info:    Try loading font information for TS1+cmr on input line 17.
(/usr/share/texmf/tex/latex/base/ts1cmr.fd
File: ts1cmr.fd 1999/05/25 v2.5h Standard LaTeX font definitions
)
LaTeX Font Info:    ... okay on input line 17.
 [1


] [2

]
No file refman.toc.
\tf@toc=\write4
\openout4 = `refman.toc'.

[1

] [2

]
Chapter 1.
(./todo.tex

LaTeX Warning: Reference `mnt__Export_8c_ab16cb1612cb6fdfffd77c84b6334a7c9' on 
page 1 undefined on input line 4.


LaTeX Warning: Reference `nfs__proto__tools_8c_ac4a0005c73ef75953f6980cd4566aac
4' on page 1 undefined on input line 10.


LaTeX Warning: Reference `nfs__proto__tools_8c_aa4f9710cdfa7157d9b730110d4cb062
1' on page 1 undefined on input line 18.


LaTeX Warning: Reference `nfs41__op__create__session_8c_a287c1a4d5ea08b586f6152
01951e5695' on page 1 undefined on input line 24.


LaTeX Warning: Reference `nfs4__Compound_8c_aa1516130248e7ae55d3c2e1bffe90016' 
on page 1 undefined on input line 30.


LaTeX Warning: Reference `nfs__proto__tools_8c_a9e8f27b3fcc6c910f3d30f3aeaf29c9
f' on page 1 undefined on input line 36.


LaTeX Warning: Reference `nfs4__xattr_8c_a04157cf3a82ad856010e23efe9ba6b33' on 
page 1 undefined on input line 44.


LaTeX Warning: Reference `nfs4__op__readdir_8c_a28bd74099667237874d6ec1103df378
f' on page 1 undefined on input line 50.

LaTeX Font Info:    External font `cmex10' loaded for size
(Font)              <7> on input line 50.
LaTeX Font Info:    External font `cmex10' loaded for size
(Font)              <5> on input line 50.

LaTeX Warning: Reference `nfs4__pseudo_8c_ad2908136e1e5502f039514153759b321' on
 page 1 undefined on input line 56.


LaTeX Warning: Reference `nfs4__xattr_8c_a258f1eeb0cfc4284bc58148675cf3974' on 
page 1 undefined on input line 68.


LaTeX Warning: Reference `nfs__proto__tools_8c_a42b9be27d5c5fd939c1eeb7e8b9e96d
f' on page 1 undefined on input line 82.

[1

]) [2]
Chapter 2.
(./annotated.tex

LaTeX Warning: Reference `structnfs4__cb__desc____' on page 3 undefined on inpu
t line 3.


LaTeX Warning: Reference `structnfs4__op__desc____' on page 3 undefined on inpu
t line 4.

) [3

] [4

]
Chapter 3.
(./files.tex

LaTeX Warning: Reference `mnt__Dump_8c' on page 5 undefined on input line 3.


LaTeX Warning: Reference `mnt__Export_8c' on page 5 undefined on input line 4.


LaTeX Warning: Reference `mnt__Mnt_8c' on page 5 undefined on input line 5.


LaTeX Warning: Reference `mnt__Null_8c' on page 5 undefined on input line 6.


LaTeX Warning: Reference `mnt__Umnt_8c' on page 5 undefined on input line 7.


LaTeX Warning: Reference `mnt__UmntAll_8c' on page 5 undefined on input line 8.



LaTeX Warning: Reference `nfs2__Root_8c' on page 5 undefined on input line 9.


LaTeX Warning: Reference `nfs2__Writecache_8c' on page 5 undefined on input lin
e 10.


LaTeX Warning: Reference `nfs3__Access_8c' on page 5 undefined on input line 11
.


LaTeX Warning: Reference `nfs3__Commit_8c' on page 5 undefined on input line 12
.


LaTeX Warning: Reference `nfs3__Fsinfo_8c' on page 5 undefined on input line 13
.


LaTeX Warning: Reference `nfs3__Mknod_8c' on page 5 undefined on input line 14.



LaTeX Warning: Reference `nfs3__Pathconf_8c' on page 5 undefined on input line 
15.


LaTeX Warning: Reference `nfs3__Readdirplus_8c' on page 5 undefined on input li
ne 16.


LaTeX Warning: Reference `nfs41__op__close_8c' on page 5 undefined on input lin
e 17.


LaTeX Warning: Reference `nfs41__op__create__session_8c' on page 5 undefined on
 input line 18.


LaTeX Warning: Reference `nfs41__op__destroy__session_8c' on page 5 undefined o
n input line 19.


LaTeX Warning: Reference `nfs41__op__exchange__id_8c' on page 5 undefined on in
put line 20.


Underfull \hbox (badness 10000) in paragraph at lines 20--20
 [][] \T1/cmr/bx/n/10 nfs41_-op_-exchange_-id.c \T1/cmr/m/n/10 (Rou-tines used 
for man-ag-ing the NFS4_-OP_- 
 []


LaTeX Warning: Reference `nfs41__op__getdeviceinfo_8c' on page 5 undefined on i
nput line 21.


Underfull \hbox (badness 10000) in paragraph at lines 21--21
 [][] \T1/cmr/bx/n/10 nfs41_-op_-getdeviceinfo.c \T1/cmr/m/n/10 (Rou-tines used
 for man-ag-ing the NFS4_-OP_- 
 []


LaTeX Warning: Reference `nfs41__op__getdevicelist_8c' on page 5 undefined on i
nput line 22.


Underfull \hbox (badness 10000) in paragraph at lines 22--22
 [][] \T1/cmr/bx/n/10 nfs41_-op_-getdevicelist.c \T1/cmr/m/n/10 (Rou-tines used
 for man-ag-ing the NFS4_-OP_- 
 []


LaTeX Warning: Reference `nfs41__op__layoutcommit_8c' on page 5 undefined on in
put line 23.


LaTeX Warning: Reference `nfs41__op__layoutget_8c' on page 5 undefined on input
 line 24.


LaTeX Warning: Reference `nfs41__op__layoutreturn_8c' on page 5 undefined on in
put line 25.


LaTeX Warning: Reference `nfs41__op__lock_8c' on page 5 undefined on input line
 26.


LaTeX Warning: Reference `nfs41__op__lockt_8c' on page 5 undefined on input lin
e 27.


LaTeX Warning: Reference `nfs41__op__locku_8c' on page 5 undefined on input lin
e 28.


LaTeX Warning: Reference `nfs41__op__open_8c' on page 5 undefined on input line
 29.


LaTeX Warning: Reference `nfs41__op__read_8c' on page 5 undefined on input line
 30.


LaTeX Warning: Reference `nfs41__op__reclaim__complete_8c' on page 5 undefined 
on input line 31.

[5]

LaTeX Warning: Reference `nfs41__op__sequence_8c' on page 6 undefined on input 
line 32.


LaTeX Warning: Reference `nfs41__op__set__ssv_8c' on page 6 undefined on input 
line 33.


LaTeX Warning: Reference `nfs41__op__write_8c' on page 6 undefined on input lin
e 34.


LaTeX Warning: Reference `nfs4__cb__Compound_8c' on page 6 undefined on input l
ine 35.


LaTeX Warning: Reference `nfs4__cb__getattr_8c' on page 6 undefined on input li
ne 36.


LaTeX Warning: Reference `nfs4__cb__illegal_8c' on page 6 undefined on input li
ne 37.


LaTeX Warning: Reference `nfs4__cb__Null_8c' on page 6 undefined on input line 
38.


LaTeX Warning: Reference `nfs4__cb__recall_8c' on page 6 undefined on input lin
e 39.


LaTeX Warning: Reference `nfs4__Compound_8c' on page 6 undefined on input line 
40.


LaTeX Warning: Reference `nfs4__op__access_8c' on page 6 undefined on input lin
e 41.


LaTeX Warning: Reference `nfs4__op__close_8c' on page 6 undefined on input line
 42.


LaTeX Warning: Reference `nfs4__op__commit_8c' on page 6 undefined on input lin
e 43.


LaTeX Warning: Reference `nfs4__op__create_8c' on page 6 undefined on input lin
e 44.


LaTeX Warning: Reference `nfs4__op__delegpurge_8c' on page 6 undefined on input
 line 45.


LaTeX Warning: Reference `nfs4__op__delegreturn_8c' on page 6 undefined on inpu
t line 46.


LaTeX Warning: Reference `nfs4__op__getattr_8c' on page 6 undefined on input li
ne 47.


LaTeX Warning: Reference `nfs4__op__getfh_8c' on page 6 undefined on input line
 48.


LaTeX Warning: Reference `nfs4__op__illegal_8c' on page 6 undefined on input li
ne 49.


LaTeX Warning: Reference `nfs4__op__link_8c' on page 6 undefined on input line 
50.


LaTeX Warning: Reference `nfs4__op__lock_8c' on page 6 undefined on input line 
51.


LaTeX Warning: Reference `nfs4__op__lockt_8c' on page 6 undefined on input line
 52.


LaTeX Warning: Reference `nfs4__op__locku_8c' on page 6 undefined on input line
 53.


LaTeX Warning: Reference `nfs4__op__lookup_8c' on page 6 undefined on input lin
e 54.


LaTeX Warning: Reference `nfs4__op__lookupp_8c' on page 6 undefined on input li
ne 55.


LaTeX Warning: Reference `nfs4__op__nverify_8c' on page 6 undefined on input li
ne 56.


LaTeX Warning: Reference `nfs4__op__open_8c' on page 6 undefined on input line 
57.


LaTeX Warning: Reference `nfs4__op__open__confirm_8c' on page 6 undefined on in
put line 58.


LaTeX Warning: Reference `nfs4__op__open__downgrade_8c' on page 6 undefined on 
input line 59.


LaTeX Warning: Reference `nfs4__op__openattr_8c' on page 6 undefined on input l
ine 60.


LaTeX Warning: Reference `nfs4__op__putfh_8c' on page 6 undefined on input line
 61.


LaTeX Warning: Reference `nfs4__op__putpubfh_8c' on page 6 undefined on input l
ine 62.


LaTeX Warning: Reference `nfs4__op__putrootfh_8c' on page 6 undefined on input 
line 63.


LaTeX Warning: Reference `nfs4__op__read_8c' on page 6 undefined on input line 
64.


LaTeX Warning: Reference `nfs4__op__readdir_8c' on page 6 undefined on input li
ne 65.


LaTeX Warning: Reference `nfs4__op__readlink_8c' on page 6 undefined on input l
ine 66.


LaTeX Warning: Reference `nfs4__op__release__lockowner_8c' on page 6 undefined 
on input line 67.


LaTeX Warning: Reference `nfs4__op__remove_8c' on page 6 undefined on input lin
e 68.


LaTeX Warning: Reference `nfs4__op__rename_8c' on page 6 undefined on input lin
e 69.


LaTeX Warning: Reference `nfs4__op__renew_8c' on page 6 undefined on input line
 70.


LaTeX Warning: Reference `nfs4__op__restorefh_8c' on page 6 undefined on input 
line 71.


LaTeX Warning: Reference `nfs4__op__savefh_8c' on page 6 undefined on input lin
e 72.


LaTeX Warning: Reference `nfs4__op__secinfo_8c' on page 6 undefined on input li
ne 73.


LaTeX Warning: Reference `nfs4__op__setattr_8c' on page 6 undefined on input li
ne 74.

[6]

LaTeX Warning: Reference `nfs4__op__setclientid_8c' on page 7 undefined on inpu
t line 75.


LaTeX Warning: Reference `nfs4__op__setclientid__confirm_8c' on page 7 undefine
d on input line 76.


LaTeX Warning: Reference `nfs4__op__verify_8c' on page 7 undefined on input lin
e 77.


LaTeX Warning: Reference `nfs4__op__write_8c' on page 7 undefined on input line
 78.


LaTeX Warning: Reference `nfs4__pseudo_8c' on page 7 undefined on input line 79
.


LaTeX Warning: Reference `nfs4__referral_8c' on page 7 undefined on input line 
80.


LaTeX Warning: Reference `nfs4__xattr_8c' on page 7 undefined on input line 81.



LaTeX Warning: Reference `nfs4__xattr_8c' on page 7 undefined on input line 81.



LaTeX Warning: Reference `nfs__Create_8c' on page 7 undefined on input line 82.



LaTeX Warning: Reference `nfs__Fsstat_8c' on page 7 undefined on input line 83.



LaTeX Warning: Reference `nfs__Getattr_8c' on page 7 undefined on input line 84
.


LaTeX Warning: Reference `nfs__Link_8c' on page 7 undefined on input line 85.


LaTeX Warning: Reference `nfs__Lookup_8c' on page 7 undefined on input line 86.



LaTeX Warning: Reference `nfs__Mkdir_8c' on page 7 undefined on input line 87.


LaTeX Warning: Reference `nfs__Null_8c' on page 7 undefined on input line 88.


LaTeX Warning: Reference `nfs__proto__tools_8c' on page 7 undefined on input li
ne 89.


LaTeX Warning: Reference `nfs__Read_8c' on page 7 undefined on input line 90.


LaTeX Warning: Reference `nfs__Readdir_8c' on page 7 undefined on input line 91
.


LaTeX Warning: Reference `nfs__Readlink_8c' on page 7 undefined on input line 9
2.


LaTeX Warning: Reference `nfs__Remove_8c' on page 7 undefined on input line 93.



LaTeX Warning: Reference `nfs__Rename_8c' on page 7 undefined on input line 94.



LaTeX Warning: Reference `nfs__Rmdir_8c' on page 7 undefined on input line 95.


LaTeX Warning: Reference `nfs__Setattr_8c' on page 7 undefined on input line 96
.


LaTeX Warning: Reference `nfs__Symlink_8c' on page 7 undefined on input line 97
.


LaTeX Warning: Reference `nfs__Write_8c' on page 7 undefined on input line 98.


LaTeX Warning: Reference `nfs__xattr_8c' on page 7 undefined on input line 99.


LaTeX Warning: Reference `nlm__Cancel_8c' on page 7 undefined on input line 100
.


LaTeX Warning: Reference `nlm__Cancel__Message_8c' on page 7 undefined on input
 line 101.


LaTeX Warning: Reference `nlm__Granted__Res_8c' on page 7 undefined on input li
ne 102.


LaTeX Warning: Reference `nlm__Lock_8c' on page 7 undefined on input line 103.


LaTeX Warning: Reference `nlm__Lock__Message_8c' on page 7 undefined on input l
ine 104.


LaTeX Warning: Reference `nlm__Null_8c' on page 7 undefined on input line 105.


LaTeX Warning: Reference `nlm__Sm__Notify_8c' on page 7 undefined on input line
 106.


LaTeX Warning: Reference `nlm__Test_8c' on page 7 undefined on input line 107.


LaTeX Warning: Reference `nlm__Test__Message_8c' on page 7 undefined on input l
ine 108.


LaTeX Warning: Reference `nlm__Unlock_8c' on page 7 undefined on input line 109
.


LaTeX Warning: Reference `nlm__Unlock__Message_8c' on page 7 undefined on input
 line 110.


LaTeX Warning: Reference `rquota__getactivequota_8c' on page 7 undefined on inp
ut line 111.


LaTeX Warning: Reference `rquota__getquota_8c' on page 7 undefined on input lin
e 112.


LaTeX Warning: Reference `rquota__Null_8c' on page 7 undefined on input line 11
3.


LaTeX Warning: Reference `rquota__setactivequota_8c' on page 7 undefined on inp
ut line 114.


LaTeX Warning: Reference `rquota__setquota_8c' on page 7 undefined on input lin
e 115.


LaTeX Warning: Reference `test__mnt__proto_8c' on page 7 undefined on input lin
e 116.

) [7] [8

]
Chapter 4.
(./structnfs4__cb__desc____.tex) [9]
\openout2 = `structnfs4__op__desc____.aux'.

 (./structnfs4__op__desc____.tex) [10

]
Chapter 5.
(./mnt__Dump_8c.tex
LaTeX Font Info:    Try loading font information for T1+cmtt on input line 6.
 (/usr/share/texmf/tex/latex/base/t1cmtt.fd
File: t1cmtt.fd 1999/05/25 v2.5h Standard LaTeX font definitions
)
Underfull \vbox (badness 10000) has occurred while \output is active []

 [11


]
! Too many }'s.
l.41 Author}
            
? 
! Too many }'s.
l.45 Date}
          
? 
! Too many }'s.
l.49 Revision}
              
? 
[12]) [13]
\openout2 = `mnt__Export_8c.aux'.

 (./mnt__Export_8c.tex [14

]
! Too many }'s.
l.50 Author}
            
? 
! Too many }'s.
l.54 Date}
          
? 
! Too many }'s.
l.58 Revision}
              
? 

LaTeX Warning: Reference `mnt__Null_8c' on page 15 undefined on input line 59.

[15]) [16]
\openout2 = `mnt__Mnt_8c.aux'.

 (./mnt__Mnt_8c.tex [17


]
! Too many }'s.
l.55 Author}
            
? 
! Too many }'s.
l.59 Date}
          
? 
! Too many }'s.
l.63 Revision}
              
? 

LaTeX Warning: Reference `mnt__Null_8c' on page 18 undefined on input line 64.

[18]) [19]
\openout2 = `mnt__Null_8c.aux'.

 (./mnt__Null_8c.tex
! Too many }'s.
l.42 Author}
            
? 
[20


]
! Too many }'s.
l.46 Date}
          
? 
! Too many }'s.
l.50 Revision}
              
? 

LaTeX Warning: Reference `mnt__Null_8c' on page 21 undefined on input line 51.

) [21]
\openout2 = `mnt__Umnt_8c.aux'.

 (./mnt__Umnt_8c.tex
! Too many }'s.
l.42 Author}
            
? 
[22


]
! Too many }'s.
l.46 Date}
          
? 
! Too many }'s.
l.50 Revision}
              
? 
) [23]
\openout2 = `mnt__UmntAll_8c.aux'.

 (./mnt__UmntAll_8c.tex
Underfull \hbox (badness 4108) in paragraph at lines 32--34
[]\T1/cmr/m/n/10 int \T1/cmr/bx/n/10 mnt_-UmntAll \T1/cmr/m/n/10 (nfs_-arg_-t $
\OMS/cmsy/m/n/10 ^^C$\T1/cmr/m/n/10 parg, exportlist_-t $\OMS/cmsy/m/n/10 ^^C$\
T1/cmr/m/n/10 pexport, fsal_-op_-context_-t
 []

! Too many }'s.
l.42 Author}
            
? 
[24


]
! Too many }'s.
l.46 Date}
          
? 
! Too many }'s.
l.50 Revision}
              
? 
) [25]
\openout2 = `nfs2__Root_8c.aux'.

 (./nfs2__Root_8c.tex
! Too many }'s.
l.42 Author}
            
? 
[26


]
! Too many }'s.
l.46 Date}
          
? 
! Too many }'s.
l.50 Revision}
              
? 

LaTeX Warning: Reference `nfs2__Root_8c' on page 27 undefined on input line 51.


) [27]
\openout2 = `nfs2__Writecache_8c.aux'.

 (./nfs2__Writecache_8c.tex
Underfull \hbox (badness 1320) in paragraph at lines 32--34
[]\T1/cmr/m/n/10 int \T1/cmr/bx/n/10 nfs2_-Writecache \T1/cmr/m/n/10 (nfs_-arg_
-t $\OMS/cmsy/m/n/10 ^^C$\T1/cmr/m/n/10 parg, exportlist_-t $\OMS/cmsy/m/n/10 ^
^C$\T1/cmr/m/n/10 pexport, fsal_-op_-context_-t
 []

! Too many }'s.
l.42 Author}
            
? 
[28


]
! Too many }'s.
l.46 Date}
          
? 
! Too many }'s.
l.50 Revision}
              
? 
) [29]
\openout2 = `nfs3__Access_8c.aux'.

 (./nfs3__Access_8c.tex
! Too many }'s.
l.43 Author}
            
? 
[30


]
! Too many }'s.
l.47 Date}
          
? 
! Too many }'s.
l.51 Revision}
              
? 

LaTeX Warning: Reference `nfs3__Access_8c' on page 31 undefined on input line 5
2.

) [31]
\openout2 = `nfs3__Commit_8c.aux'.

 (./nfs3__Commit_8c.tex
Underfull \hbox (badness 5217) in paragraph at lines 33--35
[]\T1/cmr/m/n/10 int \T1/cmr/bx/n/10 nfs3_-Commit \T1/cmr/m/n/10 (nfs_-arg_-t $
\OMS/cmsy/m/n/10 ^^C$\T1/cmr/m/n/10 parg, exportlist_-t $\OMS/cmsy/m/n/10 ^^C$\
T1/cmr/m/n/10 pexport, fsal_-op_-context_-t
 []

[32


]
! Too many }'s.
l.48 Author}
            
? 
! Too many }'s.
l.52 Date}
          
? 
! Too many }'s.
l.56 Revision}
              
? 

LaTeX Warning: Reference `nfs3__Commit_8c' on page 33 undefined on input line 5
7.

[33]) [34]
\openout2 = `nfs3__Fsinfo_8c.aux'.

 (./nfs3__Fsinfo_8c.tex
! Too many }'s.
l.46 Author}
            
? 
[35


]
! Too many }'s.
l.50 Date}
          
? 
! Too many }'s.
l.54 Revision}
              
? 

LaTeX Warning: Reference `nfs3__Fsinfo_8c' on page 36 undefined on input line 5
5.

) [36] [37]
\openout2 = `nfs3__Mknod_8c.aux'.

 (./nfs3__Mknod_8c.tex
! Too many }'s.
l.43 Author}
            
? 
[38


]
! Too many }'s.
l.47 Date}
          
? 
! Too many }'s.
l.51 Revision}
              
? 

LaTeX Warning: Reference `nfs3__Mknod_8c' on page 39 undefined on input line 52
.

) [39]
\openout2 = `nfs3__Pathconf_8c.aux'.

 (./nfs3__Pathconf_8c.tex
Underfull \hbox (badness 3861) in paragraph at lines 33--35
[]\T1/cmr/m/n/10 int \T1/cmr/bx/n/10 nfs3_-Pathconf \T1/cmr/m/n/10 (nfs_-arg_-t
 $\OMS/cmsy/m/n/10 ^^C$\T1/cmr/m/n/10 parg, exportlist_-t $\OMS/cmsy/m/n/10 ^^C
$\T1/cmr/m/n/10 pexport, fsal_-op_-context_-t
 []

! Too many }'s.
l.43 Author}
            
? 
[40


]
! Too many }'s.
l.47 Date}
          
? 
! Too many }'s.
l.51 Revision}
              
? 

LaTeX Warning: Reference `nfs3__Pathconf_8c' on page 41 undefined on input line
 52.

) [41]
\openout2 = `nfs3__Readdirplus_8c.aux'.

 (./nfs3__Readdirplus_8c.tex
Underfull \hbox (badness 10000) in paragraph at lines 34--36
[]\T1/cmr/m/n/10 #define \T1/cmr/bx/n/10 RES_-READDIRPLUS_-REPLY \T1/cmr/m/n/10
 pres-$\OML/cmm/m/it/10 >$\T1/cmr/m/n/10 res_-
 []


Overfull \hbox (1.56775pt too wide) in paragraph at lines 36--37
[]\T1/cmr/m/n/10 #define \T1/cmr/bx/n/10 PRES-READ-DIRPLUS-RE-PLY \T1/cmr/m/n/1
0 resp-$\OML/cmm/m/it/10 >$\T1/cmr/m/n/10 res_-readdirplus3.READDIRPLUS3res_-
 []

[42


]
! Too many }'s.
l.51 Author}
            
? 
! Too many }'s.
l.55 Date}
          
? 
! Too many }'s.
l.59 Revision}
              
? 

LaTeX Warning: Reference `nfs3__Readdirplus_8c' on page 43 undefined on input l
ine 60.

[43]) [44]
\openout2 = `nfs41__op__close_8c.aux'.

 (./nfs41__op__close_8c.tex [45


]
! Too many }'s.
l.50 Author}
            
? 

LaTeX Warning: Reference `nfs41__op__close_8c' on page 46 undefined on input li
ne 51.

) [46]
\openout2 = `nfs41__op__create__session_8c.aux'.

 (./nfs41__op__create__session_8c.tex [47


]

LaTeX Warning: Reference `nfs4__Compound_8c_aa1516130248e7ae55d3c2e1bffe90016' 
on page 48 undefined on input line 72.

) [48]
\openout2 = `nfs41__op__destroy__session_8c.aux'.

 (./nfs41__op__destroy__session_8c.tex [49


]

LaTeX Warning: Reference `nfs4__Compound_8c_aa1516130248e7ae55d3c2e1bffe90016' 
on page 50 undefined on input line 72.

) [50]
\openout2 = `nfs41__op__exchange__id_8c.aux'.

 (./nfs41__op__exchange__id_8c.tex [51


]
! Too many }'s.
l.57 Author}
            
? 
! Too many }'s.
l.61 Date}
          
? 

Underfull \hbox (badness 2980) in paragraph at lines 61--63
\T1/cmr/m/n/10 Date 2009/08/19 16:02:52 nfs4_-op_-exchange_-id.c : Rou-tines us
ed for man-ag-ing the
 []

) [52]
\openout2 = `nfs41__op__getdeviceinfo_8c.aux'.

 (./nfs41__op__getdeviceinfo_8c.tex
Underfull \hbox (badness 3000) in paragraph at lines 5--6
\T1/cmr/m/n/10 Routines used for man-ag-ing the NFS4_-OP_-GETDEVICEINFO op-er-a
-tion. \T1/cmtt/m/n/10 #include
 []

[53


]
! Too many }'s.
l.50 Author}
            
? 
! Too many }'s.
l.54 Date}
          
? 

LaTeX Warning: Reference `nfs41__op__getdeviceinfo_8c' on page 54 undefined on 
input line 55.


LaTeX Warning: Reference `nfs4__Compound_8c_aa1516130248e7ae55d3c2e1bffe90016' 
on page 54 undefined on input line 74.

[54]) [55]
\openout2 = `nfs41__op__getdevicelist_8c.aux'.

 (./nfs41__op__getdevicelist_8c.tex
Underfull \hbox (badness 3503) in paragraph at lines 5--6
\T1/cmr/m/n/10 Routines used for man-ag-ing the NFS4_-OP_-GETDEVICELIST op-er-a
-tion. \T1/cmtt/m/n/10 #include
 []

[56


]
! Too many }'s.
l.50 Author}
            
? 
! Too many }'s.
l.54 Date}
          
? 

LaTeX Warning: Reference `nfs41__op__getdevicelist_8c' on page 57 undefined on 
input line 55.


LaTeX Warning: Reference `nfs4__Compound_8c_aa1516130248e7ae55d3c2e1bffe90016' 
on page 57 undefined on input line 83.

[57]) [58]
\openout2 = `nfs41__op__layoutcommit_8c.aux'.

 (./nfs41__op__layoutcommit_8c.tex [59


]
! Too many }'s.
l.50 Author}
            
? 
! Too many }'s.
l.54 Date}
          
? 
! Too many }'s.
l.58 Revision}
              
? 

LaTeX Warning: Reference `nfs41__op__lock_8c' on page 60 undefined on input lin
e 59.


LaTeX Warning: Reference `nfs4__Compound_8c_aa1516130248e7ae55d3c2e1bffe90016' 
on page 60 undefined on input line 80.

[60]) [61]
\openout2 = `nfs41__op__layoutget_8c.aux'.

 (./nfs41__op__layoutget_8c.tex [62


]
! Too many }'s.
l.50 Author}
            
? 
! Too many }'s.
l.54 Date}
          
? 
! Too many }'s.
l.58 Revision}
              
? 

LaTeX Warning: Reference `nfs41__op__lock_8c' on page 63 undefined on input lin
e 59.


LaTeX Warning: Reference `nfs4__Compound_8c_aa1516130248e7ae55d3c2e1bffe90016' 
on page 63 undefined on input line 80.

[63]) [64]
\openout2 = `nfs41__op__layoutreturn_8c.aux'.

 (./nfs41__op__layoutreturn_8c.tex [65


]
! Too many }'s.
l.50 Author}
            
? 
! Too many }'s.
l.54 Date}
          
? 
! Too many }'s.
l.58 Revision}
              
? 

LaTeX Warning: Reference `nfs41__op__lock_8c' on page 66 undefined on input lin
e 59.


LaTeX Warning: Reference `nfs4__Compound_8c_aa1516130248e7ae55d3c2e1bffe90016' 
on page 66 undefined on input line 80.

[66]) [67]
\openout2 = `nfs41__op__lock_8c.aux'.

 (./nfs41__op__lock_8c.tex [68


]
! Too many }'s.
l.57 Author}
            
? 
! Too many }'s.
l.61 Date}
          
? 
! Too many }'s.
l.65 Revision}
              
? 

LaTeX Warning: Reference `nfs41__op__lock_8c' on page 69 undefined on input lin
e 66.


LaTeX Warning: Reference `nfs4__Compound_8c_aa1516130248e7ae55d3c2e1bffe90016' 
on page 69 undefined on input line 87.

[69]) [70]
\openout2 = `nfs41__op__lockt_8c.aux'.

 (./nfs41__op__lockt_8c.tex [71


]
! Too many }'s.
l.50 Author}
            
? 
! Too many }'s.
l.54 Date}
          
? 
! Too many }'s.
l.58 Revision}
              
? 

LaTeX Warning: Reference `nfs41__op__lockt_8c' on page 72 undefined on input li
ne 59.


LaTeX Warning: Reference `nfs4__Compound_8c_aa1516130248e7ae55d3c2e1bffe90016' 
on page 72 undefined on input line 80.

[72]) [73]
\openout2 = `nfs41__op__locku_8c.aux'.

 (./nfs41__op__locku_8c.tex [74


]
! Too many }'s.
l.50 Author}
            
? 
! Too many }'s.
l.54 Date}
          
? 
! Too many }'s.
l.58 Revision}
              
? 

LaTeX Warning: Reference `nfs41__op__locku_8c' on page 75 undefined on input li
ne 59.


LaTeX Warning: Reference `nfs4__Compound_8c_aa1516130248e7ae55d3c2e1bffe90016' 
on page 75 undefined on input line 80.

[75]) [76]
\openout2 = `nfs41__op__open_8c.aux'.

 (./nfs41__op__open_8c.tex [77


]
! Too many }'s.
l.58 Author}
            
? 
! Too many }'s.
l.62 Date}
          
? 
! Too many }'s.
l.66 Revision}
              
? 

LaTeX Warning: Reference `nfs41__op__open_8c' on page 78 undefined on input lin
e 67.

[78]) [79]
\openout2 = `nfs41__op__read_8c.aux'.

 (./nfs41__op__read_8c.tex [80


]
! Too many }'s.
l.60 Author}
            
? 
! Too many }'s.
l.64 Date}
          
? 
! Too many }'s.
l.68 Revision}
              
? 

LaTeX Warning: Reference `nfs41__op__read_8c' on page 81 undefined on input lin
e 69.

[81]) [82]
\openout2 = `nfs41__op__reclaim__complete_8c.aux'.

 (./nfs41__op__reclaim__complete_8c.tex [83


]
! Too many }'s.
l.50 Author}
            
? 
! Too many }'s.
l.54 Date}
          
? 
! Too many }'s.
l.58 Revision}
              
? 

LaTeX Warning: Reference `nfs41__op__reclaim__complete_8c' on page 84 undefined
 on input line 59.


LaTeX Warning: Reference `nfs4__Compound_8c_aa1516130248e7ae55d3c2e1bffe90016' 
on page 84 undefined on input line 80.

[84]) [85]
\openout2 = `nfs41__op__sequence_8c.aux'.

 (./nfs41__op__sequence_8c.tex [86


]
! Too many }'s.
l.50 Author}
            
? 

LaTeX Warning: Reference `nfs41__op__sequence_8c' on page 87 undefined on input
 line 51.


LaTeX Warning: Reference `nfs4__Compound_8c_aa1516130248e7ae55d3c2e1bffe90016' 
on page 87 undefined on input line 81.

) [87]
\openout2 = `nfs41__op__set__ssv_8c.aux'.

 (./nfs41__op__set__ssv_8c.tex
Underfull \vbox (badness 1577) has occurred while \output is active []

 [88


]

LaTeX Warning: Reference `nfs4__Compound_8c_aa1516130248e7ae55d3c2e1bffe90016' 
on page 89 undefined on input line 69.

) [89]
\openout2 = `nfs41__op__write_8c.aux'.

 (./nfs41__op__write_8c.tex [90


]
! Too many }'s.
l.62 Author}
            
? 
! Too many }'s.
l.69 Revision}
              
? 

LaTeX Warning: Reference `nfs41__op__write_8c' on page 91 undefined on input li
ne 70.

[91]) [92]
\openout2 = `nfs4__cb__Compound_8c.aux'.

 (./nfs4__cb__Compound_8c.tex [93


]
! Too many }'s.
l.56 Author}
            
? 
! Too many }'s.
l.60 Date}
          
? 
! Too many }'s.
l.64 Revision}
              
? 

LaTeX Warning: Reference `nfs4__cb__Compound_8c' on page 94 undefined on input 
line 65.


LaTeX Warning: Reference `nfs4__pseudo_8c_afa8dfb821979143aace1ff8e56bd1984' on
 page 94 undefined on input line 89.

[94]) [95]
\openout2 = `nfs4__cb__getattr_8c.aux'.

 (./nfs4__cb__getattr_8c.tex [96


]
! Too many }'s.
l.47 Author}
            
? 
! Too many }'s.
l.51 Date}
          
? 

LaTeX Warning: Reference `nfs4__op__open_8c' on page 97 undefined on input line
 53.

) [97]
\openout2 = `nfs4__cb__illegal_8c.aux'.

 (./nfs4__cb__illegal_8c.tex [98


]
! Too many }'s.
l.47 Author}
            
? 
! Too many }'s.
l.51 Date}
          
? 
! Too many }'s.
l.55 Revision}
              
? 

LaTeX Warning: Reference `nfs4__cb__illegal_8c' on page 99 undefined on input l
ine 56.

) [99]
\openout2 = `nfs4__cb__Null_8c.aux'.

 (./nfs4__cb__Null_8c.tex [100


]) [101]
\openout2 = `nfs4__cb__recall_8c.aux'.

 (./nfs4__cb__recall_8c.tex
[102


]
! Too many }'s.
l.47 Author}
            
? 
! Too many }'s.
l.51 Date}
          
? 
! Too many }'s.
l.55 Revision}
              
? 

LaTeX Warning: Reference `nfs4__cb__recall_8c' on page 103 undefined on input l
ine 56.

) [103]
\openout2 = `nfs4__Compound_8c.aux'.

 (./nfs4__Compound_8c.tex
Underfull \hbox (badness 1400) in paragraph at lines 48--50
[]\T1/cmr/m/n/10 int \T1/cmr/bx/n/10 nfs4_-Compound \T1/cmr/m/n/10 (nfs_-arg_-t
 $\OMS/cmsy/m/n/10 ^^C$\T1/cmr/m/n/10 parg, exportlist_-t $\OMS/cmsy/m/n/10 ^^C
$\T1/cmr/m/n/10 pexport, fsal_-op_-context_-t
 []

[104


]
! Too many }'s.
l.69 Author}
            
? 
! Too many }'s.
l.73 Date}
          
? 
! Too many }'s.
l.77 Revision}
              
? 

LaTeX Warning: Reference `nfs4__Compound_8c' on page 105 undefined on input lin
e 78.

[105]

LaTeX Warning: Reference `nfs4__op__getfh_8c_a394f49ee671fb2e92fc5b83c2d2606ec'
 on page 106 undefined on input line 114.


LaTeX Warning: Reference `nfs4__pseudo_8c_afa8dfb821979143aace1ff8e56bd1984' on
 page 106 undefined on input line 131.

[106]

LaTeX Warning: Reference `nfs4__op__getfh_8c_a394f49ee671fb2e92fc5b83c2d2606ec'
 on page 107 undefined on input line 153.

) [107] [108]
\openout2 = `nfs4__op__access_8c.aux'.

 (./nfs4__op__access_8c.tex [109


]
! Too many }'s.
l.50 Author}
            
? 
! Too many }'s.
l.54 Date}
          
? 
! Too many }'s.
l.58 Revision}
              
? 

LaTeX Warning: Reference `nfs4__op__access_8c' on page 110 undefined on input l
ine 59.

[110]) [111]
\openout2 = `nfs4__op__close_8c.aux'.

 (./nfs4__op__close_8c.tex [112


]
! Too many }'s.
l.50 Author}
            
? 
! Too many }'s.
l.54 Date}
          
? 
! Too many }'s.
l.58 Revision}
              
? 

LaTeX Warning: Reference `nfs4__op__close_8c' on page 113 undefined on input li
ne 59.

[113]) [114]
\openout2 = `nfs4__op__commit_8c.aux'.

 (./nfs4__op__commit_8c.tex [115


]
! Too many }'s.
l.55 Author}
            
? 
! Too many }'s.
l.59 Date}
          
? 
! Too many }'s.
l.63 Revision}
              
? 

LaTeX Warning: Reference `nfs4__op__commit_8c' on page 116 undefined on input l
ine 64.

[116]) [117]
\openout2 = `nfs4__op__create_8c.aux'.

 (./nfs4__op__create_8c.tex [118


]
! Too many }'s.
l.50 Author}
            
? 
! Too many }'s.
l.54 Date}
          
? 
! Too many }'s.
l.58 Revision}
              
? 

LaTeX Warning: Reference `nfs4__op__create_8c' on page 119 undefined on input l
ine 59.

[119]) [120]
\openout2 = `nfs4__op__delegpurge_8c.aux'.

 (./nfs4__op__delegpurge_8c.tex [121


]
! Too many }'s.
l.49 Author}
            
? 
! Too many }'s.
l.53 Date}
          
? 
! Too many }'s.
l.57 Revision}
              
? 

LaTeX Warning: Reference `nfs4__op__delegpurge_8c' on page 122 undefined on inp
ut line 58.

[122]) [123]
\openout2 = `nfs4__op__delegreturn_8c.aux'.

 (./nfs4__op__delegreturn_8c.tex [124


]
! Too many }'s.
l.49 Author}
            
? 
! Too many }'s.
l.53 Date}
          
? 
! Too many }'s.
l.57 Revision}
              
? 

LaTeX Warning: Reference `nfs4__op__delegreturn_8c' on page 125 undefined on in
put line 58.

[125]) [126]
\openout2 = `nfs4__op__getattr_8c.aux'.

 (./nfs4__op__getattr_8c.tex [127


]
! Too many }'s.
l.53 Author}
            
? 
! Too many }'s.
l.57 Date}
          
? 
! Too many }'s.
l.61 Revision}
              
? 

LaTeX Warning: Reference `nfs4__op__getattr_8c' on page 128 undefined on input 
line 62.

[128]) [129]
\openout2 = `nfs4__op__getfh_8c.aux'.

 (./nfs4__op__getfh_8c.tex [130


]

LaTeX Warning: Reference `nfs4__Compound_8c_aa1516130248e7ae55d3c2e1bffe90016' 
on page 131 undefined on input line 53.

) [131]
\openout2 = `nfs4__op__illegal_8c.aux'.

 (./nfs4__op__illegal_8c.tex
! Too many }'s.
l.42 Author}
            
? 
[132


]
! Too many }'s.
l.46 Date}
          
? 
! Too many }'s.
l.50 Revision}
              
? 

LaTeX Warning: Reference `nfs4__op__illegal_8c' on page 133 undefined on input 
line 51.

) [133]
\openout2 = `nfs4__op__link_8c.aux'.

 (./nfs4__op__link_8c.tex [134


]
! Too many }'s.
l.50 Author}
            
? 
! Too many }'s.
l.54 Date}
          
? 
! Too many }'s.
l.58 Revision}
              
? 

LaTeX Warning: Reference `nfs4__op__link_8c' on page 135 undefined on input lin
e 59.

[135]) [136]
\openout2 = `nfs4__op__lock_8c.aux'.

 (./nfs4__op__lock_8c.tex [137


]
! Too many }'s.
l.57 Author}
            
? 
! Too many }'s.
l.61 Date}
          
? 
! Too many }'s.
l.65 Revision}
              
? 

LaTeX Warning: Reference `nfs4__op__lock_8c' on page 138 undefined on input lin
e 66.


LaTeX Warning: Reference `nfs4__Compound_8c_aa1516130248e7ae55d3c2e1bffe90016' 
on page 138 undefined on input line 87.

[138]) [139]
\openout2 = `nfs4__op__lockt_8c.aux'.

 (./nfs4__op__lockt_8c.tex [140


]
! Too many }'s.
l.50 Author}
            
? 
! Too many }'s.
l.54 Date}
          
? 
! Too many }'s.
l.58 Revision}
              
? 

LaTeX Warning: Reference `nfs4__op__lockt_8c' on page 141 undefined on input li
ne 59.


LaTeX Warning: Reference `nfs4__Compound_8c_aa1516130248e7ae55d3c2e1bffe90016' 
on page 141 undefined on input line 80.

[141]) [142]
\openout2 = `nfs4__op__locku_8c.aux'.

 (./nfs4__op__locku_8c.tex [143


]
! Too many }'s.
l.50 Author}
            
? 
! Too many }'s.
l.54 Date}
          
? 
! Too many }'s.
l.58 Revision}
              
? 

LaTeX Warning: Reference `nfs4__op__locku_8c' on page 144 undefined on input li
ne 59.


LaTeX Warning: Reference `nfs4__Compound_8c_aa1516130248e7ae55d3c2e1bffe90016' 
on page 144 undefined on input line 80.

[144]) [145]
\openout2 = `nfs4__op__lookup_8c.aux'.

 (./nfs4__op__lookup_8c.tex [146


]
! Too many }'s.
l.50 Author}
            
? 
! Too many }'s.
l.54 Date}
          
? 
! Too many }'s.
l.58 Revision}
              
? 

LaTeX Warning: Reference `nfs4__op__lookup_8c' on page 147 undefined on input l
ine 59.

[147]) [148]
\openout2 = `nfs4__op__lookupp_8c.aux'.

 (./nfs4__op__lookupp_8c.tex [149


]
! Too many }'s.
l.50 Author}
            
? 
! Too many }'s.
l.54 Date}
          
? 
! Too many }'s.
l.58 Revision}
              
? 

LaTeX Warning: Reference `nfs4__op__lookupp_8c' on page 150 undefined on input 
line 59.

[150]) [151]
\openout2 = `nfs4__op__nverify_8c.aux'.

 (./nfs4__op__nverify_8c.tex [152


]
! Too many }'s.
l.50 Author}
            
? 
! Too many }'s.
l.54 Date}
          
? 
! Too many }'s.
l.58 Revision}
              
? 

LaTeX Warning: Reference `nfs4__op__nverify_8c' on page 153 undefined on input 
line 59.

[153]) [154]
\openout2 = `nfs4__op__open_8c.aux'.

 (./nfs4__op__open_8c.tex [155


]
! Too many }'s.
l.58 Author}
            
? 
! Too many }'s.
l.62 Date}
          
? 
! Too many }'s.
l.66 Revision}
              
? 

LaTeX Warning: Reference `nfs4__op__open_8c' on page 156 undefined on input lin
e 67.

[156]) [157]
\openout2 = `nfs4__op__open__confirm_8c.aux'.

 (./nfs4__op__open__confirm_8c.tex [158


]
! Too many }'s.
l.50 Author}
            
? 
! Too many }'s.
l.54 Date}
          
? 
! Too many }'s.
l.58 Revision}
              
? 

LaTeX Warning: Reference `nfs4__op__open__confirm_8c' on page 159 undefined on 
input line 59.

[159]) [160]
\openout2 = `nfs4__op__open__downgrade_8c.aux'.

 (./nfs4__op__open__downgrade_8c.tex [161


]
! Too many }'s.
l.50 Author}
            
? 
! Too many }'s.
l.54 Date}
          
? 
! Too many }'s.
l.58 Revision}
              
? 

LaTeX Warning: Reference `nfs4__op__open__downgrade_8c' on page 162 undefined o
n input line 59.

[162]) [163]
\openout2 = `nfs4__op__openattr_8c.aux'.

 (./nfs4__op__openattr_8c.tex [164


]
! Too many }'s.
l.49 Author}
            
? 
! Too many }'s.
l.53 Date}
          
? 
! Too many }'s.
l.57 Revision}
              
? 

LaTeX Warning: Reference `nfs4__op__openattr_8c' on page 165 undefined on input
 line 58.

! Too many }'s.
l.60 Header}
            
? 

Underfull \hbox (badness 10000) in paragraph at lines 60--62
[]\T1/cmr/m/n/10 Header /cea/home/cvs/cvs/SHERPA/BaseCvs/GANESHA/src/NFS_-Proto
cols/nfs4_-op_-
 []

[165]) [166]
\openout2 = `nfs4__op__putfh_8c.aux'.

 (./nfs4__op__putfh_8c.tex [167


]
! Too many }'s.
l.50 Author}
            
? 
! Too many }'s.
l.54 Date}
          
? 
! Too many }'s.
l.58 Revision}
              
? 

LaTeX Warning: Reference `nfs4__op__putfh_8c' on page 168 undefined on input li
ne 59.


LaTeX Warning: Reference `nfs4__Compound_8c_aa1516130248e7ae55d3c2e1bffe90016' 
on page 168 undefined on input line 93.

[168]) [169]
\openout2 = `nfs4__op__putpubfh_8c.aux'.

 (./nfs4__op__putpubfh_8c.tex [170


]
! Too many }'s.
l.52 Author}
            
? 
! Too many }'s.
l.56 Date}
          
? 
! Too many }'s.
l.60 Revision}
              
? 

LaTeX Warning: Reference `nfs4__op__getfh_8c' on page 171 undefined on input li
ne 61.


LaTeX Warning: Reference `nfs4__Compound_8c_aa1516130248e7ae55d3c2e1bffe90016' 
on page 171 undefined on input line 82.

[171]

LaTeX Warning: Reference `nfs4__op__putrootfh_8c_af2ae7afb2b900467450251fda8abe
5d1' on page 172 undefined on input line 108.

) [172]
\openout2 = `nfs4__op__putrootfh_8c.aux'.

 (./nfs4__op__putrootfh_8c.tex [173


]
! Too many }'s.
l.52 Author}
            
? 
! Too many }'s.
l.56 Date}
          
? 
! Too many }'s.
l.60 Revision}
              
? 

LaTeX Warning: Reference `nfs4__op__restorefh_8c' on page 174 undefined on inpu
t line 61.


LaTeX Warning: Reference `nfs4__op__putrootfh_8c_a77ca8bf9d7a35911e814bb8c795af
e84' on page 174 undefined on input line 80.

[174]

LaTeX Warning: Reference `nfs4__op__putrootfh_8c_af2ae7afb2b900467450251fda8abe
5d1' on page 175 undefined on input line 106.

) [175]
\openout2 = `nfs4__op__read_8c.aux'.

 (./nfs4__op__read_8c.tex [176


]
! Too many }'s.
l.60 Author}
            
? 
! Too many }'s.
l.64 Date}
          
? 
! Too many }'s.
l.68 Revision}
              
? 

LaTeX Warning: Reference `nfs4__op__read_8c' on page 177 undefined on input lin
e 69.

[177]) [178]
\openout2 = `nfs4__op__readdir_8c.aux'.

 (./nfs4__op__readdir_8c.tex [179


]) [180]
\openout2 = `nfs4__op__readlink_8c.aux'.


(./nfs4__op__readlink_8c.tex [181


]
! Too many }'s.
l.50 Author}
            
? 
! Too many }'s.
l.54 Date}
          
? 
! Too many }'s.
l.58 Revision}
              
? 

LaTeX Warning: Reference `nfs4__op__readlink_8c' on page 182 undefined on input
 line 59.


LaTeX Warning: Reference `nfs4__Compound_8c_aa1516130248e7ae55d3c2e1bffe90016' 
on page 182 undefined on input line 80.

[182]) [183]
\openout2 = `nfs4__op__release__lockowner_8c.aux'.

 (./nfs4__op__release__lockowner_8c.tex [184


]
! Too many }'s.
l.49 Author}
            
? 
! Too many }'s.
l.53 Date}
          
? 
! Too many }'s.
l.57 Revision}
              
? 

LaTeX Warning: Reference `nfs4__op__release__lockowner_8c' on page 185 undefine
d on input line 58.


Underfull \hbox (badness 1092) in paragraph at lines 94--95
\T1/cmr/m/n/10 nfs4_-op_-release_-lockowner_-Free: frees what was al-lo-cared t
o han-dle nfs4_-op_-release_-
 []

[185]) [186]
\openout2 = `nfs4__op__remove_8c.aux'.

 (./nfs4__op__remove_8c.tex [187


]
! Too many }'s.
l.50 Author}
            
? 
! Too many }'s.
l.54 Date}
          
? 
! Too many }'s.
l.58 Revision}
              
? 

LaTeX Warning: Reference `nfs4__op__remove_8c' on page 188 undefined on input l
ine 59.

[188]) [189]
\openout2 = `nfs4__op__rename_8c.aux'.

 (./nfs4__op__rename_8c.tex [190


]
! Too many }'s.
l.50 Author}
            
? 
! Too many }'s.
l.54 Date}
          
? 
! Too many }'s.
l.58 Revision}
              
? 

LaTeX Warning: Reference `nfs4__op__rename_8c' on page 191 undefined on input l
ine 59.

[191]) [192]
\openout2 = `nfs4__op__renew_8c.aux'.

 (./nfs4__op__renew_8c.tex [193


]
! Too many }'s.
l.54 Author}
            
? 
! Too many }'s.
l.58 Date}
          
? 
! Too many }'s.
l.62 Revision}
              
? 

LaTeX Warning: Reference `nfs4__op__renew_8c' on page 194 undefined on input li
ne 63.


LaTeX Warning: Reference `nfs4__Compound_8c_aa1516130248e7ae55d3c2e1bffe90016' 
on page 194 undefined on input line 84.

[194]) [195]
\openout2 = `nfs4__op__restorefh_8c.aux'.

 (./nfs4__op__restorefh_8c.tex
! Too many }'s.
l.43 Author}
            
? 
[196


]
! Too many }'s.
l.47 Date}
          
? 
! Too many }'s.
l.51 Revision}
              
? 

LaTeX Warning: Reference `nfs4__op__restorefh_8c' on page 197 undefined on inpu
t line 52.


LaTeX Warning: Reference `nfs4__Compound_8c_aa1516130248e7ae55d3c2e1bffe90016' 
on page 197 undefined on input line 73.

) [197]
\openout2 = `nfs4__op__savefh_8c.aux'.

 (./nfs4__op__savefh_8c.tex
! Too many }'s.
l.43 Author}
            
? 
[198


]
! Too many }'s.
l.47 Date}
          
? 
! Too many }'s.
l.51 Revision}
              
? 

LaTeX Warning: Reference `nfs4__op__getfh_8c' on page 199 undefined on input li
ne 52.


LaTeX Warning: Reference `nfs4__Compound_8c_aa1516130248e7ae55d3c2e1bffe90016' 
on page 199 undefined on input line 73.

) [199]
\openout2 = `nfs4__op__secinfo_8c.aux'.

 (./nfs4__op__secinfo_8c.tex [200


]
! Too many }'s.
l.49 Author}
            
? 
! Too many }'s.
l.53 Date}
          
? 
! Too many }'s.
l.57 Revision}
              
? 

LaTeX Warning: Reference `nfs4__op__secinfo_8c' on page 201 undefined on input 
line 58.

[201]) [202]
\openout2 = `nfs4__op__setattr_8c.aux'.

 (./nfs4__op__setattr_8c.tex [203


]
! Too many }'s.
l.50 Author}
            
? 
! Too many }'s.
l.54 Date}
          
? 
! Too many }'s.
l.58 Revision}
              
? 

LaTeX Warning: Reference `nfs4__op__setattr_8c' on page 204 undefined on input 
line 59.

[204]) [205]
\openout2 = `nfs4__op__setclientid_8c.aux'.

 (./nfs4__op__setclientid_8c.tex [206


]
! Too many }'s.
l.55 Author}
            
? 
! Too many }'s.
l.59 Date}
          
? 
! Too many }'s.
l.63 Revision}
              
? 

LaTeX Warning: Reference `nfs4__op__setclientid_8c' on page 207 undefined on in
put line 64.


LaTeX Warning: Reference `nfs4__Compound_8c_aa1516130248e7ae55d3c2e1bffe90016' 
on page 207 undefined on input line 92.

[207]) [208]
\openout2 = `nfs4__op__setclientid__confirm_8c.aux'.

 (./nfs4__op__setclientid__confirm_8c.tex
Underfull \hbox (badness 10000) in paragraph at lines 35--36
[]\T1/cmr/m/n/10 #define \T1/cmr/bx/n/10 res_-SETCLIENTID_-CONFIRM4 \T1/cmr/m/n
/10 resp-$\OML/cmm/m/it/10 >$\T1/cmr/m/n/10 nfs_-resop4_-u.opsetclientid_-
 []

[209


]
! Too many }'s.
l.55 Author}
            
? 
! Too many }'s.
l.59 Date}
          
? 
! Too many }'s.
l.63 Revision}
              
? 

LaTeX Warning: Reference `nfs4__op__setclientid__confirm_8c' on page 210 undefi
ned on input line 64.


LaTeX Warning: Reference `nfs4__Compound_8c_aa1516130248e7ae55d3c2e1bffe90016' 
on page 210 undefined on input line 92.

[210]) [211]
\openout2 = `nfs4__op__verify_8c.aux'.

 (./nfs4__op__verify_8c.tex [212


]
! Too many }'s.
l.50 Author}
            
? 
! Too many }'s.
l.54 Date}
          
? 
! Too many }'s.
l.58 Revision}
              
? 

LaTeX Warning: Reference `nfs4__op__verify_8c' on page 213 undefined on input l
ine 59.

[213]) [214]
\openout2 = `nfs4__op__write_8c.aux'.

 (./nfs4__op__write_8c.tex [215


]
! Too many }'s.
l.62 Author}
            
? 
! Too many }'s.
l.66 Date}
          
? 
! Too many }'s.
l.70 Revision}
              
? 

LaTeX Warning: Reference `nfs4__op__write_8c' on page 216 undefined on input li
ne 71.

[216]) [217]
\openout2 = `nfs4__pseudo_8c.aux'.

 (./nfs4__pseudo_8c.tex [218


]
! Too many }'s.
l.94 Author}
            
? 
! Too many }'s.
l.98 Date}
          
? 
! Too many }'s.
l.102 Revision}
               
? 

LaTeX Warning: Reference `nfs4__pseudo_8c' on page 219 undefined on input line 
103.

[219] [220] [221] [222] [223] [224]) [225]
\openout2 = `nfs4__referral_8c.aux'.

 (./nfs4__referral_8c.tex
! Too many }'s.
l.40 Author}
            
? 
! Too many }'s.
l.44 Date}
          
? 
[226


]
! Too many }'s.
l.48 Revision}
              
? 

LaTeX Warning: Reference `nfs4__pseudo_8c' on page 227 undefined on input line 
49.

) [227]
\openout2 = `nfs4__xattr_8c.aux'.

 (./nfs4__xattr_8c.tex

LaTeX Warning: Reference `nfs4__xattr_8c' on page 228 undefined on input line 5
.


Underfull \hbox (badness 1226) in paragraph at lines 61--63
[]\T1/cmr/m/n/10 int \T1/cmr/bx/n/10 nfs4_-XattrToFattr \T1/cmr/m/n/10 (fattr4 
$\OMS/cmsy/m/n/10 ^^C$\T1/cmr/m/n/10 Fattr, compound_-data_-t $\OMS/cmsy/m/n/10
 ^^C$\T1/cmr/m/n/10 data, nfs_-fh4 $\OMS/cmsy/m/n/10 ^^C$\T1/cmr/m/n/10 objFH,
 []

[228


]

LaTeX Warning: Reference `nfs4__xattr_8c' on page 229 undefined on input line 9
3.


LaTeX Warning: Reference `nfs__xattr_8c' on page 229 undefined on input line 11
1.

[229] [230] [231] [232] [233]) [234]
\openout2 = `nfs__Create_8c.aux'.

 (./nfs__Create_8c.tex
! Too many }'s.
l.44 Author}
            
? 
[235


]
! Too many }'s.
l.48 Date}
          
? 
! Too many }'s.
l.52 Revision}
              
? 

LaTeX Warning: Reference `nfs__Create_8c' on page 236 undefined on input line 5
3.

) [236]
\openout2 = `nfs__Fsstat_8c.aux'.

 (./nfs__Fsstat_8c.tex
! Too many }'s.
l.43 Author}
            
? 
[237


]
! Too many }'s.
l.47 Date}
          
? 
! Too many }'s.
l.51 Revision}
              
? 

LaTeX Warning: Reference `nfs__Fsstat_8c' on page 238 undefined on input line 5
2.

) [238]
\openout2 = `nfs__Getattr_8c.aux'.

 (./nfs__Getattr_8c.tex [239


]) [240]
\openout2 = `nfs__Link_8c.aux'.

 (./nfs__Link_8c.tex
! Too many }'s.
l.44 Author}
            
? 
! Too many }'s.
l.45 deniel Date}
                 
? 
[241


]
! Too many }'s.
l.49 Revision}
              
? 
) [242]
\openout2 = `nfs__Lookup_8c.aux'.

 (./nfs__Lookup_8c.tex [243


]) [244]
\openout2 = `nfs__Mkdir_8c.aux'.

 (./nfs__Mkdir_8c.tex
! Too many }'s.
l.44 Author}
            
? 
! Too many }'s.
l.45 deniel Date}
                 
? 
[245


]
! Too many }'s.
l.49 Revision}
              
? 
) [246]
\openout2 = `nfs__Null_8c.aux'.

 (./nfs__Null_8c.tex
! Too many }'s.
l.42 Author}
            
? 
[247


]
! Too many }'s.
l.46 Date}
          
? 
! Too many }'s.
l.50 Revision}
              
? 

LaTeX Warning: Reference `nfs__Null_8c' on page 248 undefined on input line 51.


) [248]
\openout2 = `nfs__proto__tools_8c.aux'.

 (./nfs__proto__tools_8c.tex [249


]
! Too many }'s.
l.107 Author}
             
? 
! Too many }'s.
l.111 Date}
           
? 
[250]
! Too many }'s.
l.115 Revision}
               
? 

LaTeX Warning: Reference `nfs__proto__tools_8c' on page 251 undefined on input 
line 116.

[251] [252]
Underfull \hbox (badness 10000) in paragraph at lines 234--235
[]\T1/cmr/m/n/10 NFS4_-OK if suc-cess-ful, NFS3ERR_-SERVERFAULT, NFS4ERR_-RESOU
RCE or
 []

[253] [254] [255] [256] [257] [258] [259] [260]) [261]
\openout2 = `nfs__Read_8c.aux'.

 (./nfs__Read_8c.tex
[262


]
! Too many }'s.
l.46 Author}
            
? 
! Too many }'s.
l.50 Date}
          
? 
! Too many }'s.
l.54 Revision}
              
? 

LaTeX Warning: Reference `nfs__Read_8c' on page 263 undefined on input line 55.


[263]) [264]
\openout2 = `nfs__Readdir_8c.aux'.

 (./nfs__Readdir_8c.tex [265


]
! Too many }'s.
l.54 Author}
            
? 
! Too many }'s.
l.58 Date}
          
? 
! Too many }'s.
l.62 Revision}
              
? 

LaTeX Warning: Reference `nfs__Readdir_8c' on page 266 undefined on input line 
63.

[266]) [267]
\openout2 = `nfs__Readlink_8c.aux'.

 (./nfs__Readlink_8c.tex
! Too many }'s.
l.45 Author}
            
? 
[268


]
! Too many }'s.
l.49 Date}
          
? 
! Too many }'s.
l.53 Revision}
              
? 

LaTeX Warning: Reference `nfs__Readlink_8c' on page 269 undefined on input line
 54.

[269]) [270]
\openout2 = `nfs__Remove_8c.aux'.

 (./nfs__Remove_8c.tex
! Too many }'s.
l.43 Author}
            
? 
[271


]
! Too many }'s.
l.47 Date}
          
? 
! Too many }'s.
l.51 Revision}
              
? 

LaTeX Warning: Reference `nfs__Remove_8c' on page 272 undefined on input line 5
2.

) [272]
\openout2 = `nfs__Rename_8c.aux'.

 (./nfs__Rename_8c.tex
! Too many }'s.
l.43 Author}
            
? 
[273


]
! Too many }'s.
l.47 Date}
          
? 
! Too many }'s.
l.51 Revision}
              
? 

LaTeX Warning: Reference `nfs__Rename_8c' on page 274 undefined on input line 5
2.

) [274]
\openout2 = `nfs__Rmdir_8c.aux'.

 (./nfs__Rmdir_8c.tex
! Too many }'s.
l.43 Author}
            
? 
[275


]
! Too many }'s.
l.47 Date}
          
? 
! Too many }'s.
l.51 Revision}
              
? 

LaTeX Warning: Reference `nfs__Rmdir_8c' on page 276 undefined on input line 52
.

) [276]
\openout2 = `nfs__Setattr_8c.aux'.

 (./nfs__Setattr_8c.tex
! Too many }'s.
l.43 Author}
            
? 
[277


]
! Too many }'s.
l.47 Date}
          
? 
! Too many }'s.
l.51 Revision}
              
? 

LaTeX Warning: Reference `nfs__Setattr_8c' on page 278 undefined on input line 
52.

) [278]
\openout2 = `nfs__Symlink_8c.aux'.

 (./nfs__Symlink_8c.tex
! Too many }'s.
l.44 Author}
            
? 
[279


]
! Too many }'s.
l.48 Date}
          
? 
! Too many }'s.
l.52 Revision}
              
? 

LaTeX Warning: Reference `nfs__Symlink_8c' on page 280 undefined on input line 
53.

) [280]
\openout2 = `nfs__Write_8c.aux'.

 (./nfs__Write_8c.tex [281


]
! Too many }'s.
l.51 Author}
            
? 
! Too many }'s.
l.55 Date}
          
? 
! Too many }'s.
l.59 Revision}
              
? 

LaTeX Warning: Reference `nfs__Write_8c' on page 282 undefined on input line 60
.

[282]) [283]
\openout2 = `nfs__xattr_8c.aux'.

 (./nfs__xattr_8c.tex
Underfull \hbox (badness 10000) in paragraph at lines 30--31
[]\T1/cmr/m/n/10 #define \T1/cmr/bx/n/10 RES_-READDIRPLUS_-REPLY \T1/cmr/m/n/10
 pres-$\OML/cmm/m/it/10 >$\T1/cmr/m/n/10 res_-
 []

[284


]
Underfull \hbox (badness 1127) in paragraph at lines 57--59
[]\T1/cmr/m/n/10 int \T1/cmr/bx/n/10 nfs3_-Readdirplus_-Xattr \T1/cmr/m/n/10 (n
fs_-arg_-t $\OMS/cmsy/m/n/10 ^^C$\T1/cmr/m/n/10 parg, exportlist_-t $\OMS/cmsy/
m/n/10 ^^C$\T1/cmr/m/n/10 pexport, fsal_-op_-
 []

[285] [286] [287] [288] [289]) [290] [291]
\openout2 = `nlm__Cancel_8c.aux'.

 (./nlm__Cancel_8c.tex [292


])
[293]
\openout2 = `nlm__Cancel__Message_8c.aux'.

 (./nlm__Cancel__Message_8c.tex
Underfull \hbox (badness 2698) in paragraph at lines 33--35
[]\T1/cmr/m/n/10 int \T1/cmr/bx/n/10 nlm4_-Cancel_-Message \T1/cmr/m/n/10 (nfs_
-arg_-t $\OMS/cmsy/m/n/10 ^^C$\T1/cmr/m/n/10 parg, exportlist_-t $\OMS/cmsy/m/n
/10 ^^C$\T1/cmr/m/n/10 pexport, fsal_-op_-
 []


Underfull \vbox (badness 10000) has occurred while \output is active []

 [294


])
[295]
\openout2 = `nlm__Granted__Res_8c.aux'.

 (./nlm__Granted__Res_8c.tex
Underfull \vbox (badness 10000) has occurred while \output is active []

 [296


])
[297]
\openout2 = `nlm__Lock_8c.aux'.

 (./nlm__Lock_8c.tex [298


]) [299]
\openout2 = `nlm__Lock__Message_8c.aux'.

 (./nlm__Lock__Message_8c.tex
Underfull \vbox (badness 10000) has occurred while \output is active []

 [300


])
[301]
\openout2 = `nlm__Null_8c.aux'.

 (./nlm__Null_8c.tex [302


]) [303]
\openout2 = `nlm__Sm__Notify_8c.aux'.

 (./nlm__Sm__Notify_8c.tex [304


])
[305]
\openout2 = `nlm__Test_8c.aux'.

 (./nlm__Test_8c.tex [306


]) [307]
\openout2 = `nlm__Test__Message_8c.aux'.

 (./nlm__Test__Message_8c.tex
Underfull \vbox (badness 10000) has occurred while \output is active []

 [308


])
[309]
\openout2 = `nlm__Unlock_8c.aux'.

 (./nlm__Unlock_8c.tex
Underfull \hbox (badness 5533) in paragraph at lines 31--33
[]\T1/cmr/m/n/10 int \T1/cmr/bx/n/10 nlm4_-Unlock \T1/cmr/m/n/10 (nfs_-arg_-t $
\OMS/cmsy/m/n/10 ^^C$\T1/cmr/m/n/10 parg, exportlist_-t $\OMS/cmsy/m/n/10 ^^C$\
T1/cmr/m/n/10 pexport, fsal_-op_-context_-t
 []


Underfull \vbox (badness 10000) has occurred while \output is active []

 [310


])
[311]
\openout2 = `nlm__Unlock__Message_8c.aux'.

 (./nlm__Unlock__Message_8c.tex
Underfull \hbox (badness 2343) in paragraph at lines 33--35
[]\T1/cmr/m/n/10 int \T1/cmr/bx/n/10 nlm4_-Unlock_-Message \T1/cmr/m/n/10 (nfs_
-arg_-t $\OMS/cmsy/m/n/10 ^^C$\T1/cmr/m/n/10 parg, exportlist_-t $\OMS/cmsy/m/n
/10 ^^C$\T1/cmr/m/n/10 pexport, fsal_-op_-
 []


Underfull \vbox (badness 10000) has occurred while \output is active []

 [312


])
[313]
\openout2 = `rquota__getactivequota_8c.aux'.

 (./rquota__getactivequota_8c.tex [314


]) [315]
\openout2 = `rquota__getquota_8c.aux'.

 (./rquota__getquota_8c.tex
Underfull \hbox (badness 1194) in paragraph at lines 31--33
[]\T1/cmr/m/n/10 int \T1/cmr/bx/n/10 rquota_-getquota \T1/cmr/m/n/10 (nfs_-arg_
-t $\OMS/cmsy/m/n/10 ^^C$\T1/cmr/m/n/10 parg, exportlist_-t $\OMS/cmsy/m/n/10 ^
^C$\T1/cmr/m/n/10 pexport, fsal_-op_-context_-t
 []

[316


]) [317]
\openout2 = `rquota__Null_8c.aux'.

 (./rquota__Null_8c.tex [318


]) [319]
\openout2 = `rquota__setactivequota_8c.aux'.


(./rquota__setactivequota_8c.tex [320


]) [321]
\openout2 = `rquota__setquota_8c.aux'.

 (./rquota__setquota_8c.tex
Underfull \hbox (badness 1383) in paragraph at lines 31--33
[]\T1/cmr/m/n/10 int \T1/cmr/bx/n/10 rquota_-setquota \T1/cmr/m/n/10 (nfs_-arg_
-t $\OMS/cmsy/m/n/10 ^^C$\T1/cmr/m/n/10 parg, exportlist_-t $\OMS/cmsy/m/n/10 ^
^C$\T1/cmr/m/n/10 pexport, fsal_-op_-context_-t
 []

[322


]) [323]
\openout2 = `test__mnt__proto_8c.aux'.

 (./test__mnt__proto_8c.tex [324


]
! Too many }'s.
l.54 Author}
            
? 
! Too many }'s.
l.58 Date}
          
? 
! Too many }'s.
l.62 Revision}
              
? 
[325]) [326]
No file refman.ind.
(./refman.aux (./structnfs4__op__desc____.aux) (./mnt__Export_8c.aux)
(./mnt__Mnt_8c.aux) (./mnt__Null_8c.aux) (./mnt__Umnt_8c.aux)
(./mnt__UmntAll_8c.aux) (./nfs2__Root_8c.aux) (./nfs2__Writecache_8c.aux)
(./nfs3__Access_8c.aux) (./nfs3__Commit_8c.aux) (./nfs3__Fsinfo_8c.aux)
(./nfs3__Mknod_8c.aux) (./nfs3__Pathconf_8c.aux) (./nfs3__Readdirplus_8c.aux)
(./nfs41__op__close_8c.aux) (./nfs41__op__create__session_8c.aux)
(./nfs41__op__destroy__session_8c.aux) (./nfs41__op__exchange__id_8c.aux)
(./nfs41__op__getdeviceinfo_8c.aux) (./nfs41__op__getdevicelist_8c.aux)
(./nfs41__op__layoutcommit_8c.aux) (./nfs41__op__layoutget_8c.aux)
(./nfs41__op__layoutreturn_8c.aux) (./nfs41__op__lock_8c.aux)
(./nfs41__op__lockt_8c.aux) (./nfs41__op__locku_8c.aux)
(./nfs41__op__open_8c.aux) (./nfs41__op__read_8c.aux)
(./nfs41__op__reclaim__complete_8c.aux) (./nfs41__op__sequence_8c.aux)
(./nfs41__op__set__ssv_8c.aux) (./nfs41__op__write_8c.aux)
(./nfs4__cb__Compound_8c.aux) (./nfs4__cb__getattr_8c.aux)
(./nfs4__cb__illegal_8c.aux) (./nfs4__cb__Null_8c.aux)
(./nfs4__cb__recall_8c.aux) (./nfs4__Compound_8c.aux)
(./nfs4__op__access_8c.aux) (./nfs4__op__close_8c.aux)
(./nfs4__op__commit_8c.aux) (./nfs4__op__create_8c.aux)
(./nfs4__op__delegpurge_8c.aux) (./nfs4__op__delegreturn_8c.aux)
(./nfs4__op__getattr_8c.aux) (./nfs4__op__getfh_8c.aux)
(./nfs4__op__illegal_8c.aux) (./nfs4__op__link_8c.aux) (./nfs4__op__lock_8c.aux
) (./nfs4__op__lockt_8c.aux) (./nfs4__op__locku_8c.aux)
(./nfs4__op__lookup_8c.aux) (./nfs4__op__lookupp_8c.aux)
(./nfs4__op__nverify_8c.aux) (./nfs4__op__open_8c.aux)
(./nfs4__op__open__confirm_8c.aux) (./nfs4__op__open__downgrade_8c.aux)
(./nfs4__op__openattr_8c.aux) (./nfs4__op__putfh_8c.aux)
(./nfs4__op__putpubfh_8c.aux) (./nfs4__op__putrootfh_8c.aux)
(./nfs4__op__read_8c.aux) (./nfs4__op__readdir_8c.aux)
(./nfs4__op__readlink_8c.aux) (./nfs4__op__release__lockowner_8c.aux)
(./nfs4__op__remove_8c.aux) (./nfs4__op__rename_8c.aux)
(./nfs4__op__renew_8c.aux) (./nfs4__op__restorefh_8c.aux)
(./nfs4__op__savefh_8c.aux) (./nfs4__op__secinfo_8c.aux)
(./nfs4__op__setattr_8c.aux) (./nfs4__op__setclientid_8c.aux)
(./nfs4__op__setclientid__confirm_8c.aux) (./nfs4__op__verify_8c.aux)
(./nfs4__op__write_8c.aux) (./nfs4__pseudo_8c.aux) (./nfs4__referral_8c.aux)
(./nfs4__xattr_8c.aux) (./nfs__Create_8c.aux) (./nfs__Fsstat_8c.aux)
(./nfs__Getattr_8c.aux) (./nfs__Link_8c.aux) (./nfs__Lookup_8c.aux)
(./nfs__Mkdir_8c.aux) (./nfs__Null_8c.aux) (./nfs__proto__tools_8c.aux)
(./nfs__Read_8c.aux) (./nfs__Readdir_8c.aux) (./nfs__Readlink_8c.aux)
(./nfs__Remove_8c.aux) (./nfs__Rename_8c.aux) (./nfs__Rmdir_8c.aux)
(./nfs__Setattr_8c.aux) (./nfs__Symlink_8c.aux) (./nfs__Write_8c.aux)
(./nfs__xattr_8c.aux) (./nlm__Cancel_8c.aux) (./nlm__Cancel__Message_8c.aux)
(./nlm__Granted__Res_8c.aux) (./nlm__Lock_8c.aux) (./nlm__Lock__Message_8c.aux)
(./nlm__Null_8c.aux) (./nlm__Sm__Notify_8c.aux) (./nlm__Test_8c.aux)
(./nlm__Test__Message_8c.aux) (./nlm__Unlock_8c.aux)
(./nlm__Unlock__Message_8c.aux) (./rquota__getactivequota_8c.aux)
(./rquota__getquota_8c.aux) (./rquota__Null_8c.aux)
(./rquota__setactivequota_8c.aux) (./rquota__setquota_8c.aux)
(./test__mnt__proto_8c.aux))

LaTeX Warning: There were undefined references.


LaTeX Warning: Label(s) may have changed. Rerun to get cross-references right.

 ) 
Here is how much of TeX's memory you used:
 4838 strings out of 256217
 90637 string characters out of 1917095
 108735 words of memory out of 1500000
 7488 multiletter control sequences out of 10000+200000
 15330 words of font info for 31 fonts, out of 1200000 for 2000
 645 hyphenation exceptions out of 8191
 33i,13n,58p,870b,588s stack positions out of 5000i,500n,6000p,200000b,15000s

Output written on refman.dvi (330 pages, 679732 bytes).
