/opt/philippe/GANESHA/src/shell/commands_Cache_inode.c:77 Warning: the name `commands.c' supplied as the second argument in the \file statement is not an input file
/opt/philippe/GANESHA/src/shell/commands_FSAL.c:77 Warning: the name `commands.c' supplied as the second argument in the \file statement is not an input file
/opt/philippe/GANESHA/src/shell/cmd_nfstools.c:4400 Warning: argument `out' of command @param is not found in the argument list of print_mask(_out, _mode, _mask, _lettre)
/opt/philippe/GANESHA/src/shell/cmd_nfstools.c:4400 Warning: argument `attrib' of command @param is not found in the argument list of print_mask(_out, _mode, _mask, _lettre)
/opt/philippe/GANESHA/src/shell/cmd_nfstools.c:4400 Warning: argument `name' of command @param is not found in the argument list of print_mask(_out, _mode, _mask, _lettre)
/opt/philippe/GANESHA/src/shell/cmd_nfstools.c:4400 Warning: argument `target' of command @param is not found in the argument list of print_mask(_out, _mode, _mask, _lettre)
/opt/philippe/GANESHA/src/shell/cmd_nfstools.c:4400 Warning: The following parameters of print_mask(_out, _mode, _mask, _lettre) are not documented:
  parameter _out
  parameter _mode
  parameter _mask
  parameter _lettre

/opt/philippe/GANESHA/src/shell/cmd_tools.c:824 Warning: argument `out' of command @param is not found in the argument list of print_mask(_out, _mode, _mask, _lettre)
/opt/philippe/GANESHA/src/shell/cmd_tools.c:824 Warning: argument `attrib' of command @param is not found in the argument list of print_mask(_out, _mode, _mask, _lettre)
/opt/philippe/GANESHA/src/shell/cmd_tools.c:824 Warning: argument `name' of command @param is not found in the argument list of print_mask(_out, _mode, _mask, _lettre)
/opt/philippe/GANESHA/src/shell/cmd_tools.c:824 Warning: argument `target' of command @param is not found in the argument list of print_mask(_out, _mode, _mask, _lettre)
/opt/philippe/GANESHA/src/shell/cmd_tools.c:824 Warning: The following parameters of print_mask(_out, _mode, _mask, _lettre) are not documented:
  parameter _out
  parameter _mode
  parameter _mask
  parameter _lettre

/opt/philippe/GANESHA/src/shell/commands_Cache_inode.c:3008 Warning: Unsupported html tag <file> found
/opt/philippe/GANESHA/src/shell/commands_FSAL.c:3121 Warning: Unsupported html tag <file> found
/opt/philippe/GANESHA/src/shell/commands_FSAL.c:5101 Warning: Unsupported html tag <path> found
/opt/philippe/GANESHA/src/shell/commands_FSAL.c:3691 Warning: Unsupported html tag <path> found
/opt/philippe/GANESHA/src/shell/commands_FSAL.c:3882 Warning: Unsupported html tag <path> found
/opt/philippe/GANESHA/src/shell/commands_FSAL.c:3496 Warning: Unsupported html tag <path> found
/opt/philippe/GANESHA/src/shell/commands_FSAL.c:5267 Warning: Unsupported html tag <fsal_path> found
/opt/philippe/GANESHA/src/shell/commands_FSAL.c:5267 Warning: Unsupported html tag <local_path> found
/opt/philippe/GANESHA/src/shell/commands_FSAL.c:4500 Warning: Unsupported html tag <seek_type> found
/opt/philippe/GANESHA/src/shell/commands_FSAL.c:4500 Warning: Unsupported html tag <offset> found
/opt/philippe/GANESHA/src/shell/commands_FSAL.c:4500 Warning: Unsupported html tag <nb_times> found
/opt/philippe/GANESHA/src/shell/commands_FSAL.c:4500 Warning: Unsupported html tag <ascii_string> found
/opt/philippe/GANESHA/src/shell/commands_FSAL.c:4501 Warning: Unsupported html tag <seek_type> found
/opt/philippe/GANESHA/src/shell/commands_FSAL.c:4501 Warning: Unsupported html tag <offset> found
/opt/philippe/GANESHA/src/shell/commands_FSAL.c:4501 Warning: Unsupported html tag <nb_times> found
/opt/philippe/GANESHA/src/shell/commands_FSAL.c:4501 Warning: Unsupported html tag <hexa_data> found
/opt/philippe/GANESHA/src/shell/commands_FSAL.c:4503 Warning: Unsupported html tag <seek_type> found
/opt/philippe/GANESHA/src/shell/commands_FSAL.c:4504 Warning: Unsupported html tag <offset> found
/opt/philippe/GANESHA/src/shell/commands_FSAL.c:4505 Warning: Unsupported html tag <nb_times> found
/opt/philippe/GANESHA/src/shell/commands_FSAL.c:4507 Warning: Unsupported html tag <ascii_string> found
/opt/philippe/GANESHA/src/shell/commands_FSAL.c:4511 Warning: Unsupported html tag <hexa_data> found
/opt/philippe/GANESHA/src/shell/commands_Cache_inode.c:3008 Warning: Unsupported html tag <file> found
/opt/philippe/GANESHA/src/shell/commands_FSAL.c:3121 Warning: Unsupported html tag <file> found
/opt/philippe/GANESHA/src/shell/commands_FSAL.c:5101 Warning: Unsupported html tag <path> found
/opt/philippe/GANESHA/src/shell/commands_FSAL.c:3691 Warning: Unsupported html tag <path> found
/opt/philippe/GANESHA/src/shell/commands_FSAL.c:3882 Warning: Unsupported html tag <path> found
/opt/philippe/GANESHA/src/shell/commands_FSAL.c:3496 Warning: Unsupported html tag <path> found
/opt/philippe/GANESHA/src/shell/commands_FSAL.c:5267 Warning: Unsupported html tag <fsal_path> found
/opt/philippe/GANESHA/src/shell/commands_FSAL.c:5267 Warning: Unsupported html tag <local_path> found
/opt/philippe/GANESHA/src/shell/commands_FSAL.c:4500 Warning: Unsupported html tag <seek_type> found
/opt/philippe/GANESHA/src/shell/commands_FSAL.c:4500 Warning: Unsupported html tag <offset> found
/opt/philippe/GANESHA/src/shell/commands_FSAL.c:4500 Warning: Unsupported html tag <nb_times> found
/opt/philippe/GANESHA/src/shell/commands_FSAL.c:4500 Warning: Unsupported html tag <ascii_string> found
/opt/philippe/GANESHA/src/shell/commands_FSAL.c:4501 Warning: Unsupported html tag <seek_type> found
/opt/philippe/GANESHA/src/shell/commands_FSAL.c:4501 Warning: Unsupported html tag <offset> found
/opt/philippe/GANESHA/src/shell/commands_FSAL.c:4501 Warning: Unsupported html tag <nb_times> found
/opt/philippe/GANESHA/src/shell/commands_FSAL.c:4501 Warning: Unsupported html tag <hexa_data> found
/opt/philippe/GANESHA/src/shell/commands_FSAL.c:4503 Warning: Unsupported html tag <seek_type> found
/opt/philippe/GANESHA/src/shell/commands_FSAL.c:4504 Warning: Unsupported html tag <offset> found
/opt/philippe/GANESHA/src/shell/commands_FSAL.c:4505 Warning: Unsupported html tag <nb_times> found
/opt/philippe/GANESHA/src/shell/commands_FSAL.c:4507 Warning: Unsupported html tag <ascii_string> found
/opt/philippe/GANESHA/src/shell/commands_FSAL.c:4511 Warning: Unsupported html tag <hexa_data> found
/opt/philippe/GANESHA/src/shell/shell.c:353 Warning: The following parameters of shell_Init(int verbose, char *input_file, char *prompt, int shell_index) are not documented:
  parameter verbose
  parameter prompt
  parameter shell_index

/opt/philippe/GANESHA/src/shell/shell.c:1565 Warning: The following parameters of shell_SetInput(shell_state_t *context, char *file_name) are not documented:
  parameter context

/opt/philippe/GANESHA/src/shell/shell.c:353 Warning: The following parameters of shell_Init(int verbose, char *input_file, char *prompt, int shell_index) are not documented:
  parameter verbose
  parameter prompt
  parameter shell_index

/opt/philippe/GANESHA/src/shell/shell.c:1565 Warning: The following parameters of shell_SetInput(shell_state_t *context, char *file_name) are not documented:
  parameter context

/opt/philippe/GANESHA/src/shell/nfs_remote_functions.c:1742 Warning: argument `pres' of command @param is not found in the argument list of nfs2_remote_Create_Free(nfs_res_t *resp)
/opt/philippe/GANESHA/src/shell/nfs_remote_functions.c:1742 Warning: The following parameters of nfs2_remote_Create_Free(nfs_res_t *resp) are not documented:
  parameter resp

/opt/philippe/GANESHA/src/shell/nfs_remote_functions.c:1833 Warning: argument `pres' of command @param is not found in the argument list of nfs2_remote_Fsstat_Free(nfs_res_t *resp)
/opt/philippe/GANESHA/src/shell/nfs_remote_functions.c:1833 Warning: The following parameters of nfs2_remote_Fsstat_Free(nfs_res_t *resp) are not documented:
  parameter resp

/opt/philippe/GANESHA/src/shell/nfs_remote_functions.c:1677 Warning: argument `pres' of command @param is not found in the argument list of nfs2_remote_Getattr_Free(nfs_res_t *resp)
/opt/philippe/GANESHA/src/shell/nfs_remote_functions.c:1677 Warning: The following parameters of nfs2_remote_Getattr_Free(nfs_res_t *resp) are not documented:
  parameter resp

/opt/philippe/GANESHA/src/shell/nfs_remote_functions.c:1820 Warning: argument `pres' of command @param is not found in the argument list of nfs2_remote_Link_Free(nfs_res_t *resp)
/opt/philippe/GANESHA/src/shell/nfs_remote_functions.c:1820 Warning: The following parameters of nfs2_remote_Link_Free(nfs_res_t *resp) are not documented:
  parameter resp

/opt/philippe/GANESHA/src/shell/nfs_remote_functions.c:1703 Warning: argument `pres' of command @param is not found in the argument list of nfs2_remote_Lookup_Free(nfs_res_t *resp)
/opt/philippe/GANESHA/src/shell/nfs_remote_functions.c:1703 Warning: The following parameters of nfs2_remote_Lookup_Free(nfs_res_t *resp) are not documented:
  parameter resp

/opt/philippe/GANESHA/src/shell/nfs_remote_functions.c:1755 Warning: argument `pres' of command @param is not found in the argument list of nfs2_remote_Mkdir_Free(nfs_res_t *resp)
/opt/philippe/GANESHA/src/shell/nfs_remote_functions.c:1755 Warning: The following parameters of nfs2_remote_Mkdir_Free(nfs_res_t *resp) are not documented:
  parameter resp

/opt/philippe/GANESHA/src/shell/nfs_remote_functions.c:1664 Warning: argument `pres' of command @param is not found in the argument list of nfs2_remote_Null_Free(nfs_res_t *resp)
/opt/philippe/GANESHA/src/shell/nfs_remote_functions.c:1664 Warning: The following parameters of nfs2_remote_Null_Free(nfs_res_t *resp) are not documented:
  parameter resp

/opt/philippe/GANESHA/src/shell/nfs_remote_functions.c:1716 Warning: argument `pres' of command @param is not found in the argument list of nfs2_remote_Read_Free(nfs_res_t *resp)
/opt/philippe/GANESHA/src/shell/nfs_remote_functions.c:1716 Warning: The following parameters of nfs2_remote_Read_Free(nfs_res_t *resp) are not documented:
  parameter resp

/opt/philippe/GANESHA/src/shell/nfs_remote_functions.c:1872 Warning: argument `pres' of command @param is not found in the argument list of nfs2_remote_Readdir_Free(nfs_res_t *resp)
/opt/philippe/GANESHA/src/shell/nfs_remote_functions.c:1872 Warning: The following parameters of nfs2_remote_Readdir_Free(nfs_res_t *resp) are not documented:
  parameter resp

/opt/philippe/GANESHA/src/shell/nfs_remote_functions.c:1885 Warning: argument `pres' of command @param is not found in the argument list of nfs2_remote_Readlink_Free(nfs_res_t *resp)
/opt/philippe/GANESHA/src/shell/nfs_remote_functions.c:1885 Warning: The following parameters of nfs2_remote_Readlink_Free(nfs_res_t *resp) are not documented:
  parameter resp

/opt/philippe/GANESHA/src/shell/nfs_remote_functions.c:1781 Warning: argument `pres' of command @param is not found in the argument list of nfs2_remote_Remove_Free(nfs_res_t *resp)
/opt/philippe/GANESHA/src/shell/nfs_remote_functions.c:1781 Warning: The following parameters of nfs2_remote_Remove_Free(nfs_res_t *resp) are not documented:
  parameter resp

/opt/philippe/GANESHA/src/shell/nfs_remote_functions.c:1807 Warning: argument `pres' of command @param is not found in the argument list of nfs2_remote_Rename_Free(nfs_res_t *resp)
/opt/philippe/GANESHA/src/shell/nfs_remote_functions.c:1807 Warning: The following parameters of nfs2_remote_Rename_Free(nfs_res_t *resp) are not documented:
  parameter resp

/opt/philippe/GANESHA/src/shell/nfs_remote_functions.c:1794 Warning: argument `pres' of command @param is not found in the argument list of nfs2_remote_Rmdir_Free(nfs_res_t *resp)
/opt/philippe/GANESHA/src/shell/nfs_remote_functions.c:1794 Warning: The following parameters of nfs2_remote_Rmdir_Free(nfs_res_t *resp) are not documented:
  parameter resp

/opt/philippe/GANESHA/src/shell/nfs_remote_functions.c:1690 Warning: argument `pres' of command @param is not found in the argument list of nfs2_remote_Setattr_Free(nfs_res_t *resp)
/opt/philippe/GANESHA/src/shell/nfs_remote_functions.c:1690 Warning: The following parameters of nfs2_remote_Setattr_Free(nfs_res_t *resp) are not documented:
  parameter resp

/opt/philippe/GANESHA/src/shell/nfs_remote_functions.c:1768 Warning: argument `pres' of command @param is not found in the argument list of nfs2_remote_Symlink_Free(nfs_res_t *resp)
/opt/philippe/GANESHA/src/shell/nfs_remote_functions.c:1768 Warning: The following parameters of nfs2_remote_Symlink_Free(nfs_res_t *resp) are not documented:
  parameter resp

/opt/philippe/GANESHA/src/shell/nfs_remote_functions.c:1729 Warning: argument `pres' of command @param is not found in the argument list of nfs2_remote_Write_Free(nfs_res_t *resp)
/opt/philippe/GANESHA/src/shell/nfs_remote_functions.c:1729 Warning: The following parameters of nfs2_remote_Write_Free(nfs_res_t *resp) are not documented:
  parameter resp

/opt/philippe/GANESHA/src/shell/nfs_remote_functions.c:1989 Warning: argument `pres' of command @param is not found in the argument list of nfs3_remote_Create_Free(nfs_res_t *resp)
/opt/philippe/GANESHA/src/shell/nfs_remote_functions.c:1989 Warning: The following parameters of nfs3_remote_Create_Free(nfs_res_t *resp) are not documented:
  parameter resp

/opt/philippe/GANESHA/src/shell/nfs_remote_functions.c:2119 Warning: argument `pres' of command @param is not found in the argument list of nfs3_remote_Fsstat_Free(nfs_res_t *resp)
/opt/philippe/GANESHA/src/shell/nfs_remote_functions.c:2119 Warning: The following parameters of nfs3_remote_Fsstat_Free(nfs_res_t *resp) are not documented:
  parameter resp

/opt/philippe/GANESHA/src/shell/nfs_remote_functions.c:1911 Warning: argument `pres' of command @param is not found in the argument list of nfs3_remote_Getattr_Free(nfs_res_t *resp)
/opt/philippe/GANESHA/src/shell/nfs_remote_functions.c:1911 Warning: The following parameters of nfs3_remote_Getattr_Free(nfs_res_t *resp) are not documented:
  parameter resp

/opt/philippe/GANESHA/src/shell/nfs_remote_functions.c:2080 Warning: argument `pres' of command @param is not found in the argument list of nfs3_remote_Link_Free(nfs_res_t *resp)
/opt/philippe/GANESHA/src/shell/nfs_remote_functions.c:2080 Warning: The following parameters of nfs3_remote_Link_Free(nfs_res_t *resp) are not documented:
  parameter resp

/opt/philippe/GANESHA/src/shell/nfs_remote_functions.c:1937 Warning: argument `pres' of command @param is not found in the argument list of nfs3_remote_Lookup_Free(nfs_res_t *resp)
/opt/philippe/GANESHA/src/shell/nfs_remote_functions.c:1937 Warning: The following parameters of nfs3_remote_Lookup_Free(nfs_res_t *resp) are not documented:
  parameter resp

/opt/philippe/GANESHA/src/shell/nfs_remote_functions.c:2002 Warning: argument `pres' of command @param is not found in the argument list of nfs3_remote_Mkdir_Free(nfs_res_t *resp)
/opt/philippe/GANESHA/src/shell/nfs_remote_functions.c:2002 Warning: The following parameters of nfs3_remote_Mkdir_Free(nfs_res_t *resp) are not documented:
  parameter resp

/opt/philippe/GANESHA/src/shell/nfs_remote_functions.c:1898 Warning: argument `pres' of command @param is not found in the argument list of nfs3_remote_Null_Free(nfs_res_t *resp)
/opt/philippe/GANESHA/src/shell/nfs_remote_functions.c:1898 Warning: The following parameters of nfs3_remote_Null_Free(nfs_res_t *resp) are not documented:
  parameter resp

/opt/philippe/GANESHA/src/shell/nfs_remote_functions.c:2171 Warning: argument `pres' of command @param is not found in the argument list of nfs3_remote_Read_Free(nfs_res_t *resp)
/opt/philippe/GANESHA/src/shell/nfs_remote_functions.c:2171 Warning: The following parameters of nfs3_remote_Read_Free(nfs_res_t *resp) are not documented:
  parameter resp

/opt/philippe/GANESHA/src/shell/nfs_remote_functions.c:2093 Warning: argument `pres' of command @param is not found in the argument list of nfs3_remote_Readdir_Free(nfs_res_t *resp)
/opt/philippe/GANESHA/src/shell/nfs_remote_functions.c:2093 Warning: The following parameters of nfs3_remote_Readdir_Free(nfs_res_t *resp) are not documented:
  parameter resp

/opt/philippe/GANESHA/src/shell/nfs_remote_functions.c:2106 Warning: argument `pres' of command @param is not found in the argument list of nfs3_remote_Readdirplus_Free(nfs_res_t *resp)
/opt/philippe/GANESHA/src/shell/nfs_remote_functions.c:2106 Warning: The following parameters of nfs3_remote_Readdirplus_Free(nfs_res_t *resp) are not documented:
  parameter resp

/opt/philippe/GANESHA/src/shell/nfs_remote_functions.c:1963 Warning: argument `pres' of command @param is not found in the argument list of nfs3_remote_Readlink_Free(nfs_res_t *resp)
/opt/philippe/GANESHA/src/shell/nfs_remote_functions.c:1963 Warning: The following parameters of nfs3_remote_Readlink_Free(nfs_res_t *resp) are not documented:
  parameter resp

/opt/philippe/GANESHA/src/shell/nfs_remote_functions.c:2041 Warning: argument `pres' of command @param is not found in the argument list of nfs3_remote_Remove_Free(nfs_res_t *resp)
/opt/philippe/GANESHA/src/shell/nfs_remote_functions.c:2041 Warning: The following parameters of nfs3_remote_Remove_Free(nfs_res_t *resp) are not documented:
  parameter resp

/opt/philippe/GANESHA/src/shell/nfs_remote_functions.c:2067 Warning: argument `pres' of command @param is not found in the argument list of nfs3_remote_Rename_Free(nfs_res_t *resp)
/opt/philippe/GANESHA/src/shell/nfs_remote_functions.c:2067 Warning: The following parameters of nfs3_remote_Rename_Free(nfs_res_t *resp) are not documented:
  parameter resp

/opt/philippe/GANESHA/src/shell/nfs_remote_functions.c:2054 Warning: argument `pres' of command @param is not found in the argument list of nfs3_remote_Rmdir_Free(nfs_res_t *resp)
/opt/philippe/GANESHA/src/shell/nfs_remote_functions.c:2054 Warning: The following parameters of nfs3_remote_Rmdir_Free(nfs_res_t *resp) are not documented:
  parameter resp

/opt/philippe/GANESHA/src/shell/nfs_remote_functions.c:1924 Warning: argument `pres' of command @param is not found in the argument list of nfs3_remote_Setattr_Free(nfs_res_t *resp)
/opt/philippe/GANESHA/src/shell/nfs_remote_functions.c:1924 Warning: The following parameters of nfs3_remote_Setattr_Free(nfs_res_t *resp) are not documented:
  parameter resp

/opt/philippe/GANESHA/src/shell/nfs_remote_functions.c:2015 Warning: argument `pres' of command @param is not found in the argument list of nfs3_remote_Symlink_Free(nfs_res_t *resp)
/opt/philippe/GANESHA/src/shell/nfs_remote_functions.c:2015 Warning: The following parameters of nfs3_remote_Symlink_Free(nfs_res_t *resp) are not documented:
  parameter resp

/opt/philippe/GANESHA/src/shell/nfs_remote_functions.c:1976 Warning: argument `pres' of command @param is not found in the argument list of nfs3_remote_Write_Free(nfs_res_t *resp)
/opt/philippe/GANESHA/src/shell/nfs_remote_functions.c:1976 Warning: The following parameters of nfs3_remote_Write_Free(nfs_res_t *resp) are not documented:
  parameter resp

/opt/philippe/GANESHA/src/shell/cmd_nfstools.c:4400 Warning: argument `out' of command @param is not found in the argument list of print_mask(_out, _mode, _mask, _lettre)
/opt/philippe/GANESHA/src/shell/cmd_nfstools.c:4400 Warning: argument `attrib' of command @param is not found in the argument list of print_mask(_out, _mode, _mask, _lettre)
/opt/philippe/GANESHA/src/shell/cmd_nfstools.c:4400 Warning: argument `name' of command @param is not found in the argument list of print_mask(_out, _mode, _mask, _lettre)
/opt/philippe/GANESHA/src/shell/cmd_nfstools.c:4400 Warning: argument `target' of command @param is not found in the argument list of print_mask(_out, _mode, _mask, _lettre)
/opt/philippe/GANESHA/src/shell/cmd_nfstools.c:4400 Warning: The following parameters of print_mask(_out, _mode, _mask, _lettre) are not documented:
  parameter _out
  parameter _mode
  parameter _mask
  parameter _lettre

/opt/philippe/GANESHA/src/shell/cmd_tools.c:824 Warning: argument `out' of command @param is not found in the argument list of print_mask(_out, _mode, _mask, _lettre)
/opt/philippe/GANESHA/src/shell/cmd_tools.c:824 Warning: argument `attrib' of command @param is not found in the argument list of print_mask(_out, _mode, _mask, _lettre)
/opt/philippe/GANESHA/src/shell/cmd_tools.c:824 Warning: argument `name' of command @param is not found in the argument list of print_mask(_out, _mode, _mask, _lettre)
/opt/philippe/GANESHA/src/shell/cmd_tools.c:824 Warning: argument `target' of command @param is not found in the argument list of print_mask(_out, _mode, _mask, _lettre)
/opt/philippe/GANESHA/src/shell/cmd_tools.c:824 Warning: The following parameters of print_mask(_out, _mode, _mask, _lettre) are not documented:
  parameter _out
  parameter _mode
  parameter _mask
  parameter _lettre

/opt/philippe/GANESHA/src/shell/commands_FSAL.c:3121 Warning: Unsupported html tag <file> found
/opt/philippe/GANESHA/src/shell/commands_FSAL.c:3691 Warning: Unsupported html tag <path> found
/opt/philippe/GANESHA/src/shell/commands_FSAL.c:3496 Warning: Unsupported html tag <path> found
/opt/philippe/GANESHA/src/shell/commands_FSAL.c:3882 Warning: Unsupported html tag <path> found
/opt/philippe/GANESHA/src/shell/commands_FSAL.c:4500 Warning: Unsupported html tag <seek_type> found
/opt/philippe/GANESHA/src/shell/commands_FSAL.c:4500 Warning: Unsupported html tag <offset> found
/opt/philippe/GANESHA/src/shell/commands_FSAL.c:4500 Warning: Unsupported html tag <nb_times> found
/opt/philippe/GANESHA/src/shell/commands_FSAL.c:4500 Warning: Unsupported html tag <ascii_string> found
/opt/philippe/GANESHA/src/shell/commands_FSAL.c:4501 Warning: Unsupported html tag <seek_type> found
/opt/philippe/GANESHA/src/shell/commands_FSAL.c:4501 Warning: Unsupported html tag <offset> found
/opt/philippe/GANESHA/src/shell/commands_FSAL.c:4501 Warning: Unsupported html tag <nb_times> found
/opt/philippe/GANESHA/src/shell/commands_FSAL.c:4501 Warning: Unsupported html tag <hexa_data> found
/opt/philippe/GANESHA/src/shell/commands_FSAL.c:4503 Warning: Unsupported html tag <seek_type> found
/opt/philippe/GANESHA/src/shell/commands_FSAL.c:4504 Warning: Unsupported html tag <offset> found
/opt/philippe/GANESHA/src/shell/commands_FSAL.c:4505 Warning: Unsupported html tag <nb_times> found
/opt/philippe/GANESHA/src/shell/commands_FSAL.c:4507 Warning: Unsupported html tag <ascii_string> found
/opt/philippe/GANESHA/src/shell/commands_FSAL.c:4511 Warning: Unsupported html tag <hexa_data> found
/opt/philippe/GANESHA/src/shell/commands_FSAL.c:5101 Warning: Unsupported html tag <path> found
/opt/philippe/GANESHA/src/shell/commands_FSAL.c:5267 Warning: Unsupported html tag <fsal_path> found
/opt/philippe/GANESHA/src/shell/commands_FSAL.c:5267 Warning: Unsupported html tag <local_path> found
/opt/philippe/GANESHA/src/shell/commands_Cache_inode.c:3008 Warning: Unsupported html tag <file> found
/opt/philippe/GANESHA/src/shell/commands_Cache_inode.c:3008 Warning: Unsupported html tag <file> found
/opt/philippe/GANESHA/src/shell/commands_FSAL.c:3121 Warning: Unsupported html tag <file> found
/opt/philippe/GANESHA/src/shell/commands_FSAL.c:3496 Warning: Unsupported html tag <path> found
/opt/philippe/GANESHA/src/shell/commands_FSAL.c:3691 Warning: Unsupported html tag <path> found
/opt/philippe/GANESHA/src/shell/commands_FSAL.c:3882 Warning: Unsupported html tag <path> found
/opt/philippe/GANESHA/src/shell/commands_FSAL.c:4500 Warning: Unsupported html tag <seek_type> found
/opt/philippe/GANESHA/src/shell/commands_FSAL.c:4500 Warning: Unsupported html tag <offset> found
/opt/philippe/GANESHA/src/shell/commands_FSAL.c:4500 Warning: Unsupported html tag <nb_times> found
/opt/philippe/GANESHA/src/shell/commands_FSAL.c:4500 Warning: Unsupported html tag <ascii_string> found
/opt/philippe/GANESHA/src/shell/commands_FSAL.c:4501 Warning: Unsupported html tag <seek_type> found
/opt/philippe/GANESHA/src/shell/commands_FSAL.c:4501 Warning: Unsupported html tag <offset> found
/opt/philippe/GANESHA/src/shell/commands_FSAL.c:4501 Warning: Unsupported html tag <nb_times> found
/opt/philippe/GANESHA/src/shell/commands_FSAL.c:4501 Warning: Unsupported html tag <hexa_data> found
/opt/philippe/GANESHA/src/shell/commands_FSAL.c:4503 Warning: Unsupported html tag <seek_type> found
/opt/philippe/GANESHA/src/shell/commands_FSAL.c:4504 Warning: Unsupported html tag <offset> found
/opt/philippe/GANESHA/src/shell/commands_FSAL.c:4505 Warning: Unsupported html tag <nb_times> found
/opt/philippe/GANESHA/src/shell/commands_FSAL.c:4507 Warning: Unsupported html tag <ascii_string> found
/opt/philippe/GANESHA/src/shell/commands_FSAL.c:4511 Warning: Unsupported html tag <hexa_data> found
/opt/philippe/GANESHA/src/shell/commands_FSAL.c:5101 Warning: Unsupported html tag <path> found
/opt/philippe/GANESHA/src/shell/commands_FSAL.c:5267 Warning: Unsupported html tag <fsal_path> found
/opt/philippe/GANESHA/src/shell/commands_FSAL.c:5267 Warning: Unsupported html tag <local_path> found
/opt/philippe/GANESHA/src/shell/nfs_remote_functions.c:1664 Warning: argument `pres' of command @param is not found in the argument list of nfs2_remote_Null_Free(nfs_res_t *resp)
/opt/philippe/GANESHA/src/shell/nfs_remote_functions.c:1664 Warning: The following parameters of nfs2_remote_Null_Free(nfs_res_t *resp) are not documented:
  parameter resp

/opt/philippe/GANESHA/src/shell/nfs_remote_functions.c:1677 Warning: argument `pres' of command @param is not found in the argument list of nfs2_remote_Getattr_Free(nfs_res_t *resp)
/opt/philippe/GANESHA/src/shell/nfs_remote_functions.c:1677 Warning: The following parameters of nfs2_remote_Getattr_Free(nfs_res_t *resp) are not documented:
  parameter resp

/opt/philippe/GANESHA/src/shell/nfs_remote_functions.c:1690 Warning: argument `pres' of command @param is not found in the argument list of nfs2_remote_Setattr_Free(nfs_res_t *resp)
/opt/philippe/GANESHA/src/shell/nfs_remote_functions.c:1690 Warning: The following parameters of nfs2_remote_Setattr_Free(nfs_res_t *resp) are not documented:
  parameter resp

/opt/philippe/GANESHA/src/shell/nfs_remote_functions.c:1703 Warning: argument `pres' of command @param is not found in the argument list of nfs2_remote_Lookup_Free(nfs_res_t *resp)
/opt/philippe/GANESHA/src/shell/nfs_remote_functions.c:1703 Warning: The following parameters of nfs2_remote_Lookup_Free(nfs_res_t *resp) are not documented:
  parameter resp

/opt/philippe/GANESHA/src/shell/nfs_remote_functions.c:1716 Warning: argument `pres' of command @param is not found in the argument list of nfs2_remote_Read_Free(nfs_res_t *resp)
/opt/philippe/GANESHA/src/shell/nfs_remote_functions.c:1716 Warning: The following parameters of nfs2_remote_Read_Free(nfs_res_t *resp) are not documented:
  parameter resp

/opt/philippe/GANESHA/src/shell/nfs_remote_functions.c:1729 Warning: argument `pres' of command @param is not found in the argument list of nfs2_remote_Write_Free(nfs_res_t *resp)
/opt/philippe/GANESHA/src/shell/nfs_remote_functions.c:1729 Warning: The following parameters of nfs2_remote_Write_Free(nfs_res_t *resp) are not documented:
  parameter resp

/opt/philippe/GANESHA/src/shell/nfs_remote_functions.c:1742 Warning: argument `pres' of command @param is not found in the argument list of nfs2_remote_Create_Free(nfs_res_t *resp)
/opt/philippe/GANESHA/src/shell/nfs_remote_functions.c:1742 Warning: The following parameters of nfs2_remote_Create_Free(nfs_res_t *resp) are not documented:
  parameter resp

/opt/philippe/GANESHA/src/shell/nfs_remote_functions.c:1755 Warning: argument `pres' of command @param is not found in the argument list of nfs2_remote_Mkdir_Free(nfs_res_t *resp)
/opt/philippe/GANESHA/src/shell/nfs_remote_functions.c:1755 Warning: The following parameters of nfs2_remote_Mkdir_Free(nfs_res_t *resp) are not documented:
  parameter resp

/opt/philippe/GANESHA/src/shell/nfs_remote_functions.c:1768 Warning: argument `pres' of command @param is not found in the argument list of nfs2_remote_Symlink_Free(nfs_res_t *resp)
/opt/philippe/GANESHA/src/shell/nfs_remote_functions.c:1768 Warning: The following parameters of nfs2_remote_Symlink_Free(nfs_res_t *resp) are not documented:
  parameter resp

/opt/philippe/GANESHA/src/shell/nfs_remote_functions.c:1781 Warning: argument `pres' of command @param is not found in the argument list of nfs2_remote_Remove_Free(nfs_res_t *resp)
/opt/philippe/GANESHA/src/shell/nfs_remote_functions.c:1781 Warning: The following parameters of nfs2_remote_Remove_Free(nfs_res_t *resp) are not documented:
  parameter resp

/opt/philippe/GANESHA/src/shell/nfs_remote_functions.c:1794 Warning: argument `pres' of command @param is not found in the argument list of nfs2_remote_Rmdir_Free(nfs_res_t *resp)
/opt/philippe/GANESHA/src/shell/nfs_remote_functions.c:1794 Warning: The following parameters of nfs2_remote_Rmdir_Free(nfs_res_t *resp) are not documented:
  parameter resp

/opt/philippe/GANESHA/src/shell/nfs_remote_functions.c:1807 Warning: argument `pres' of command @param is not found in the argument list of nfs2_remote_Rename_Free(nfs_res_t *resp)
/opt/philippe/GANESHA/src/shell/nfs_remote_functions.c:1807 Warning: The following parameters of nfs2_remote_Rename_Free(nfs_res_t *resp) are not documented:
  parameter resp

/opt/philippe/GANESHA/src/shell/nfs_remote_functions.c:1820 Warning: argument `pres' of command @param is not found in the argument list of nfs2_remote_Link_Free(nfs_res_t *resp)
/opt/philippe/GANESHA/src/shell/nfs_remote_functions.c:1820 Warning: The following parameters of nfs2_remote_Link_Free(nfs_res_t *resp) are not documented:
  parameter resp

/opt/philippe/GANESHA/src/shell/nfs_remote_functions.c:1833 Warning: argument `pres' of command @param is not found in the argument list of nfs2_remote_Fsstat_Free(nfs_res_t *resp)
/opt/philippe/GANESHA/src/shell/nfs_remote_functions.c:1833 Warning: The following parameters of nfs2_remote_Fsstat_Free(nfs_res_t *resp) are not documented:
  parameter resp

/opt/philippe/GANESHA/src/shell/nfs_remote_functions.c:1872 Warning: argument `pres' of command @param is not found in the argument list of nfs2_remote_Readdir_Free(nfs_res_t *resp)
/opt/philippe/GANESHA/src/shell/nfs_remote_functions.c:1872 Warning: The following parameters of nfs2_remote_Readdir_Free(nfs_res_t *resp) are not documented:
  parameter resp

/opt/philippe/GANESHA/src/shell/nfs_remote_functions.c:1885 Warning: argument `pres' of command @param is not found in the argument list of nfs2_remote_Readlink_Free(nfs_res_t *resp)
/opt/philippe/GANESHA/src/shell/nfs_remote_functions.c:1885 Warning: The following parameters of nfs2_remote_Readlink_Free(nfs_res_t *resp) are not documented:
  parameter resp

/opt/philippe/GANESHA/src/shell/nfs_remote_functions.c:1898 Warning: argument `pres' of command @param is not found in the argument list of nfs3_remote_Null_Free(nfs_res_t *resp)
/opt/philippe/GANESHA/src/shell/nfs_remote_functions.c:1898 Warning: The following parameters of nfs3_remote_Null_Free(nfs_res_t *resp) are not documented:
  parameter resp

/opt/philippe/GANESHA/src/shell/nfs_remote_functions.c:1911 Warning: argument `pres' of command @param is not found in the argument list of nfs3_remote_Getattr_Free(nfs_res_t *resp)
/opt/philippe/GANESHA/src/shell/nfs_remote_functions.c:1911 Warning: The following parameters of nfs3_remote_Getattr_Free(nfs_res_t *resp) are not documented:
  parameter resp

/opt/philippe/GANESHA/src/shell/nfs_remote_functions.c:1924 Warning: argument `pres' of command @param is not found in the argument list of nfs3_remote_Setattr_Free(nfs_res_t *resp)
/opt/philippe/GANESHA/src/shell/nfs_remote_functions.c:1924 Warning: The following parameters of nfs3_remote_Setattr_Free(nfs_res_t *resp) are not documented:
  parameter resp

/opt/philippe/GANESHA/src/shell/nfs_remote_functions.c:1937 Warning: argument `pres' of command @param is not found in the argument list of nfs3_remote_Lookup_Free(nfs_res_t *resp)
/opt/philippe/GANESHA/src/shell/nfs_remote_functions.c:1937 Warning: The following parameters of nfs3_remote_Lookup_Free(nfs_res_t *resp) are not documented:
  parameter resp

/opt/philippe/GANESHA/src/shell/nfs_remote_functions.c:1963 Warning: argument `pres' of command @param is not found in the argument list of nfs3_remote_Readlink_Free(nfs_res_t *resp)
/opt/philippe/GANESHA/src/shell/nfs_remote_functions.c:1963 Warning: The following parameters of nfs3_remote_Readlink_Free(nfs_res_t *resp) are not documented:
  parameter resp

/opt/philippe/GANESHA/src/shell/nfs_remote_functions.c:1976 Warning: argument `pres' of command @param is not found in the argument list of nfs3_remote_Write_Free(nfs_res_t *resp)
/opt/philippe/GANESHA/src/shell/nfs_remote_functions.c:1976 Warning: The following parameters of nfs3_remote_Write_Free(nfs_res_t *resp) are not documented:
  parameter resp

/opt/philippe/GANESHA/src/shell/nfs_remote_functions.c:1989 Warning: argument `pres' of command @param is not found in the argument list of nfs3_remote_Create_Free(nfs_res_t *resp)
/opt/philippe/GANESHA/src/shell/nfs_remote_functions.c:1989 Warning: The following parameters of nfs3_remote_Create_Free(nfs_res_t *resp) are not documented:
  parameter resp

/opt/philippe/GANESHA/src/shell/nfs_remote_functions.c:2002 Warning: argument `pres' of command @param is not found in the argument list of nfs3_remote_Mkdir_Free(nfs_res_t *resp)
/opt/philippe/GANESHA/src/shell/nfs_remote_functions.c:2002 Warning: The following parameters of nfs3_remote_Mkdir_Free(nfs_res_t *resp) are not documented:
  parameter resp

/opt/philippe/GANESHA/src/shell/nfs_remote_functions.c:2015 Warning: argument `pres' of command @param is not found in the argument list of nfs3_remote_Symlink_Free(nfs_res_t *resp)
/opt/philippe/GANESHA/src/shell/nfs_remote_functions.c:2015 Warning: The following parameters of nfs3_remote_Symlink_Free(nfs_res_t *resp) are not documented:
  parameter resp

/opt/philippe/GANESHA/src/shell/nfs_remote_functions.c:2041 Warning: argument `pres' of command @param is not found in the argument list of nfs3_remote_Remove_Free(nfs_res_t *resp)
/opt/philippe/GANESHA/src/shell/nfs_remote_functions.c:2041 Warning: The following parameters of nfs3_remote_Remove_Free(nfs_res_t *resp) are not documented:
  parameter resp

/opt/philippe/GANESHA/src/shell/nfs_remote_functions.c:2054 Warning: argument `pres' of command @param is not found in the argument list of nfs3_remote_Rmdir_Free(nfs_res_t *resp)
/opt/philippe/GANESHA/src/shell/nfs_remote_functions.c:2054 Warning: The following parameters of nfs3_remote_Rmdir_Free(nfs_res_t *resp) are not documented:
  parameter resp

/opt/philippe/GANESHA/src/shell/nfs_remote_functions.c:2067 Warning: argument `pres' of command @param is not found in the argument list of nfs3_remote_Rename_Free(nfs_res_t *resp)
/opt/philippe/GANESHA/src/shell/nfs_remote_functions.c:2067 Warning: The following parameters of nfs3_remote_Rename_Free(nfs_res_t *resp) are not documented:
  parameter resp

/opt/philippe/GANESHA/src/shell/nfs_remote_functions.c:2080 Warning: argument `pres' of command @param is not found in the argument list of nfs3_remote_Link_Free(nfs_res_t *resp)
/opt/philippe/GANESHA/src/shell/nfs_remote_functions.c:2080 Warning: The following parameters of nfs3_remote_Link_Free(nfs_res_t *resp) are not documented:
  parameter resp

/opt/philippe/GANESHA/src/shell/nfs_remote_functions.c:2093 Warning: argument `pres' of command @param is not found in the argument list of nfs3_remote_Readdir_Free(nfs_res_t *resp)
/opt/philippe/GANESHA/src/shell/nfs_remote_functions.c:2093 Warning: The following parameters of nfs3_remote_Readdir_Free(nfs_res_t *resp) are not documented:
  parameter resp

/opt/philippe/GANESHA/src/shell/nfs_remote_functions.c:2106 Warning: argument `pres' of command @param is not found in the argument list of nfs3_remote_Readdirplus_Free(nfs_res_t *resp)
/opt/philippe/GANESHA/src/shell/nfs_remote_functions.c:2106 Warning: The following parameters of nfs3_remote_Readdirplus_Free(nfs_res_t *resp) are not documented:
  parameter resp

/opt/philippe/GANESHA/src/shell/nfs_remote_functions.c:2119 Warning: argument `pres' of command @param is not found in the argument list of nfs3_remote_Fsstat_Free(nfs_res_t *resp)
/opt/philippe/GANESHA/src/shell/nfs_remote_functions.c:2119 Warning: The following parameters of nfs3_remote_Fsstat_Free(nfs_res_t *resp) are not documented:
  parameter resp

/opt/philippe/GANESHA/src/shell/nfs_remote_functions.c:2171 Warning: argument `pres' of command @param is not found in the argument list of nfs3_remote_Read_Free(nfs_res_t *resp)
/opt/philippe/GANESHA/src/shell/nfs_remote_functions.c:2171 Warning: The following parameters of nfs3_remote_Read_Free(nfs_res_t *resp) are not documented:
  parameter resp

/opt/philippe/GANESHA/src/shell/nfs_remote_functions.c:1664 Warning: argument `pres' of command @param is not found in the argument list of nfs2_remote_Null_Free(nfs_res_t *resp)
/opt/philippe/GANESHA/src/shell/nfs_remote_functions.c:1664 Warning: The following parameters of nfs2_remote_Null_Free(nfs_res_t *resp) are not documented:
  parameter resp

/opt/philippe/GANESHA/src/shell/nfs_remote_functions.c:1677 Warning: argument `pres' of command @param is not found in the argument list of nfs2_remote_Getattr_Free(nfs_res_t *resp)
/opt/philippe/GANESHA/src/shell/nfs_remote_functions.c:1677 Warning: The following parameters of nfs2_remote_Getattr_Free(nfs_res_t *resp) are not documented:
  parameter resp

/opt/philippe/GANESHA/src/shell/nfs_remote_functions.c:1690 Warning: argument `pres' of command @param is not found in the argument list of nfs2_remote_Setattr_Free(nfs_res_t *resp)
/opt/philippe/GANESHA/src/shell/nfs_remote_functions.c:1690 Warning: The following parameters of nfs2_remote_Setattr_Free(nfs_res_t *resp) are not documented:
  parameter resp

/opt/philippe/GANESHA/src/shell/nfs_remote_functions.c:1703 Warning: argument `pres' of command @param is not found in the argument list of nfs2_remote_Lookup_Free(nfs_res_t *resp)
/opt/philippe/GANESHA/src/shell/nfs_remote_functions.c:1703 Warning: The following parameters of nfs2_remote_Lookup_Free(nfs_res_t *resp) are not documented:
  parameter resp

/opt/philippe/GANESHA/src/shell/nfs_remote_functions.c:1716 Warning: argument `pres' of command @param is not found in the argument list of nfs2_remote_Read_Free(nfs_res_t *resp)
/opt/philippe/GANESHA/src/shell/nfs_remote_functions.c:1716 Warning: The following parameters of nfs2_remote_Read_Free(nfs_res_t *resp) are not documented:
  parameter resp

/opt/philippe/GANESHA/src/shell/nfs_remote_functions.c:1729 Warning: argument `pres' of command @param is not found in the argument list of nfs2_remote_Write_Free(nfs_res_t *resp)
/opt/philippe/GANESHA/src/shell/nfs_remote_functions.c:1729 Warning: The following parameters of nfs2_remote_Write_Free(nfs_res_t *resp) are not documented:
  parameter resp

/opt/philippe/GANESHA/src/shell/nfs_remote_functions.c:1742 Warning: argument `pres' of command @param is not found in the argument list of nfs2_remote_Create_Free(nfs_res_t *resp)
/opt/philippe/GANESHA/src/shell/nfs_remote_functions.c:1742 Warning: The following parameters of nfs2_remote_Create_Free(nfs_res_t *resp) are not documented:
  parameter resp

/opt/philippe/GANESHA/src/shell/nfs_remote_functions.c:1755 Warning: argument `pres' of command @param is not found in the argument list of nfs2_remote_Mkdir_Free(nfs_res_t *resp)
/opt/philippe/GANESHA/src/shell/nfs_remote_functions.c:1755 Warning: The following parameters of nfs2_remote_Mkdir_Free(nfs_res_t *resp) are not documented:
  parameter resp

/opt/philippe/GANESHA/src/shell/nfs_remote_functions.c:1768 Warning: argument `pres' of command @param is not found in the argument list of nfs2_remote_Symlink_Free(nfs_res_t *resp)
/opt/philippe/GANESHA/src/shell/nfs_remote_functions.c:1768 Warning: The following parameters of nfs2_remote_Symlink_Free(nfs_res_t *resp) are not documented:
  parameter resp

/opt/philippe/GANESHA/src/shell/nfs_remote_functions.c:1781 Warning: argument `pres' of command @param is not found in the argument list of nfs2_remote_Remove_Free(nfs_res_t *resp)
/opt/philippe/GANESHA/src/shell/nfs_remote_functions.c:1781 Warning: The following parameters of nfs2_remote_Remove_Free(nfs_res_t *resp) are not documented:
  parameter resp

/opt/philippe/GANESHA/src/shell/nfs_remote_functions.c:1794 Warning: argument `pres' of command @param is not found in the argument list of nfs2_remote_Rmdir_Free(nfs_res_t *resp)
/opt/philippe/GANESHA/src/shell/nfs_remote_functions.c:1794 Warning: The following parameters of nfs2_remote_Rmdir_Free(nfs_res_t *resp) are not documented:
  parameter resp

/opt/philippe/GANESHA/src/shell/nfs_remote_functions.c:1807 Warning: argument `pres' of command @param is not found in the argument list of nfs2_remote_Rename_Free(nfs_res_t *resp)
/opt/philippe/GANESHA/src/shell/nfs_remote_functions.c:1807 Warning: The following parameters of nfs2_remote_Rename_Free(nfs_res_t *resp) are not documented:
  parameter resp

/opt/philippe/GANESHA/src/shell/nfs_remote_functions.c:1820 Warning: argument `pres' of command @param is not found in the argument list of nfs2_remote_Link_Free(nfs_res_t *resp)
/opt/philippe/GANESHA/src/shell/nfs_remote_functions.c:1820 Warning: The following parameters of nfs2_remote_Link_Free(nfs_res_t *resp) are not documented:
  parameter resp

/opt/philippe/GANESHA/src/shell/nfs_remote_functions.c:1833 Warning: argument `pres' of command @param is not found in the argument list of nfs2_remote_Fsstat_Free(nfs_res_t *resp)
/opt/philippe/GANESHA/src/shell/nfs_remote_functions.c:1833 Warning: The following parameters of nfs2_remote_Fsstat_Free(nfs_res_t *resp) are not documented:
  parameter resp

/opt/philippe/GANESHA/src/shell/nfs_remote_functions.c:1872 Warning: argument `pres' of command @param is not found in the argument list of nfs2_remote_Readdir_Free(nfs_res_t *resp)
/opt/philippe/GANESHA/src/shell/nfs_remote_functions.c:1872 Warning: The following parameters of nfs2_remote_Readdir_Free(nfs_res_t *resp) are not documented:
  parameter resp

/opt/philippe/GANESHA/src/shell/nfs_remote_functions.c:1885 Warning: argument `pres' of command @param is not found in the argument list of nfs2_remote_Readlink_Free(nfs_res_t *resp)
/opt/philippe/GANESHA/src/shell/nfs_remote_functions.c:1885 Warning: The following parameters of nfs2_remote_Readlink_Free(nfs_res_t *resp) are not documented:
  parameter resp

/opt/philippe/GANESHA/src/shell/nfs_remote_functions.c:1898 Warning: argument `pres' of command @param is not found in the argument list of nfs3_remote_Null_Free(nfs_res_t *resp)
/opt/philippe/GANESHA/src/shell/nfs_remote_functions.c:1898 Warning: The following parameters of nfs3_remote_Null_Free(nfs_res_t *resp) are not documented:
  parameter resp

/opt/philippe/GANESHA/src/shell/nfs_remote_functions.c:1911 Warning: argument `pres' of command @param is not found in the argument list of nfs3_remote_Getattr_Free(nfs_res_t *resp)
/opt/philippe/GANESHA/src/shell/nfs_remote_functions.c:1911 Warning: The following parameters of nfs3_remote_Getattr_Free(nfs_res_t *resp) are not documented:
  parameter resp

/opt/philippe/GANESHA/src/shell/nfs_remote_functions.c:1924 Warning: argument `pres' of command @param is not found in the argument list of nfs3_remote_Setattr_Free(nfs_res_t *resp)
/opt/philippe/GANESHA/src/shell/nfs_remote_functions.c:1924 Warning: The following parameters of nfs3_remote_Setattr_Free(nfs_res_t *resp) are not documented:
  parameter resp

/opt/philippe/GANESHA/src/shell/nfs_remote_functions.c:1937 Warning: argument `pres' of command @param is not found in the argument list of nfs3_remote_Lookup_Free(nfs_res_t *resp)
/opt/philippe/GANESHA/src/shell/nfs_remote_functions.c:1937 Warning: The following parameters of nfs3_remote_Lookup_Free(nfs_res_t *resp) are not documented:
  parameter resp

/opt/philippe/GANESHA/src/shell/nfs_remote_functions.c:1963 Warning: argument `pres' of command @param is not found in the argument list of nfs3_remote_Readlink_Free(nfs_res_t *resp)
/opt/philippe/GANESHA/src/shell/nfs_remote_functions.c:1963 Warning: The following parameters of nfs3_remote_Readlink_Free(nfs_res_t *resp) are not documented:
  parameter resp

/opt/philippe/GANESHA/src/shell/nfs_remote_functions.c:1976 Warning: argument `pres' of command @param is not found in the argument list of nfs3_remote_Write_Free(nfs_res_t *resp)
/opt/philippe/GANESHA/src/shell/nfs_remote_functions.c:1976 Warning: The following parameters of nfs3_remote_Write_Free(nfs_res_t *resp) are not documented:
  parameter resp

/opt/philippe/GANESHA/src/shell/nfs_remote_functions.c:1989 Warning: argument `pres' of command @param is not found in the argument list of nfs3_remote_Create_Free(nfs_res_t *resp)
/opt/philippe/GANESHA/src/shell/nfs_remote_functions.c:1989 Warning: The following parameters of nfs3_remote_Create_Free(nfs_res_t *resp) are not documented:
  parameter resp

/opt/philippe/GANESHA/src/shell/nfs_remote_functions.c:2002 Warning: argument `pres' of command @param is not found in the argument list of nfs3_remote_Mkdir_Free(nfs_res_t *resp)
/opt/philippe/GANESHA/src/shell/nfs_remote_functions.c:2002 Warning: The following parameters of nfs3_remote_Mkdir_Free(nfs_res_t *resp) are not documented:
  parameter resp

/opt/philippe/GANESHA/src/shell/nfs_remote_functions.c:2015 Warning: argument `pres' of command @param is not found in the argument list of nfs3_remote_Symlink_Free(nfs_res_t *resp)
/opt/philippe/GANESHA/src/shell/nfs_remote_functions.c:2015 Warning: The following parameters of nfs3_remote_Symlink_Free(nfs_res_t *resp) are not documented:
  parameter resp

/opt/philippe/GANESHA/src/shell/nfs_remote_functions.c:2041 Warning: argument `pres' of command @param is not found in the argument list of nfs3_remote_Remove_Free(nfs_res_t *resp)
/opt/philippe/GANESHA/src/shell/nfs_remote_functions.c:2041 Warning: The following parameters of nfs3_remote_Remove_Free(nfs_res_t *resp) are not documented:
  parameter resp

/opt/philippe/GANESHA/src/shell/nfs_remote_functions.c:2054 Warning: argument `pres' of command @param is not found in the argument list of nfs3_remote_Rmdir_Free(nfs_res_t *resp)
/opt/philippe/GANESHA/src/shell/nfs_remote_functions.c:2054 Warning: The following parameters of nfs3_remote_Rmdir_Free(nfs_res_t *resp) are not documented:
  parameter resp

/opt/philippe/GANESHA/src/shell/nfs_remote_functions.c:2067 Warning: argument `pres' of command @param is not found in the argument list of nfs3_remote_Rename_Free(nfs_res_t *resp)
/opt/philippe/GANESHA/src/shell/nfs_remote_functions.c:2067 Warning: The following parameters of nfs3_remote_Rename_Free(nfs_res_t *resp) are not documented:
  parameter resp

/opt/philippe/GANESHA/src/shell/nfs_remote_functions.c:2080 Warning: argument `pres' of command @param is not found in the argument list of nfs3_remote_Link_Free(nfs_res_t *resp)
/opt/philippe/GANESHA/src/shell/nfs_remote_functions.c:2080 Warning: The following parameters of nfs3_remote_Link_Free(nfs_res_t *resp) are not documented:
  parameter resp

/opt/philippe/GANESHA/src/shell/nfs_remote_functions.c:2093 Warning: argument `pres' of command @param is not found in the argument list of nfs3_remote_Readdir_Free(nfs_res_t *resp)
/opt/philippe/GANESHA/src/shell/nfs_remote_functions.c:2093 Warning: The following parameters of nfs3_remote_Readdir_Free(nfs_res_t *resp) are not documented:
  parameter resp

/opt/philippe/GANESHA/src/shell/nfs_remote_functions.c:2106 Warning: argument `pres' of command @param is not found in the argument list of nfs3_remote_Readdirplus_Free(nfs_res_t *resp)
/opt/philippe/GANESHA/src/shell/nfs_remote_functions.c:2106 Warning: The following parameters of nfs3_remote_Readdirplus_Free(nfs_res_t *resp) are not documented:
  parameter resp

/opt/philippe/GANESHA/src/shell/nfs_remote_functions.c:2119 Warning: argument `pres' of command @param is not found in the argument list of nfs3_remote_Fsstat_Free(nfs_res_t *resp)
/opt/philippe/GANESHA/src/shell/nfs_remote_functions.c:2119 Warning: The following parameters of nfs3_remote_Fsstat_Free(nfs_res_t *resp) are not documented:
  parameter resp

/opt/philippe/GANESHA/src/shell/nfs_remote_functions.c:2171 Warning: argument `pres' of command @param is not found in the argument list of nfs3_remote_Read_Free(nfs_res_t *resp)
/opt/philippe/GANESHA/src/shell/nfs_remote_functions.c:2171 Warning: The following parameters of nfs3_remote_Read_Free(nfs_res_t *resp) are not documented:
  parameter resp

/opt/philippe/GANESHA/src/shell/shell.c:353 Warning: The following parameters of shell_Init(int verbose, char *input_file, char *prompt, int shell_index) are not documented:
  parameter verbose
  parameter prompt
  parameter shell_index

/opt/philippe/GANESHA/src/shell/shell.c:1565 Warning: The following parameters of shell_SetInput(shell_state_t *context, char *file_name) are not documented:
  parameter context

/opt/philippe/GANESHA/src/shell/shell.c:353 Warning: The following parameters of shell_Init(int verbose, char *input_file, char *prompt, int shell_index) are not documented:
  parameter verbose
  parameter prompt
  parameter shell_index

/opt/philippe/GANESHA/src/shell/shell.c:1565 Warning: The following parameters of shell_SetInput(shell_state_t *context, char *file_name) are not documented:
  parameter context

/opt/philippe/GANESHA/src/shell/nfs_remote_functions.c:1664 Warning: argument `pres' of command @param is not found in the argument list of nfs2_remote_Null_Free(nfs_res_t *resp)
/opt/philippe/GANESHA/src/shell/nfs_remote_functions.c:1664 Warning: The following parameters of nfs2_remote_Null_Free(nfs_res_t *resp) are not documented:
  parameter resp

/opt/philippe/GANESHA/src/shell/nfs_remote_functions.c:1677 Warning: argument `pres' of command @param is not found in the argument list of nfs2_remote_Getattr_Free(nfs_res_t *resp)
/opt/philippe/GANESHA/src/shell/nfs_remote_functions.c:1677 Warning: The following parameters of nfs2_remote_Getattr_Free(nfs_res_t *resp) are not documented:
  parameter resp

/opt/philippe/GANESHA/src/shell/nfs_remote_functions.c:1690 Warning: argument `pres' of command @param is not found in the argument list of nfs2_remote_Setattr_Free(nfs_res_t *resp)
/opt/philippe/GANESHA/src/shell/nfs_remote_functions.c:1690 Warning: The following parameters of nfs2_remote_Setattr_Free(nfs_res_t *resp) are not documented:
  parameter resp

/opt/philippe/GANESHA/src/shell/nfs_remote_functions.c:1703 Warning: argument `pres' of command @param is not found in the argument list of nfs2_remote_Lookup_Free(nfs_res_t *resp)
/opt/philippe/GANESHA/src/shell/nfs_remote_functions.c:1703 Warning: The following parameters of nfs2_remote_Lookup_Free(nfs_res_t *resp) are not documented:
  parameter resp

/opt/philippe/GANESHA/src/shell/nfs_remote_functions.c:1716 Warning: argument `pres' of command @param is not found in the argument list of nfs2_remote_Read_Free(nfs_res_t *resp)
/opt/philippe/GANESHA/src/shell/nfs_remote_functions.c:1716 Warning: The following parameters of nfs2_remote_Read_Free(nfs_res_t *resp) are not documented:
  parameter resp

/opt/philippe/GANESHA/src/shell/nfs_remote_functions.c:1729 Warning: argument `pres' of command @param is not found in the argument list of nfs2_remote_Write_Free(nfs_res_t *resp)
/opt/philippe/GANESHA/src/shell/nfs_remote_functions.c:1729 Warning: The following parameters of nfs2_remote_Write_Free(nfs_res_t *resp) are not documented:
  parameter resp

/opt/philippe/GANESHA/src/shell/nfs_remote_functions.c:1742 Warning: argument `pres' of command @param is not found in the argument list of nfs2_remote_Create_Free(nfs_res_t *resp)
/opt/philippe/GANESHA/src/shell/nfs_remote_functions.c:1742 Warning: The following parameters of nfs2_remote_Create_Free(nfs_res_t *resp) are not documented:
  parameter resp

/opt/philippe/GANESHA/src/shell/nfs_remote_functions.c:1755 Warning: argument `pres' of command @param is not found in the argument list of nfs2_remote_Mkdir_Free(nfs_res_t *resp)
/opt/philippe/GANESHA/src/shell/nfs_remote_functions.c:1755 Warning: The following parameters of nfs2_remote_Mkdir_Free(nfs_res_t *resp) are not documented:
  parameter resp

/opt/philippe/GANESHA/src/shell/nfs_remote_functions.c:1768 Warning: argument `pres' of command @param is not found in the argument list of nfs2_remote_Symlink_Free(nfs_res_t *resp)
/opt/philippe/GANESHA/src/shell/nfs_remote_functions.c:1768 Warning: The following parameters of nfs2_remote_Symlink_Free(nfs_res_t *resp) are not documented:
  parameter resp

/opt/philippe/GANESHA/src/shell/nfs_remote_functions.c:1781 Warning: argument `pres' of command @param is not found in the argument list of nfs2_remote_Remove_Free(nfs_res_t *resp)
/opt/philippe/GANESHA/src/shell/nfs_remote_functions.c:1781 Warning: The following parameters of nfs2_remote_Remove_Free(nfs_res_t *resp) are not documented:
  parameter resp

/opt/philippe/GANESHA/src/shell/nfs_remote_functions.c:1794 Warning: argument `pres' of command @param is not found in the argument list of nfs2_remote_Rmdir_Free(nfs_res_t *resp)
/opt/philippe/GANESHA/src/shell/nfs_remote_functions.c:1794 Warning: The following parameters of nfs2_remote_Rmdir_Free(nfs_res_t *resp) are not documented:
  parameter resp

/opt/philippe/GANESHA/src/shell/nfs_remote_functions.c:1807 Warning: argument `pres' of command @param is not found in the argument list of nfs2_remote_Rename_Free(nfs_res_t *resp)
/opt/philippe/GANESHA/src/shell/nfs_remote_functions.c:1807 Warning: The following parameters of nfs2_remote_Rename_Free(nfs_res_t *resp) are not documented:
  parameter resp

/opt/philippe/GANESHA/src/shell/nfs_remote_functions.c:1820 Warning: argument `pres' of command @param is not found in the argument list of nfs2_remote_Link_Free(nfs_res_t *resp)
/opt/philippe/GANESHA/src/shell/nfs_remote_functions.c:1820 Warning: The following parameters of nfs2_remote_Link_Free(nfs_res_t *resp) are not documented:
  parameter resp

/opt/philippe/GANESHA/src/shell/nfs_remote_functions.c:1833 Warning: argument `pres' of command @param is not found in the argument list of nfs2_remote_Fsstat_Free(nfs_res_t *resp)
/opt/philippe/GANESHA/src/shell/nfs_remote_functions.c:1833 Warning: The following parameters of nfs2_remote_Fsstat_Free(nfs_res_t *resp) are not documented:
  parameter resp

/opt/philippe/GANESHA/src/shell/nfs_remote_functions.c:1872 Warning: argument `pres' of command @param is not found in the argument list of nfs2_remote_Readdir_Free(nfs_res_t *resp)
/opt/philippe/GANESHA/src/shell/nfs_remote_functions.c:1872 Warning: The following parameters of nfs2_remote_Readdir_Free(nfs_res_t *resp) are not documented:
  parameter resp

/opt/philippe/GANESHA/src/shell/nfs_remote_functions.c:1885 Warning: argument `pres' of command @param is not found in the argument list of nfs2_remote_Readlink_Free(nfs_res_t *resp)
/opt/philippe/GANESHA/src/shell/nfs_remote_functions.c:1885 Warning: The following parameters of nfs2_remote_Readlink_Free(nfs_res_t *resp) are not documented:
  parameter resp

/opt/philippe/GANESHA/src/shell/nfs_remote_functions.c:1898 Warning: argument `pres' of command @param is not found in the argument list of nfs3_remote_Null_Free(nfs_res_t *resp)
/opt/philippe/GANESHA/src/shell/nfs_remote_functions.c:1898 Warning: The following parameters of nfs3_remote_Null_Free(nfs_res_t *resp) are not documented:
  parameter resp

/opt/philippe/GANESHA/src/shell/nfs_remote_functions.c:1911 Warning: argument `pres' of command @param is not found in the argument list of nfs3_remote_Getattr_Free(nfs_res_t *resp)
/opt/philippe/GANESHA/src/shell/nfs_remote_functions.c:1911 Warning: The following parameters of nfs3_remote_Getattr_Free(nfs_res_t *resp) are not documented:
  parameter resp

/opt/philippe/GANESHA/src/shell/nfs_remote_functions.c:1924 Warning: argument `pres' of command @param is not found in the argument list of nfs3_remote_Setattr_Free(nfs_res_t *resp)
/opt/philippe/GANESHA/src/shell/nfs_remote_functions.c:1924 Warning: The following parameters of nfs3_remote_Setattr_Free(nfs_res_t *resp) are not documented:
  parameter resp

/opt/philippe/GANESHA/src/shell/nfs_remote_functions.c:1937 Warning: argument `pres' of command @param is not found in the argument list of nfs3_remote_Lookup_Free(nfs_res_t *resp)
/opt/philippe/GANESHA/src/shell/nfs_remote_functions.c:1937 Warning: The following parameters of nfs3_remote_Lookup_Free(nfs_res_t *resp) are not documented:
  parameter resp

/opt/philippe/GANESHA/src/shell/nfs_remote_functions.c:1963 Warning: argument `pres' of command @param is not found in the argument list of nfs3_remote_Readlink_Free(nfs_res_t *resp)
/opt/philippe/GANESHA/src/shell/nfs_remote_functions.c:1963 Warning: The following parameters of nfs3_remote_Readlink_Free(nfs_res_t *resp) are not documented:
  parameter resp

/opt/philippe/GANESHA/src/shell/nfs_remote_functions.c:1976 Warning: argument `pres' of command @param is not found in the argument list of nfs3_remote_Write_Free(nfs_res_t *resp)
/opt/philippe/GANESHA/src/shell/nfs_remote_functions.c:1976 Warning: The following parameters of nfs3_remote_Write_Free(nfs_res_t *resp) are not documented:
  parameter resp

/opt/philippe/GANESHA/src/shell/nfs_remote_functions.c:1989 Warning: argument `pres' of command @param is not found in the argument list of nfs3_remote_Create_Free(nfs_res_t *resp)
/opt/philippe/GANESHA/src/shell/nfs_remote_functions.c:1989 Warning: The following parameters of nfs3_remote_Create_Free(nfs_res_t *resp) are not documented:
  parameter resp

/opt/philippe/GANESHA/src/shell/nfs_remote_functions.c:2002 Warning: argument `pres' of command @param is not found in the argument list of nfs3_remote_Mkdir_Free(nfs_res_t *resp)
/opt/philippe/GANESHA/src/shell/nfs_remote_functions.c:2002 Warning: The following parameters of nfs3_remote_Mkdir_Free(nfs_res_t *resp) are not documented:
  parameter resp

/opt/philippe/GANESHA/src/shell/nfs_remote_functions.c:2015 Warning: argument `pres' of command @param is not found in the argument list of nfs3_remote_Symlink_Free(nfs_res_t *resp)
/opt/philippe/GANESHA/src/shell/nfs_remote_functions.c:2015 Warning: The following parameters of nfs3_remote_Symlink_Free(nfs_res_t *resp) are not documented:
  parameter resp

/opt/philippe/GANESHA/src/shell/nfs_remote_functions.c:2041 Warning: argument `pres' of command @param is not found in the argument list of nfs3_remote_Remove_Free(nfs_res_t *resp)
/opt/philippe/GANESHA/src/shell/nfs_remote_functions.c:2041 Warning: The following parameters of nfs3_remote_Remove_Free(nfs_res_t *resp) are not documented:
  parameter resp

/opt/philippe/GANESHA/src/shell/nfs_remote_functions.c:2054 Warning: argument `pres' of command @param is not found in the argument list of nfs3_remote_Rmdir_Free(nfs_res_t *resp)
/opt/philippe/GANESHA/src/shell/nfs_remote_functions.c:2054 Warning: The following parameters of nfs3_remote_Rmdir_Free(nfs_res_t *resp) are not documented:
  parameter resp

/opt/philippe/GANESHA/src/shell/nfs_remote_functions.c:2067 Warning: argument `pres' of command @param is not found in the argument list of nfs3_remote_Rename_Free(nfs_res_t *resp)
/opt/philippe/GANESHA/src/shell/nfs_remote_functions.c:2067 Warning: The following parameters of nfs3_remote_Rename_Free(nfs_res_t *resp) are not documented:
  parameter resp

/opt/philippe/GANESHA/src/shell/nfs_remote_functions.c:2080 Warning: argument `pres' of command @param is not found in the argument list of nfs3_remote_Link_Free(nfs_res_t *resp)
/opt/philippe/GANESHA/src/shell/nfs_remote_functions.c:2080 Warning: The following parameters of nfs3_remote_Link_Free(nfs_res_t *resp) are not documented:
  parameter resp

/opt/philippe/GANESHA/src/shell/nfs_remote_functions.c:2093 Warning: argument `pres' of command @param is not found in the argument list of nfs3_remote_Readdir_Free(nfs_res_t *resp)
/opt/philippe/GANESHA/src/shell/nfs_remote_functions.c:2093 Warning: The following parameters of nfs3_remote_Readdir_Free(nfs_res_t *resp) are not documented:
  parameter resp

/opt/philippe/GANESHA/src/shell/nfs_remote_functions.c:2106 Warning: argument `pres' of command @param is not found in the argument list of nfs3_remote_Readdirplus_Free(nfs_res_t *resp)
/opt/philippe/GANESHA/src/shell/nfs_remote_functions.c:2106 Warning: The following parameters of nfs3_remote_Readdirplus_Free(nfs_res_t *resp) are not documented:
  parameter resp

/opt/philippe/GANESHA/src/shell/nfs_remote_functions.c:2119 Warning: argument `pres' of command @param is not found in the argument list of nfs3_remote_Fsstat_Free(nfs_res_t *resp)
/opt/philippe/GANESHA/src/shell/nfs_remote_functions.c:2119 Warning: The following parameters of nfs3_remote_Fsstat_Free(nfs_res_t *resp) are not documented:
  parameter resp

/opt/philippe/GANESHA/src/shell/nfs_remote_functions.c:2171 Warning: argument `pres' of command @param is not found in the argument list of nfs3_remote_Read_Free(nfs_res_t *resp)
/opt/philippe/GANESHA/src/shell/nfs_remote_functions.c:2171 Warning: The following parameters of nfs3_remote_Read_Free(nfs_res_t *resp) are not documented:
  parameter resp

