/export/GANESHA/src/IdMapper/idmapper.c:276 Warning: argument 'gid' of command @param is not found in the argument list of gid2name(char *name, gid_t *pgid)
/export/GANESHA/src/IdMapper/idmapper.c:276 Warning: The following parameters of gid2name(char *name, gid_t *pgid) are not documented:
  parameter 'pgid'
/export/GANESHA/src/IdMapper/idmapper.c:114 Warning: argument 'uid' of command @param is not found in the argument list of uid2name(char *name, uid_t *puid)
/export/GANESHA/src/IdMapper/idmapper.c:114 Warning: The following parameters of uid2name(char *name, uid_t *puid) are not documented:
  parameter 'puid'
/export/GANESHA/src/IdMapper/idmapper_cache.c:165 Warning: argument 'buff1' of command @param is not found in the argument list of display_idmapper_key(hash_buffer_t *pbuff, char *str)
/export/GANESHA/src/IdMapper/idmapper_cache.c:165 Warning: argument 'buff2' of command @param is not found in the argument list of display_idmapper_key(hash_buffer_t *pbuff, char *str)
/export/GANESHA/src/IdMapper/idmapper_cache.c:165 Warning: The following parameters of display_idmapper_key(hash_buffer_t *pbuff, char *str) are not documented:
  parameter 'pbuff'
  parameter 'str'
/export/GANESHA/src/IdMapper/idmapper_cache.c:183 Warning: argument 'buff1' of command @param is not found in the argument list of display_idmapper_val(hash_buffer_t *pbuff, char *str)
/export/GANESHA/src/IdMapper/idmapper_cache.c:183 Warning: argument 'buff2' of command @param is not found in the argument list of display_idmapper_val(hash_buffer_t *pbuff, char *str)
/export/GANESHA/src/IdMapper/idmapper_cache.c:183 Warning: The following parameters of display_idmapper_val(hash_buffer_t *pbuff, char *str) are not documented:
  parameter 'pbuff'
  parameter 'str'
/export/GANESHA/src/IdMapper/idmapper_cache.c:543 Warning: argument 'hostname' of command @param is not found in the argument list of idmap_get(hash_table_t *ht, char *key, unsigned long *pval)
/export/GANESHA/src/IdMapper/idmapper_cache.c:543 Warning: The following parameters of idmap_get(hash_table_t *ht, char *key, unsigned long *pval) are not documented:
  parameter 'pval'
/export/GANESHA/src/IdMapper/idmapper_cache.c:863 Warning: The following parameters of idmap_get_stats(idmap_type_t maptype, hash_stat_t *phstat, hash_stat_t *phstat_reverse) are not documented:
  parameter 'phstat_reverse'
/export/GANESHA/src/IdMapper/idmapper_cache.c:107 Warning: argument 'hparam' of command @param is not found in the argument list of idmapper_rbt_hash_func(hash_parameter_t *p_hparam, hash_buffer_t *buffclef)
/export/GANESHA/src/IdMapper/idmapper_cache.c:107 Warning: argument 'buffcleff' of command @param is not found in the argument list of idmapper_rbt_hash_func(hash_parameter_t *p_hparam, hash_buffer_t *buffclef)
/export/GANESHA/src/IdMapper/idmapper_cache.c:107 Warning: argument 'in' of command @param is not found in the argument list of idmapper_rbt_hash_func(hash_parameter_t *p_hparam, hash_buffer_t *buffclef)
/export/GANESHA/src/IdMapper/idmapper_cache.c:107 Warning: The following parameters of idmapper_rbt_hash_func(hash_parameter_t *p_hparam, hash_buffer_t *buffclef) are not documented:
  parameter 'p_hparam'
  parameter 'buffclef'
/export/GANESHA/src/IdMapper/idmapper_cache.c:72 Warning: argument 'hparam' of command @param is not found in the argument list of idmapper_value_hash_func(hash_parameter_t *p_hparam, hash_buffer_t *buffclef)
/export/GANESHA/src/IdMapper/idmapper_cache.c:72 Warning: argument 'buffcleff' of command @param is not found in the argument list of idmapper_value_hash_func(hash_parameter_t *p_hparam, hash_buffer_t *buffclef)
/export/GANESHA/src/IdMapper/idmapper_cache.c:72 Warning: argument 'in' of command @param is not found in the argument list of idmapper_value_hash_func(hash_parameter_t *p_hparam, hash_buffer_t *buffclef)
/export/GANESHA/src/IdMapper/idmapper_cache.c:72 Warning: The following parameters of idmapper_value_hash_func(hash_parameter_t *p_hparam, hash_buffer_t *buffclef) are not documented:
  parameter 'p_hparam'
  parameter 'buffclef'
/export/GANESHA/src/IdMapper/idmapper.c:114 Warning: argument 'uid' of command @param is not found in the argument list of uid2name(char *name, uid_t *puid)
/export/GANESHA/src/IdMapper/idmapper.c:114 Warning: The following parameters of uid2name(char *name, uid_t *puid) are not documented:
  parameter 'puid'
/export/GANESHA/src/IdMapper/idmapper.c:276 Warning: argument 'gid' of command @param is not found in the argument list of gid2name(char *name, gid_t *pgid)
/export/GANESHA/src/IdMapper/idmapper.c:276 Warning: The following parameters of gid2name(char *name, gid_t *pgid) are not documented:
  parameter 'pgid'
/export/GANESHA/src/IdMapper/idmapper_cache.c:72 Warning: argument 'hparam' of command @param is not found in the argument list of idmapper_value_hash_func(hash_parameter_t *p_hparam, hash_buffer_t *buffclef)
/export/GANESHA/src/IdMapper/idmapper_cache.c:72 Warning: argument 'buffcleff' of command @param is not found in the argument list of idmapper_value_hash_func(hash_parameter_t *p_hparam, hash_buffer_t *buffclef)
/export/GANESHA/src/IdMapper/idmapper_cache.c:72 Warning: argument 'in' of command @param is not found in the argument list of idmapper_value_hash_func(hash_parameter_t *p_hparam, hash_buffer_t *buffclef)
/export/GANESHA/src/IdMapper/idmapper_cache.c:72 Warning: The following parameters of idmapper_value_hash_func(hash_parameter_t *p_hparam, hash_buffer_t *buffclef) are not documented:
  parameter 'p_hparam'
  parameter 'buffclef'
/export/GANESHA/src/IdMapper/idmapper_cache.c:107 Warning: argument 'hparam' of command @param is not found in the argument list of idmapper_rbt_hash_func(hash_parameter_t *p_hparam, hash_buffer_t *buffclef)
/export/GANESHA/src/IdMapper/idmapper_cache.c:107 Warning: argument 'buffcleff' of command @param is not found in the argument list of idmapper_rbt_hash_func(hash_parameter_t *p_hparam, hash_buffer_t *buffclef)
/export/GANESHA/src/IdMapper/idmapper_cache.c:107 Warning: argument 'in' of command @param is not found in the argument list of idmapper_rbt_hash_func(hash_parameter_t *p_hparam, hash_buffer_t *buffclef)
/export/GANESHA/src/IdMapper/idmapper_cache.c:107 Warning: The following parameters of idmapper_rbt_hash_func(hash_parameter_t *p_hparam, hash_buffer_t *buffclef) are not documented:
  parameter 'p_hparam'
  parameter 'buffclef'
/export/GANESHA/src/IdMapper/idmapper_cache.c:165 Warning: argument 'buff1' of command @param is not found in the argument list of display_idmapper_key(hash_buffer_t *pbuff, char *str)
/export/GANESHA/src/IdMapper/idmapper_cache.c:165 Warning: argument 'buff2' of command @param is not found in the argument list of display_idmapper_key(hash_buffer_t *pbuff, char *str)
/export/GANESHA/src/IdMapper/idmapper_cache.c:165 Warning: The following parameters of display_idmapper_key(hash_buffer_t *pbuff, char *str) are not documented:
  parameter 'pbuff'
  parameter 'str'
/export/GANESHA/src/IdMapper/idmapper_cache.c:183 Warning: argument 'buff1' of command @param is not found in the argument list of display_idmapper_val(hash_buffer_t *pbuff, char *str)
/export/GANESHA/src/IdMapper/idmapper_cache.c:183 Warning: argument 'buff2' of command @param is not found in the argument list of display_idmapper_val(hash_buffer_t *pbuff, char *str)
/export/GANESHA/src/IdMapper/idmapper_cache.c:183 Warning: The following parameters of display_idmapper_val(hash_buffer_t *pbuff, char *str) are not documented:
  parameter 'pbuff'
  parameter 'str'
/export/GANESHA/src/IdMapper/idmapper_cache.c:543 Warning: argument 'hostname' of command @param is not found in the argument list of idmap_get(hash_table_t *ht, char *key, unsigned long *pval)
/export/GANESHA/src/IdMapper/idmapper_cache.c:543 Warning: The following parameters of idmap_get(hash_table_t *ht, char *key, unsigned long *pval) are not documented:
  parameter 'pval'
/export/GANESHA/src/IdMapper/idmapper_cache.c:863 Warning: The following parameters of idmap_get_stats(idmap_type_t maptype, hash_stat_t *phstat, hash_stat_t *phstat_reverse) are not documented:
  parameter 'phstat_reverse'
