/export/GANESHA/src/NFS_Protocols/nfs41_op_create_session.c:27 Warning: the name `nfs4_op_create_session.c' supplied as the second argument in the \file statement is not an input file
/export/GANESHA/src/NFS_Protocols/nfs41_op_destroy_session.c:27 Warning: the name `nfs4_op_destroy_session.c' supplied as the second argument in the \file statement is not an input file
/export/GANESHA/src/NFS_Protocols/nfs4_cb_Null.c:27 Warning: the name `nfs_cb_Null.c' supplied as the second argument in the \file statement is not an input file
/export/GANESHA/src/NFS_Protocols/nfs_Getattr.c:27 Warning: the name `nfs_Geattr.c' supplied as the second argument in the \file statement is not an input file
/export/GANESHA/src/NFS_Protocols/nfs_Lookup.c:27 Warning: the name `nfs_lookup.c' supplied as the second argument in the \file statement is not an input file
/export/GANESHA/src/NFS_Protocols/mnt_Dump.c:71 Warning: argument 'pexportlist' of command @param is not found in the argument list of mnt_Dump(nfs_arg_t *parg, exportlist_t *pexport, fsal_op_context_t *pcontext, cache_inode_client_t *pclient, hash_table_t *ht, struct svc_req *preq, nfs_res_t *pres)
/export/GANESHA/src/NFS_Protocols/mnt_Dump.c:71 Warning: argument 'pcontextp' of command @param is not found in the argument list of mnt_Dump(nfs_arg_t *parg, exportlist_t *pexport, fsal_op_context_t *pcontext, cache_inode_client_t *pclient, hash_table_t *ht, struct svc_req *preq, nfs_res_t *pres)
/export/GANESHA/src/NFS_Protocols/mnt_Dump.c:71 Warning: The following parameters of mnt_Dump(nfs_arg_t *parg, exportlist_t *pexport, fsal_op_context_t *pcontext, cache_inode_client_t *pclient, hash_table_t *ht, struct svc_req *preq, nfs_res_t *pres) are not documented:
  parameter 'pexport'
  parameter 'pcontext'
/export/GANESHA/src/NFS_Protocols/mnt_Export.c:86 Warning: argument 'pexportlist' of command @param is not found in the argument list of mnt_Export(nfs_arg_t *parg, exportlist_t *pexport, fsal_op_context_t *pcontext, cache_inode_client_t *pclient, hash_table_t *ht, struct svc_req *preq, nfs_res_t *pres)
/export/GANESHA/src/NFS_Protocols/mnt_Export.c:86 Warning: argument 'pcontextp' of command @param is not found in the argument list of mnt_Export(nfs_arg_t *parg, exportlist_t *pexport, fsal_op_context_t *pcontext, cache_inode_client_t *pclient, hash_table_t *ht, struct svc_req *preq, nfs_res_t *pres)
/export/GANESHA/src/NFS_Protocols/mnt_Export.c:86 Warning: The following parameters of mnt_Export(nfs_arg_t *parg, exportlist_t *pexport, fsal_op_context_t *pcontext, cache_inode_client_t *pclient, hash_table_t *ht, struct svc_req *preq, nfs_res_t *pres) are not documented:
  parameter 'pexport'
  parameter 'pcontext'
/export/GANESHA/src/NFS_Protocols/mnt_Mnt.c:80 Warning: argument 'pexportlist' of command @param is not found in the argument list of mnt_Mnt(nfs_arg_t *parg, exportlist_t *pexport, fsal_op_context_t *pcontext, cache_inode_client_t *pclient, hash_table_t *ht, struct svc_req *preq, nfs_res_t *pres)
/export/GANESHA/src/NFS_Protocols/mnt_Mnt.c:80 Warning: argument 'pcontextp' of command @param is not found in the argument list of mnt_Mnt(nfs_arg_t *parg, exportlist_t *pexport, fsal_op_context_t *pcontext, cache_inode_client_t *pclient, hash_table_t *ht, struct svc_req *preq, nfs_res_t *pres)
/export/GANESHA/src/NFS_Protocols/mnt_Mnt.c:80 Warning: The following parameters of mnt_Mnt(nfs_arg_t *parg, exportlist_t *pexport, fsal_op_context_t *pcontext, cache_inode_client_t *pclient, hash_table_t *ht, struct svc_req *preq, nfs_res_t *pres) are not documented:
  parameter 'pexport'
  parameter 'pcontext'
/export/GANESHA/src/NFS_Protocols/mnt_Null.c:75 Warning: argument 'pexportlist' of command @param is not found in the argument list of mnt_Null(nfs_arg_t *parg, exportlist_t *pexport, fsal_op_context_t *pcontext, cache_inode_client_t *pclient, hash_table_t *ht, struct svc_req *preq, nfs_res_t *pres)
/export/GANESHA/src/NFS_Protocols/mnt_Null.c:75 Warning: argument 'pcontextp' of command @param is not found in the argument list of mnt_Null(nfs_arg_t *parg, exportlist_t *pexport, fsal_op_context_t *pcontext, cache_inode_client_t *pclient, hash_table_t *ht, struct svc_req *preq, nfs_res_t *pres)
/export/GANESHA/src/NFS_Protocols/mnt_Null.c:75 Warning: The following parameters of mnt_Null(nfs_arg_t *parg, exportlist_t *pexport, fsal_op_context_t *pcontext, cache_inode_client_t *pclient, hash_table_t *ht, struct svc_req *preq, nfs_res_t *pres) are not documented:
  parameter 'pexport'
  parameter 'pcontext'
/export/GANESHA/src/NFS_Protocols/mnt_Umnt.c:75 Warning: argument 'pexportlist' of command @param is not found in the argument list of mnt_Umnt(nfs_arg_t *parg, exportlist_t *pexport, fsal_op_context_t *pcontext, cache_inode_client_t *pclient, hash_table_t *ht, struct svc_req *preq, nfs_res_t *pres)
/export/GANESHA/src/NFS_Protocols/mnt_Umnt.c:75 Warning: argument 'pcontextp' of command @param is not found in the argument list of mnt_Umnt(nfs_arg_t *parg, exportlist_t *pexport, fsal_op_context_t *pcontext, cache_inode_client_t *pclient, hash_table_t *ht, struct svc_req *preq, nfs_res_t *pres)
/export/GANESHA/src/NFS_Protocols/mnt_Umnt.c:75 Warning: The following parameters of mnt_Umnt(nfs_arg_t *parg, exportlist_t *pexport, fsal_op_context_t *pcontext, cache_inode_client_t *pclient, hash_table_t *ht, struct svc_req *preq, nfs_res_t *pres) are not documented:
  parameter 'pexport'
  parameter 'pcontext'
/export/GANESHA/src/NFS_Protocols/mnt_UmntAll.c:75 Warning: argument 'pexportlist' of command @param is not found in the argument list of mnt_UmntAll(nfs_arg_t *parg, exportlist_t *pexport, fsal_op_context_t *pcontext, cache_inode_client_t *pclient, hash_table_t *ht, struct svc_req *preq, nfs_res_t *pres)
/export/GANESHA/src/NFS_Protocols/mnt_UmntAll.c:75 Warning: argument 'pcontextp' of command @param is not found in the argument list of mnt_UmntAll(nfs_arg_t *parg, exportlist_t *pexport, fsal_op_context_t *pcontext, cache_inode_client_t *pclient, hash_table_t *ht, struct svc_req *preq, nfs_res_t *pres)
/export/GANESHA/src/NFS_Protocols/mnt_UmntAll.c:75 Warning: The following parameters of mnt_UmntAll(nfs_arg_t *parg, exportlist_t *pexport, fsal_op_context_t *pcontext, cache_inode_client_t *pclient, hash_table_t *ht, struct svc_req *preq, nfs_res_t *pres) are not documented:
  parameter 'pexport'
  parameter 'pcontext'
/export/GANESHA/src/NFS_Protocols/nfs3_Readdirplus.c:685 Warning: argument 'pres' of command @param is not found in the argument list of nfs3_Readdirplus_Free(nfs_res_t *resp)
/export/GANESHA/src/NFS_Protocols/nfs3_Readdirplus.c:685 Warning: The following parameters of nfs3_Readdirplus_Free(nfs_res_t *resp) are not documented:
  parameter 'resp'
/export/GANESHA/src/NFS_Protocols/nfs4_cb_Compound.c:92 Warning: argument 'pexportlist' of command @param is not found in the argument list of nfs4_cb_Compound(nfs_arg_t *parg, exportlist_t *pexport, fsal_op_context_t *pcontext, cache_inode_client_t *pclient, hash_table_t *ht, struct svc_req *preq, nfs_res_t *pres)
/export/GANESHA/src/NFS_Protocols/nfs4_cb_Compound.c:92 Warning: argument 'pcontex' of command @param is not found in the argument list of nfs4_cb_Compound(nfs_arg_t *parg, exportlist_t *pexport, fsal_op_context_t *pcontext, cache_inode_client_t *pclient, hash_table_t *ht, struct svc_req *preq, nfs_res_t *pres)
/export/GANESHA/src/NFS_Protocols/nfs4_cb_Compound.c:92 Warning: The following parameters of nfs4_cb_Compound(nfs_arg_t *parg, exportlist_t *pexport, fsal_op_context_t *pcontext, cache_inode_client_t *pclient, hash_table_t *ht, struct svc_req *preq, nfs_res_t *pres) are not documented:
  parameter 'pexport'
  parameter 'pcontext'
/export/GANESHA/src/NFS_Protocols/nfs4_cb_Null.c:77 Warning: argument 'pexportlist' of command @param is not found in the argument list of nfs_cb_Null(nfs_arg_t *parg, exportlist_t *pexport, fsal_op_context_t *pcontext, cache_inode_client_t *pclient, hash_table_t *ht, struct svc_req *preq, nfs_res_t *pres)
/export/GANESHA/src/NFS_Protocols/nfs4_cb_Null.c:77 Warning: argument 'pcontextp' of command @param is not found in the argument list of nfs_cb_Null(nfs_arg_t *parg, exportlist_t *pexport, fsal_op_context_t *pcontext, cache_inode_client_t *pclient, hash_table_t *ht, struct svc_req *preq, nfs_res_t *pres)
/export/GANESHA/src/NFS_Protocols/nfs4_cb_Null.c:77 Warning: The following parameters of nfs_cb_Null(nfs_arg_t *parg, exportlist_t *pexport, fsal_op_context_t *pcontext, cache_inode_client_t *pclient, hash_table_t *ht, struct svc_req *preq, nfs_res_t *pres) are not documented:
  parameter 'pexport'
  parameter 'pcontext'
/export/GANESHA/src/NFS_Protocols/nfs4_cb_Null.c:104 Warning: argument 'pres' of command @param is not found in the argument list of nfs_cb_Null_Free(nfs_res_t *resp)
/export/GANESHA/src/NFS_Protocols/nfs4_cb_Null.c:104 Warning: The following parameters of nfs_cb_Null_Free(nfs_res_t *resp) are not documented:
  parameter 'resp'
/export/GANESHA/src/NFS_Protocols/nfs4_Compound.c:213 Warning: argument 'pexportlist' of command @param is not found in the argument list of nfs4_Compound(nfs_arg_t *parg, exportlist_t *pexport, fsal_op_context_t *pcontext, cache_inode_client_t *pclient, hash_table_t *ht, struct svc_req *preq, nfs_res_t *pres)
/export/GANESHA/src/NFS_Protocols/nfs4_Compound.c:213 Warning: argument 'pcontex' of command @param is not found in the argument list of nfs4_Compound(nfs_arg_t *parg, exportlist_t *pexport, fsal_op_context_t *pcontext, cache_inode_client_t *pclient, hash_table_t *ht, struct svc_req *preq, nfs_res_t *pres)
/export/GANESHA/src/NFS_Protocols/nfs4_Compound.c:213 Warning: The following parameters of nfs4_Compound(nfs_arg_t *parg, exportlist_t *pexport, fsal_op_context_t *pcontext, cache_inode_client_t *pclient, hash_table_t *ht, struct svc_req *preq, nfs_res_t *pres) are not documented:
  parameter 'pexport'
  parameter 'pcontext'
/export/GANESHA/src/NFS_Protocols/nfs4_Compound.c:506 Warning: argument 'resp' of command @param is not found in the argument list of nfs4_Compound_Free(nfs_res_t *pres)
/export/GANESHA/src/NFS_Protocols/nfs4_Compound.c:506 Warning: The following parameters of nfs4_Compound_Free(nfs_res_t *pres) are not documented:
  parameter 'pres'
/export/GANESHA/src/NFS_Protocols/nfs4_pseudo.c:1222 Warning: The following parameters of nfs4_FhandleToPseudo(nfs_fh4 *fh4p, pseudofs_t *psfstree, pseudofs_entry_t *psfsentry) are not documented:
  parameter 'psfstree'
/export/GANESHA/src/NFS_Protocols/nfs4_pseudo.c:284 Warning: argument 'psfp' of command @param is not found in the argument list of nfs4_PseudoToFattr(pseudofs_entry_t *psfsp, fattr4 *Fattr, compound_data_t *data, nfs_fh4 *objFH, bitmap4 *Bitmap)
/export/GANESHA/src/NFS_Protocols/nfs4_pseudo.c:284 Warning: The following parameters of nfs4_PseudoToFattr(pseudofs_entry_t *psfsp, fattr4 *Fattr, compound_data_t *data, nfs_fh4 *objFH, bitmap4 *Bitmap) are not documented:
  parameter 'psfsp'
  parameter 'objFH'
/export/GANESHA/src/NFS_Protocols/nfs_Create.c:522 Warning: argument 'pres' of command @param is not found in the argument list of nfs_Create_Free(nfs_res_t *resp)
/export/GANESHA/src/NFS_Protocols/nfs_Create.c:522 Warning: The following parameters of nfs_Create_Free(nfs_res_t *resp) are not documented:
  parameter 'resp'
/export/GANESHA/src/NFS_Protocols/nfs_Fsstat.c:213 Warning: argument 'pres' of command @param is not found in the argument list of nfs_Fsstat_Free(nfs_res_t *resp)
/export/GANESHA/src/NFS_Protocols/nfs_Fsstat.c:213 Warning: The following parameters of nfs_Fsstat_Free(nfs_res_t *resp) are not documented:
  parameter 'resp'
/export/GANESHA/src/NFS_Protocols/nfs_Getattr.c:190 Warning: argument 'pres' of command @param is not found in the argument list of nfs_Getattr_Free(nfs_res_t *resp)
/export/GANESHA/src/NFS_Protocols/nfs_Getattr.c:190 Warning: The following parameters of nfs_Getattr_Free(nfs_res_t *resp) are not documented:
  parameter 'resp'
/export/GANESHA/src/NFS_Protocols/nfs_Link.c:27 Warning: Found unknown command `\data'
/export/GANESHA/src/NFS_Protocols/nfs_Link.c:304 Warning: argument 'pres' of command @param is not found in the argument list of nfs_Link_Free(nfs_res_t *resp)
/export/GANESHA/src/NFS_Protocols/nfs_Link.c:304 Warning: The following parameters of nfs_Link_Free(nfs_res_t *resp) are not documented:
  parameter 'resp'
/export/GANESHA/src/NFS_Protocols/nfs_Lookup.c:285 Warning: argument 'pres' of command @param is not found in the argument list of nfs2_Lookup_Free(nfs_res_t *resp)
/export/GANESHA/src/NFS_Protocols/nfs_Lookup.c:285 Warning: The following parameters of nfs2_Lookup_Free(nfs_res_t *resp) are not documented:
  parameter 'resp'
/export/GANESHA/src/NFS_Protocols/nfs_Lookup.c:271 Warning: argument 'pres' of command @param is not found in the argument list of nfs3_Lookup_Free(nfs_res_t *resp)
/export/GANESHA/src/NFS_Protocols/nfs_Lookup.c:271 Warning: The following parameters of nfs3_Lookup_Free(nfs_res_t *resp) are not documented:
  parameter 'resp'
/export/GANESHA/src/NFS_Protocols/nfs_Mkdir.c:27 Warning: Found unknown command `\data'
/export/GANESHA/src/NFS_Protocols/nfs_Mkdir.c:401 Warning: argument 'pres' of command @param is not found in the argument list of nfs_Mkdir_Free(nfs_res_t *resp)
/export/GANESHA/src/NFS_Protocols/nfs_Mkdir.c:401 Warning: The following parameters of nfs_Mkdir_Free(nfs_res_t *resp) are not documented:
  parameter 'resp'
/export/GANESHA/src/NFS_Protocols/nfs_Null.c:76 Warning: argument 'pexportlist' of command @param is not found in the argument list of nfs_Null(nfs_arg_t *parg, exportlist_t *pexport, fsal_op_context_t *pcontext, cache_inode_client_t *pclient, hash_table_t *ht, struct svc_req *preq, nfs_res_t *pres)
/export/GANESHA/src/NFS_Protocols/nfs_Null.c:76 Warning: argument 'pcontextp' of command @param is not found in the argument list of nfs_Null(nfs_arg_t *parg, exportlist_t *pexport, fsal_op_context_t *pcontext, cache_inode_client_t *pclient, hash_table_t *ht, struct svc_req *preq, nfs_res_t *pres)
/export/GANESHA/src/NFS_Protocols/nfs_Null.c:76 Warning: The following parameters of nfs_Null(nfs_arg_t *parg, exportlist_t *pexport, fsal_op_context_t *pcontext, cache_inode_client_t *pclient, hash_table_t *ht, struct svc_req *preq, nfs_res_t *pres) are not documented:
  parameter 'pexport'
  parameter 'pcontext'
/export/GANESHA/src/NFS_Protocols/nfs_Null.c:103 Warning: argument 'pres' of command @param is not found in the argument list of nfs_Null_Free(nfs_res_t *resp)
/export/GANESHA/src/NFS_Protocols/nfs_Null.c:103 Warning: The following parameters of nfs_Null_Free(nfs_res_t *resp) are not documented:
  parameter 'resp'
/export/GANESHA/src/NFS_Protocols/nfs_proto_tools.c:1701 Warning: argument 'FSAL_attr' of command @param is not found in the argument list of nfs2_FSALattr_To_Fattr(exportlist_t *pexport, fsal_attrib_list_t *pFSAL_attr, fattr2 *pFattr)
/export/GANESHA/src/NFS_Protocols/nfs_proto_tools.c:1701 Warning: argument 'Fattr' of command @param is not found in the argument list of nfs2_FSALattr_To_Fattr(exportlist_t *pexport, fsal_attrib_list_t *pFSAL_attr, fattr2 *pFattr)
/export/GANESHA/src/NFS_Protocols/nfs_proto_tools.c:1701 Warning: The following parameters of nfs2_FSALattr_To_Fattr(exportlist_t *pexport, fsal_attrib_list_t *pFSAL_attr, fattr2 *pFattr) are not documented:
  parameter 'pFSAL_attr'
  parameter 'pFattr'
/export/GANESHA/src/NFS_Protocols/nfs_proto_tools.c:2241 Warning: argument 'FSAL_attr' of command @param is not found in the argument list of nfs2_Sattr_To_FSALattr(fsal_attrib_list_t *pFSAL_attr, sattr2 *Fattr)
/export/GANESHA/src/NFS_Protocols/nfs_proto_tools.c:2241 Warning: The following parameters of nfs2_Sattr_To_FSALattr(fsal_attrib_list_t *pFSAL_attr, sattr2 *Fattr) are not documented:
  parameter 'pFSAL_attr'
/export/GANESHA/src/NFS_Protocols/nfs_proto_tools.c:1987 Warning: argument 'plval' of command @param is not found in the argument list of nfs4_bitmap4_to_list(bitmap4 *b, uint_t *plen, uint32_t *pval)
/export/GANESHA/src/NFS_Protocols/nfs_proto_tools.c:1987 Warning: The following parameters of nfs4_bitmap4_to_list(bitmap4 *b, uint_t *plen, uint32_t *pval) are not documented:
  parameter 'pval'
/export/GANESHA/src/NFS_Protocols/nfs_proto_tools.c:2475 Warning: argument 'Fattr' of command @param is not found in the argument list of nfs4_Fattr_Supported_Bitmap(bitmap4 *pbitmap)
/export/GANESHA/src/NFS_Protocols/nfs_proto_tools.c:2475 Warning: The following parameters of nfs4_Fattr_Supported_Bitmap(bitmap4 *pbitmap) are not documented:
  parameter 'pbitmap'
/export/GANESHA/src/NFS_Protocols/nfs_proto_tools.c:428 Warning: The following parameters of nfs4_FSALattr_To_Fattr(exportlist_t *pexport, fsal_attrib_list_t *pattr, fattr4 *Fattr, compound_data_t *data, nfs_fh4 *objFH, bitmap4 *Bitmap) are not documented:
  parameter 'objFH'
/export/GANESHA/src/NFS_Protocols/nfs_proto_tools.c:3476 Warning: argument 'pfh' of command @param is not found in the argument list of nfs4_MakeCred(compound_data_t *data)
/export/GANESHA/src/NFS_Protocols/nfs_proto_tools.c:3476 Warning: The following parameters of nfs4_MakeCred(compound_data_t *data) are not documented:
  parameter 'data'
/export/GANESHA/src/NFS_Protocols/nfs_proto_tools.c:1808 Warning: argument 'pfh' of command @param is not found in the argument list of nfs4_SetCompoundExport(compound_data_t *data)
/export/GANESHA/src/NFS_Protocols/nfs_proto_tools.c:1808 Warning: The following parameters of nfs4_SetCompoundExport(compound_data_t *data) are not documented:
  parameter 'data'
/export/GANESHA/src/NFS_Protocols/nfs_proto_tools.c:189 Warning: argument 'pattr' of command @param is not found in the argument list of nfs_SetPostOpAttr(fsal_op_context_t *pcontext, exportlist_t *pexport, cache_entry_t *pentry, fsal_attrib_list_t *pfsal_attr, post_op_attr *presult)
/export/GANESHA/src/NFS_Protocols/nfs_proto_tools.c:189 Warning: The following parameters of nfs_SetPostOpAttr(fsal_op_context_t *pcontext, exportlist_t *pexport, cache_entry_t *pentry, fsal_attrib_list_t *pfsal_attr, post_op_attr *presult) are not documented:
  parameter 'pcontext'
  parameter 'pentry'
  parameter 'presult'
/export/GANESHA/src/NFS_Protocols/nfs_proto_tools.c:260 Warning: The following parameters of nfs_SetWccData(fsal_op_context_t *pcontext, exportlist_t *pexport, cache_entry_t *pentry, fsal_attrib_list_t *pbefore_attr, fsal_attrib_list_t *pafter_attr, wcc_data *pwcc_data) are not documented:
  parameter 'pexport'
/export/GANESHA/src/NFS_Protocols/nfs_Read.c:405 Warning: argument 'pres' of command @param is not found in the argument list of nfs2_Read_Free(nfs_res_t *resp)
/export/GANESHA/src/NFS_Protocols/nfs_Read.c:405 Warning: The following parameters of nfs2_Read_Free(nfs_res_t *resp) are not documented:
  parameter 'resp'
/export/GANESHA/src/NFS_Protocols/nfs_Read.c:420 Warning: argument 'pres' of command @param is not found in the argument list of nfs3_Read_Free(nfs_res_t *resp)
/export/GANESHA/src/NFS_Protocols/nfs_Read.c:420 Warning: The following parameters of nfs3_Read_Free(nfs_res_t *resp) are not documented:
  parameter 'resp'
/export/GANESHA/src/NFS_Protocols/nfs_Readdir.c:862 Warning: argument 'pres' of command @param is not found in the argument list of nfs2_Readdir_Free(nfs_res_t *resp)
/export/GANESHA/src/NFS_Protocols/nfs_Readdir.c:862 Warning: The following parameters of nfs2_Readdir_Free(nfs_res_t *resp) are not documented:
  parameter 'resp'
/export/GANESHA/src/NFS_Protocols/nfs_Readdir.c:880 Warning: argument 'pres' of command @param is not found in the argument list of nfs3_Readdir_Free(nfs_res_t *resp)
/export/GANESHA/src/NFS_Protocols/nfs_Readdir.c:880 Warning: The following parameters of nfs3_Readdir_Free(nfs_res_t *resp) are not documented:
  parameter 'resp'
/export/GANESHA/src/NFS_Protocols/nfs_Readlink.c:210 Warning: argument 'pres' of command @param is not found in the argument list of nfs2_Readlink_Free(nfs_res_t *resp)
/export/GANESHA/src/NFS_Protocols/nfs_Readlink.c:210 Warning: The following parameters of nfs2_Readlink_Free(nfs_res_t *resp) are not documented:
  parameter 'resp'
/export/GANESHA/src/NFS_Protocols/nfs_Readlink.c:224 Warning: argument 'pres' of command @param is not found in the argument list of nfs3_Readlink_Free(nfs_res_t *resp)
/export/GANESHA/src/NFS_Protocols/nfs_Readlink.c:224 Warning: The following parameters of nfs3_Readlink_Free(nfs_res_t *resp) are not documented:
  parameter 'resp'
/export/GANESHA/src/NFS_Protocols/nfs_Remove.c:281 Warning: argument 'pres' of command @param is not found in the argument list of nfs_Remove_Free(nfs_res_t *resp)
/export/GANESHA/src/NFS_Protocols/nfs_Remove.c:281 Warning: The following parameters of nfs_Remove_Free(nfs_res_t *resp) are not documented:
  parameter 'resp'
/export/GANESHA/src/NFS_Protocols/nfs_Rename.c:427 Warning: argument 'pres' of command @param is not found in the argument list of nfs_Rename_Free(nfs_res_t *resp)
/export/GANESHA/src/NFS_Protocols/nfs_Rename.c:427 Warning: The following parameters of nfs_Rename_Free(nfs_res_t *resp) are not documented:
  parameter 'resp'
/export/GANESHA/src/NFS_Protocols/nfs_Rmdir.c:274 Warning: argument 'pres' of command @param is not found in the argument list of nfs_Rmdir_Free(nfs_res_t *resp)
/export/GANESHA/src/NFS_Protocols/nfs_Rmdir.c:274 Warning: The following parameters of nfs_Rmdir_Free(nfs_res_t *resp) are not documented:
  parameter 'resp'
/export/GANESHA/src/NFS_Protocols/nfs_Setattr.c:327 Warning: argument 'pres' of command @param is not found in the argument list of nfs_Setattr_Free(nfs_res_t *resp)
/export/GANESHA/src/NFS_Protocols/nfs_Setattr.c:327 Warning: The following parameters of nfs_Setattr_Free(nfs_res_t *resp) are not documented:
  parameter 'resp'
/export/GANESHA/src/NFS_Protocols/nfs_Symlink.c:359 Warning: argument 'pres' of command @param is not found in the argument list of nfs_Symlink_Free(nfs_res_t *resp)
/export/GANESHA/src/NFS_Protocols/nfs_Symlink.c:359 Warning: The following parameters of nfs_Symlink_Free(nfs_res_t *resp) are not documented:
  parameter 'resp'
/export/GANESHA/src/NFS_Protocols/nfs_Write.c:451 Warning: argument 'pres' of command @param is not found in the argument list of nfs_Write_Free(nfs_res_t *resp)
/export/GANESHA/src/NFS_Protocols/nfs_Write.c:451 Warning: The following parameters of nfs_Write_Free(nfs_res_t *resp) are not documented:
  parameter 'resp'
/export/GANESHA/src/NFS_Protocols/nfs_xattr.c:212 Warning: argument 'pattr' of command @param is not found in the argument list of nfs_SetPostOpXAttrDir(fsal_op_context_t *pcontext, exportlist_t *pexport, fsal_attrib_list_t *pfsal_attr, post_op_attr *presult)
/export/GANESHA/src/NFS_Protocols/nfs_xattr.c:212 Warning: The following parameters of nfs_SetPostOpXAttrDir(fsal_op_context_t *pcontext, exportlist_t *pexport, fsal_attrib_list_t *pfsal_attr, post_op_attr *presult) are not documented:
  parameter 'pcontext'
  parameter 'presult'
/export/GANESHA/src/NFS_Protocols/nfs_xattr.c:244 Warning: argument 'pattr' of command @param is not found in the argument list of nfs_SetPostOpXAttrFile(fsal_op_context_t *pcontext, exportlist_t *pexport, fsal_attrib_list_t *pfsal_attr, post_op_attr *presult)
/export/GANESHA/src/NFS_Protocols/nfs_xattr.c:244 Warning: The following parameters of nfs_SetPostOpXAttrFile(fsal_op_context_t *pcontext, exportlist_t *pexport, fsal_attrib_list_t *pfsal_attr, post_op_attr *presult) are not documented:
  parameter 'pcontext'
  parameter 'presult'
/export/GANESHA/src/NFS_Protocols/nlm_Cancel.c:70 Warning: argument 'pexportlist' of command @param is not found in the argument list of nlm4_Cancel(nfs_arg_t *parg, exportlist_t *pexport, fsal_op_context_t *pcontext, cache_inode_client_t *pclient, hash_table_t *ht, struct svc_req *preq, nfs_res_t *pres)
/export/GANESHA/src/NFS_Protocols/nlm_Cancel.c:70 Warning: argument 'pcontextp' of command @param is not found in the argument list of nlm4_Cancel(nfs_arg_t *parg, exportlist_t *pexport, fsal_op_context_t *pcontext, cache_inode_client_t *pclient, hash_table_t *ht, struct svc_req *preq, nfs_res_t *pres)
/export/GANESHA/src/NFS_Protocols/nlm_Cancel.c:70 Warning: The following parameters of nlm4_Cancel(nfs_arg_t *parg, exportlist_t *pexport, fsal_op_context_t *pcontext, cache_inode_client_t *pclient, hash_table_t *ht, struct svc_req *preq, nfs_res_t *pres) are not documented:
  parameter 'pexport'
  parameter 'pcontext'
/export/GANESHA/src/NFS_Protocols/nlm_Cancel_Message.c:77 Warning: argument 'pexportlist' of command @param is not found in the argument list of nlm4_Cancel_Message(nfs_arg_t *parg, exportlist_t *pexport, fsal_op_context_t *pcontext, cache_inode_client_t *pclient, hash_table_t *ht, struct svc_req *preq, nfs_res_t *pres)
/export/GANESHA/src/NFS_Protocols/nlm_Cancel_Message.c:77 Warning: argument 'pcontextp' of command @param is not found in the argument list of nlm4_Cancel_Message(nfs_arg_t *parg, exportlist_t *pexport, fsal_op_context_t *pcontext, cache_inode_client_t *pclient, hash_table_t *ht, struct svc_req *preq, nfs_res_t *pres)
/export/GANESHA/src/NFS_Protocols/nlm_Cancel_Message.c:77 Warning: The following parameters of nlm4_Cancel_Message(nfs_arg_t *parg, exportlist_t *pexport, fsal_op_context_t *pcontext, cache_inode_client_t *pclient, hash_table_t *ht, struct svc_req *preq, nfs_res_t *pres) are not documented:
  parameter 'pexport'
  parameter 'pcontext'
/export/GANESHA/src/NFS_Protocols/nlm_Granted_Res.c:66 Warning: argument 'pexportlist' of command @param is not found in the argument list of nlm4_Granted_Res(nfs_arg_t *parg, exportlist_t *pexport, fsal_op_context_t *pcontext, cache_inode_client_t *pclient, hash_table_t *ht, struct svc_req *preq, nfs_res_t *pres)
/export/GANESHA/src/NFS_Protocols/nlm_Granted_Res.c:66 Warning: argument 'pcontextp' of command @param is not found in the argument list of nlm4_Granted_Res(nfs_arg_t *parg, exportlist_t *pexport, fsal_op_context_t *pcontext, cache_inode_client_t *pclient, hash_table_t *ht, struct svc_req *preq, nfs_res_t *pres)
/export/GANESHA/src/NFS_Protocols/nlm_Granted_Res.c:66 Warning: The following parameters of nlm4_Granted_Res(nfs_arg_t *parg, exportlist_t *pexport, fsal_op_context_t *pcontext, cache_inode_client_t *pclient, hash_table_t *ht, struct svc_req *preq, nfs_res_t *pres) are not documented:
  parameter 'pexport'
  parameter 'pcontext'
/export/GANESHA/src/NFS_Protocols/nlm_Lock.c:64 Warning: argument 'pexportlist' of command @param is not found in the argument list of nlm4_Lock(nfs_arg_t *parg, exportlist_t *pexport, fsal_op_context_t *pcontext, cache_inode_client_t *pclient, hash_table_t *ht, struct svc_req *preq, nfs_res_t *pres)
/export/GANESHA/src/NFS_Protocols/nlm_Lock.c:64 Warning: argument 'pcontextp' of command @param is not found in the argument list of nlm4_Lock(nfs_arg_t *parg, exportlist_t *pexport, fsal_op_context_t *pcontext, cache_inode_client_t *pclient, hash_table_t *ht, struct svc_req *preq, nfs_res_t *pres)
/export/GANESHA/src/NFS_Protocols/nlm_Lock.c:64 Warning: The following parameters of nlm4_Lock(nfs_arg_t *parg, exportlist_t *pexport, fsal_op_context_t *pcontext, cache_inode_client_t *pclient, hash_table_t *ht, struct svc_req *preq, nfs_res_t *pres) are not documented:
  parameter 'pexport'
  parameter 'pcontext'
/export/GANESHA/src/NFS_Protocols/nlm_Lock_Message.c:85 Warning: argument 'pexportlist' of command @param is not found in the argument list of nlm4_Lock_Message(nfs_arg_t *parg, exportlist_t *pexport, fsal_op_context_t *pcontext, cache_inode_client_t *pclient, hash_table_t *ht, struct svc_req *preq, nfs_res_t *pres)
/export/GANESHA/src/NFS_Protocols/nlm_Lock_Message.c:85 Warning: argument 'pcontextp' of command @param is not found in the argument list of nlm4_Lock_Message(nfs_arg_t *parg, exportlist_t *pexport, fsal_op_context_t *pcontext, cache_inode_client_t *pclient, hash_table_t *ht, struct svc_req *preq, nfs_res_t *pres)
/export/GANESHA/src/NFS_Protocols/nlm_Lock_Message.c:85 Warning: The following parameters of nlm4_Lock_Message(nfs_arg_t *parg, exportlist_t *pexport, fsal_op_context_t *pcontext, cache_inode_client_t *pclient, hash_table_t *ht, struct svc_req *preq, nfs_res_t *pres) are not documented:
  parameter 'pexport'
  parameter 'pcontext'
/export/GANESHA/src/NFS_Protocols/nlm_Null.c:63 Warning: argument 'pexportlist' of command @param is not found in the argument list of nlm_Null(nfs_arg_t *parg, exportlist_t *pexport, fsal_op_context_t *pcontext, cache_inode_client_t *pclient, hash_table_t *ht, struct svc_req *preq, nfs_res_t *pres)
/export/GANESHA/src/NFS_Protocols/nlm_Null.c:63 Warning: argument 'pcontextp' of command @param is not found in the argument list of nlm_Null(nfs_arg_t *parg, exportlist_t *pexport, fsal_op_context_t *pcontext, cache_inode_client_t *pclient, hash_table_t *ht, struct svc_req *preq, nfs_res_t *pres)
/export/GANESHA/src/NFS_Protocols/nlm_Null.c:63 Warning: The following parameters of nlm_Null(nfs_arg_t *parg, exportlist_t *pexport, fsal_op_context_t *pcontext, cache_inode_client_t *pclient, hash_table_t *ht, struct svc_req *preq, nfs_res_t *pres) are not documented:
  parameter 'pexport'
  parameter 'pcontext'
/export/GANESHA/src/NFS_Protocols/nlm_Sm_Notify.c:64 Warning: argument 'pexportlist' of command @param is not found in the argument list of nlm4_Sm_Notify(nfs_arg_t *parg, exportlist_t *pexport, fsal_op_context_t *pcontext, cache_inode_client_t *pclient, hash_table_t *ht, struct svc_req *preq, nfs_res_t *pres)
/export/GANESHA/src/NFS_Protocols/nlm_Sm_Notify.c:64 Warning: argument 'pcontextp' of command @param is not found in the argument list of nlm4_Sm_Notify(nfs_arg_t *parg, exportlist_t *pexport, fsal_op_context_t *pcontext, cache_inode_client_t *pclient, hash_table_t *ht, struct svc_req *preq, nfs_res_t *pres)
/export/GANESHA/src/NFS_Protocols/nlm_Sm_Notify.c:64 Warning: The following parameters of nlm4_Sm_Notify(nfs_arg_t *parg, exportlist_t *pexport, fsal_op_context_t *pcontext, cache_inode_client_t *pclient, hash_table_t *ht, struct svc_req *preq, nfs_res_t *pres) are not documented:
  parameter 'pexport'
  parameter 'pcontext'
/export/GANESHA/src/NFS_Protocols/nlm_Test.c:64 Warning: argument 'pexportlist' of command @param is not found in the argument list of nlm4_Test(nfs_arg_t *parg, exportlist_t *pexport, fsal_op_context_t *pcontext, cache_inode_client_t *pclient, hash_table_t *ht, struct svc_req *preq, nfs_res_t *pres)
/export/GANESHA/src/NFS_Protocols/nlm_Test.c:64 Warning: argument 'pcontextp' of command @param is not found in the argument list of nlm4_Test(nfs_arg_t *parg, exportlist_t *pexport, fsal_op_context_t *pcontext, cache_inode_client_t *pclient, hash_table_t *ht, struct svc_req *preq, nfs_res_t *pres)
/export/GANESHA/src/NFS_Protocols/nlm_Test.c:64 Warning: The following parameters of nlm4_Test(nfs_arg_t *parg, exportlist_t *pexport, fsal_op_context_t *pcontext, cache_inode_client_t *pclient, hash_table_t *ht, struct svc_req *preq, nfs_res_t *pres) are not documented:
  parameter 'pexport'
  parameter 'pcontext'
/export/GANESHA/src/NFS_Protocols/nlm_Test_Message.c:75 Warning: argument 'pexportlist' of command @param is not found in the argument list of nlm4_Test_Message(nfs_arg_t *parg, exportlist_t *pexport, fsal_op_context_t *pcontext, cache_inode_client_t *pclient, hash_table_t *ht, struct svc_req *preq, nfs_res_t *pres)
/export/GANESHA/src/NFS_Protocols/nlm_Test_Message.c:75 Warning: argument 'pcontextp' of command @param is not found in the argument list of nlm4_Test_Message(nfs_arg_t *parg, exportlist_t *pexport, fsal_op_context_t *pcontext, cache_inode_client_t *pclient, hash_table_t *ht, struct svc_req *preq, nfs_res_t *pres)
/export/GANESHA/src/NFS_Protocols/nlm_Test_Message.c:75 Warning: The following parameters of nlm4_Test_Message(nfs_arg_t *parg, exportlist_t *pexport, fsal_op_context_t *pcontext, cache_inode_client_t *pclient, hash_table_t *ht, struct svc_req *preq, nfs_res_t *pres) are not documented:
  parameter 'pexport'
  parameter 'pcontext'
/export/GANESHA/src/NFS_Protocols/nlm_Unlock.c:65 Warning: argument 'pexportlist' of command @param is not found in the argument list of nlm4_Unlock(nfs_arg_t *parg, exportlist_t *pexport, fsal_op_context_t *pcontext, cache_inode_client_t *pclient, hash_table_t *ht, struct svc_req *preq, nfs_res_t *pres)
/export/GANESHA/src/NFS_Protocols/nlm_Unlock.c:65 Warning: argument 'pcontextp' of command @param is not found in the argument list of nlm4_Unlock(nfs_arg_t *parg, exportlist_t *pexport, fsal_op_context_t *pcontext, cache_inode_client_t *pclient, hash_table_t *ht, struct svc_req *preq, nfs_res_t *pres)
/export/GANESHA/src/NFS_Protocols/nlm_Unlock.c:65 Warning: The following parameters of nlm4_Unlock(nfs_arg_t *parg, exportlist_t *pexport, fsal_op_context_t *pcontext, cache_inode_client_t *pclient, hash_table_t *ht, struct svc_req *preq, nfs_res_t *pres) are not documented:
  parameter 'pexport'
  parameter 'pcontext'
/export/GANESHA/src/NFS_Protocols/nlm_Unlock_Message.c:75 Warning: argument 'pexportlist' of command @param is not found in the argument list of nlm4_Unlock_Message(nfs_arg_t *parg, exportlist_t *pexport, fsal_op_context_t *pcontext, cache_inode_client_t *pclient, hash_table_t *ht, struct svc_req *preq, nfs_res_t *pres)
/export/GANESHA/src/NFS_Protocols/nlm_Unlock_Message.c:75 Warning: argument 'pcontextp' of command @param is not found in the argument list of nlm4_Unlock_Message(nfs_arg_t *parg, exportlist_t *pexport, fsal_op_context_t *pcontext, cache_inode_client_t *pclient, hash_table_t *ht, struct svc_req *preq, nfs_res_t *pres)
/export/GANESHA/src/NFS_Protocols/nlm_Unlock_Message.c:75 Warning: The following parameters of nlm4_Unlock_Message(nfs_arg_t *parg, exportlist_t *pexport, fsal_op_context_t *pcontext, cache_inode_client_t *pclient, hash_table_t *ht, struct svc_req *preq, nfs_res_t *pres) are not documented:
  parameter 'pexport'
  parameter 'pcontext'
/export/GANESHA/src/NFS_Protocols/rquota_getactivequota.c:64 Warning: argument 'pexportlist' of command @param is not found in the argument list of rquota_getactivequota(nfs_arg_t *parg, exportlist_t *pexport, fsal_op_context_t *pcontext, cache_inode_client_t *pclient, hash_table_t *ht, struct svc_req *preq, nfs_res_t *pres)
/export/GANESHA/src/NFS_Protocols/rquota_getactivequota.c:64 Warning: argument 'pcontextp' of command @param is not found in the argument list of rquota_getactivequota(nfs_arg_t *parg, exportlist_t *pexport, fsal_op_context_t *pcontext, cache_inode_client_t *pclient, hash_table_t *ht, struct svc_req *preq, nfs_res_t *pres)
/export/GANESHA/src/NFS_Protocols/rquota_getactivequota.c:64 Warning: The following parameters of rquota_getactivequota(nfs_arg_t *parg, exportlist_t *pexport, fsal_op_context_t *pcontext, cache_inode_client_t *pclient, hash_table_t *ht, struct svc_req *preq, nfs_res_t *pres) are not documented:
  parameter 'pexport'
  parameter 'pcontext'
/export/GANESHA/src/NFS_Protocols/rquota_getquota.c:67 Warning: argument 'pexportlist' of command @param is not found in the argument list of rquota_getquota(nfs_arg_t *parg, exportlist_t *pexport, fsal_op_context_t *pcontext, cache_inode_client_t *pclient, hash_table_t *ht, struct svc_req *preq, nfs_res_t *pres)
/export/GANESHA/src/NFS_Protocols/rquota_getquota.c:67 Warning: argument 'pcontextp' of command @param is not found in the argument list of rquota_getquota(nfs_arg_t *parg, exportlist_t *pexport, fsal_op_context_t *pcontext, cache_inode_client_t *pclient, hash_table_t *ht, struct svc_req *preq, nfs_res_t *pres)
/export/GANESHA/src/NFS_Protocols/rquota_getquota.c:67 Warning: The following parameters of rquota_getquota(nfs_arg_t *parg, exportlist_t *pexport, fsal_op_context_t *pcontext, cache_inode_client_t *pclient, hash_table_t *ht, struct svc_req *preq, nfs_res_t *pres) are not documented:
  parameter 'pexport'
  parameter 'pcontext'
/export/GANESHA/src/NFS_Protocols/rquota_Null.c:64 Warning: argument 'pexportlist' of command @param is not found in the argument list of rquota_Null(nfs_arg_t *parg, exportlist_t *pexport, fsal_op_context_t *pcontext, cache_inode_client_t *pclient, hash_table_t *ht, struct svc_req *preq, nfs_res_t *pres)
/export/GANESHA/src/NFS_Protocols/rquota_Null.c:64 Warning: argument 'pcontextp' of command @param is not found in the argument list of rquota_Null(nfs_arg_t *parg, exportlist_t *pexport, fsal_op_context_t *pcontext, cache_inode_client_t *pclient, hash_table_t *ht, struct svc_req *preq, nfs_res_t *pres)
/export/GANESHA/src/NFS_Protocols/rquota_Null.c:64 Warning: The following parameters of rquota_Null(nfs_arg_t *parg, exportlist_t *pexport, fsal_op_context_t *pcontext, cache_inode_client_t *pclient, hash_table_t *ht, struct svc_req *preq, nfs_res_t *pres) are not documented:
  parameter 'pexport'
  parameter 'pcontext'
/export/GANESHA/src/NFS_Protocols/rquota_setactivequota.c:64 Warning: argument 'pexportlist' of command @param is not found in the argument list of rquota_setactivequota(nfs_arg_t *parg, exportlist_t *pexport, fsal_op_context_t *pcontext, cache_inode_client_t *pclient, hash_table_t *ht, struct svc_req *preq, nfs_res_t *pres)
/export/GANESHA/src/NFS_Protocols/rquota_setactivequota.c:64 Warning: argument 'pcontextp' of command @param is not found in the argument list of rquota_setactivequota(nfs_arg_t *parg, exportlist_t *pexport, fsal_op_context_t *pcontext, cache_inode_client_t *pclient, hash_table_t *ht, struct svc_req *preq, nfs_res_t *pres)
/export/GANESHA/src/NFS_Protocols/rquota_setactivequota.c:64 Warning: The following parameters of rquota_setactivequota(nfs_arg_t *parg, exportlist_t *pexport, fsal_op_context_t *pcontext, cache_inode_client_t *pclient, hash_table_t *ht, struct svc_req *preq, nfs_res_t *pres) are not documented:
  parameter 'pexport'
  parameter 'pcontext'
/export/GANESHA/src/NFS_Protocols/rquota_setquota.c:67 Warning: argument 'pexportlist' of command @param is not found in the argument list of rquota_setquota(nfs_arg_t *parg, exportlist_t *pexport, fsal_op_context_t *pcontext, cache_inode_client_t *pclient, hash_table_t *ht, struct svc_req *preq, nfs_res_t *pres)
/export/GANESHA/src/NFS_Protocols/rquota_setquota.c:67 Warning: argument 'pcontextp' of command @param is not found in the argument list of rquota_setquota(nfs_arg_t *parg, exportlist_t *pexport, fsal_op_context_t *pcontext, cache_inode_client_t *pclient, hash_table_t *ht, struct svc_req *preq, nfs_res_t *pres)
/export/GANESHA/src/NFS_Protocols/rquota_setquota.c:67 Warning: The following parameters of rquota_setquota(nfs_arg_t *parg, exportlist_t *pexport, fsal_op_context_t *pcontext, cache_inode_client_t *pclient, hash_table_t *ht, struct svc_req *preq, nfs_res_t *pres) are not documented:
  parameter 'pexport'
  parameter 'pcontext'
/export/GANESHA/src/NFS_Protocols/mnt_Dump.c:71 Warning: argument 'pexportlist' of command @param is not found in the argument list of mnt_Dump(nfs_arg_t *parg, exportlist_t *pexport, fsal_op_context_t *pcontext, cache_inode_client_t *pclient, hash_table_t *ht, struct svc_req *preq, nfs_res_t *pres)
/export/GANESHA/src/NFS_Protocols/mnt_Dump.c:71 Warning: argument 'pcontextp' of command @param is not found in the argument list of mnt_Dump(nfs_arg_t *parg, exportlist_t *pexport, fsal_op_context_t *pcontext, cache_inode_client_t *pclient, hash_table_t *ht, struct svc_req *preq, nfs_res_t *pres)
/export/GANESHA/src/NFS_Protocols/mnt_Dump.c:71 Warning: The following parameters of mnt_Dump(nfs_arg_t *parg, exportlist_t *pexport, fsal_op_context_t *pcontext, cache_inode_client_t *pclient, hash_table_t *ht, struct svc_req *preq, nfs_res_t *pres) are not documented:
  parameter 'pexport'
  parameter 'pcontext'
/export/GANESHA/src/NFS_Protocols/mnt_Export.c:86 Warning: argument 'pexportlist' of command @param is not found in the argument list of mnt_Export(nfs_arg_t *parg, exportlist_t *pexport, fsal_op_context_t *pcontext, cache_inode_client_t *pclient, hash_table_t *ht, struct svc_req *preq, nfs_res_t *pres)
/export/GANESHA/src/NFS_Protocols/mnt_Export.c:86 Warning: argument 'pcontextp' of command @param is not found in the argument list of mnt_Export(nfs_arg_t *parg, exportlist_t *pexport, fsal_op_context_t *pcontext, cache_inode_client_t *pclient, hash_table_t *ht, struct svc_req *preq, nfs_res_t *pres)
/export/GANESHA/src/NFS_Protocols/mnt_Export.c:86 Warning: The following parameters of mnt_Export(nfs_arg_t *parg, exportlist_t *pexport, fsal_op_context_t *pcontext, cache_inode_client_t *pclient, hash_table_t *ht, struct svc_req *preq, nfs_res_t *pres) are not documented:
  parameter 'pexport'
  parameter 'pcontext'
/export/GANESHA/src/NFS_Protocols/mnt_Mnt.c:80 Warning: argument 'pexportlist' of command @param is not found in the argument list of mnt_Mnt(nfs_arg_t *parg, exportlist_t *pexport, fsal_op_context_t *pcontext, cache_inode_client_t *pclient, hash_table_t *ht, struct svc_req *preq, nfs_res_t *pres)
/export/GANESHA/src/NFS_Protocols/mnt_Mnt.c:80 Warning: argument 'pcontextp' of command @param is not found in the argument list of mnt_Mnt(nfs_arg_t *parg, exportlist_t *pexport, fsal_op_context_t *pcontext, cache_inode_client_t *pclient, hash_table_t *ht, struct svc_req *preq, nfs_res_t *pres)
/export/GANESHA/src/NFS_Protocols/mnt_Mnt.c:80 Warning: The following parameters of mnt_Mnt(nfs_arg_t *parg, exportlist_t *pexport, fsal_op_context_t *pcontext, cache_inode_client_t *pclient, hash_table_t *ht, struct svc_req *preq, nfs_res_t *pres) are not documented:
  parameter 'pexport'
  parameter 'pcontext'
/export/GANESHA/src/NFS_Protocols/mnt_Null.c:75 Warning: argument 'pexportlist' of command @param is not found in the argument list of mnt_Null(nfs_arg_t *parg, exportlist_t *pexport, fsal_op_context_t *pcontext, cache_inode_client_t *pclient, hash_table_t *ht, struct svc_req *preq, nfs_res_t *pres)
/export/GANESHA/src/NFS_Protocols/mnt_Null.c:75 Warning: argument 'pcontextp' of command @param is not found in the argument list of mnt_Null(nfs_arg_t *parg, exportlist_t *pexport, fsal_op_context_t *pcontext, cache_inode_client_t *pclient, hash_table_t *ht, struct svc_req *preq, nfs_res_t *pres)
/export/GANESHA/src/NFS_Protocols/mnt_Null.c:75 Warning: The following parameters of mnt_Null(nfs_arg_t *parg, exportlist_t *pexport, fsal_op_context_t *pcontext, cache_inode_client_t *pclient, hash_table_t *ht, struct svc_req *preq, nfs_res_t *pres) are not documented:
  parameter 'pexport'
  parameter 'pcontext'
/export/GANESHA/src/NFS_Protocols/mnt_Umnt.c:75 Warning: argument 'pexportlist' of command @param is not found in the argument list of mnt_Umnt(nfs_arg_t *parg, exportlist_t *pexport, fsal_op_context_t *pcontext, cache_inode_client_t *pclient, hash_table_t *ht, struct svc_req *preq, nfs_res_t *pres)
/export/GANESHA/src/NFS_Protocols/mnt_Umnt.c:75 Warning: argument 'pcontextp' of command @param is not found in the argument list of mnt_Umnt(nfs_arg_t *parg, exportlist_t *pexport, fsal_op_context_t *pcontext, cache_inode_client_t *pclient, hash_table_t *ht, struct svc_req *preq, nfs_res_t *pres)
/export/GANESHA/src/NFS_Protocols/mnt_Umnt.c:75 Warning: The following parameters of mnt_Umnt(nfs_arg_t *parg, exportlist_t *pexport, fsal_op_context_t *pcontext, cache_inode_client_t *pclient, hash_table_t *ht, struct svc_req *preq, nfs_res_t *pres) are not documented:
  parameter 'pexport'
  parameter 'pcontext'
/export/GANESHA/src/NFS_Protocols/mnt_UmntAll.c:75 Warning: argument 'pexportlist' of command @param is not found in the argument list of mnt_UmntAll(nfs_arg_t *parg, exportlist_t *pexport, fsal_op_context_t *pcontext, cache_inode_client_t *pclient, hash_table_t *ht, struct svc_req *preq, nfs_res_t *pres)
/export/GANESHA/src/NFS_Protocols/mnt_UmntAll.c:75 Warning: argument 'pcontextp' of command @param is not found in the argument list of mnt_UmntAll(nfs_arg_t *parg, exportlist_t *pexport, fsal_op_context_t *pcontext, cache_inode_client_t *pclient, hash_table_t *ht, struct svc_req *preq, nfs_res_t *pres)
/export/GANESHA/src/NFS_Protocols/mnt_UmntAll.c:75 Warning: The following parameters of mnt_UmntAll(nfs_arg_t *parg, exportlist_t *pexport, fsal_op_context_t *pcontext, cache_inode_client_t *pclient, hash_table_t *ht, struct svc_req *preq, nfs_res_t *pres) are not documented:
  parameter 'pexport'
  parameter 'pcontext'
/export/GANESHA/src/NFS_Protocols/nfs3_Readdirplus.c:685 Warning: argument 'pres' of command @param is not found in the argument list of nfs3_Readdirplus_Free(nfs_res_t *resp)
/export/GANESHA/src/NFS_Protocols/nfs3_Readdirplus.c:685 Warning: The following parameters of nfs3_Readdirplus_Free(nfs_res_t *resp) are not documented:
  parameter 'resp'
/export/GANESHA/src/NFS_Protocols/nfs4_cb_Compound.c:92 Warning: argument 'pexportlist' of command @param is not found in the argument list of nfs4_cb_Compound(nfs_arg_t *parg, exportlist_t *pexport, fsal_op_context_t *pcontext, cache_inode_client_t *pclient, hash_table_t *ht, struct svc_req *preq, nfs_res_t *pres)
/export/GANESHA/src/NFS_Protocols/nfs4_cb_Compound.c:92 Warning: argument 'pcontex' of command @param is not found in the argument list of nfs4_cb_Compound(nfs_arg_t *parg, exportlist_t *pexport, fsal_op_context_t *pcontext, cache_inode_client_t *pclient, hash_table_t *ht, struct svc_req *preq, nfs_res_t *pres)
/export/GANESHA/src/NFS_Protocols/nfs4_cb_Compound.c:92 Warning: The following parameters of nfs4_cb_Compound(nfs_arg_t *parg, exportlist_t *pexport, fsal_op_context_t *pcontext, cache_inode_client_t *pclient, hash_table_t *ht, struct svc_req *preq, nfs_res_t *pres) are not documented:
  parameter 'pexport'
  parameter 'pcontext'
/export/GANESHA/src/NFS_Protocols/nfs4_cb_Null.c:77 Warning: argument 'pexportlist' of command @param is not found in the argument list of nfs_cb_Null(nfs_arg_t *parg, exportlist_t *pexport, fsal_op_context_t *pcontext, cache_inode_client_t *pclient, hash_table_t *ht, struct svc_req *preq, nfs_res_t *pres)
/export/GANESHA/src/NFS_Protocols/nfs4_cb_Null.c:77 Warning: argument 'pcontextp' of command @param is not found in the argument list of nfs_cb_Null(nfs_arg_t *parg, exportlist_t *pexport, fsal_op_context_t *pcontext, cache_inode_client_t *pclient, hash_table_t *ht, struct svc_req *preq, nfs_res_t *pres)
/export/GANESHA/src/NFS_Protocols/nfs4_cb_Null.c:77 Warning: The following parameters of nfs_cb_Null(nfs_arg_t *parg, exportlist_t *pexport, fsal_op_context_t *pcontext, cache_inode_client_t *pclient, hash_table_t *ht, struct svc_req *preq, nfs_res_t *pres) are not documented:
  parameter 'pexport'
  parameter 'pcontext'
/export/GANESHA/src/NFS_Protocols/nfs4_cb_Null.c:104 Warning: argument 'pres' of command @param is not found in the argument list of nfs_cb_Null_Free(nfs_res_t *resp)
/export/GANESHA/src/NFS_Protocols/nfs4_cb_Null.c:104 Warning: The following parameters of nfs_cb_Null_Free(nfs_res_t *resp) are not documented:
  parameter 'resp'
/export/GANESHA/src/NFS_Protocols/nfs4_Compound.c:213 Warning: argument 'pexportlist' of command @param is not found in the argument list of nfs4_Compound(nfs_arg_t *parg, exportlist_t *pexport, fsal_op_context_t *pcontext, cache_inode_client_t *pclient, hash_table_t *ht, struct svc_req *preq, nfs_res_t *pres)
/export/GANESHA/src/NFS_Protocols/nfs4_Compound.c:213 Warning: argument 'pcontex' of command @param is not found in the argument list of nfs4_Compound(nfs_arg_t *parg, exportlist_t *pexport, fsal_op_context_t *pcontext, cache_inode_client_t *pclient, hash_table_t *ht, struct svc_req *preq, nfs_res_t *pres)
/export/GANESHA/src/NFS_Protocols/nfs4_Compound.c:213 Warning: The following parameters of nfs4_Compound(nfs_arg_t *parg, exportlist_t *pexport, fsal_op_context_t *pcontext, cache_inode_client_t *pclient, hash_table_t *ht, struct svc_req *preq, nfs_res_t *pres) are not documented:
  parameter 'pexport'
  parameter 'pcontext'
/export/GANESHA/src/NFS_Protocols/nfs4_Compound.c:506 Warning: argument 'resp' of command @param is not found in the argument list of nfs4_Compound_Free(nfs_res_t *pres)
/export/GANESHA/src/NFS_Protocols/nfs4_Compound.c:506 Warning: The following parameters of nfs4_Compound_Free(nfs_res_t *pres) are not documented:
  parameter 'pres'
/export/GANESHA/src/NFS_Protocols/nfs4_pseudo.c:284 Warning: argument 'psfp' of command @param is not found in the argument list of nfs4_PseudoToFattr(pseudofs_entry_t *psfsp, fattr4 *Fattr, compound_data_t *data, nfs_fh4 *objFH, bitmap4 *Bitmap)
/export/GANESHA/src/NFS_Protocols/nfs4_pseudo.c:284 Warning: The following parameters of nfs4_PseudoToFattr(pseudofs_entry_t *psfsp, fattr4 *Fattr, compound_data_t *data, nfs_fh4 *objFH, bitmap4 *Bitmap) are not documented:
  parameter 'psfsp'
  parameter 'objFH'
/export/GANESHA/src/NFS_Protocols/nfs4_pseudo.c:1222 Warning: The following parameters of nfs4_FhandleToPseudo(nfs_fh4 *fh4p, pseudofs_t *psfstree, pseudofs_entry_t *psfsentry) are not documented:
  parameter 'psfstree'
/export/GANESHA/src/NFS_Protocols/nfs_Create.c:522 Warning: argument 'pres' of command @param is not found in the argument list of nfs_Create_Free(nfs_res_t *resp)
/export/GANESHA/src/NFS_Protocols/nfs_Create.c:522 Warning: The following parameters of nfs_Create_Free(nfs_res_t *resp) are not documented:
  parameter 'resp'
/export/GANESHA/src/NFS_Protocols/nfs_Fsstat.c:213 Warning: argument 'pres' of command @param is not found in the argument list of nfs_Fsstat_Free(nfs_res_t *resp)
/export/GANESHA/src/NFS_Protocols/nfs_Fsstat.c:213 Warning: The following parameters of nfs_Fsstat_Free(nfs_res_t *resp) are not documented:
  parameter 'resp'
/export/GANESHA/src/NFS_Protocols/nfs_Getattr.c:190 Warning: argument 'pres' of command @param is not found in the argument list of nfs_Getattr_Free(nfs_res_t *resp)
/export/GANESHA/src/NFS_Protocols/nfs_Getattr.c:190 Warning: The following parameters of nfs_Getattr_Free(nfs_res_t *resp) are not documented:
  parameter 'resp'
/export/GANESHA/src/NFS_Protocols/nfs_Link.c:304 Warning: argument 'pres' of command @param is not found in the argument list of nfs_Link_Free(nfs_res_t *resp)
/export/GANESHA/src/NFS_Protocols/nfs_Link.c:304 Warning: The following parameters of nfs_Link_Free(nfs_res_t *resp) are not documented:
  parameter 'resp'
/export/GANESHA/src/NFS_Protocols/nfs_Link.c:27 Warning: Found unknown command `\data'
/export/GANESHA/src/NFS_Protocols/nfs_Lookup.c:271 Warning: argument 'pres' of command @param is not found in the argument list of nfs3_Lookup_Free(nfs_res_t *resp)
/export/GANESHA/src/NFS_Protocols/nfs_Lookup.c:271 Warning: The following parameters of nfs3_Lookup_Free(nfs_res_t *resp) are not documented:
  parameter 'resp'
/export/GANESHA/src/NFS_Protocols/nfs_Lookup.c:285 Warning: argument 'pres' of command @param is not found in the argument list of nfs2_Lookup_Free(nfs_res_t *resp)
/export/GANESHA/src/NFS_Protocols/nfs_Lookup.c:285 Warning: The following parameters of nfs2_Lookup_Free(nfs_res_t *resp) are not documented:
  parameter 'resp'
/export/GANESHA/src/NFS_Protocols/nfs_Mkdir.c:401 Warning: argument 'pres' of command @param is not found in the argument list of nfs_Mkdir_Free(nfs_res_t *resp)
/export/GANESHA/src/NFS_Protocols/nfs_Mkdir.c:401 Warning: The following parameters of nfs_Mkdir_Free(nfs_res_t *resp) are not documented:
  parameter 'resp'
/export/GANESHA/src/NFS_Protocols/nfs_Mkdir.c:27 Warning: Found unknown command `\data'
/export/GANESHA/src/NFS_Protocols/nfs_Null.c:76 Warning: argument 'pexportlist' of command @param is not found in the argument list of nfs_Null(nfs_arg_t *parg, exportlist_t *pexport, fsal_op_context_t *pcontext, cache_inode_client_t *pclient, hash_table_t *ht, struct svc_req *preq, nfs_res_t *pres)
/export/GANESHA/src/NFS_Protocols/nfs_Null.c:76 Warning: argument 'pcontextp' of command @param is not found in the argument list of nfs_Null(nfs_arg_t *parg, exportlist_t *pexport, fsal_op_context_t *pcontext, cache_inode_client_t *pclient, hash_table_t *ht, struct svc_req *preq, nfs_res_t *pres)
/export/GANESHA/src/NFS_Protocols/nfs_Null.c:76 Warning: The following parameters of nfs_Null(nfs_arg_t *parg, exportlist_t *pexport, fsal_op_context_t *pcontext, cache_inode_client_t *pclient, hash_table_t *ht, struct svc_req *preq, nfs_res_t *pres) are not documented:
  parameter 'pexport'
  parameter 'pcontext'
/export/GANESHA/src/NFS_Protocols/nfs_Null.c:103 Warning: argument 'pres' of command @param is not found in the argument list of nfs_Null_Free(nfs_res_t *resp)
/export/GANESHA/src/NFS_Protocols/nfs_Null.c:103 Warning: The following parameters of nfs_Null_Free(nfs_res_t *resp) are not documented:
  parameter 'resp'
/export/GANESHA/src/NFS_Protocols/nfs_proto_tools.c:189 Warning: argument 'pattr' of command @param is not found in the argument list of nfs_SetPostOpAttr(fsal_op_context_t *pcontext, exportlist_t *pexport, cache_entry_t *pentry, fsal_attrib_list_t *pfsal_attr, post_op_attr *presult)
/export/GANESHA/src/NFS_Protocols/nfs_proto_tools.c:189 Warning: The following parameters of nfs_SetPostOpAttr(fsal_op_context_t *pcontext, exportlist_t *pexport, cache_entry_t *pentry, fsal_attrib_list_t *pfsal_attr, post_op_attr *presult) are not documented:
  parameter 'pcontext'
  parameter 'pentry'
  parameter 'presult'
/export/GANESHA/src/NFS_Protocols/nfs_proto_tools.c:260 Warning: The following parameters of nfs_SetWccData(fsal_op_context_t *pcontext, exportlist_t *pexport, cache_entry_t *pentry, fsal_attrib_list_t *pbefore_attr, fsal_attrib_list_t *pafter_attr, wcc_data *pwcc_data) are not documented:
  parameter 'pexport'
/export/GANESHA/src/NFS_Protocols/nfs_proto_tools.c:428 Warning: The following parameters of nfs4_FSALattr_To_Fattr(exportlist_t *pexport, fsal_attrib_list_t *pattr, fattr4 *Fattr, compound_data_t *data, nfs_fh4 *objFH, bitmap4 *Bitmap) are not documented:
  parameter 'objFH'
/export/GANESHA/src/NFS_Protocols/nfs_proto_tools.c:1701 Warning: argument 'FSAL_attr' of command @param is not found in the argument list of nfs2_FSALattr_To_Fattr(exportlist_t *pexport, fsal_attrib_list_t *pFSAL_attr, fattr2 *pFattr)
/export/GANESHA/src/NFS_Protocols/nfs_proto_tools.c:1701 Warning: argument 'Fattr' of command @param is not found in the argument list of nfs2_FSALattr_To_Fattr(exportlist_t *pexport, fsal_attrib_list_t *pFSAL_attr, fattr2 *pFattr)
/export/GANESHA/src/NFS_Protocols/nfs_proto_tools.c:1701 Warning: The following parameters of nfs2_FSALattr_To_Fattr(exportlist_t *pexport, fsal_attrib_list_t *pFSAL_attr, fattr2 *pFattr) are not documented:
  parameter 'pFSAL_attr'
  parameter 'pFattr'
/export/GANESHA/src/NFS_Protocols/nfs_proto_tools.c:1808 Warning: argument 'pfh' of command @param is not found in the argument list of nfs4_SetCompoundExport(compound_data_t *data)
/export/GANESHA/src/NFS_Protocols/nfs_proto_tools.c:1808 Warning: The following parameters of nfs4_SetCompoundExport(compound_data_t *data) are not documented:
  parameter 'data'
/export/GANESHA/src/NFS_Protocols/nfs_proto_tools.c:1987 Warning: argument 'plval' of command @param is not found in the argument list of nfs4_bitmap4_to_list(bitmap4 *b, uint_t *plen, uint32_t *pval)
/export/GANESHA/src/NFS_Protocols/nfs_proto_tools.c:1987 Warning: The following parameters of nfs4_bitmap4_to_list(bitmap4 *b, uint_t *plen, uint32_t *pval) are not documented:
  parameter 'pval'
/export/GANESHA/src/NFS_Protocols/nfs_proto_tools.c:2241 Warning: argument 'FSAL_attr' of command @param is not found in the argument list of nfs2_Sattr_To_FSALattr(fsal_attrib_list_t *pFSAL_attr, sattr2 *Fattr)
/export/GANESHA/src/NFS_Protocols/nfs_proto_tools.c:2241 Warning: The following parameters of nfs2_Sattr_To_FSALattr(fsal_attrib_list_t *pFSAL_attr, sattr2 *Fattr) are not documented:
  parameter 'pFSAL_attr'
/export/GANESHA/src/NFS_Protocols/nfs_proto_tools.c:2475 Warning: argument 'Fattr' of command @param is not found in the argument list of nfs4_Fattr_Supported_Bitmap(bitmap4 *pbitmap)
/export/GANESHA/src/NFS_Protocols/nfs_proto_tools.c:2475 Warning: The following parameters of nfs4_Fattr_Supported_Bitmap(bitmap4 *pbitmap) are not documented:
  parameter 'pbitmap'
/export/GANESHA/src/NFS_Protocols/nfs_proto_tools.c:3476 Warning: argument 'pfh' of command @param is not found in the argument list of nfs4_MakeCred(compound_data_t *data)
/export/GANESHA/src/NFS_Protocols/nfs_proto_tools.c:3476 Warning: The following parameters of nfs4_MakeCred(compound_data_t *data) are not documented:
  parameter 'data'
/export/GANESHA/src/NFS_Protocols/nfs_Read.c:405 Warning: argument 'pres' of command @param is not found in the argument list of nfs2_Read_Free(nfs_res_t *resp)
/export/GANESHA/src/NFS_Protocols/nfs_Read.c:405 Warning: The following parameters of nfs2_Read_Free(nfs_res_t *resp) are not documented:
  parameter 'resp'
/export/GANESHA/src/NFS_Protocols/nfs_Read.c:420 Warning: argument 'pres' of command @param is not found in the argument list of nfs3_Read_Free(nfs_res_t *resp)
/export/GANESHA/src/NFS_Protocols/nfs_Read.c:420 Warning: The following parameters of nfs3_Read_Free(nfs_res_t *resp) are not documented:
  parameter 'resp'
/export/GANESHA/src/NFS_Protocols/nfs_Readdir.c:862 Warning: argument 'pres' of command @param is not found in the argument list of nfs2_Readdir_Free(nfs_res_t *resp)
/export/GANESHA/src/NFS_Protocols/nfs_Readdir.c:862 Warning: The following parameters of nfs2_Readdir_Free(nfs_res_t *resp) are not documented:
  parameter 'resp'
/export/GANESHA/src/NFS_Protocols/nfs_Readdir.c:880 Warning: argument 'pres' of command @param is not found in the argument list of nfs3_Readdir_Free(nfs_res_t *resp)
/export/GANESHA/src/NFS_Protocols/nfs_Readdir.c:880 Warning: The following parameters of nfs3_Readdir_Free(nfs_res_t *resp) are not documented:
  parameter 'resp'
/export/GANESHA/src/NFS_Protocols/nfs_Readlink.c:210 Warning: argument 'pres' of command @param is not found in the argument list of nfs2_Readlink_Free(nfs_res_t *resp)
/export/GANESHA/src/NFS_Protocols/nfs_Readlink.c:210 Warning: The following parameters of nfs2_Readlink_Free(nfs_res_t *resp) are not documented:
  parameter 'resp'
/export/GANESHA/src/NFS_Protocols/nfs_Readlink.c:224 Warning: argument 'pres' of command @param is not found in the argument list of nfs3_Readlink_Free(nfs_res_t *resp)
/export/GANESHA/src/NFS_Protocols/nfs_Readlink.c:224 Warning: The following parameters of nfs3_Readlink_Free(nfs_res_t *resp) are not documented:
  parameter 'resp'
/export/GANESHA/src/NFS_Protocols/nfs_Remove.c:281 Warning: argument 'pres' of command @param is not found in the argument list of nfs_Remove_Free(nfs_res_t *resp)
/export/GANESHA/src/NFS_Protocols/nfs_Remove.c:281 Warning: The following parameters of nfs_Remove_Free(nfs_res_t *resp) are not documented:
  parameter 'resp'
/export/GANESHA/src/NFS_Protocols/nfs_Rename.c:427 Warning: argument 'pres' of command @param is not found in the argument list of nfs_Rename_Free(nfs_res_t *resp)
/export/GANESHA/src/NFS_Protocols/nfs_Rename.c:427 Warning: The following parameters of nfs_Rename_Free(nfs_res_t *resp) are not documented:
  parameter 'resp'
/export/GANESHA/src/NFS_Protocols/nfs_Rmdir.c:274 Warning: argument 'pres' of command @param is not found in the argument list of nfs_Rmdir_Free(nfs_res_t *resp)
/export/GANESHA/src/NFS_Protocols/nfs_Rmdir.c:274 Warning: The following parameters of nfs_Rmdir_Free(nfs_res_t *resp) are not documented:
  parameter 'resp'
/export/GANESHA/src/NFS_Protocols/nfs_Setattr.c:327 Warning: argument 'pres' of command @param is not found in the argument list of nfs_Setattr_Free(nfs_res_t *resp)
/export/GANESHA/src/NFS_Protocols/nfs_Setattr.c:327 Warning: The following parameters of nfs_Setattr_Free(nfs_res_t *resp) are not documented:
  parameter 'resp'
/export/GANESHA/src/NFS_Protocols/nfs_Symlink.c:359 Warning: argument 'pres' of command @param is not found in the argument list of nfs_Symlink_Free(nfs_res_t *resp)
/export/GANESHA/src/NFS_Protocols/nfs_Symlink.c:359 Warning: The following parameters of nfs_Symlink_Free(nfs_res_t *resp) are not documented:
  parameter 'resp'
/export/GANESHA/src/NFS_Protocols/nfs_Write.c:451 Warning: argument 'pres' of command @param is not found in the argument list of nfs_Write_Free(nfs_res_t *resp)
/export/GANESHA/src/NFS_Protocols/nfs_Write.c:451 Warning: The following parameters of nfs_Write_Free(nfs_res_t *resp) are not documented:
  parameter 'resp'
/export/GANESHA/src/NFS_Protocols/nfs_xattr.c:212 Warning: argument 'pattr' of command @param is not found in the argument list of nfs_SetPostOpXAttrDir(fsal_op_context_t *pcontext, exportlist_t *pexport, fsal_attrib_list_t *pfsal_attr, post_op_attr *presult)
/export/GANESHA/src/NFS_Protocols/nfs_xattr.c:212 Warning: The following parameters of nfs_SetPostOpXAttrDir(fsal_op_context_t *pcontext, exportlist_t *pexport, fsal_attrib_list_t *pfsal_attr, post_op_attr *presult) are not documented:
  parameter 'pcontext'
  parameter 'presult'
/export/GANESHA/src/NFS_Protocols/nfs_xattr.c:244 Warning: argument 'pattr' of command @param is not found in the argument list of nfs_SetPostOpXAttrFile(fsal_op_context_t *pcontext, exportlist_t *pexport, fsal_attrib_list_t *pfsal_attr, post_op_attr *presult)
/export/GANESHA/src/NFS_Protocols/nfs_xattr.c:244 Warning: The following parameters of nfs_SetPostOpXAttrFile(fsal_op_context_t *pcontext, exportlist_t *pexport, fsal_attrib_list_t *pfsal_attr, post_op_attr *presult) are not documented:
  parameter 'pcontext'
  parameter 'presult'
/export/GANESHA/src/NFS_Protocols/nlm_Cancel.c:70 Warning: argument 'pexportlist' of command @param is not found in the argument list of nlm4_Cancel(nfs_arg_t *parg, exportlist_t *pexport, fsal_op_context_t *pcontext, cache_inode_client_t *pclient, hash_table_t *ht, struct svc_req *preq, nfs_res_t *pres)
/export/GANESHA/src/NFS_Protocols/nlm_Cancel.c:70 Warning: argument 'pcontextp' of command @param is not found in the argument list of nlm4_Cancel(nfs_arg_t *parg, exportlist_t *pexport, fsal_op_context_t *pcontext, cache_inode_client_t *pclient, hash_table_t *ht, struct svc_req *preq, nfs_res_t *pres)
/export/GANESHA/src/NFS_Protocols/nlm_Cancel.c:70 Warning: The following parameters of nlm4_Cancel(nfs_arg_t *parg, exportlist_t *pexport, fsal_op_context_t *pcontext, cache_inode_client_t *pclient, hash_table_t *ht, struct svc_req *preq, nfs_res_t *pres) are not documented:
  parameter 'pexport'
  parameter 'pcontext'
/export/GANESHA/src/NFS_Protocols/nlm_Cancel_Message.c:77 Warning: argument 'pexportlist' of command @param is not found in the argument list of nlm4_Cancel_Message(nfs_arg_t *parg, exportlist_t *pexport, fsal_op_context_t *pcontext, cache_inode_client_t *pclient, hash_table_t *ht, struct svc_req *preq, nfs_res_t *pres)
/export/GANESHA/src/NFS_Protocols/nlm_Cancel_Message.c:77 Warning: argument 'pcontextp' of command @param is not found in the argument list of nlm4_Cancel_Message(nfs_arg_t *parg, exportlist_t *pexport, fsal_op_context_t *pcontext, cache_inode_client_t *pclient, hash_table_t *ht, struct svc_req *preq, nfs_res_t *pres)
/export/GANESHA/src/NFS_Protocols/nlm_Cancel_Message.c:77 Warning: The following parameters of nlm4_Cancel_Message(nfs_arg_t *parg, exportlist_t *pexport, fsal_op_context_t *pcontext, cache_inode_client_t *pclient, hash_table_t *ht, struct svc_req *preq, nfs_res_t *pres) are not documented:
  parameter 'pexport'
  parameter 'pcontext'
/export/GANESHA/src/NFS_Protocols/nlm_Granted_Res.c:66 Warning: argument 'pexportlist' of command @param is not found in the argument list of nlm4_Granted_Res(nfs_arg_t *parg, exportlist_t *pexport, fsal_op_context_t *pcontext, cache_inode_client_t *pclient, hash_table_t *ht, struct svc_req *preq, nfs_res_t *pres)
/export/GANESHA/src/NFS_Protocols/nlm_Granted_Res.c:66 Warning: argument 'pcontextp' of command @param is not found in the argument list of nlm4_Granted_Res(nfs_arg_t *parg, exportlist_t *pexport, fsal_op_context_t *pcontext, cache_inode_client_t *pclient, hash_table_t *ht, struct svc_req *preq, nfs_res_t *pres)
/export/GANESHA/src/NFS_Protocols/nlm_Granted_Res.c:66 Warning: The following parameters of nlm4_Granted_Res(nfs_arg_t *parg, exportlist_t *pexport, fsal_op_context_t *pcontext, cache_inode_client_t *pclient, hash_table_t *ht, struct svc_req *preq, nfs_res_t *pres) are not documented:
  parameter 'pexport'
  parameter 'pcontext'
/export/GANESHA/src/NFS_Protocols/nlm_Lock.c:64 Warning: argument 'pexportlist' of command @param is not found in the argument list of nlm4_Lock(nfs_arg_t *parg, exportlist_t *pexport, fsal_op_context_t *pcontext, cache_inode_client_t *pclient, hash_table_t *ht, struct svc_req *preq, nfs_res_t *pres)
/export/GANESHA/src/NFS_Protocols/nlm_Lock.c:64 Warning: argument 'pcontextp' of command @param is not found in the argument list of nlm4_Lock(nfs_arg_t *parg, exportlist_t *pexport, fsal_op_context_t *pcontext, cache_inode_client_t *pclient, hash_table_t *ht, struct svc_req *preq, nfs_res_t *pres)
/export/GANESHA/src/NFS_Protocols/nlm_Lock.c:64 Warning: The following parameters of nlm4_Lock(nfs_arg_t *parg, exportlist_t *pexport, fsal_op_context_t *pcontext, cache_inode_client_t *pclient, hash_table_t *ht, struct svc_req *preq, nfs_res_t *pres) are not documented:
  parameter 'pexport'
  parameter 'pcontext'
/export/GANESHA/src/NFS_Protocols/nlm_Lock_Message.c:85 Warning: argument 'pexportlist' of command @param is not found in the argument list of nlm4_Lock_Message(nfs_arg_t *parg, exportlist_t *pexport, fsal_op_context_t *pcontext, cache_inode_client_t *pclient, hash_table_t *ht, struct svc_req *preq, nfs_res_t *pres)
/export/GANESHA/src/NFS_Protocols/nlm_Lock_Message.c:85 Warning: argument 'pcontextp' of command @param is not found in the argument list of nlm4_Lock_Message(nfs_arg_t *parg, exportlist_t *pexport, fsal_op_context_t *pcontext, cache_inode_client_t *pclient, hash_table_t *ht, struct svc_req *preq, nfs_res_t *pres)
/export/GANESHA/src/NFS_Protocols/nlm_Lock_Message.c:85 Warning: The following parameters of nlm4_Lock_Message(nfs_arg_t *parg, exportlist_t *pexport, fsal_op_context_t *pcontext, cache_inode_client_t *pclient, hash_table_t *ht, struct svc_req *preq, nfs_res_t *pres) are not documented:
  parameter 'pexport'
  parameter 'pcontext'
/export/GANESHA/src/NFS_Protocols/nlm_Null.c:63 Warning: argument 'pexportlist' of command @param is not found in the argument list of nlm_Null(nfs_arg_t *parg, exportlist_t *pexport, fsal_op_context_t *pcontext, cache_inode_client_t *pclient, hash_table_t *ht, struct svc_req *preq, nfs_res_t *pres)
/export/GANESHA/src/NFS_Protocols/nlm_Null.c:63 Warning: argument 'pcontextp' of command @param is not found in the argument list of nlm_Null(nfs_arg_t *parg, exportlist_t *pexport, fsal_op_context_t *pcontext, cache_inode_client_t *pclient, hash_table_t *ht, struct svc_req *preq, nfs_res_t *pres)
/export/GANESHA/src/NFS_Protocols/nlm_Null.c:63 Warning: The following parameters of nlm_Null(nfs_arg_t *parg, exportlist_t *pexport, fsal_op_context_t *pcontext, cache_inode_client_t *pclient, hash_table_t *ht, struct svc_req *preq, nfs_res_t *pres) are not documented:
  parameter 'pexport'
  parameter 'pcontext'
/export/GANESHA/src/NFS_Protocols/nlm_Sm_Notify.c:64 Warning: argument 'pexportlist' of command @param is not found in the argument list of nlm4_Sm_Notify(nfs_arg_t *parg, exportlist_t *pexport, fsal_op_context_t *pcontext, cache_inode_client_t *pclient, hash_table_t *ht, struct svc_req *preq, nfs_res_t *pres)
/export/GANESHA/src/NFS_Protocols/nlm_Sm_Notify.c:64 Warning: argument 'pcontextp' of command @param is not found in the argument list of nlm4_Sm_Notify(nfs_arg_t *parg, exportlist_t *pexport, fsal_op_context_t *pcontext, cache_inode_client_t *pclient, hash_table_t *ht, struct svc_req *preq, nfs_res_t *pres)
/export/GANESHA/src/NFS_Protocols/nlm_Sm_Notify.c:64 Warning: The following parameters of nlm4_Sm_Notify(nfs_arg_t *parg, exportlist_t *pexport, fsal_op_context_t *pcontext, cache_inode_client_t *pclient, hash_table_t *ht, struct svc_req *preq, nfs_res_t *pres) are not documented:
  parameter 'pexport'
  parameter 'pcontext'
/export/GANESHA/src/NFS_Protocols/nlm_Test.c:64 Warning: argument 'pexportlist' of command @param is not found in the argument list of nlm4_Test(nfs_arg_t *parg, exportlist_t *pexport, fsal_op_context_t *pcontext, cache_inode_client_t *pclient, hash_table_t *ht, struct svc_req *preq, nfs_res_t *pres)
/export/GANESHA/src/NFS_Protocols/nlm_Test.c:64 Warning: argument 'pcontextp' of command @param is not found in the argument list of nlm4_Test(nfs_arg_t *parg, exportlist_t *pexport, fsal_op_context_t *pcontext, cache_inode_client_t *pclient, hash_table_t *ht, struct svc_req *preq, nfs_res_t *pres)
/export/GANESHA/src/NFS_Protocols/nlm_Test.c:64 Warning: The following parameters of nlm4_Test(nfs_arg_t *parg, exportlist_t *pexport, fsal_op_context_t *pcontext, cache_inode_client_t *pclient, hash_table_t *ht, struct svc_req *preq, nfs_res_t *pres) are not documented:
  parameter 'pexport'
  parameter 'pcontext'
/export/GANESHA/src/NFS_Protocols/nlm_Test_Message.c:75 Warning: argument 'pexportlist' of command @param is not found in the argument list of nlm4_Test_Message(nfs_arg_t *parg, exportlist_t *pexport, fsal_op_context_t *pcontext, cache_inode_client_t *pclient, hash_table_t *ht, struct svc_req *preq, nfs_res_t *pres)
/export/GANESHA/src/NFS_Protocols/nlm_Test_Message.c:75 Warning: argument 'pcontextp' of command @param is not found in the argument list of nlm4_Test_Message(nfs_arg_t *parg, exportlist_t *pexport, fsal_op_context_t *pcontext, cache_inode_client_t *pclient, hash_table_t *ht, struct svc_req *preq, nfs_res_t *pres)
/export/GANESHA/src/NFS_Protocols/nlm_Test_Message.c:75 Warning: The following parameters of nlm4_Test_Message(nfs_arg_t *parg, exportlist_t *pexport, fsal_op_context_t *pcontext, cache_inode_client_t *pclient, hash_table_t *ht, struct svc_req *preq, nfs_res_t *pres) are not documented:
  parameter 'pexport'
  parameter 'pcontext'
/export/GANESHA/src/NFS_Protocols/nlm_Unlock.c:65 Warning: argument 'pexportlist' of command @param is not found in the argument list of nlm4_Unlock(nfs_arg_t *parg, exportlist_t *pexport, fsal_op_context_t *pcontext, cache_inode_client_t *pclient, hash_table_t *ht, struct svc_req *preq, nfs_res_t *pres)
/export/GANESHA/src/NFS_Protocols/nlm_Unlock.c:65 Warning: argument 'pcontextp' of command @param is not found in the argument list of nlm4_Unlock(nfs_arg_t *parg, exportlist_t *pexport, fsal_op_context_t *pcontext, cache_inode_client_t *pclient, hash_table_t *ht, struct svc_req *preq, nfs_res_t *pres)
/export/GANESHA/src/NFS_Protocols/nlm_Unlock.c:65 Warning: The following parameters of nlm4_Unlock(nfs_arg_t *parg, exportlist_t *pexport, fsal_op_context_t *pcontext, cache_inode_client_t *pclient, hash_table_t *ht, struct svc_req *preq, nfs_res_t *pres) are not documented:
  parameter 'pexport'
  parameter 'pcontext'
/export/GANESHA/src/NFS_Protocols/nlm_Unlock_Message.c:75 Warning: argument 'pexportlist' of command @param is not found in the argument list of nlm4_Unlock_Message(nfs_arg_t *parg, exportlist_t *pexport, fsal_op_context_t *pcontext, cache_inode_client_t *pclient, hash_table_t *ht, struct svc_req *preq, nfs_res_t *pres)
/export/GANESHA/src/NFS_Protocols/nlm_Unlock_Message.c:75 Warning: argument 'pcontextp' of command @param is not found in the argument list of nlm4_Unlock_Message(nfs_arg_t *parg, exportlist_t *pexport, fsal_op_context_t *pcontext, cache_inode_client_t *pclient, hash_table_t *ht, struct svc_req *preq, nfs_res_t *pres)
/export/GANESHA/src/NFS_Protocols/nlm_Unlock_Message.c:75 Warning: The following parameters of nlm4_Unlock_Message(nfs_arg_t *parg, exportlist_t *pexport, fsal_op_context_t *pcontext, cache_inode_client_t *pclient, hash_table_t *ht, struct svc_req *preq, nfs_res_t *pres) are not documented:
  parameter 'pexport'
  parameter 'pcontext'
/export/GANESHA/src/NFS_Protocols/rquota_getactivequota.c:64 Warning: argument 'pexportlist' of command @param is not found in the argument list of rquota_getactivequota(nfs_arg_t *parg, exportlist_t *pexport, fsal_op_context_t *pcontext, cache_inode_client_t *pclient, hash_table_t *ht, struct svc_req *preq, nfs_res_t *pres)
/export/GANESHA/src/NFS_Protocols/rquota_getactivequota.c:64 Warning: argument 'pcontextp' of command @param is not found in the argument list of rquota_getactivequota(nfs_arg_t *parg, exportlist_t *pexport, fsal_op_context_t *pcontext, cache_inode_client_t *pclient, hash_table_t *ht, struct svc_req *preq, nfs_res_t *pres)
/export/GANESHA/src/NFS_Protocols/rquota_getactivequota.c:64 Warning: The following parameters of rquota_getactivequota(nfs_arg_t *parg, exportlist_t *pexport, fsal_op_context_t *pcontext, cache_inode_client_t *pclient, hash_table_t *ht, struct svc_req *preq, nfs_res_t *pres) are not documented:
  parameter 'pexport'
  parameter 'pcontext'
/export/GANESHA/src/NFS_Protocols/rquota_getquota.c:67 Warning: argument 'pexportlist' of command @param is not found in the argument list of rquota_getquota(nfs_arg_t *parg, exportlist_t *pexport, fsal_op_context_t *pcontext, cache_inode_client_t *pclient, hash_table_t *ht, struct svc_req *preq, nfs_res_t *pres)
/export/GANESHA/src/NFS_Protocols/rquota_getquota.c:67 Warning: argument 'pcontextp' of command @param is not found in the argument list of rquota_getquota(nfs_arg_t *parg, exportlist_t *pexport, fsal_op_context_t *pcontext, cache_inode_client_t *pclient, hash_table_t *ht, struct svc_req *preq, nfs_res_t *pres)
/export/GANESHA/src/NFS_Protocols/rquota_getquota.c:67 Warning: The following parameters of rquota_getquota(nfs_arg_t *parg, exportlist_t *pexport, fsal_op_context_t *pcontext, cache_inode_client_t *pclient, hash_table_t *ht, struct svc_req *preq, nfs_res_t *pres) are not documented:
  parameter 'pexport'
  parameter 'pcontext'
/export/GANESHA/src/NFS_Protocols/rquota_Null.c:64 Warning: argument 'pexportlist' of command @param is not found in the argument list of rquota_Null(nfs_arg_t *parg, exportlist_t *pexport, fsal_op_context_t *pcontext, cache_inode_client_t *pclient, hash_table_t *ht, struct svc_req *preq, nfs_res_t *pres)
/export/GANESHA/src/NFS_Protocols/rquota_Null.c:64 Warning: argument 'pcontextp' of command @param is not found in the argument list of rquota_Null(nfs_arg_t *parg, exportlist_t *pexport, fsal_op_context_t *pcontext, cache_inode_client_t *pclient, hash_table_t *ht, struct svc_req *preq, nfs_res_t *pres)
/export/GANESHA/src/NFS_Protocols/rquota_Null.c:64 Warning: The following parameters of rquota_Null(nfs_arg_t *parg, exportlist_t *pexport, fsal_op_context_t *pcontext, cache_inode_client_t *pclient, hash_table_t *ht, struct svc_req *preq, nfs_res_t *pres) are not documented:
  parameter 'pexport'
  parameter 'pcontext'
/export/GANESHA/src/NFS_Protocols/rquota_setactivequota.c:64 Warning: argument 'pexportlist' of command @param is not found in the argument list of rquota_setactivequota(nfs_arg_t *parg, exportlist_t *pexport, fsal_op_context_t *pcontext, cache_inode_client_t *pclient, hash_table_t *ht, struct svc_req *preq, nfs_res_t *pres)
/export/GANESHA/src/NFS_Protocols/rquota_setactivequota.c:64 Warning: argument 'pcontextp' of command @param is not found in the argument list of rquota_setactivequota(nfs_arg_t *parg, exportlist_t *pexport, fsal_op_context_t *pcontext, cache_inode_client_t *pclient, hash_table_t *ht, struct svc_req *preq, nfs_res_t *pres)
/export/GANESHA/src/NFS_Protocols/rquota_setactivequota.c:64 Warning: The following parameters of rquota_setactivequota(nfs_arg_t *parg, exportlist_t *pexport, fsal_op_context_t *pcontext, cache_inode_client_t *pclient, hash_table_t *ht, struct svc_req *preq, nfs_res_t *pres) are not documented:
  parameter 'pexport'
  parameter 'pcontext'
/export/GANESHA/src/NFS_Protocols/rquota_setquota.c:67 Warning: argument 'pexportlist' of command @param is not found in the argument list of rquota_setquota(nfs_arg_t *parg, exportlist_t *pexport, fsal_op_context_t *pcontext, cache_inode_client_t *pclient, hash_table_t *ht, struct svc_req *preq, nfs_res_t *pres)
/export/GANESHA/src/NFS_Protocols/rquota_setquota.c:67 Warning: argument 'pcontextp' of command @param is not found in the argument list of rquota_setquota(nfs_arg_t *parg, exportlist_t *pexport, fsal_op_context_t *pcontext, cache_inode_client_t *pclient, hash_table_t *ht, struct svc_req *preq, nfs_res_t *pres)
/export/GANESHA/src/NFS_Protocols/rquota_setquota.c:67 Warning: The following parameters of rquota_setquota(nfs_arg_t *parg, exportlist_t *pexport, fsal_op_context_t *pcontext, cache_inode_client_t *pclient, hash_table_t *ht, struct svc_req *preq, nfs_res_t *pres) are not documented:
  parameter 'pexport'
  parameter 'pcontext'
