/opt/philippe/GANESHA/src/FSAL_POSIX/fsal_context.c:3 Warning: the name `fsal_creds.c' supplied as the second argument in the \file statement is not an input file
/opt/philippe/GANESHA/src/FSAL_POSIX/fsal_ioctl.c:33 Warning: Compound fsal_named_attr__ is not documented.
/opt/philippe/GANESHA/src/FSAL_POSIX/fsal_access.c:24 Warning: argument `object_handle' of command @param is not found in the argument list of FSAL_access(fsal_handle_t *p_object_handle, fsal_op_context_t *p_context, fsal_accessflags_t access_type, fsal_attrib_list_t *p_object_attributes)
/opt/philippe/GANESHA/src/FSAL_POSIX/fsal_access.c:24 Warning: argument `cred' of command @param is not found in the argument list of FSAL_access(fsal_handle_t *p_object_handle, fsal_op_context_t *p_context, fsal_accessflags_t access_type, fsal_attrib_list_t *p_object_attributes)
/opt/philippe/GANESHA/src/FSAL_POSIX/fsal_access.c:24 Warning: argument `object_attributes' of command @param is not found in the argument list of FSAL_access(fsal_handle_t *p_object_handle, fsal_op_context_t *p_context, fsal_accessflags_t access_type, fsal_attrib_list_t *p_object_attributes)
/opt/philippe/GANESHA/src/FSAL_POSIX/fsal_access.c:24 Warning: The following parameters of FSAL_access(fsal_handle_t *p_object_handle, fsal_op_context_t *p_context, fsal_accessflags_t access_type, fsal_attrib_list_t *p_object_attributes) are not documented:
  parameter p_object_handle
  parameter p_context
  parameter p_object_attributes

/opt/philippe/GANESHA/src/FSAL_POSIX/fsal_access.c:114 Warning: argument `cred' of command @param is not found in the argument list of FSAL_test_access(fsal_op_context_t *p_context, fsal_accessflags_t access_type, fsal_attrib_list_t *p_object_attributes)
/opt/philippe/GANESHA/src/FSAL_POSIX/fsal_access.c:114 Warning: argument `object_attributes' of command @param is not found in the argument list of FSAL_test_access(fsal_op_context_t *p_context, fsal_accessflags_t access_type, fsal_attrib_list_t *p_object_attributes)
/opt/philippe/GANESHA/src/FSAL_POSIX/fsal_access.c:114 Warning: The following parameters of FSAL_test_access(fsal_op_context_t *p_context, fsal_accessflags_t access_type, fsal_attrib_list_t *p_object_attributes) are not documented:
  parameter p_context
  parameter p_object_attributes

/opt/philippe/GANESHA/src/FSAL_POSIX/fsal_attrs.c:18 Warning: argument `filehandle' of command @param is not found in the argument list of FSAL_getattrs(fsal_handle_t *p_filehandle, fsal_op_context_t *p_context, fsal_attrib_list_t *p_object_attributes)
/opt/philippe/GANESHA/src/FSAL_POSIX/fsal_attrs.c:18 Warning: argument `cred' of command @param is not found in the argument list of FSAL_getattrs(fsal_handle_t *p_filehandle, fsal_op_context_t *p_context, fsal_attrib_list_t *p_object_attributes)
/opt/philippe/GANESHA/src/FSAL_POSIX/fsal_attrs.c:18 Warning: argument `object_attributes' of command @param is not found in the argument list of FSAL_getattrs(fsal_handle_t *p_filehandle, fsal_op_context_t *p_context, fsal_attrib_list_t *p_object_attributes)
/opt/philippe/GANESHA/src/FSAL_POSIX/fsal_attrs.c:18 Warning: The following parameters of FSAL_getattrs(fsal_handle_t *p_filehandle, fsal_op_context_t *p_context, fsal_attrib_list_t *p_object_attributes) are not documented:
  parameter p_filehandle
  parameter p_context
  parameter p_object_attributes

/opt/philippe/GANESHA/src/FSAL_POSIX/fsal_attrs.c:77 Warning: argument `filehandle' of command @param is not found in the argument list of FSAL_setattrs(fsal_handle_t *p_filehandle, fsal_op_context_t *p_context, fsal_attrib_list_t *p_attrib_set, fsal_attrib_list_t *p_object_attributes)
/opt/philippe/GANESHA/src/FSAL_POSIX/fsal_attrs.c:77 Warning: argument `cred' of command @param is not found in the argument list of FSAL_setattrs(fsal_handle_t *p_filehandle, fsal_op_context_t *p_context, fsal_attrib_list_t *p_attrib_set, fsal_attrib_list_t *p_object_attributes)
/opt/philippe/GANESHA/src/FSAL_POSIX/fsal_attrs.c:77 Warning: argument `attrib_set' of command @param is not found in the argument list of FSAL_setattrs(fsal_handle_t *p_filehandle, fsal_op_context_t *p_context, fsal_attrib_list_t *p_attrib_set, fsal_attrib_list_t *p_object_attributes)
/opt/philippe/GANESHA/src/FSAL_POSIX/fsal_attrs.c:77 Warning: argument `object_attributes' of command @param is not found in the argument list of FSAL_setattrs(fsal_handle_t *p_filehandle, fsal_op_context_t *p_context, fsal_attrib_list_t *p_attrib_set, fsal_attrib_list_t *p_object_attributes)
/opt/philippe/GANESHA/src/FSAL_POSIX/fsal_attrs.c:77 Warning: The following parameters of FSAL_setattrs(fsal_handle_t *p_filehandle, fsal_op_context_t *p_context, fsal_attrib_list_t *p_attrib_set, fsal_attrib_list_t *p_object_attributes) are not documented:
  parameter p_filehandle
  parameter p_context
  parameter p_attrib_set
  parameter p_object_attributes

/opt/philippe/GANESHA/src/FSAL_POSIX/fsal_convert.c:20 Warning: Member MAX_2(x, y) of file fsal_convert.c is not documented.
/opt/philippe/GANESHA/src/FSAL_POSIX/fsal_convert.c:21 Warning: Member MAX_3(x, y, z) of file fsal_convert.c is not documented.
/opt/philippe/GANESHA/src/FSAL_POSIX/fsal_convert.c:356 Warning: Member posix2fsal_time(time_t tsec) of file fsal_convert.c is not documented.
/opt/philippe/GANESHA/src/FSAL_POSIX/fsal_convert.c:365 Warning: Member posix2fsal_fsid(dev_t posix_devid) of file fsal_convert.c is not documented.
/opt/philippe/GANESHA/src/FSAL_POSIX/fsal_convert.c:376 Warning: Member posix2fsal_devt(dev_t posix_devid) of file fsal_convert.c is not documented.
/opt/philippe/GANESHA/src/FSAL_POSIX/fsal_convert.c:388 Warning: Member posix2fsal_attributes(struct stat *p_buffstat, fsal_attrib_list_t *p_fsalattr_out) of file fsal_convert.c is not documented.
/opt/philippe/GANESHA/src/FSAL_POSIX/fsal_convert.c:185 Warning: argument `p_hpss_flags' of command @param is not found in the argument list of fsal2posix_openflags(fsal_openflags_t fsal_flags, char *p_posix_flags)
/opt/philippe/GANESHA/src/FSAL_POSIX/fsal_convert.c:185 Warning: The following parameters of fsal2posix_openflags(fsal_openflags_t fsal_flags, char *p_posix_flags) are not documented:
  parameter p_posix_flags

/opt/philippe/GANESHA/src/FSAL_POSIX/fsal_create.c:20 Warning: argument `parent_directory_handle' of command @param is not found in the argument list of FSAL_create(fsal_handle_t *p_parent_directory_handle, fsal_name_t *p_filename, fsal_op_context_t *p_context, fsal_accessmode_t accessmode, fsal_handle_t *p_object_handle, fsal_attrib_list_t *p_object_attributes)
/opt/philippe/GANESHA/src/FSAL_POSIX/fsal_create.c:20 Warning: argument `cred' of command @param is not found in the argument list of FSAL_create(fsal_handle_t *p_parent_directory_handle, fsal_name_t *p_filename, fsal_op_context_t *p_context, fsal_accessmode_t accessmode, fsal_handle_t *p_object_handle, fsal_attrib_list_t *p_object_attributes)
/opt/philippe/GANESHA/src/FSAL_POSIX/fsal_create.c:20 Warning: argument `object_handle' of command @param is not found in the argument list of FSAL_create(fsal_handle_t *p_parent_directory_handle, fsal_name_t *p_filename, fsal_op_context_t *p_context, fsal_accessmode_t accessmode, fsal_handle_t *p_object_handle, fsal_attrib_list_t *p_object_attributes)
/opt/philippe/GANESHA/src/FSAL_POSIX/fsal_create.c:20 Warning: argument `object_attributes' of command @param is not found in the argument list of FSAL_create(fsal_handle_t *p_parent_directory_handle, fsal_name_t *p_filename, fsal_op_context_t *p_context, fsal_accessmode_t accessmode, fsal_handle_t *p_object_handle, fsal_attrib_list_t *p_object_attributes)
/opt/philippe/GANESHA/src/FSAL_POSIX/fsal_create.c:20 Warning: The following parameters of FSAL_create(fsal_handle_t *p_parent_directory_handle, fsal_name_t *p_filename, fsal_op_context_t *p_context, fsal_accessmode_t accessmode, fsal_handle_t *p_object_handle, fsal_attrib_list_t *p_object_attributes) are not documented:
  parameter p_parent_directory_handle
  parameter p_context
  parameter p_object_handle
  parameter p_object_attributes

/opt/philippe/GANESHA/src/FSAL_POSIX/fsal_create.c:297 Warning: argument `target_handle' of command @param is not found in the argument list of FSAL_link(fsal_handle_t *p_target_handle, fsal_handle_t *p_dir_handle, fsal_name_t *p_link_name, fsal_op_context_t *p_context, fsal_attrib_list_t *p_attributes)
/opt/philippe/GANESHA/src/FSAL_POSIX/fsal_create.c:297 Warning: argument `dir_handle' of command @param is not found in the argument list of FSAL_link(fsal_handle_t *p_target_handle, fsal_handle_t *p_dir_handle, fsal_name_t *p_link_name, fsal_op_context_t *p_context, fsal_attrib_list_t *p_attributes)
/opt/philippe/GANESHA/src/FSAL_POSIX/fsal_create.c:297 Warning: argument `cred' of command @param is not found in the argument list of FSAL_link(fsal_handle_t *p_target_handle, fsal_handle_t *p_dir_handle, fsal_name_t *p_link_name, fsal_op_context_t *p_context, fsal_attrib_list_t *p_attributes)
/opt/philippe/GANESHA/src/FSAL_POSIX/fsal_create.c:297 Warning: argument `accessmode' of command @param is not found in the argument list of FSAL_link(fsal_handle_t *p_target_handle, fsal_handle_t *p_dir_handle, fsal_name_t *p_link_name, fsal_op_context_t *p_context, fsal_attrib_list_t *p_attributes)
/opt/philippe/GANESHA/src/FSAL_POSIX/fsal_create.c:297 Warning: argument `attributes' of command @param is not found in the argument list of FSAL_link(fsal_handle_t *p_target_handle, fsal_handle_t *p_dir_handle, fsal_name_t *p_link_name, fsal_op_context_t *p_context, fsal_attrib_list_t *p_attributes)
/opt/philippe/GANESHA/src/FSAL_POSIX/fsal_create.c:297 Warning: The following parameters of FSAL_link(fsal_handle_t *p_target_handle, fsal_handle_t *p_dir_handle, fsal_name_t *p_link_name, fsal_op_context_t *p_context, fsal_attrib_list_t *p_attributes) are not documented:
  parameter p_target_handle
  parameter p_dir_handle
  parameter p_context
  parameter p_attributes

/opt/philippe/GANESHA/src/FSAL_POSIX/fsal_create.c:166 Warning: argument `parent_directory_handle' of command @param is not found in the argument list of FSAL_mkdir(fsal_handle_t *p_parent_directory_handle, fsal_name_t *p_dirname, fsal_op_context_t *p_context, fsal_accessmode_t accessmode, fsal_handle_t *p_object_handle, fsal_attrib_list_t *p_object_attributes)
/opt/philippe/GANESHA/src/FSAL_POSIX/fsal_create.c:166 Warning: argument `cred' of command @param is not found in the argument list of FSAL_mkdir(fsal_handle_t *p_parent_directory_handle, fsal_name_t *p_dirname, fsal_op_context_t *p_context, fsal_accessmode_t accessmode, fsal_handle_t *p_object_handle, fsal_attrib_list_t *p_object_attributes)
/opt/philippe/GANESHA/src/FSAL_POSIX/fsal_create.c:166 Warning: argument `object_handle' of command @param is not found in the argument list of FSAL_mkdir(fsal_handle_t *p_parent_directory_handle, fsal_name_t *p_dirname, fsal_op_context_t *p_context, fsal_accessmode_t accessmode, fsal_handle_t *p_object_handle, fsal_attrib_list_t *p_object_attributes)
/opt/philippe/GANESHA/src/FSAL_POSIX/fsal_create.c:166 Warning: argument `object_attributes' of command @param is not found in the argument list of FSAL_mkdir(fsal_handle_t *p_parent_directory_handle, fsal_name_t *p_dirname, fsal_op_context_t *p_context, fsal_accessmode_t accessmode, fsal_handle_t *p_object_handle, fsal_attrib_list_t *p_object_attributes)
/opt/philippe/GANESHA/src/FSAL_POSIX/fsal_create.c:166 Warning: The following parameters of FSAL_mkdir(fsal_handle_t *p_parent_directory_handle, fsal_name_t *p_dirname, fsal_op_context_t *p_context, fsal_accessmode_t accessmode, fsal_handle_t *p_object_handle, fsal_attrib_list_t *p_object_attributes) are not documented:
  parameter p_parent_directory_handle
  parameter p_context
  parameter p_object_handle
  parameter p_object_attributes

/opt/philippe/GANESHA/src/FSAL_POSIX/fsal_dirs.c:312 Warning: argument `dir_descriptor' of command @param is not found in the argument list of FSAL_closedir(fsal_dir_t *p_dir_descriptor)
/opt/philippe/GANESHA/src/FSAL_POSIX/fsal_dirs.c:312 Warning: The following parameters of FSAL_closedir(fsal_dir_t *p_dir_descriptor) are not documented:
  parameter p_dir_descriptor

/opt/philippe/GANESHA/src/FSAL_POSIX/fsal_dirs.c:19 Warning: argument `dir_handle' of command @param is not found in the argument list of FSAL_opendir(fsal_handle_t *p_dir_handle, fsal_op_context_t *p_context, fsal_dir_t *p_dir_descriptor, fsal_attrib_list_t *p_dir_attributes)
/opt/philippe/GANESHA/src/FSAL_POSIX/fsal_dirs.c:19 Warning: argument `cred' of command @param is not found in the argument list of FSAL_opendir(fsal_handle_t *p_dir_handle, fsal_op_context_t *p_context, fsal_dir_t *p_dir_descriptor, fsal_attrib_list_t *p_dir_attributes)
/opt/philippe/GANESHA/src/FSAL_POSIX/fsal_dirs.c:19 Warning: argument `dir_descriptor' of command @param is not found in the argument list of FSAL_opendir(fsal_handle_t *p_dir_handle, fsal_op_context_t *p_context, fsal_dir_t *p_dir_descriptor, fsal_attrib_list_t *p_dir_attributes)
/opt/philippe/GANESHA/src/FSAL_POSIX/fsal_dirs.c:19 Warning: argument `dir_attributes' of command @param is not found in the argument list of FSAL_opendir(fsal_handle_t *p_dir_handle, fsal_op_context_t *p_context, fsal_dir_t *p_dir_descriptor, fsal_attrib_list_t *p_dir_attributes)
/opt/philippe/GANESHA/src/FSAL_POSIX/fsal_dirs.c:19 Warning: The following parameters of FSAL_opendir(fsal_handle_t *p_dir_handle, fsal_op_context_t *p_context, fsal_dir_t *p_dir_descriptor, fsal_attrib_list_t *p_dir_attributes) are not documented:
  parameter p_dir_handle
  parameter p_context
  parameter p_dir_descriptor
  parameter p_dir_attributes

/opt/philippe/GANESHA/src/FSAL_POSIX/fsal_dirs.c:117 Warning: argument `dir_descriptor' of command @param is not found in the argument list of FSAL_readdir(fsal_dir_t *p_dir_descriptor, fsal_cookie_t start_position, fsal_attrib_mask_t get_attr_mask, fsal_mdsize_t buffersize, fsal_dirent_t *p_pdirent, fsal_cookie_t *p_end_position, fsal_count_t *p_nb_entries, fsal_boolean_t *p_end_of_dir)
/opt/philippe/GANESHA/src/FSAL_POSIX/fsal_dirs.c:117 Warning: argument `pdirent' of command @param is not found in the argument list of FSAL_readdir(fsal_dir_t *p_dir_descriptor, fsal_cookie_t start_position, fsal_attrib_mask_t get_attr_mask, fsal_mdsize_t buffersize, fsal_dirent_t *p_pdirent, fsal_cookie_t *p_end_position, fsal_count_t *p_nb_entries, fsal_boolean_t *p_end_of_dir)
/opt/philippe/GANESHA/src/FSAL_POSIX/fsal_dirs.c:117 Warning: argument `end_position' of command @param is not found in the argument list of FSAL_readdir(fsal_dir_t *p_dir_descriptor, fsal_cookie_t start_position, fsal_attrib_mask_t get_attr_mask, fsal_mdsize_t buffersize, fsal_dirent_t *p_pdirent, fsal_cookie_t *p_end_position, fsal_count_t *p_nb_entries, fsal_boolean_t *p_end_of_dir)
/opt/philippe/GANESHA/src/FSAL_POSIX/fsal_dirs.c:117 Warning: argument `nb_entries' of command @param is not found in the argument list of FSAL_readdir(fsal_dir_t *p_dir_descriptor, fsal_cookie_t start_position, fsal_attrib_mask_t get_attr_mask, fsal_mdsize_t buffersize, fsal_dirent_t *p_pdirent, fsal_cookie_t *p_end_position, fsal_count_t *p_nb_entries, fsal_boolean_t *p_end_of_dir)
/opt/philippe/GANESHA/src/FSAL_POSIX/fsal_dirs.c:117 Warning: argument `end_of_dir' of command @param is not found in the argument list of FSAL_readdir(fsal_dir_t *p_dir_descriptor, fsal_cookie_t start_position, fsal_attrib_mask_t get_attr_mask, fsal_mdsize_t buffersize, fsal_dirent_t *p_pdirent, fsal_cookie_t *p_end_position, fsal_count_t *p_nb_entries, fsal_boolean_t *p_end_of_dir)
/opt/philippe/GANESHA/src/FSAL_POSIX/fsal_dirs.c:117 Warning: The following parameters of FSAL_readdir(fsal_dir_t *p_dir_descriptor, fsal_cookie_t start_position, fsal_attrib_mask_t get_attr_mask, fsal_mdsize_t buffersize, fsal_dirent_t *p_pdirent, fsal_cookie_t *p_end_position, fsal_count_t *p_nb_entries, fsal_boolean_t *p_end_of_dir) are not documented:
  parameter p_dir_descriptor
  parameter p_pdirent
  parameter p_end_position
  parameter p_nb_entries
  parameter p_end_of_dir

/opt/philippe/GANESHA/src/FSAL_POSIX/fsal_errors.c:29 Warning: argument `input' of command @param is not found in the argument list of fsal_is_retryable(fsal_status_t status)
/opt/philippe/GANESHA/src/FSAL_POSIX/fsal_fileop.c:408 Warning: argument `file_descriptor' of command @param is not found in the argument list of FSAL_close(fsal_file_t *p_file_descriptor)
/opt/philippe/GANESHA/src/FSAL_POSIX/fsal_fileop.c:408 Warning: The following parameters of FSAL_close(fsal_file_t *p_file_descriptor) are not documented:
  parameter p_file_descriptor

/opt/philippe/GANESHA/src/FSAL_POSIX/fsal_fileop.c:52 Warning: argument `filehandle' of command @param is not found in the argument list of FSAL_open(fsal_handle_t *p_filehandle, fsal_op_context_t *p_context, fsal_openflags_t openflags, fsal_file_t *p_file_descriptor, fsal_attrib_list_t *p_file_attributes)
/opt/philippe/GANESHA/src/FSAL_POSIX/fsal_fileop.c:52 Warning: argument `cred' of command @param is not found in the argument list of FSAL_open(fsal_handle_t *p_filehandle, fsal_op_context_t *p_context, fsal_openflags_t openflags, fsal_file_t *p_file_descriptor, fsal_attrib_list_t *p_file_attributes)
/opt/philippe/GANESHA/src/FSAL_POSIX/fsal_fileop.c:52 Warning: argument `file_descriptor' of command @param is not found in the argument list of FSAL_open(fsal_handle_t *p_filehandle, fsal_op_context_t *p_context, fsal_openflags_t openflags, fsal_file_t *p_file_descriptor, fsal_attrib_list_t *p_file_attributes)
/opt/philippe/GANESHA/src/FSAL_POSIX/fsal_fileop.c:52 Warning: argument `file_attributes' of command @param is not found in the argument list of FSAL_open(fsal_handle_t *p_filehandle, fsal_op_context_t *p_context, fsal_openflags_t openflags, fsal_file_t *p_file_descriptor, fsal_attrib_list_t *p_file_attributes)
/opt/philippe/GANESHA/src/FSAL_POSIX/fsal_fileop.c:52 Warning: The following parameters of FSAL_open(fsal_handle_t *p_filehandle, fsal_op_context_t *p_context, fsal_openflags_t openflags, fsal_file_t *p_file_descriptor, fsal_attrib_list_t *p_file_attributes) are not documented:
  parameter p_filehandle
  parameter p_context
  parameter p_file_descriptor
  parameter p_file_attributes

/opt/philippe/GANESHA/src/FSAL_POSIX/fsal_fileop.c:154 Warning: argument `file_descriptor' of command @param is not found in the argument list of FSAL_read(fsal_file_t *p_file_descriptor, fsal_seek_t *p_seek_descriptor, fsal_size_t buffer_size, caddr_t buffer, fsal_size_t *p_read_amount, fsal_boolean_t *p_end_of_file)
/opt/philippe/GANESHA/src/FSAL_POSIX/fsal_fileop.c:154 Warning: argument `seek_descriptor' of command @param is not found in the argument list of FSAL_read(fsal_file_t *p_file_descriptor, fsal_seek_t *p_seek_descriptor, fsal_size_t buffer_size, caddr_t buffer, fsal_size_t *p_read_amount, fsal_boolean_t *p_end_of_file)
/opt/philippe/GANESHA/src/FSAL_POSIX/fsal_fileop.c:154 Warning: argument `read_amount' of command @param is not found in the argument list of FSAL_read(fsal_file_t *p_file_descriptor, fsal_seek_t *p_seek_descriptor, fsal_size_t buffer_size, caddr_t buffer, fsal_size_t *p_read_amount, fsal_boolean_t *p_end_of_file)
/opt/philippe/GANESHA/src/FSAL_POSIX/fsal_fileop.c:154 Warning: argument `end_of_file' of command @param is not found in the argument list of FSAL_read(fsal_file_t *p_file_descriptor, fsal_seek_t *p_seek_descriptor, fsal_size_t buffer_size, caddr_t buffer, fsal_size_t *p_read_amount, fsal_boolean_t *p_end_of_file)
/opt/philippe/GANESHA/src/FSAL_POSIX/fsal_fileop.c:154 Warning: The following parameters of FSAL_read(fsal_file_t *p_file_descriptor, fsal_seek_t *p_seek_descriptor, fsal_size_t buffer_size, caddr_t buffer, fsal_size_t *p_read_amount, fsal_boolean_t *p_end_of_file) are not documented:
  parameter p_file_descriptor
  parameter p_seek_descriptor
  parameter p_read_amount
  parameter p_end_of_file

/opt/philippe/GANESHA/src/FSAL_POSIX/fsal_fileop.c:283 Warning: argument `file_descriptor' of command @param is not found in the argument list of FSAL_write(fsal_file_t *p_file_descriptor, fsal_seek_t *p_seek_descriptor, fsal_size_t buffer_size, caddr_t buffer, fsal_size_t *p_write_amount)
/opt/philippe/GANESHA/src/FSAL_POSIX/fsal_fileop.c:283 Warning: argument `seek_descriptor' of command @param is not found in the argument list of FSAL_write(fsal_file_t *p_file_descriptor, fsal_seek_t *p_seek_descriptor, fsal_size_t buffer_size, caddr_t buffer, fsal_size_t *p_write_amount)
/opt/philippe/GANESHA/src/FSAL_POSIX/fsal_fileop.c:283 Warning: argument `write_amount' of command @param is not found in the argument list of FSAL_write(fsal_file_t *p_file_descriptor, fsal_seek_t *p_seek_descriptor, fsal_size_t buffer_size, caddr_t buffer, fsal_size_t *p_write_amount)
/opt/philippe/GANESHA/src/FSAL_POSIX/fsal_fileop.c:283 Warning: The following parameters of FSAL_write(fsal_file_t *p_file_descriptor, fsal_seek_t *p_seek_descriptor, fsal_size_t buffer_size, caddr_t buffer, fsal_size_t *p_write_amount) are not documented:
  parameter p_file_descriptor
  parameter p_seek_descriptor
  parameter p_write_amount

/opt/philippe/GANESHA/src/FSAL_POSIX/fsal_fsinfo.c:85 Warning: argument `filehandle' of command @param is not found in the argument list of FSAL_dynamic_fsinfo(fsal_handle_t *p_filehandle, fsal_op_context_t *p_context, fsal_dynamicfsinfo_t *p_dynamicinfo)
/opt/philippe/GANESHA/src/FSAL_POSIX/fsal_fsinfo.c:85 Warning: argument `cred' of command @param is not found in the argument list of FSAL_dynamic_fsinfo(fsal_handle_t *p_filehandle, fsal_op_context_t *p_context, fsal_dynamicfsinfo_t *p_dynamicinfo)
/opt/philippe/GANESHA/src/FSAL_POSIX/fsal_fsinfo.c:85 Warning: argument `dynamicinfo' of command @param is not found in the argument list of FSAL_dynamic_fsinfo(fsal_handle_t *p_filehandle, fsal_op_context_t *p_context, fsal_dynamicfsinfo_t *p_dynamicinfo)
/opt/philippe/GANESHA/src/FSAL_POSIX/fsal_fsinfo.c:85 Warning: The following parameters of FSAL_dynamic_fsinfo(fsal_handle_t *p_filehandle, fsal_op_context_t *p_context, fsal_dynamicfsinfo_t *p_dynamicinfo) are not documented:
  parameter p_filehandle
  parameter p_context
  parameter p_dynamicinfo

/opt/philippe/GANESHA/src/FSAL_POSIX/fsal_fsinfo.c:49 Warning: argument `filehandle' of command @param is not found in the argument list of FSAL_static_fsinfo(fsal_handle_t *p_filehandle, fsal_op_context_t *p_context, fsal_staticfsinfo_t *p_staticinfo)
/opt/philippe/GANESHA/src/FSAL_POSIX/fsal_fsinfo.c:49 Warning: argument `cred' of command @param is not found in the argument list of FSAL_static_fsinfo(fsal_handle_t *p_filehandle, fsal_op_context_t *p_context, fsal_staticfsinfo_t *p_staticinfo)
/opt/philippe/GANESHA/src/FSAL_POSIX/fsal_fsinfo.c:49 Warning: argument `staticinfo' of command @param is not found in the argument list of FSAL_static_fsinfo(fsal_handle_t *p_filehandle, fsal_op_context_t *p_context, fsal_staticfsinfo_t *p_staticinfo)
/opt/philippe/GANESHA/src/FSAL_POSIX/fsal_fsinfo.c:49 Warning: The following parameters of FSAL_static_fsinfo(fsal_handle_t *p_filehandle, fsal_op_context_t *p_context, fsal_staticfsinfo_t *p_staticinfo) are not documented:
  parameter p_filehandle
  parameter p_context
  parameter p_staticinfo

/opt/philippe/GANESHA/src/FSAL_POSIX/fsal_init.c:34 Warning: Member SET_BITMAP_PARAM(api_cfg, p_init_info, _field) of file fsal_init.c is not documented.
/opt/philippe/GANESHA/src/FSAL_POSIX/fsal_init.c:54 Warning: Member SET_INTEGER_PARAM(api_cfg, p_init_info, _field) of file fsal_init.c is not documented.
/opt/philippe/GANESHA/src/FSAL_POSIX/fsal_init.c:64 Warning: Member SET_STRING_PARAM(api_cfg, p_init_info, _field) of file fsal_init.c is not documented.
/opt/philippe/GANESHA/src/FSAL_POSIX/fsal_internal.c:16 Warning: Member FSAL_INTERNAL_C of file fsal_internal.c is not documented.
/opt/philippe/GANESHA/src/FSAL_POSIX/fsal_internal.c:286 Warning: Member SET_INTEGER_PARAM(cfg, p_init_info, _field) of file fsal_internal.c is not documented.
/opt/philippe/GANESHA/src/FSAL_POSIX/fsal_internal.c:304 Warning: Member SET_BITMAP_PARAM(cfg, p_init_info, _field) of file fsal_internal.c is not documented.
/opt/philippe/GANESHA/src/FSAL_POSIX/fsal_internal.c:322 Warning: Member SET_BOOLEAN_PARAM(cfg, p_init_info, _field) of file fsal_internal.c is not documented.
/opt/philippe/GANESHA/src/FSAL_POSIX/fsal_internal.c:257 Warning: Member ReleaseTokenFSCall() of file fsal_internal.c is not documented.
/opt/philippe/GANESHA/src/FSAL_POSIX/fsal_internal.c:331 Warning: Member fsal_internal_init_global(fsal_init_info_t *fsal_info, fs_common_initinfo_t *fs_common_info, fs_specific_initinfo_t *fs_specific_info) of file fsal_internal.c is not documented.
/opt/philippe/GANESHA/src/FSAL_POSIX/fsal_internal.c:470 Warning: Member fsal_internal_posixdb_add_entry(fsal_posixdb_conn *p_conn, fsal_name_t *p_filename, fsal_posixdb_fileinfo_t *p_info, fsal_handle_t *p_dir_handle, fsal_handle_t *p_new_handle) of file fsal_internal.c is not documented.
/opt/philippe/GANESHA/src/FSAL_POSIX/fsal_internal.c:757 Warning: Member fsal_internal_testAccess(fsal_op_context_t *p_context, fsal_accessflags_t access_type, struct stat *p_buffstat, fsal_attrib_list_t *p_object_attributes) of file fsal_internal.c is not documented.
/opt/philippe/GANESHA/src/FSAL_POSIX/fsal_internal.c:30 Warning: Member CredentialLifetime of file fsal_internal.c is not documented.
/opt/philippe/GANESHA/src/FSAL_POSIX/fsal_internal.c:36 Warning: Member global_fs_info of file fsal_internal.c is not documented.
/opt/philippe/GANESHA/src/FSAL_POSIX/fsal_internal.c:37 Warning: Member global_posixdb_params of file fsal_internal.c is not documented.
/opt/philippe/GANESHA/src/FSAL_POSIX/fsal_internal.c:70 Warning: Member fsal_log of file fsal_internal.c is not documented.
/opt/philippe/GANESHA/src/FSAL_POSIX/fsal_internal.c:75 Warning: Member sem_fs_calls of file fsal_internal.c is not documented.
/opt/philippe/GANESHA/src/FSAL_POSIX/fsal_internal.c:679 Warning: The following parameters of fsal_internal_getInfoFromChildrenList(fsal_op_context_t *p_context, fsal_handle_t *p_parent_dir_handle, fsal_name_t *p_fsalname, fsal_posixdb_fileinfo_t *p_infofs, fsal_posixdb_child *p_children, unsigned int children_count, fsal_handle_t *p_object_handle) are not documented:
  parameter children_count

/opt/philippe/GANESHA/src/FSAL_POSIX/fsal_ioctl.c:59 Warning: Member FSAL_NB_NAMED_ATTRS of file fsal_ioctl.c is not documented.
/opt/philippe/GANESHA/src/FSAL_POSIX/fsal_ioctl.c:31 Warning: Member named_attr_action_t of file fsal_ioctl.c is not documented.
/opt/philippe/GANESHA/src/FSAL_POSIX/fsal_ioctl.c:41 Warning: Member fsal_named_attr_t of file fsal_ioctl.c is not documented.
/opt/philippe/GANESHA/src/FSAL_POSIX/fsal_ioctl.c:31 Warning: Member named_attr_action_t of file fsal_ioctl.c is not documented.
/opt/philippe/GANESHA/src/FSAL_POSIX/fsal_lookup.c:20 Warning: argument `parent_directory_handle' of command @param is not found in the argument list of FSAL_lookup(fsal_handle_t *p_parent_directory_handle, fsal_name_t *p_filename, fsal_op_context_t *p_context, fsal_handle_t *p_object_handle, fsal_attrib_list_t *p_object_attributes)
/opt/philippe/GANESHA/src/FSAL_POSIX/fsal_lookup.c:20 Warning: argument `filename' of command @param is not found in the argument list of FSAL_lookup(fsal_handle_t *p_parent_directory_handle, fsal_name_t *p_filename, fsal_op_context_t *p_context, fsal_handle_t *p_object_handle, fsal_attrib_list_t *p_object_attributes)
/opt/philippe/GANESHA/src/FSAL_POSIX/fsal_lookup.c:20 Warning: argument `object_handle' of command @param is not found in the argument list of FSAL_lookup(fsal_handle_t *p_parent_directory_handle, fsal_name_t *p_filename, fsal_op_context_t *p_context, fsal_handle_t *p_object_handle, fsal_attrib_list_t *p_object_attributes)
/opt/philippe/GANESHA/src/FSAL_POSIX/fsal_lookup.c:20 Warning: argument `object_attributes' of command @param is not found in the argument list of FSAL_lookup(fsal_handle_t *p_parent_directory_handle, fsal_name_t *p_filename, fsal_op_context_t *p_context, fsal_handle_t *p_object_handle, fsal_attrib_list_t *p_object_attributes)
/opt/philippe/GANESHA/src/FSAL_POSIX/fsal_lookup.c:20 Warning: The following parameters of FSAL_lookup(fsal_handle_t *p_parent_directory_handle, fsal_name_t *p_filename, fsal_op_context_t *p_context, fsal_handle_t *p_object_handle, fsal_attrib_list_t *p_object_attributes) are not documented:
  parameter p_parent_directory_handle
  parameter p_filename
  parameter p_object_handle
  parameter p_object_attributes

/opt/philippe/GANESHA/src/FSAL_POSIX/fsal_lookup.c:316 Warning: argument `p_fsroot_handle' of command @param is not found in the argument list of FSAL_lookupJunction(fsal_handle_t *p_junction_handle, fsal_op_context_t *p_context, fsal_handle_t *p_fsoot_handle, fsal_attrib_list_t *p_fsroot_attributes)
/opt/philippe/GANESHA/src/FSAL_POSIX/fsal_lookup.c:316 Warning: The following parameters of FSAL_lookupJunction(fsal_handle_t *p_junction_handle, fsal_op_context_t *p_context, fsal_handle_t *p_fsoot_handle, fsal_attrib_list_t *p_fsroot_attributes) are not documented:
  parameter p_fsoot_handle

/opt/philippe/GANESHA/src/FSAL_POSIX/fsal_lookup.c:184 Warning: argument `path' of command @param is not found in the argument list of FSAL_lookupPath(fsal_path_t *p_path, fsal_op_context_t *p_context, fsal_handle_t *object_handle, fsal_attrib_list_t *object_attributes)
/opt/philippe/GANESHA/src/FSAL_POSIX/fsal_lookup.c:184 Warning: The following parameters of FSAL_lookupPath(fsal_path_t *p_path, fsal_op_context_t *p_context, fsal_handle_t *object_handle, fsal_attrib_list_t *object_attributes) are not documented:
  parameter p_path

/opt/philippe/GANESHA/src/FSAL_POSIX/fsal_objectres.c:14 Warning: Member FSAL_CleanObjectResources(fsal_handle_t *in_fsal_handle) of file fsal_objectres.c is not documented.
/opt/philippe/GANESHA/src/FSAL_POSIX/fsal_rcp.c:65 Warning: Member RCP_BUFFER_SIZE of file fsal_rcp.c is not documented.
/opt/philippe/GANESHA/src/FSAL_POSIX/fsal_rcp.c:21 Warning: argument `cred' of command @param is not found in the argument list of FSAL_rcp(fsal_handle_t *filehandle, fsal_op_context_t *p_context, fsal_path_t *p_local_path, fsal_rcpflag_t transfer_opt)
/opt/philippe/GANESHA/src/FSAL_POSIX/fsal_rcp.c:21 Warning: The following parameters of FSAL_rcp(fsal_handle_t *filehandle, fsal_op_context_t *p_context, fsal_path_t *p_local_path, fsal_rcpflag_t transfer_opt) are not documented:
  parameter p_context

/opt/philippe/GANESHA/src/FSAL_POSIX/fsal_rename.c:20 Warning: argument `old_parentdir_handle' of command @param is not found in the argument list of FSAL_rename(fsal_handle_t *p_old_parentdir_handle, fsal_name_t *p_old_name, fsal_handle_t *p_new_parentdir_handle, fsal_name_t *p_new_name, fsal_op_context_t *p_context, fsal_attrib_list_t *p_src_dir_attributes, fsal_attrib_list_t *p_tgt_dir_attributes)
/opt/philippe/GANESHA/src/FSAL_POSIX/fsal_rename.c:20 Warning: argument `new_parentdir_handle' of command @param is not found in the argument list of FSAL_rename(fsal_handle_t *p_old_parentdir_handle, fsal_name_t *p_old_name, fsal_handle_t *p_new_parentdir_handle, fsal_name_t *p_new_name, fsal_op_context_t *p_context, fsal_attrib_list_t *p_src_dir_attributes, fsal_attrib_list_t *p_tgt_dir_attributes)
/opt/philippe/GANESHA/src/FSAL_POSIX/fsal_rename.c:20 Warning: argument `cred' of command @param is not found in the argument list of FSAL_rename(fsal_handle_t *p_old_parentdir_handle, fsal_name_t *p_old_name, fsal_handle_t *p_new_parentdir_handle, fsal_name_t *p_new_name, fsal_op_context_t *p_context, fsal_attrib_list_t *p_src_dir_attributes, fsal_attrib_list_t *p_tgt_dir_attributes)
/opt/philippe/GANESHA/src/FSAL_POSIX/fsal_rename.c:20 Warning: argument `src_dir_attributes' of command @param is not found in the argument list of FSAL_rename(fsal_handle_t *p_old_parentdir_handle, fsal_name_t *p_old_name, fsal_handle_t *p_new_parentdir_handle, fsal_name_t *p_new_name, fsal_op_context_t *p_context, fsal_attrib_list_t *p_src_dir_attributes, fsal_attrib_list_t *p_tgt_dir_attributes)
/opt/philippe/GANESHA/src/FSAL_POSIX/fsal_rename.c:20 Warning: argument `tgt_dir_attributes' of command @param is not found in the argument list of FSAL_rename(fsal_handle_t *p_old_parentdir_handle, fsal_name_t *p_old_name, fsal_handle_t *p_new_parentdir_handle, fsal_name_t *p_new_name, fsal_op_context_t *p_context, fsal_attrib_list_t *p_src_dir_attributes, fsal_attrib_list_t *p_tgt_dir_attributes)
/opt/philippe/GANESHA/src/FSAL_POSIX/fsal_rename.c:20 Warning: The following parameters of FSAL_rename(fsal_handle_t *p_old_parentdir_handle, fsal_name_t *p_old_name, fsal_handle_t *p_new_parentdir_handle, fsal_name_t *p_new_name, fsal_op_context_t *p_context, fsal_attrib_list_t *p_src_dir_attributes, fsal_attrib_list_t *p_tgt_dir_attributes) are not documented:
  parameter p_old_parentdir_handle
  parameter p_new_parentdir_handle
  parameter p_context
  parameter p_src_dir_attributes
  parameter p_tgt_dir_attributes

/opt/philippe/GANESHA/src/FSAL_POSIX/fsal_symlinks.c:19 Warning: argument `linkhandle' of command @param is not found in the argument list of FSAL_readlink(fsal_handle_t *p_linkhandle, fsal_op_context_t *p_context, fsal_path_t *p_link_content, fsal_attrib_list_t *p_link_attributes)
/opt/philippe/GANESHA/src/FSAL_POSIX/fsal_symlinks.c:19 Warning: argument `cred' of command @param is not found in the argument list of FSAL_readlink(fsal_handle_t *p_linkhandle, fsal_op_context_t *p_context, fsal_path_t *p_link_content, fsal_attrib_list_t *p_link_attributes)
/opt/philippe/GANESHA/src/FSAL_POSIX/fsal_symlinks.c:19 Warning: argument `link_attributes' of command @param is not found in the argument list of FSAL_readlink(fsal_handle_t *p_linkhandle, fsal_op_context_t *p_context, fsal_path_t *p_link_content, fsal_attrib_list_t *p_link_attributes)
/opt/philippe/GANESHA/src/FSAL_POSIX/fsal_symlinks.c:19 Warning: The following parameters of FSAL_readlink(fsal_handle_t *p_linkhandle, fsal_op_context_t *p_context, fsal_path_t *p_link_content, fsal_attrib_list_t *p_link_attributes) are not documented:
  parameter p_linkhandle
  parameter p_context
  parameter p_link_attributes

/opt/philippe/GANESHA/src/FSAL_POSIX/fsal_symlinks.c:109 Warning: argument `parent_directory_handle' of command @param is not found in the argument list of FSAL_symlink(fsal_handle_t *p_parent_directory_handle, fsal_name_t *p_linkname, fsal_path_t *p_linkcontent, fsal_op_context_t *p_context, fsal_accessmode_t accessmode, fsal_handle_t *p_link_handle, fsal_attrib_list_t *p_link_attributes)
/opt/philippe/GANESHA/src/FSAL_POSIX/fsal_symlinks.c:109 Warning: argument `cred' of command @param is not found in the argument list of FSAL_symlink(fsal_handle_t *p_parent_directory_handle, fsal_name_t *p_linkname, fsal_path_t *p_linkcontent, fsal_op_context_t *p_context, fsal_accessmode_t accessmode, fsal_handle_t *p_link_handle, fsal_attrib_list_t *p_link_attributes)
/opt/philippe/GANESHA/src/FSAL_POSIX/fsal_symlinks.c:109 Warning: argument `link_handle' of command @param is not found in the argument list of FSAL_symlink(fsal_handle_t *p_parent_directory_handle, fsal_name_t *p_linkname, fsal_path_t *p_linkcontent, fsal_op_context_t *p_context, fsal_accessmode_t accessmode, fsal_handle_t *p_link_handle, fsal_attrib_list_t *p_link_attributes)
/opt/philippe/GANESHA/src/FSAL_POSIX/fsal_symlinks.c:109 Warning: argument `link_attributes' of command @param is not found in the argument list of FSAL_symlink(fsal_handle_t *p_parent_directory_handle, fsal_name_t *p_linkname, fsal_path_t *p_linkcontent, fsal_op_context_t *p_context, fsal_accessmode_t accessmode, fsal_handle_t *p_link_handle, fsal_attrib_list_t *p_link_attributes)
/opt/philippe/GANESHA/src/FSAL_POSIX/fsal_symlinks.c:109 Warning: The following parameters of FSAL_symlink(fsal_handle_t *p_parent_directory_handle, fsal_name_t *p_linkname, fsal_path_t *p_linkcontent, fsal_op_context_t *p_context, fsal_accessmode_t accessmode, fsal_handle_t *p_link_handle, fsal_attrib_list_t *p_link_attributes) are not documented:
  parameter p_parent_directory_handle
  parameter p_context
  parameter p_link_handle
  parameter p_link_attributes

/opt/philippe/GANESHA/src/FSAL_POSIX/fsal_tools.c:20 Warning: Member STRCMP of file fsal_tools.c is not documented.
/opt/philippe/GANESHA/src/FSAL_POSIX/fsal_tools.c:57 Warning: Member IS_HEXA(c) of file fsal_tools.c is not documented.
/opt/philippe/GANESHA/src/FSAL_POSIX/fsal_tools.c:62 Warning: Member HEXA2BYTE(c) of file fsal_tools.c is not documented.
/opt/philippe/GANESHA/src/FSAL_POSIX/fsal_tools.c:378 Warning: Member FSAL_SetDefault_FS_common_parameter(fsal_parameter_t *out_parameter) of file fsal_tools.c is not documented.
/opt/philippe/GANESHA/src/FSAL_POSIX/fsal_tools.c:416 Warning: Member FSAL_SetDefault_FS_specific_parameter(fsal_parameter_t *out_parameter) of file fsal_tools.c is not documented.
/opt/philippe/GANESHA/src/FSAL_POSIX/fsal_tools.c:573 Warning: Member FSAL_load_FS_common_parameter_from_conf(config_file_t in_config, fsal_parameter_t *out_parameter) of file fsal_tools.c is not documented.
/opt/philippe/GANESHA/src/FSAL_POSIX/fsal_tools.c:736 Warning: Member FSAL_load_FS_specific_parameter_from_conf(config_file_t in_config, fsal_parameter_t *out_parameter) of file fsal_tools.c is not documented.
/opt/philippe/GANESHA/src/FSAL_POSIX/fsal_tools.c:159 Warning: argument `in_fsal_handle' of command @param is not found in the argument list of FSAL_DigestHandle(fsal_export_context_t *p_expcontext, fsal_digesttype_t output_type, fsal_handle_t *p_in_fsal_handle, caddr_t out_buff)
/opt/philippe/GANESHA/src/FSAL_POSIX/fsal_tools.c:159 Warning: The following parameters of FSAL_DigestHandle(fsal_export_context_t *p_expcontext, fsal_digesttype_t output_type, fsal_handle_t *p_in_fsal_handle, caddr_t out_buff) are not documented:
  parameter p_expcontext
  parameter p_in_fsal_handle

/opt/philippe/GANESHA/src/FSAL_POSIX/fsal_tools.c:291 Warning: argument `out_fsal_handle' of command @param is not found in the argument list of FSAL_ExpandHandle(fsal_export_context_t *p_expcontext, fsal_digesttype_t in_type, caddr_t in_buff, fsal_handle_t *p_out_fsal_handle)
/opt/philippe/GANESHA/src/FSAL_POSIX/fsal_tools.c:291 Warning: The following parameters of FSAL_ExpandHandle(fsal_export_context_t *p_expcontext, fsal_digesttype_t in_type, caddr_t in_buff, fsal_handle_t *p_out_fsal_handle) are not documented:
  parameter p_expcontext
  parameter p_out_fsal_handle

/opt/philippe/GANESHA/src/FSAL_POSIX/fsal_truncate.c:20 Warning: argument `filehandle' of command @param is not found in the argument list of FSAL_truncate(fsal_handle_t *p_filehandle, fsal_op_context_t *p_context, fsal_size_t length, fsal_attrib_list_t *p_object_attributes)
/opt/philippe/GANESHA/src/FSAL_POSIX/fsal_truncate.c:20 Warning: argument `cred' of command @param is not found in the argument list of FSAL_truncate(fsal_handle_t *p_filehandle, fsal_op_context_t *p_context, fsal_size_t length, fsal_attrib_list_t *p_object_attributes)
/opt/philippe/GANESHA/src/FSAL_POSIX/fsal_truncate.c:20 Warning: argument `object_attributes' of command @param is not found in the argument list of FSAL_truncate(fsal_handle_t *p_filehandle, fsal_op_context_t *p_context, fsal_size_t length, fsal_attrib_list_t *p_object_attributes)
/opt/philippe/GANESHA/src/FSAL_POSIX/fsal_truncate.c:20 Warning: The following parameters of FSAL_truncate(fsal_handle_t *p_filehandle, fsal_op_context_t *p_context, fsal_size_t length, fsal_attrib_list_t *p_object_attributes) are not documented:
  parameter p_filehandle
  parameter p_context
  parameter p_object_attributes

/opt/philippe/GANESHA/src/FSAL_POSIX/fsal_unlink.c:18 Warning: argument `parentdir_handle' of command @param is not found in the argument list of FSAL_unlink(fsal_handle_t *p_parent_directory_handle, fsal_name_t *p_object_name, fsal_op_context_t *p_context, fsal_attrib_list_t *p_parent_directory_attributes)
/opt/philippe/GANESHA/src/FSAL_POSIX/fsal_unlink.c:18 Warning: argument `cred' of command @param is not found in the argument list of FSAL_unlink(fsal_handle_t *p_parent_directory_handle, fsal_name_t *p_object_name, fsal_op_context_t *p_context, fsal_attrib_list_t *p_parent_directory_attributes)
/opt/philippe/GANESHA/src/FSAL_POSIX/fsal_unlink.c:18 Warning: argument `parentdir_attributes' of command @param is not found in the argument list of FSAL_unlink(fsal_handle_t *p_parent_directory_handle, fsal_name_t *p_object_name, fsal_op_context_t *p_context, fsal_attrib_list_t *p_parent_directory_attributes)
/opt/philippe/GANESHA/src/FSAL_POSIX/fsal_unlink.c:18 Warning: The following parameters of FSAL_unlink(fsal_handle_t *p_parent_directory_handle, fsal_name_t *p_object_name, fsal_op_context_t *p_context, fsal_attrib_list_t *p_parent_directory_attributes) are not documented:
  parameter p_parent_directory_handle
  parameter p_context
  parameter p_parent_directory_attributes

/opt/philippe/GANESHA/src/FSAL_POSIX/test_fsal.c:24 Warning: Member READDIR_SIZE of file test_fsal.c is not documented.
/opt/philippe/GANESHA/src/FSAL_POSIX/test_fsal.c:933 Warning: Member CHANGE_ATTRS(str_nom, nom, flag, new_val) of file test_fsal.c is not documented.
/opt/philippe/GANESHA/src/FSAL_POSIX/test_fsal.c:26 Warning: Member printmask(fsal_attrib_mask_t mask) of file test_fsal.c is not documented.
/opt/philippe/GANESHA/src/FSAL_POSIX/test_fsal.c:68 Warning: Member strtype(fsal_nodetype_t type) of file test_fsal.c is not documented.
/opt/philippe/GANESHA/src/FSAL_POSIX/test_fsal.c:93 Warning: Member printattributes(fsal_attrib_list_t attrs) of file test_fsal.c is not documented.
/opt/philippe/GANESHA/src/FSAL_POSIX/test_fsal.c:138 Warning: Member usage() of file test_fsal.c is not documented.
/opt/philippe/GANESHA/src/FSAL_POSIX/test_fsal.c:155 Warning: Member main(int argc, char **argv) of file test_fsal.c is not documented.
/opt/philippe/GANESHA/src/FSAL_POSIX/fsal_context.c:99 Warning: Member FSAL_InitClientContext(fsal_op_context_t *p_thr_context) of group FSALCredFunctions is not documented.
/opt/philippe/GANESHA/src/FSAL_POSIX/fsal_context.c:139 Warning: argument `p_cred' of command @param is not found in the argument list of FSAL_GetClientContext(fsal_op_context_t *p_thr_context, fsal_export_context_t *p_export_context, fsal_uid_t uid, fsal_gid_t gid, fsal_gid_t *alt_groups, fsal_count_t nb_alt_groups)
/opt/philippe/GANESHA/src/FSAL_POSIX/fsal_context.c:139 Warning: The following parameters of FSAL_GetClientContext(fsal_op_context_t *p_thr_context, fsal_export_context_t *p_export_context, fsal_uid_t uid, fsal_gid_t gid, fsal_gid_t *alt_groups, fsal_count_t nb_alt_groups) are not documented:
  parameter p_thr_context
  parameter p_export_context

/opt/philippe/GANESHA/src/FSAL_POSIX/fsal_strings.c:309 Warning: argument `p_tgt_name' of command @param is not found in the argument list of FSAL_pathcpy(fsal_path_t *p_tgt_path, fsal_path_t *p_src_path)
/opt/philippe/GANESHA/src/FSAL_POSIX/fsal_strings.c:309 Warning: argument `p_src_name' of command @param is not found in the argument list of FSAL_pathcpy(fsal_path_t *p_tgt_path, fsal_path_t *p_src_path)
/opt/philippe/GANESHA/src/FSAL_POSIX/fsal_strings.c:309 Warning: The following parameters of FSAL_pathcpy(fsal_path_t *p_tgt_path, fsal_path_t *p_src_path) are not documented:
  parameter p_tgt_path
  parameter p_src_path

