/export/GANESHA/src/support/exports.c:2215 Warning: argument 'ssaddr' of command @param is not found in the argument list of nfs_export_check_access(struct sockaddr_storage *pssaddr, struct svc_req *ptr_req, exportlist_t *pexport, unsigned int nfs_prog, unsigned int mnt_prog, hash_table_t *ht_ip_stats, nfs_ip_stats_t *ip_stats_pool, exportlist_client_entry_t *pclient_found)
/export/GANESHA/src/support/exports.c:2215 Warning: argument 'pexpprt' of command @param is not found in the argument list of nfs_export_check_access(struct sockaddr_storage *pssaddr, struct svc_req *ptr_req, exportlist_t *pexport, unsigned int nfs_prog, unsigned int mnt_prog, hash_table_t *ht_ip_stats, nfs_ip_stats_t *ip_stats_pool, exportlist_client_entry_t *pclient_found)
/export/GANESHA/src/support/exports.c:2215 Warning: argument 'mnt_program' of command @param is not found in the argument list of nfs_export_check_access(struct sockaddr_storage *pssaddr, struct svc_req *ptr_req, exportlist_t *pexport, unsigned int nfs_prog, unsigned int mnt_prog, hash_table_t *ht_ip_stats, nfs_ip_stats_t *ip_stats_pool, exportlist_client_entry_t *pclient_found)
/export/GANESHA/src/support/exports.c:2215 Warning: The following parameters of nfs_export_check_access(struct sockaddr_storage *pssaddr, struct svc_req *ptr_req, exportlist_t *pexport, unsigned int nfs_prog, unsigned int mnt_prog, hash_table_t *ht_ip_stats, nfs_ip_stats_t *ip_stats_pool, exportlist_client_entry_t *pclient_found) are not documented:
  parameter 'pssaddr'
  parameter 'pexport'
  parameter 'mnt_prog'
/export/GANESHA/src/support/nfs4_tools.c:141 Warning: argument 'pstate' of command @param is not found in the argument list of nfs4_is_lease_expired(cache_entry_t *pentry)
/export/GANESHA/src/support/nfs4_tools.c:141 Warning: The following parameters of nfs4_is_lease_expired(cache_entry_t *pentry) are not documented:
  parameter 'pentry'
/export/GANESHA/src/support/nfs_client_id.c:172 Warning: argument 'hparam' of command @param is not found in the argument list of client_id_rbt_hash_func(hash_parameter_t *p_hparam, hash_buffer_t *buffclef)
/export/GANESHA/src/support/nfs_client_id.c:172 Warning: argument 'buffcleff' of command @param is not found in the argument list of client_id_rbt_hash_func(hash_parameter_t *p_hparam, hash_buffer_t *buffclef)
/export/GANESHA/src/support/nfs_client_id.c:172 Warning: argument 'in' of command @param is not found in the argument list of client_id_rbt_hash_func(hash_parameter_t *p_hparam, hash_buffer_t *buffclef)
/export/GANESHA/src/support/nfs_client_id.c:172 Warning: The following parameters of client_id_rbt_hash_func(hash_parameter_t *p_hparam, hash_buffer_t *buffclef) are not documented:
  parameter 'p_hparam'
  parameter 'buffclef'
/export/GANESHA/src/support/nfs_client_id.c:115 Warning: argument 'hparam' of command @param is not found in the argument list of client_id_value_hash_func(hash_parameter_t *p_hparam, hash_buffer_t *buffclef)
/export/GANESHA/src/support/nfs_client_id.c:115 Warning: argument 'buffcleff' of command @param is not found in the argument list of client_id_value_hash_func(hash_parameter_t *p_hparam, hash_buffer_t *buffclef)
/export/GANESHA/src/support/nfs_client_id.c:115 Warning: The following parameters of client_id_value_hash_func(hash_parameter_t *p_hparam, hash_buffer_t *buffclef) are not documented:
  parameter 'p_hparam'
  parameter 'buffclef'
/export/GANESHA/src/support/nfs_client_id.c:145 Warning: argument 'hparam' of command @param is not found in the argument list of client_id_value_hash_func_reverse(hash_parameter_t *p_hparam, hash_buffer_t *buffclef)
/export/GANESHA/src/support/nfs_client_id.c:145 Warning: argument 'buffcleff' of command @param is not found in the argument list of client_id_value_hash_func_reverse(hash_parameter_t *p_hparam, hash_buffer_t *buffclef)
/export/GANESHA/src/support/nfs_client_id.c:145 Warning: The following parameters of client_id_value_hash_func_reverse(hash_parameter_t *p_hparam, hash_buffer_t *buffclef) are not documented:
  parameter 'p_hparam'
  parameter 'buffclef'
/export/GANESHA/src/support/nfs_client_id.c:241 Warning: argument 'buff1' of command @param is not found in the argument list of display_client_id(hash_buffer_t *pbuff, char *str)
/export/GANESHA/src/support/nfs_client_id.c:241 Warning: argument 'buff2' of command @param is not found in the argument list of display_client_id(hash_buffer_t *pbuff, char *str)
/export/GANESHA/src/support/nfs_client_id.c:241 Warning: The following parameters of display_client_id(hash_buffer_t *pbuff, char *str) are not documented:
  parameter 'pbuff'
  parameter 'str'
/export/GANESHA/src/support/nfs_client_id.c:449 Warning: argument 'resclientid' of command @param is not found in the argument list of nfs_client_id_get(clientid4 clientid, nfs_client_id_t *client_id_res)
/export/GANESHA/src/support/nfs_client_id.c:449 Warning: The following parameters of nfs_client_id_get(clientid4 clientid, nfs_client_id_t *client_id_res) are not documented:
  parameter 'client_id_res'
/export/GANESHA/src/support/nfs_convert.c:344 Warning: argument 'out' of command @param is not found in the argument list of auth_stat2str(enum auth_stat why, char *str)
/export/GANESHA/src/support/nfs_convert.c:344 Warning: The following parameters of auth_stat2str(enum auth_stat why, char *str) are not documented:
  parameter 'str'
/export/GANESHA/src/support/nfs_export_list.c:281 Warning: argument 'pcred' of command @param is not found in the argument list of nfs_build_fsal_context(struct svc_req *ptr_req, exportlist_client_entry_t *pexport_client, exportlist_t *pexport, fsal_op_context_t *pcontext)
/export/GANESHA/src/support/nfs_export_list.c:281 Warning: The following parameters of nfs_build_fsal_context(struct svc_req *ptr_req, exportlist_client_entry_t *pexport_client, exportlist_t *pexport, fsal_op_context_t *pcontext) are not documented:
  parameter 'pcontext'
/export/GANESHA/src/support/nfs_export_list.c:253 Warning: Found unknown command `\paran'
/export/GANESHA/src/support/nfs_export_list.c:249 Warning: The following parameters of nfs_Get_export_by_id(exportlist_t *exportroot, unsigned short exportid) are not documented:
  parameter 'exportroot'
/export/GANESHA/src/support/nfs_filehandle_mgmt.c:285 Warning: The following parameters of nfs2_FhandleToFSAL(fhandle2 *pfh2, fsal_handle_t *pfsalhandle, fsal_op_context_t *pcontext) are not documented:
  parameter 'pcontext'
/export/GANESHA/src/support/nfs_filehandle_mgmt.c:444 Warning: The following parameters of nfs2_FSALToFhandle(fhandle2 *pfh2, fsal_handle_t *pfsalhandle, exportlist_t *pexport) are not documented:
  parameter 'pexport'
/export/GANESHA/src/support/nfs_filehandle_mgmt.c:236 Warning: The following parameters of nfs3_FhandleToFSAL(nfs_fh3 *pfh3, fsal_handle_t *pfsalhandle, fsal_op_context_t *pcontext) are not documented:
  parameter 'pcontext'
/export/GANESHA/src/support/nfs_filehandle_mgmt.c:186 Warning: The following parameters of nfs4_FhandleToFSAL(nfs_fh4 *pfh4, fsal_handle_t *pfsalhandle, fsal_op_context_t *pcontext) are not documented:
  parameter 'pcontext'
/export/GANESHA/src/support/nfs_filehandle_mgmt.c:931 Warning: argument 'data' of command @param is not found in the argument list of nfs4_sprint_fhandle(nfs_fh4 *fh4p, char *outstr)
/export/GANESHA/src/support/nfs_filehandle_mgmt.c:931 Warning: The following parameters of nfs4_sprint_fhandle(nfs_fh4 *fh4p, char *outstr) are not documented:
  parameter 'outstr'
/export/GANESHA/src/support/nfs_ip_name.c:179 Warning: argument 'buff1' of command @param is not found in the argument list of display_ip_name(hash_buffer_t *pbuff, char *str)
/export/GANESHA/src/support/nfs_ip_name.c:179 Warning: argument 'buff2' of command @param is not found in the argument list of display_ip_name(hash_buffer_t *pbuff, char *str)
/export/GANESHA/src/support/nfs_ip_name.c:179 Warning: The following parameters of display_ip_name(hash_buffer_t *pbuff, char *str) are not documented:
  parameter 'pbuff'
  parameter 'str'
/export/GANESHA/src/support/nfs_ip_name.c:136 Warning: argument 'hparam' of command @param is not found in the argument list of ip_name_rbt_hash_func(hash_parameter_t *p_hparam, hash_buffer_t *buffclef)
/export/GANESHA/src/support/nfs_ip_name.c:136 Warning: argument 'buffcleff' of command @param is not found in the argument list of ip_name_rbt_hash_func(hash_parameter_t *p_hparam, hash_buffer_t *buffclef)
/export/GANESHA/src/support/nfs_ip_name.c:136 Warning: argument 'in' of command @param is not found in the argument list of ip_name_rbt_hash_func(hash_parameter_t *p_hparam, hash_buffer_t *buffclef)
/export/GANESHA/src/support/nfs_ip_name.c:136 Warning: The following parameters of ip_name_rbt_hash_func(hash_parameter_t *p_hparam, hash_buffer_t *buffclef) are not documented:
  parameter 'p_hparam'
  parameter 'buffclef'
/export/GANESHA/src/support/nfs_ip_name.c:115 Warning: argument 'hparam' of command @param is not found in the argument list of ip_name_value_hash_func(hash_parameter_t *p_hparam, hash_buffer_t *buffclef)
/export/GANESHA/src/support/nfs_ip_name.c:115 Warning: argument 'buffcleff' of command @param is not found in the argument list of ip_name_value_hash_func(hash_parameter_t *p_hparam, hash_buffer_t *buffclef)
/export/GANESHA/src/support/nfs_ip_name.c:115 Warning: argument 'in' of command @param is not found in the argument list of ip_name_value_hash_func(hash_parameter_t *p_hparam, hash_buffer_t *buffclef)
/export/GANESHA/src/support/nfs_ip_name.c:115 Warning: The following parameters of ip_name_value_hash_func(hash_parameter_t *p_hparam, hash_buffer_t *buffclef) are not documented:
  parameter 'p_hparam'
  parameter 'buffclef'
/export/GANESHA/src/support/nfs_ip_stats.c:189 Warning: argument 'buff1' of command @param is not found in the argument list of display_ip_stats(hash_buffer_t *pbuff, char *str)
/export/GANESHA/src/support/nfs_ip_stats.c:189 Warning: argument 'buff2' of command @param is not found in the argument list of display_ip_stats(hash_buffer_t *pbuff, char *str)
/export/GANESHA/src/support/nfs_ip_stats.c:189 Warning: The following parameters of display_ip_stats(hash_buffer_t *pbuff, char *str) are not documented:
  parameter 'pbuff'
  parameter 'str'
/export/GANESHA/src/support/nfs_ip_stats.c:146 Warning: argument 'hparam' of command @param is not found in the argument list of ip_stats_rbt_hash_func(hash_parameter_t *p_hparam, hash_buffer_t *buffclef)
/export/GANESHA/src/support/nfs_ip_stats.c:146 Warning: argument 'buffcleff' of command @param is not found in the argument list of ip_stats_rbt_hash_func(hash_parameter_t *p_hparam, hash_buffer_t *buffclef)
/export/GANESHA/src/support/nfs_ip_stats.c:146 Warning: argument 'in' of command @param is not found in the argument list of ip_stats_rbt_hash_func(hash_parameter_t *p_hparam, hash_buffer_t *buffclef)
/export/GANESHA/src/support/nfs_ip_stats.c:146 Warning: The following parameters of ip_stats_rbt_hash_func(hash_parameter_t *p_hparam, hash_buffer_t *buffclef) are not documented:
  parameter 'p_hparam'
  parameter 'buffclef'
/export/GANESHA/src/support/nfs_ip_stats.c:125 Warning: argument 'hparam' of command @param is not found in the argument list of ip_stats_value_hash_func(hash_parameter_t *p_hparam, hash_buffer_t *buffclef)
/export/GANESHA/src/support/nfs_ip_stats.c:125 Warning: argument 'buffcleff' of command @param is not found in the argument list of ip_stats_value_hash_func(hash_parameter_t *p_hparam, hash_buffer_t *buffclef)
/export/GANESHA/src/support/nfs_ip_stats.c:125 Warning: argument 'in' of command @param is not found in the argument list of ip_stats_value_hash_func(hash_parameter_t *p_hparam, hash_buffer_t *buffclef)
/export/GANESHA/src/support/nfs_ip_stats.c:125 Warning: The following parameters of ip_stats_value_hash_func(hash_parameter_t *p_hparam, hash_buffer_t *buffclef) are not documented:
  parameter 'p_hparam'
  parameter 'buffclef'
/export/GANESHA/src/support/nfs_ip_stats.c:215 Warning: The following parameters of nfs_ip_stats_add(hash_table_t *ht_ip_stats, unsigned int ipaddr, nfs_ip_stats_t *nfs_ip_stats_pool) are not documented:
  parameter 'ht_ip_stats'
/export/GANESHA/src/support/nfs_ip_stats.c:483 Warning: The following parameters of nfs_ip_stats_dump(hash_table_t **ht_ip_stats, unsigned int nb_worker, char *path_stat) are not documented:
  parameter 'nb_worker'
/export/GANESHA/src/support/nfs_ip_stats.c:371 Warning: The following parameters of nfs_ip_stats_get(hash_table_t *ht_ip_stats, unsigned int ipaddr, nfs_ip_stats_t **pnfs_ip_stats) are not documented:
  parameter 'ht_ip_stats'
  parameter 'pnfs_ip_stats'
/export/GANESHA/src/support/nfs_ip_stats.c:292 Warning: The following parameters of nfs_ip_stats_incr(hash_table_t *ht_ip_stats, unsigned int ipaddr, unsigned int nfs_prog, unsigned int mnt_prog, struct svc_req *ptr_req) are not documented:
  parameter 'ht_ip_stats'
  parameter 'nfs_prog'
  parameter 'mnt_prog'
  parameter 'ptr_req'
/export/GANESHA/src/support/nfs_ip_stats.c:413 Warning: The following parameters of nfs_ip_stats_remove(hash_table_t *ht_ip_stats, int ipaddr, nfs_ip_stats_t *nfs_ip_stats_pool) are not documented:
  parameter 'ht_ip_stats'
/export/GANESHA/src/support/nfs_mnt_list.c:428 Warning: argument 'none' of command @param is not found in the argument list of nfs_Get_MountList(void)
/export/GANESHA/src/support/nfs_mnt_list.c:404 Warning: argument 'none' of command @param is not found in the argument list of nfs_Init_MountList(void)
/export/GANESHA/src/support/nfs_mnt_list.c:448 Warning: argument 'none' of command @param is not found in the argument list of nfs_Print_MountList(void)
/export/GANESHA/src/support/nfs_mnt_list.c:362 Warning: argument 'none' of command @param is not found in the argument list of nfs_Purge_MountList(void)
/export/GANESHA/src/support/nfs_mnt_list.c:280 Warning: argument 'path' of command @param is not found in the argument list of nfs_Remove_MountList_Entry(char *hostname, char *dirpath)
/export/GANESHA/src/support/nfs_mnt_list.c:280 Warning: The following parameters of nfs_Remove_MountList_Entry(char *hostname, char *dirpath) are not documented:
  parameter 'dirpath'
/export/GANESHA/src/support/nfs_stat_mgmt.c:147 Warning: argument 'pclient' of command @param is not found in the argument list of nfs_stat_update(nfs_stat_type_t type, nfs_request_stat_t *pstat_req, struct svc_req *preq)
/export/GANESHA/src/support/nfs_stat_mgmt.c:147 Warning: The following parameters of nfs_stat_update(nfs_stat_type_t type, nfs_request_stat_t *pstat_req, struct svc_req *preq) are not documented:
  parameter 'pstat_req'
/export/GANESHA/src/support/nfs_state_id.c:538 Warning: The following parameters of nfs4_Check_Stateid(struct stateid4 *pstate, cache_entry_t *pentry) are not documented:
  parameter 'pentry'
/export/GANESHA/src/support/nfs_state_id.c:365 Warning: argument 'pstate' of command @param is not found in the argument list of nfs4_State_Get(char other[12], cache_inode_state_t *pstate_data)
/export/GANESHA/src/support/nfs_state_id.c:365 Warning: The following parameters of nfs4_State_Get(char other[12], cache_inode_state_t *pstate_data) are not documented:
  parameter 'other'
/export/GANESHA/src/support/nfs_state_id.c:409 Warning: argument 'pstate' of command @param is not found in the argument list of nfs4_State_Get_Pointer(char other[12], cache_inode_state_t **pstate_data)
/export/GANESHA/src/support/nfs_state_id.c:409 Warning: argument 'ppstate_data' of command @param is not found in the argument list of nfs4_State_Get_Pointer(char other[12], cache_inode_state_t **pstate_data)
/export/GANESHA/src/support/nfs_state_id.c:409 Warning: The following parameters of nfs4_State_Get_Pointer(char other[12], cache_inode_state_t **pstate_data) are not documented:
  parameter 'other'
  parameter 'pstate_data'
/export/GANESHA/src/support/nfs_state_id.c:324 Warning: argument 'pstate' of command @param is not found in the argument list of nfs4_State_Set(char other[12], cache_inode_state_t *pstate_data)
/export/GANESHA/src/support/nfs_state_id.c:324 Warning: The following parameters of nfs4_State_Set(char other[12], cache_inode_state_t *pstate_data) are not documented:
  parameter 'other'
  parameter 'pstate_data'
/export/GANESHA/src/support/nfs_state_id.c:454 Warning: argument 'pstate' of command @param is not found in the argument list of nfs4_State_Update(char other[12], cache_inode_state_t *pstate_data)
/export/GANESHA/src/support/nfs_state_id.c:454 Warning: The following parameters of nfs4_State_Update(char other[12], cache_inode_state_t *pstate_data) are not documented:
  parameter 'other'
/export/GANESHA/src/support/exports.c:-1 Warning: Found unknown command `\toto'
/export/GANESHA/src/support/exports.c:2215 Warning: argument 'ssaddr' of command @param is not found in the argument list of nfs_export_check_access(struct sockaddr_storage *pssaddr, struct svc_req *ptr_req, exportlist_t *pexport, unsigned int nfs_prog, unsigned int mnt_prog, hash_table_t *ht_ip_stats, nfs_ip_stats_t *ip_stats_pool, exportlist_client_entry_t *pclient_found)
/export/GANESHA/src/support/exports.c:2215 Warning: argument 'pexpprt' of command @param is not found in the argument list of nfs_export_check_access(struct sockaddr_storage *pssaddr, struct svc_req *ptr_req, exportlist_t *pexport, unsigned int nfs_prog, unsigned int mnt_prog, hash_table_t *ht_ip_stats, nfs_ip_stats_t *ip_stats_pool, exportlist_client_entry_t *pclient_found)
/export/GANESHA/src/support/exports.c:2215 Warning: argument 'mnt_program' of command @param is not found in the argument list of nfs_export_check_access(struct sockaddr_storage *pssaddr, struct svc_req *ptr_req, exportlist_t *pexport, unsigned int nfs_prog, unsigned int mnt_prog, hash_table_t *ht_ip_stats, nfs_ip_stats_t *ip_stats_pool, exportlist_client_entry_t *pclient_found)
/export/GANESHA/src/support/exports.c:2215 Warning: The following parameters of nfs_export_check_access(struct sockaddr_storage *pssaddr, struct svc_req *ptr_req, exportlist_t *pexport, unsigned int nfs_prog, unsigned int mnt_prog, hash_table_t *ht_ip_stats, nfs_ip_stats_t *ip_stats_pool, exportlist_client_entry_t *pclient_found) are not documented:
  parameter 'pssaddr'
  parameter 'pexport'
  parameter 'mnt_prog'
/export/GANESHA/src/support/nfs4_tools.c:141 Warning: argument 'pstate' of command @param is not found in the argument list of nfs4_is_lease_expired(cache_entry_t *pentry)
/export/GANESHA/src/support/nfs4_tools.c:141 Warning: The following parameters of nfs4_is_lease_expired(cache_entry_t *pentry) are not documented:
  parameter 'pentry'
/export/GANESHA/src/support/nfs_client_id.c:115 Warning: argument 'hparam' of command @param is not found in the argument list of client_id_value_hash_func(hash_parameter_t *p_hparam, hash_buffer_t *buffclef)
/export/GANESHA/src/support/nfs_client_id.c:115 Warning: argument 'buffcleff' of command @param is not found in the argument list of client_id_value_hash_func(hash_parameter_t *p_hparam, hash_buffer_t *buffclef)
/export/GANESHA/src/support/nfs_client_id.c:115 Warning: The following parameters of client_id_value_hash_func(hash_parameter_t *p_hparam, hash_buffer_t *buffclef) are not documented:
  parameter 'p_hparam'
  parameter 'buffclef'
/export/GANESHA/src/support/nfs_client_id.c:145 Warning: argument 'hparam' of command @param is not found in the argument list of client_id_value_hash_func_reverse(hash_parameter_t *p_hparam, hash_buffer_t *buffclef)
/export/GANESHA/src/support/nfs_client_id.c:145 Warning: argument 'buffcleff' of command @param is not found in the argument list of client_id_value_hash_func_reverse(hash_parameter_t *p_hparam, hash_buffer_t *buffclef)
/export/GANESHA/src/support/nfs_client_id.c:145 Warning: The following parameters of client_id_value_hash_func_reverse(hash_parameter_t *p_hparam, hash_buffer_t *buffclef) are not documented:
  parameter 'p_hparam'
  parameter 'buffclef'
/export/GANESHA/src/support/nfs_client_id.c:172 Warning: argument 'hparam' of command @param is not found in the argument list of client_id_rbt_hash_func(hash_parameter_t *p_hparam, hash_buffer_t *buffclef)
/export/GANESHA/src/support/nfs_client_id.c:172 Warning: argument 'buffcleff' of command @param is not found in the argument list of client_id_rbt_hash_func(hash_parameter_t *p_hparam, hash_buffer_t *buffclef)
/export/GANESHA/src/support/nfs_client_id.c:172 Warning: argument 'in' of command @param is not found in the argument list of client_id_rbt_hash_func(hash_parameter_t *p_hparam, hash_buffer_t *buffclef)
/export/GANESHA/src/support/nfs_client_id.c:172 Warning: The following parameters of client_id_rbt_hash_func(hash_parameter_t *p_hparam, hash_buffer_t *buffclef) are not documented:
  parameter 'p_hparam'
  parameter 'buffclef'
/export/GANESHA/src/support/nfs_client_id.c:241 Warning: argument 'buff1' of command @param is not found in the argument list of display_client_id(hash_buffer_t *pbuff, char *str)
/export/GANESHA/src/support/nfs_client_id.c:241 Warning: argument 'buff2' of command @param is not found in the argument list of display_client_id(hash_buffer_t *pbuff, char *str)
/export/GANESHA/src/support/nfs_client_id.c:241 Warning: The following parameters of display_client_id(hash_buffer_t *pbuff, char *str) are not documented:
  parameter 'pbuff'
  parameter 'str'
/export/GANESHA/src/support/nfs_client_id.c:449 Warning: argument 'resclientid' of command @param is not found in the argument list of nfs_client_id_get(clientid4 clientid, nfs_client_id_t *client_id_res)
/export/GANESHA/src/support/nfs_client_id.c:449 Warning: The following parameters of nfs_client_id_get(clientid4 clientid, nfs_client_id_t *client_id_res) are not documented:
  parameter 'client_id_res'
/export/GANESHA/src/support/nfs_convert.c:344 Warning: argument 'out' of command @param is not found in the argument list of auth_stat2str(enum auth_stat why, char *str)
/export/GANESHA/src/support/nfs_convert.c:344 Warning: The following parameters of auth_stat2str(enum auth_stat why, char *str) are not documented:
  parameter 'str'
/export/GANESHA/src/support/nfs_export_list.c:253 Warning: Found unknown command `\paran'
/export/GANESHA/src/support/nfs_export_list.c:249 Warning: The following parameters of nfs_Get_export_by_id(exportlist_t *exportroot, unsigned short exportid) are not documented:
  parameter 'exportroot'
/export/GANESHA/src/support/nfs_export_list.c:281 Warning: argument 'pcred' of command @param is not found in the argument list of nfs_build_fsal_context(struct svc_req *ptr_req, exportlist_client_entry_t *pexport_client, exportlist_t *pexport, fsal_op_context_t *pcontext)
/export/GANESHA/src/support/nfs_export_list.c:281 Warning: The following parameters of nfs_build_fsal_context(struct svc_req *ptr_req, exportlist_client_entry_t *pexport_client, exportlist_t *pexport, fsal_op_context_t *pcontext) are not documented:
  parameter 'pcontext'
/export/GANESHA/src/support/nfs_filehandle_mgmt.c:186 Warning: The following parameters of nfs4_FhandleToFSAL(nfs_fh4 *pfh4, fsal_handle_t *pfsalhandle, fsal_op_context_t *pcontext) are not documented:
  parameter 'pcontext'
/export/GANESHA/src/support/nfs_filehandle_mgmt.c:236 Warning: The following parameters of nfs3_FhandleToFSAL(nfs_fh3 *pfh3, fsal_handle_t *pfsalhandle, fsal_op_context_t *pcontext) are not documented:
  parameter 'pcontext'
/export/GANESHA/src/support/nfs_filehandle_mgmt.c:285 Warning: The following parameters of nfs2_FhandleToFSAL(fhandle2 *pfh2, fsal_handle_t *pfsalhandle, fsal_op_context_t *pcontext) are not documented:
  parameter 'pcontext'
/export/GANESHA/src/support/nfs_filehandle_mgmt.c:444 Warning: The following parameters of nfs2_FSALToFhandle(fhandle2 *pfh2, fsal_handle_t *pfsalhandle, exportlist_t *pexport) are not documented:
  parameter 'pexport'
/export/GANESHA/src/support/nfs_filehandle_mgmt.c:931 Warning: argument 'data' of command @param is not found in the argument list of nfs4_sprint_fhandle(nfs_fh4 *fh4p, char *outstr)
/export/GANESHA/src/support/nfs_filehandle_mgmt.c:931 Warning: The following parameters of nfs4_sprint_fhandle(nfs_fh4 *fh4p, char *outstr) are not documented:
  parameter 'outstr'
/export/GANESHA/src/support/nfs_ip_name.c:115 Warning: argument 'hparam' of command @param is not found in the argument list of ip_name_value_hash_func(hash_parameter_t *p_hparam, hash_buffer_t *buffclef)
/export/GANESHA/src/support/nfs_ip_name.c:115 Warning: argument 'buffcleff' of command @param is not found in the argument list of ip_name_value_hash_func(hash_parameter_t *p_hparam, hash_buffer_t *buffclef)
/export/GANESHA/src/support/nfs_ip_name.c:115 Warning: argument 'in' of command @param is not found in the argument list of ip_name_value_hash_func(hash_parameter_t *p_hparam, hash_buffer_t *buffclef)
/export/GANESHA/src/support/nfs_ip_name.c:115 Warning: The following parameters of ip_name_value_hash_func(hash_parameter_t *p_hparam, hash_buffer_t *buffclef) are not documented:
  parameter 'p_hparam'
  parameter 'buffclef'
/export/GANESHA/src/support/nfs_ip_name.c:136 Warning: argument 'hparam' of command @param is not found in the argument list of ip_name_rbt_hash_func(hash_parameter_t *p_hparam, hash_buffer_t *buffclef)
/export/GANESHA/src/support/nfs_ip_name.c:136 Warning: argument 'buffcleff' of command @param is not found in the argument list of ip_name_rbt_hash_func(hash_parameter_t *p_hparam, hash_buffer_t *buffclef)
/export/GANESHA/src/support/nfs_ip_name.c:136 Warning: argument 'in' of command @param is not found in the argument list of ip_name_rbt_hash_func(hash_parameter_t *p_hparam, hash_buffer_t *buffclef)
/export/GANESHA/src/support/nfs_ip_name.c:136 Warning: The following parameters of ip_name_rbt_hash_func(hash_parameter_t *p_hparam, hash_buffer_t *buffclef) are not documented:
  parameter 'p_hparam'
  parameter 'buffclef'
/export/GANESHA/src/support/nfs_ip_name.c:179 Warning: argument 'buff1' of command @param is not found in the argument list of display_ip_name(hash_buffer_t *pbuff, char *str)
/export/GANESHA/src/support/nfs_ip_name.c:179 Warning: argument 'buff2' of command @param is not found in the argument list of display_ip_name(hash_buffer_t *pbuff, char *str)
/export/GANESHA/src/support/nfs_ip_name.c:179 Warning: The following parameters of display_ip_name(hash_buffer_t *pbuff, char *str) are not documented:
  parameter 'pbuff'
  parameter 'str'
/export/GANESHA/src/support/nfs_ip_stats.c:125 Warning: argument 'hparam' of command @param is not found in the argument list of ip_stats_value_hash_func(hash_parameter_t *p_hparam, hash_buffer_t *buffclef)
/export/GANESHA/src/support/nfs_ip_stats.c:125 Warning: argument 'buffcleff' of command @param is not found in the argument list of ip_stats_value_hash_func(hash_parameter_t *p_hparam, hash_buffer_t *buffclef)
/export/GANESHA/src/support/nfs_ip_stats.c:125 Warning: argument 'in' of command @param is not found in the argument list of ip_stats_value_hash_func(hash_parameter_t *p_hparam, hash_buffer_t *buffclef)
/export/GANESHA/src/support/nfs_ip_stats.c:125 Warning: The following parameters of ip_stats_value_hash_func(hash_parameter_t *p_hparam, hash_buffer_t *buffclef) are not documented:
  parameter 'p_hparam'
  parameter 'buffclef'
/export/GANESHA/src/support/nfs_ip_stats.c:146 Warning: argument 'hparam' of command @param is not found in the argument list of ip_stats_rbt_hash_func(hash_parameter_t *p_hparam, hash_buffer_t *buffclef)
/export/GANESHA/src/support/nfs_ip_stats.c:146 Warning: argument 'buffcleff' of command @param is not found in the argument list of ip_stats_rbt_hash_func(hash_parameter_t *p_hparam, hash_buffer_t *buffclef)
/export/GANESHA/src/support/nfs_ip_stats.c:146 Warning: argument 'in' of command @param is not found in the argument list of ip_stats_rbt_hash_func(hash_parameter_t *p_hparam, hash_buffer_t *buffclef)
/export/GANESHA/src/support/nfs_ip_stats.c:146 Warning: The following parameters of ip_stats_rbt_hash_func(hash_parameter_t *p_hparam, hash_buffer_t *buffclef) are not documented:
  parameter 'p_hparam'
  parameter 'buffclef'
/export/GANESHA/src/support/nfs_ip_stats.c:189 Warning: argument 'buff1' of command @param is not found in the argument list of display_ip_stats(hash_buffer_t *pbuff, char *str)
/export/GANESHA/src/support/nfs_ip_stats.c:189 Warning: argument 'buff2' of command @param is not found in the argument list of display_ip_stats(hash_buffer_t *pbuff, char *str)
/export/GANESHA/src/support/nfs_ip_stats.c:189 Warning: The following parameters of display_ip_stats(hash_buffer_t *pbuff, char *str) are not documented:
  parameter 'pbuff'
  parameter 'str'
/export/GANESHA/src/support/nfs_ip_stats.c:215 Warning: The following parameters of nfs_ip_stats_add(hash_table_t *ht_ip_stats, unsigned int ipaddr, nfs_ip_stats_t *nfs_ip_stats_pool) are not documented:
  parameter 'ht_ip_stats'
/export/GANESHA/src/support/nfs_ip_stats.c:292 Warning: The following parameters of nfs_ip_stats_incr(hash_table_t *ht_ip_stats, unsigned int ipaddr, unsigned int nfs_prog, unsigned int mnt_prog, struct svc_req *ptr_req) are not documented:
  parameter 'ht_ip_stats'
  parameter 'nfs_prog'
  parameter 'mnt_prog'
  parameter 'ptr_req'
/export/GANESHA/src/support/nfs_ip_stats.c:371 Warning: The following parameters of nfs_ip_stats_get(hash_table_t *ht_ip_stats, unsigned int ipaddr, nfs_ip_stats_t **pnfs_ip_stats) are not documented:
  parameter 'ht_ip_stats'
  parameter 'pnfs_ip_stats'
/export/GANESHA/src/support/nfs_ip_stats.c:413 Warning: The following parameters of nfs_ip_stats_remove(hash_table_t *ht_ip_stats, int ipaddr, nfs_ip_stats_t *nfs_ip_stats_pool) are not documented:
  parameter 'ht_ip_stats'
/export/GANESHA/src/support/nfs_ip_stats.c:483 Warning: The following parameters of nfs_ip_stats_dump(hash_table_t **ht_ip_stats, unsigned int nb_worker, char *path_stat) are not documented:
  parameter 'nb_worker'
/export/GANESHA/src/support/nfs_mnt_list.c:280 Warning: argument 'path' of command @param is not found in the argument list of nfs_Remove_MountList_Entry(char *hostname, char *dirpath)
/export/GANESHA/src/support/nfs_mnt_list.c:280 Warning: The following parameters of nfs_Remove_MountList_Entry(char *hostname, char *dirpath) are not documented:
  parameter 'dirpath'
/export/GANESHA/src/support/nfs_mnt_list.c:362 Warning: argument 'none' of command @param is not found in the argument list of nfs_Purge_MountList(void)
/export/GANESHA/src/support/nfs_mnt_list.c:404 Warning: argument 'none' of command @param is not found in the argument list of nfs_Init_MountList(void)
/export/GANESHA/src/support/nfs_mnt_list.c:428 Warning: argument 'none' of command @param is not found in the argument list of nfs_Get_MountList(void)
/export/GANESHA/src/support/nfs_mnt_list.c:448 Warning: argument 'none' of command @param is not found in the argument list of nfs_Print_MountList(void)
/export/GANESHA/src/support/nfs_stat_mgmt.c:147 Warning: argument 'pclient' of command @param is not found in the argument list of nfs_stat_update(nfs_stat_type_t type, nfs_request_stat_t *pstat_req, struct svc_req *preq)
/export/GANESHA/src/support/nfs_stat_mgmt.c:147 Warning: The following parameters of nfs_stat_update(nfs_stat_type_t type, nfs_request_stat_t *pstat_req, struct svc_req *preq) are not documented:
  parameter 'pstat_req'
/export/GANESHA/src/support/nfs_state_id.c:324 Warning: argument 'pstate' of command @param is not found in the argument list of nfs4_State_Set(char other[12], cache_inode_state_t *pstate_data)
/export/GANESHA/src/support/nfs_state_id.c:324 Warning: The following parameters of nfs4_State_Set(char other[12], cache_inode_state_t *pstate_data) are not documented:
  parameter 'other'
  parameter 'pstate_data'
/export/GANESHA/src/support/nfs_state_id.c:365 Warning: argument 'pstate' of command @param is not found in the argument list of nfs4_State_Get(char other[12], cache_inode_state_t *pstate_data)
/export/GANESHA/src/support/nfs_state_id.c:365 Warning: The following parameters of nfs4_State_Get(char other[12], cache_inode_state_t *pstate_data) are not documented:
  parameter 'other'
/export/GANESHA/src/support/nfs_state_id.c:409 Warning: argument 'pstate' of command @param is not found in the argument list of nfs4_State_Get_Pointer(char other[12], cache_inode_state_t **pstate_data)
/export/GANESHA/src/support/nfs_state_id.c:409 Warning: argument 'ppstate_data' of command @param is not found in the argument list of nfs4_State_Get_Pointer(char other[12], cache_inode_state_t **pstate_data)
/export/GANESHA/src/support/nfs_state_id.c:409 Warning: The following parameters of nfs4_State_Get_Pointer(char other[12], cache_inode_state_t **pstate_data) are not documented:
  parameter 'other'
  parameter 'pstate_data'
/export/GANESHA/src/support/nfs_state_id.c:454 Warning: argument 'pstate' of command @param is not found in the argument list of nfs4_State_Update(char other[12], cache_inode_state_t *pstate_data)
/export/GANESHA/src/support/nfs_state_id.c:454 Warning: The following parameters of nfs4_State_Update(char other[12], cache_inode_state_t *pstate_data) are not documented:
  parameter 'other'
/export/GANESHA/src/support/nfs_state_id.c:538 Warning: The following parameters of nfs4_Check_Stateid(struct stateid4 *pstate, cache_entry_t *pentry) are not documented:
  parameter 'pentry'
