/opt/thomas/GANESHA_GIT/src/FSAL_HPSS/fsal_context.c:7 Warning: the name `fsal_creds.c' supplied as the second argument in the \file statement is not an input file
/opt/thomas/GANESHA_GIT/src/FSAL_HPSS/fsal_ioctl.c:37 Warning: Compound fsal_named_attr__ is not documented.
/opt/thomas/GANESHA_GIT/src/FSAL_HPSS/fsal_convert.c:119 Warning: Member MAX_2(x, y) of file fsal_convert.c is not documented.
/opt/thomas/GANESHA_GIT/src/FSAL_HPSS/fsal_convert.c:120 Warning: Member MAX_3(x, y, z) of file fsal_convert.c is not documented.
/opt/thomas/GANESHA_GIT/src/FSAL_HPSS/fsal_convert.c:702 Warning: argument `p_cred' of command @param is not found in the argument list of hpss2fsal_attributes(ns_ObjHandle_t *p_hpss_handle_in, hpss_Attrs_t *p_hpss_attr_in, fsal_attrib_list_t *p_fsalattr_out)
/opt/thomas/GANESHA_GIT/src/FSAL_HPSS/fsal_create.c:91 Warning: argument `cred' of command @param is not found in the argument list of FSAL_create(fsal_handle_t *parent_directory_handle, fsal_name_t *p_filename, fsal_op_context_t *p_context, fsal_accessmode_t accessmode, fsal_handle_t *object_handle, fsal_attrib_list_t *object_attributes)
/opt/thomas/GANESHA_GIT/src/FSAL_HPSS/fsal_create.c:91 Warning: The following parameters of FSAL_create(fsal_handle_t *parent_directory_handle, fsal_name_t *p_filename, fsal_op_context_t *p_context, fsal_accessmode_t accessmode, fsal_handle_t *object_handle, fsal_attrib_list_t *object_attributes) are not documented:
  parameter p_context

/opt/thomas/GANESHA_GIT/src/FSAL_HPSS/fsal_create.c:391 Warning: argument `cred' of command @param is not found in the argument list of FSAL_link(fsal_handle_t *target_handle, fsal_handle_t *dir_handle, fsal_name_t *p_link_name, fsal_op_context_t *p_context, fsal_attrib_list_t *attributes)
/opt/thomas/GANESHA_GIT/src/FSAL_HPSS/fsal_create.c:391 Warning: argument `accessmode' of command @param is not found in the argument list of FSAL_link(fsal_handle_t *target_handle, fsal_handle_t *dir_handle, fsal_name_t *p_link_name, fsal_op_context_t *p_context, fsal_attrib_list_t *attributes)
/opt/thomas/GANESHA_GIT/src/FSAL_HPSS/fsal_create.c:391 Warning: The following parameters of FSAL_link(fsal_handle_t *target_handle, fsal_handle_t *dir_handle, fsal_name_t *p_link_name, fsal_op_context_t *p_context, fsal_attrib_list_t *attributes) are not documented:
  parameter p_context

/opt/thomas/GANESHA_GIT/src/FSAL_HPSS/fsal_create.c:260 Warning: argument `cred' of command @param is not found in the argument list of FSAL_mkdir(fsal_handle_t *parent_directory_handle, fsal_name_t *p_dirname, fsal_op_context_t *p_context, fsal_accessmode_t accessmode, fsal_handle_t *object_handle, fsal_attrib_list_t *object_attributes)
/opt/thomas/GANESHA_GIT/src/FSAL_HPSS/fsal_create.c:260 Warning: The following parameters of FSAL_mkdir(fsal_handle_t *parent_directory_handle, fsal_name_t *p_dirname, fsal_op_context_t *p_context, fsal_accessmode_t accessmode, fsal_handle_t *object_handle, fsal_attrib_list_t *object_attributes) are not documented:
  parameter p_context

/opt/thomas/GANESHA_GIT/src/FSAL_HPSS/fsal_errors.c:33 Warning: argument `input' of command @param is not found in the argument list of fsal_is_retryable(fsal_status_t status)
/opt/thomas/GANESHA_GIT/src/FSAL_HPSS/fsal_fileop.c:63 Warning: argument `cred' of command @param is not found in the argument list of FSAL_open(fsal_handle_t *filehandle, fsal_op_context_t *p_context, fsal_openflags_t openflags, fsal_file_t *file_descriptor, fsal_attrib_list_t *file_attributes)
/opt/thomas/GANESHA_GIT/src/FSAL_HPSS/fsal_fileop.c:63 Warning: The following parameters of FSAL_open(fsal_handle_t *filehandle, fsal_op_context_t *p_context, fsal_openflags_t openflags, fsal_file_t *file_descriptor, fsal_attrib_list_t *file_attributes) are not documented:
  parameter p_context

/opt/thomas/GANESHA_GIT/src/FSAL_HPSS/fsal_fsinfo.c:70 Warning: argument `cred' of command @param is not found in the argument list of FSAL_static_fsinfo(fsal_handle_t *filehandle, fsal_op_context_t *p_context, fsal_staticfsinfo_t *staticinfo)
/opt/thomas/GANESHA_GIT/src/FSAL_HPSS/fsal_fsinfo.c:70 Warning: The following parameters of FSAL_static_fsinfo(fsal_handle_t *filehandle, fsal_op_context_t *p_context, fsal_staticfsinfo_t *staticinfo) are not documented:
  parameter p_context

/opt/thomas/GANESHA_GIT/src/FSAL_HPSS/fsal_init.c:157 Warning: Member SET_BITMAP_PARAM(api_cfg, p_init_info, _field) of file fsal_init.c is not documented.
/opt/thomas/GANESHA_GIT/src/FSAL_HPSS/fsal_init.c:177 Warning: Member SET_INTEGER_PARAM(api_cfg, p_init_info, _field) of file fsal_init.c is not documented.
/opt/thomas/GANESHA_GIT/src/FSAL_HPSS/fsal_init.c:187 Warning: Member SET_STRING_PARAM(api_cfg, p_init_info, _field) of file fsal_init.c is not documented.
/opt/thomas/GANESHA_GIT/src/FSAL_HPSS/fsal_internal.c:86 Warning: Member FSAL_INTERNAL_C of file fsal_internal.c is not documented.
/opt/thomas/GANESHA_GIT/src/FSAL_HPSS/fsal_internal.c:355 Warning: Member SET_INTEGER_PARAM(cfg, p_init_info, _field) of file fsal_internal.c is not documented.
/opt/thomas/GANESHA_GIT/src/FSAL_HPSS/fsal_internal.c:373 Warning: Member SET_BITMAP_PARAM(cfg, p_init_info, _field) of file fsal_internal.c is not documented.
/opt/thomas/GANESHA_GIT/src/FSAL_HPSS/fsal_internal.c:391 Warning: Member SET_BOOLEAN_PARAM(cfg, p_init_info, _field) of file fsal_internal.c is not documented.
/opt/thomas/GANESHA_GIT/src/FSAL_HPSS/fsal_internal.c:326 Warning: Member ReleaseTokenFSCall() of file fsal_internal.c is not documented.
/opt/thomas/GANESHA_GIT/src/FSAL_HPSS/fsal_internal.c:399 Warning: Member fsal_internal_init_global(fsal_init_info_t *fsal_info, fs_common_initinfo_t *fs_common_info) of file fsal_internal.c is not documented.
/opt/thomas/GANESHA_GIT/src/FSAL_HPSS/fsal_internal.c:97 Warning: Member CredentialLifetime of file fsal_internal.c is not documented.
/opt/thomas/GANESHA_GIT/src/FSAL_HPSS/fsal_internal.c:103 Warning: Member global_fs_info of file fsal_internal.c is not documented.
/opt/thomas/GANESHA_GIT/src/FSAL_HPSS/fsal_internal.c:137 Warning: Member fsal_log of file fsal_internal.c is not documented.
/opt/thomas/GANESHA_GIT/src/FSAL_HPSS/fsal_internal.c:142 Warning: Member sem_fs_calls of file fsal_internal.c is not documented.
/opt/thomas/GANESHA_GIT/src/FSAL_HPSS/fsal_internal.c:494 Warning: argument `input' of command @param is not found in the argument list of fsal_do_log(fsal_status_t status)
/opt/thomas/GANESHA_GIT/src/FSAL_HPSS/fsal_ioctl.c:78 Warning: Member FSAL_NB_NAMED_ATTRS of file fsal_ioctl.c is not documented.
/opt/thomas/GANESHA_GIT/src/FSAL_HPSS/fsal_ioctl.c:45 Warning: Member fsal_named_attr_t of file fsal_ioctl.c is not documented.
/opt/thomas/GANESHA_GIT/src/FSAL_HPSS/fsal_ioctl.c:35 Warning: Member named_attr_action_t of file fsal_ioctl.c is not documented.
/opt/thomas/GANESHA_GIT/src/FSAL_HPSS/fsal_lookup.c:77 Warning: argument `filename' of command @param is not found in the argument list of FSAL_lookup(fsal_handle_t *parent_directory_handle, fsal_name_t *p_filename, fsal_op_context_t *p_context, fsal_handle_t *object_handle, fsal_attrib_list_t *object_attributes)
/opt/thomas/GANESHA_GIT/src/FSAL_HPSS/fsal_lookup.c:77 Warning: The following parameters of FSAL_lookup(fsal_handle_t *parent_directory_handle, fsal_name_t *p_filename, fsal_op_context_t *p_context, fsal_handle_t *object_handle, fsal_attrib_list_t *object_attributes) are not documented:
  parameter p_filename

/opt/thomas/GANESHA_GIT/src/FSAL_HPSS/fsal_lookup.c:258 Warning: argument `cred' of command @param is not found in the argument list of FSAL_lookupJunction(fsal_handle_t *p_junction_handle, fsal_op_context_t *p_context, fsal_handle_t *p_fsoot_handle, fsal_attrib_list_t *p_fsroot_attributes)
/opt/thomas/GANESHA_GIT/src/FSAL_HPSS/fsal_lookup.c:258 Warning: argument `p_fsroot_handle' of command @param is not found in the argument list of FSAL_lookupJunction(fsal_handle_t *p_junction_handle, fsal_op_context_t *p_context, fsal_handle_t *p_fsoot_handle, fsal_attrib_list_t *p_fsroot_attributes)
/opt/thomas/GANESHA_GIT/src/FSAL_HPSS/fsal_lookup.c:258 Warning: The following parameters of FSAL_lookupJunction(fsal_handle_t *p_junction_handle, fsal_op_context_t *p_context, fsal_handle_t *p_fsoot_handle, fsal_attrib_list_t *p_fsroot_attributes) are not documented:
  parameter p_context
  parameter p_fsoot_handle

/opt/thomas/GANESHA_GIT/src/FSAL_HPSS/fsal_lookup.c:352 Warning: argument `path' of command @param is not found in the argument list of FSAL_lookupPath(fsal_path_t *p_path, fsal_op_context_t *p_context, fsal_handle_t *object_handle, fsal_attrib_list_t *object_attributes)
/opt/thomas/GANESHA_GIT/src/FSAL_HPSS/fsal_lookup.c:352 Warning: The following parameters of FSAL_lookupPath(fsal_path_t *p_path, fsal_op_context_t *p_context, fsal_handle_t *object_handle, fsal_attrib_list_t *object_attributes) are not documented:
  parameter p_path

/opt/thomas/GANESHA_GIT/src/FSAL_HPSS/fsal_rcp.c:101 Warning: Member RCP_BUFFER_SIZE of file fsal_rcp.c is not documented.
/opt/thomas/GANESHA_GIT/src/FSAL_HPSS/fsal_symlinks.c:70 Warning: argument `cred' of command @param is not found in the argument list of FSAL_readlink(fsal_handle_t *linkhandle, fsal_op_context_t *p_context, fsal_path_t *p_link_content, fsal_attrib_list_t *link_attributes)
/opt/thomas/GANESHA_GIT/src/FSAL_HPSS/fsal_symlinks.c:70 Warning: The following parameters of FSAL_readlink(fsal_handle_t *linkhandle, fsal_op_context_t *p_context, fsal_path_t *p_link_content, fsal_attrib_list_t *link_attributes) are not documented:
  parameter p_context

/opt/thomas/GANESHA_GIT/src/FSAL_HPSS/fsal_symlinks.c:172 Warning: argument `cred' of command @param is not found in the argument list of FSAL_symlink(fsal_handle_t *parent_directory_handle, fsal_name_t *p_linkname, fsal_path_t *p_linkcontent, fsal_op_context_t *p_context, fsal_accessmode_t accessmode, fsal_handle_t *link_handle, fsal_attrib_list_t *link_attributes)
/opt/thomas/GANESHA_GIT/src/FSAL_HPSS/fsal_symlinks.c:172 Warning: The following parameters of FSAL_symlink(fsal_handle_t *parent_directory_handle, fsal_name_t *p_linkname, fsal_path_t *p_linkcontent, fsal_op_context_t *p_context, fsal_accessmode_t accessmode, fsal_handle_t *link_handle, fsal_attrib_list_t *link_attributes) are not documented:
  parameter p_context

/opt/thomas/GANESHA_GIT/src/FSAL_HPSS/fsal_tools.c:122 Warning: Member STRCMP of file fsal_tools.c is not documented.
/opt/thomas/GANESHA_GIT/src/FSAL_HPSS/fsal_tools.c:165 Warning: Member IS_HEXA(c) of file fsal_tools.c is not documented.
/opt/thomas/GANESHA_GIT/src/FSAL_HPSS/fsal_tools.c:170 Warning: Member HEXA2BYTE(c) of file fsal_tools.c is not documented.
/opt/thomas/GANESHA_GIT/src/FSAL_HPSS/fsal_tools.c:635 Warning: Member FSAL_SetDefault_FS_common_parameter(fsal_parameter_t *out_parameter) of file fsal_tools.c is not documented.
/opt/thomas/GANESHA_GIT/src/FSAL_HPSS/fsal_tools.c:674 Warning: Member FSAL_SetDefault_FS_specific_parameter(fsal_parameter_t *out_parameter) of file fsal_tools.c is not documented.
/opt/thomas/GANESHA_GIT/src/FSAL_HPSS/fsal_tools.c:852 Warning: Member FSAL_load_FS_common_parameter_from_conf(config_file_t in_config, fsal_parameter_t *out_parameter) of file fsal_tools.c is not documented.
/opt/thomas/GANESHA_GIT/src/FSAL_HPSS/fsal_tools.c:1029 Warning: Member FSAL_load_FS_specific_parameter_from_conf(config_file_t in_config, fsal_parameter_t *out_parameter) of file fsal_tools.c is not documented.
/opt/thomas/GANESHA_GIT/src/FSAL_HPSS/fsal_tools.c:280 Warning: The following parameters of FSAL_DigestHandle(fsal_export_context_t *p_expcontext, fsal_digesttype_t output_type, fsal_handle_t *in_fsal_handle, caddr_t out_buff) are not documented:
  parameter p_expcontext

/opt/thomas/GANESHA_GIT/src/FSAL_HPSS/fsal_tools.c:529 Warning: The following parameters of FSAL_ExpandHandle(fsal_export_context_t *p_expcontext, fsal_digesttype_t in_type, caddr_t in_buff, fsal_handle_t *out_fsal_handle) are not documented:
  parameter p_expcontext

/opt/thomas/GANESHA_GIT/src/FSAL_HPSS/fsal_truncate.c:43 Warning: argument `cred' of command @param is not found in the argument list of FSAL_truncate(fsal_handle_t *filehandle, fsal_op_context_t *p_context, fsal_size_t length, fsal_attrib_list_t *object_attributes)
/opt/thomas/GANESHA_GIT/src/FSAL_HPSS/fsal_truncate.c:43 Warning: The following parameters of FSAL_truncate(fsal_handle_t *filehandle, fsal_op_context_t *p_context, fsal_size_t length, fsal_attrib_list_t *object_attributes) are not documented:
  parameter p_context

/opt/thomas/GANESHA_GIT/src/FSAL_HPSS/test_fsal.c:98 Warning: Member READDIR_SIZE of file test_fsal.c is not documented.
/opt/thomas/GANESHA_GIT/src/FSAL_HPSS/test_fsal.c:1020 Warning: Member CHANGE_ATTRS(str_nom, nom, flag, new_val) of file test_fsal.c is not documented.
/opt/thomas/GANESHA_GIT/src/FSAL_HPSS/test_fsal.c:101 Warning: Member printmask(fsal_attrib_mask_t mask) of file test_fsal.c is not documented.
/opt/thomas/GANESHA_GIT/src/FSAL_HPSS/test_fsal.c:143 Warning: Member strtype(fsal_nodetype_t type) of file test_fsal.c is not documented.
/opt/thomas/GANESHA_GIT/src/FSAL_HPSS/test_fsal.c:168 Warning: Member printattributes(fsal_attrib_list_t attrs) of file test_fsal.c is not documented.
/opt/thomas/GANESHA_GIT/src/FSAL_HPSS/test_fsal.c:213 Warning: Member usage() of file test_fsal.c is not documented.
/opt/thomas/GANESHA_GIT/src/FSAL_HPSS/test_fsal.c:230 Warning: Member main(int argc, char **argv) of file test_fsal.c is not documented.
/opt/thomas/GANESHA_GIT/src/FSAL_HPSS/fsal_context.c:236 Warning: Member FSAL_InitClientContext(fsal_op_context_t *p_thr_context) of group FSALCredFunctions is not documented.
/opt/thomas/GANESHA_GIT/src/FSAL_HPSS/fsal_context.c:299 Warning: argument `p_cred' of command @param is not found in the argument list of FSAL_GetClientContext(fsal_op_context_t *p_thr_context, fsal_export_context_t *p_export_context, fsal_uid_t uid, fsal_gid_t gid, fsal_gid_t *alt_groups, fsal_count_t nb_alt_groups)
/opt/thomas/GANESHA_GIT/src/FSAL_HPSS/fsal_context.c:299 Warning: The following parameters of FSAL_GetClientContext(fsal_op_context_t *p_thr_context, fsal_export_context_t *p_export_context, fsal_uid_t uid, fsal_gid_t gid, fsal_gid_t *alt_groups, fsal_count_t nb_alt_groups) are not documented:
  parameter p_thr_context
  parameter p_export_context

/opt/thomas/GANESHA_GIT/src/FSAL_HPSS/fsal_strings.c:313 Warning: argument `p_tgt_name' of command @param is not found in the argument list of FSAL_pathcpy(fsal_path_t *p_tgt_path, fsal_path_t *p_src_path)
/opt/thomas/GANESHA_GIT/src/FSAL_HPSS/fsal_strings.c:313 Warning: argument `p_src_name' of command @param is not found in the argument list of FSAL_pathcpy(fsal_path_t *p_tgt_path, fsal_path_t *p_src_path)
/opt/thomas/GANESHA_GIT/src/FSAL_HPSS/fsal_strings.c:313 Warning: The following parameters of FSAL_pathcpy(fsal_path_t *p_tgt_path, fsal_path_t *p_src_path) are not documented:
  parameter p_tgt_path
  parameter p_src_path

