/opt/philippe/GANESHA/src/MainNFSD/nfs_file_content_gc_thread.c:77 Warning: file nfs_file_content_gc_thread.c already documented. Skipping documentation.
/opt/philippe/GANESHA/src/MainNFSD/nfs_main.c:77 Warning: file nfs_main.c already documented. Skipping documentation.
/opt/philippe/GANESHA/src/MainNFSD/nfs_rpc_dispatcher_thread.c:77 Warning: the name `nfs_rpc_dispatcher.c' supplied as the second argument in the \file statement is not an input file
/opt/philippe/GANESHA/src/MainNFSD/nfs_tools.c:77 Warning: file nfs_tools.c already documented. Skipping documentation.
/opt/philippe/GANESHA/src/MainNFSD/fuse_binding.c:163 Warning: The following parameters of ganefuse_main(int argc, char *argv[], const struct ganefuse_operations *op, void *user_data) are not documented:
  parameter op
  parameter user_data

/opt/philippe/GANESHA/src/MainNFSD/nfs_dupreq.c:367 Warning: argument `buff1' of command @param is not found in the argument list of display_xid(hash_buffer_t *pbuff, char *str)
/opt/philippe/GANESHA/src/MainNFSD/nfs_dupreq.c:367 Warning: argument `buff2' of command @param is not found in the argument list of display_xid(hash_buffer_t *pbuff, char *str)
/opt/philippe/GANESHA/src/MainNFSD/nfs_dupreq.c:367 Warning: The following parameters of display_xid(hash_buffer_t *pbuff, char *str) are not documented:
  parameter pbuff
  parameter str

/opt/philippe/GANESHA/src/MainNFSD/nfs_dupreq.c:325 Warning: argument `hparam' of command @param is not found in the argument list of dupreq_rbt_hash_func(hash_parameter_t *p_hparam, hash_buffer_t *buffclef)
/opt/philippe/GANESHA/src/MainNFSD/nfs_dupreq.c:325 Warning: argument `buffcleff' of command @param is not found in the argument list of dupreq_rbt_hash_func(hash_parameter_t *p_hparam, hash_buffer_t *buffclef)
/opt/philippe/GANESHA/src/MainNFSD/nfs_dupreq.c:325 Warning: argument `in' of command @param is not found in the argument list of dupreq_rbt_hash_func(hash_parameter_t *p_hparam, hash_buffer_t *buffclef)
/opt/philippe/GANESHA/src/MainNFSD/nfs_dupreq.c:325 Warning: The following parameters of dupreq_rbt_hash_func(hash_parameter_t *p_hparam, hash_buffer_t *buffclef) are not documented:
  parameter p_hparam
  parameter buffclef

/opt/philippe/GANESHA/src/MainNFSD/nfs_dupreq.c:305 Warning: argument `hparam' of command @param is not found in the argument list of dupreq_value_hash_func(hash_parameter_t *p_hparam, hash_buffer_t *buffclef)
/opt/philippe/GANESHA/src/MainNFSD/nfs_dupreq.c:305 Warning: argument `buffcleff' of command @param is not found in the argument list of dupreq_value_hash_func(hash_parameter_t *p_hparam, hash_buffer_t *buffclef)
/opt/philippe/GANESHA/src/MainNFSD/nfs_dupreq.c:305 Warning: argument `in' of command @param is not found in the argument list of dupreq_value_hash_func(hash_parameter_t *p_hparam, hash_buffer_t *buffclef)
/opt/philippe/GANESHA/src/MainNFSD/nfs_dupreq.c:305 Warning: The following parameters of dupreq_value_hash_func(hash_parameter_t *p_hparam, hash_buffer_t *buffclef) are not documented:
  parameter p_hparam
  parameter buffclef

/opt/philippe/GANESHA/src/MainNFSD/nfs_dupreq.c:410 Warning: argument `pnfsreq' of command @param is not found in the argument list of nfs_dupreq_add(long xid, struct svc_req *ptr_req, nfs_res_t *p_res_nfs, LRU_list_t *lru_dupreq, dupreq_entry_t **p_dupreq_pool)
/opt/philippe/GANESHA/src/MainNFSD/nfs_dupreq.c:410 Warning: The following parameters of nfs_dupreq_add(long xid, struct svc_req *ptr_req, nfs_res_t *p_res_nfs, LRU_list_t *lru_dupreq, dupreq_entry_t **p_dupreq_pool) are not documented:
  parameter ptr_req
  parameter p_res_nfs
  parameter lru_dupreq
  parameter p_dupreq_pool

/opt/philippe/GANESHA/src/MainNFSD/nfs_dupreq.c:525 Warning: The following parameters of nfs_dupreq_gc_function(LRU_entry_t *pentry, void *addparam) are not documented:
  parameter addparam

/opt/philippe/GANESHA/src/MainNFSD/nfs_rpc_dispatcher_thread.c:1276 Warning: argument `void' of command @param is not found in the argument list of nfs_Init_gc_counter(void)
/opt/philippe/GANESHA/src/MainNFSD/nfs_rpc_dispatcher_thread.c:1218 Warning: argument `param' of command @param is not found in the argument list of nfs_Init_request_data(nfs_request_data_t *pdata)
/opt/philippe/GANESHA/src/MainNFSD/nfs_rpc_dispatcher_thread.c:814 Warning: The following parameters of nfs_rpc_getreq(fd_set *readfds, nfs_parameter_t *pnfs_para) are not documented:
  parameter pnfs_para

/opt/philippe/GANESHA/src/MainNFSD/nfs_rpc_dispatcher_thread.c:1102 Warning: argument `none' of command @param is not found in the argument list of rpc_dispatcher_svc_run(nfs_parameter_t *pnfs_param)
/opt/philippe/GANESHA/src/MainNFSD/nfs_rpc_dispatcher_thread.c:1102 Warning: The following parameters of rpc_dispatcher_svc_run(nfs_parameter_t *pnfs_param) are not documented:
  parameter pnfs_param

/opt/philippe/GANESHA/src/MainNFSD/nfs_rpc_dispatcher_thread.c:1179 Warning: argument `IndexArg' of command @param is not found in the argument list of rpc_dispatcher_thread(void *Arg)
/opt/philippe/GANESHA/src/MainNFSD/nfs_rpc_dispatcher_thread.c:1179 Warning: The following parameters of rpc_dispatcher_thread(void *Arg) are not documented:
  parameter Arg

/opt/philippe/GANESHA/src/MainNFSD/nfs_worker_thread.c:705 Warning: argument `param' of command @param is not found in the argument list of nfs_Init_worker_data(nfs_worker_data_t *pdata)
/opt/philippe/GANESHA/src/MainNFSD/fuse_binding.c:163 Warning: The following parameters of ganefuse_main(int argc, char *argv[], const struct ganefuse_operations *op, void *user_data) are not documented:
  parameter op
  parameter user_data

/opt/philippe/GANESHA/src/MainNFSD/nfs_dupreq.c:305 Warning: argument `hparam' of command @param is not found in the argument list of dupreq_value_hash_func(hash_parameter_t *p_hparam, hash_buffer_t *buffclef)
/opt/philippe/GANESHA/src/MainNFSD/nfs_dupreq.c:305 Warning: argument `buffcleff' of command @param is not found in the argument list of dupreq_value_hash_func(hash_parameter_t *p_hparam, hash_buffer_t *buffclef)
/opt/philippe/GANESHA/src/MainNFSD/nfs_dupreq.c:305 Warning: argument `in' of command @param is not found in the argument list of dupreq_value_hash_func(hash_parameter_t *p_hparam, hash_buffer_t *buffclef)
/opt/philippe/GANESHA/src/MainNFSD/nfs_dupreq.c:305 Warning: The following parameters of dupreq_value_hash_func(hash_parameter_t *p_hparam, hash_buffer_t *buffclef) are not documented:
  parameter p_hparam
  parameter buffclef

/opt/philippe/GANESHA/src/MainNFSD/nfs_dupreq.c:325 Warning: argument `hparam' of command @param is not found in the argument list of dupreq_rbt_hash_func(hash_parameter_t *p_hparam, hash_buffer_t *buffclef)
/opt/philippe/GANESHA/src/MainNFSD/nfs_dupreq.c:325 Warning: argument `buffcleff' of command @param is not found in the argument list of dupreq_rbt_hash_func(hash_parameter_t *p_hparam, hash_buffer_t *buffclef)
/opt/philippe/GANESHA/src/MainNFSD/nfs_dupreq.c:325 Warning: argument `in' of command @param is not found in the argument list of dupreq_rbt_hash_func(hash_parameter_t *p_hparam, hash_buffer_t *buffclef)
/opt/philippe/GANESHA/src/MainNFSD/nfs_dupreq.c:325 Warning: The following parameters of dupreq_rbt_hash_func(hash_parameter_t *p_hparam, hash_buffer_t *buffclef) are not documented:
  parameter p_hparam
  parameter buffclef

/opt/philippe/GANESHA/src/MainNFSD/nfs_dupreq.c:367 Warning: argument `buff1' of command @param is not found in the argument list of display_xid(hash_buffer_t *pbuff, char *str)
/opt/philippe/GANESHA/src/MainNFSD/nfs_dupreq.c:367 Warning: argument `buff2' of command @param is not found in the argument list of display_xid(hash_buffer_t *pbuff, char *str)
/opt/philippe/GANESHA/src/MainNFSD/nfs_dupreq.c:367 Warning: The following parameters of display_xid(hash_buffer_t *pbuff, char *str) are not documented:
  parameter pbuff
  parameter str

/opt/philippe/GANESHA/src/MainNFSD/nfs_dupreq.c:410 Warning: argument `pnfsreq' of command @param is not found in the argument list of nfs_dupreq_add(long xid, struct svc_req *ptr_req, nfs_res_t *p_res_nfs, LRU_list_t *lru_dupreq, dupreq_entry_t **p_dupreq_pool)
/opt/philippe/GANESHA/src/MainNFSD/nfs_dupreq.c:410 Warning: The following parameters of nfs_dupreq_add(long xid, struct svc_req *ptr_req, nfs_res_t *p_res_nfs, LRU_list_t *lru_dupreq, dupreq_entry_t **p_dupreq_pool) are not documented:
  parameter ptr_req
  parameter p_res_nfs
  parameter lru_dupreq
  parameter p_dupreq_pool

/opt/philippe/GANESHA/src/MainNFSD/nfs_dupreq.c:525 Warning: The following parameters of nfs_dupreq_gc_function(LRU_entry_t *pentry, void *addparam) are not documented:
  parameter addparam

/opt/philippe/GANESHA/src/MainNFSD/nfs_init.c:1002 Warning: argument `emergency_flush_flag' of command @param is not found in the argument list of nfs_Init(const nfs_start_info_t *p_start_info)
/opt/philippe/GANESHA/src/MainNFSD/nfs_init.c:1002 Warning: The following parameters of nfs_Init(const nfs_start_info_t *p_start_info) are not documented:
  parameter p_start_info

/opt/philippe/GANESHA/src/MainNFSD/nfs_rpc_dispatcher_thread.c:814 Warning: The following parameters of nfs_rpc_getreq(fd_set *readfds, nfs_parameter_t *pnfs_para) are not documented:
  parameter pnfs_para

/opt/philippe/GANESHA/src/MainNFSD/nfs_rpc_dispatcher_thread.c:1102 Warning: argument `none' of command @param is not found in the argument list of rpc_dispatcher_svc_run(nfs_parameter_t *pnfs_param)
/opt/philippe/GANESHA/src/MainNFSD/nfs_rpc_dispatcher_thread.c:1102 Warning: The following parameters of rpc_dispatcher_svc_run(nfs_parameter_t *pnfs_param) are not documented:
  parameter pnfs_param

/opt/philippe/GANESHA/src/MainNFSD/nfs_rpc_dispatcher_thread.c:1179 Warning: argument `IndexArg' of command @param is not found in the argument list of rpc_dispatcher_thread(void *Arg)
/opt/philippe/GANESHA/src/MainNFSD/nfs_rpc_dispatcher_thread.c:1179 Warning: The following parameters of rpc_dispatcher_thread(void *Arg) are not documented:
  parameter Arg

/opt/philippe/GANESHA/src/MainNFSD/nfs_rpc_dispatcher_thread.c:1218 Warning: argument `param' of command @param is not found in the argument list of nfs_Init_request_data(nfs_request_data_t *pdata)
/opt/philippe/GANESHA/src/MainNFSD/nfs_rpc_dispatcher_thread.c:1276 Warning: argument `void' of command @param is not found in the argument list of nfs_Init_gc_counter(void)
/opt/philippe/GANESHA/src/MainNFSD/nfs_worker_thread.c:235 Warning: argument `pnfsreq' of command @param is not found in the argument list of nfs_rpc_execute(nfs_request_data_t *preqnfs, nfs_worker_data_t *pworker_data)
/opt/philippe/GANESHA/src/MainNFSD/nfs_worker_thread.c:235 Warning: The following parameters of nfs_rpc_execute(nfs_request_data_t *preqnfs, nfs_worker_data_t *pworker_data) are not documented:
  parameter preqnfs
  parameter pworker_data

/opt/philippe/GANESHA/src/MainNFSD/nfs_worker_thread.c:705 Warning: argument `param' of command @param is not found in the argument list of nfs_Init_worker_data(nfs_worker_data_t *pdata)
