/opt/philippe/GANESHA/src/Cache_inode/test_cache_inode_readdir.c:77 Warning: file test_cache_inode_lookup.c already documented. Skipping documentation.
/opt/philippe/GANESHA/src/Cache_inode/cache_inode_fsal_hash.c:99 Warning: argument `hparam' of command @param is not found in the argument list of cache_inode_fsal_hash_func(hash_parameter_t *p_hparam, hash_buffer_t *buffclef)
/opt/philippe/GANESHA/src/Cache_inode/cache_inode_fsal_hash.c:99 Warning: The following parameters of cache_inode_fsal_hash_func(hash_parameter_t *p_hparam, hash_buffer_t *buffclef) are not documented:
  parameter p_hparam

/opt/philippe/GANESHA/src/Cache_inode/cache_inode_fsal_hash.c:129 Warning: argument `hparam' of command @param is not found in the argument list of cache_inode_fsal_rbt_func(hash_parameter_t *p_hparam, hash_buffer_t *buffclef)
/opt/philippe/GANESHA/src/Cache_inode/cache_inode_fsal_hash.c:129 Warning: The following parameters of cache_inode_fsal_rbt_func(hash_parameter_t *p_hparam, hash_buffer_t *buffclef) are not documented:
  parameter p_hparam

/opt/philippe/GANESHA/src/Cache_inode/cache_inode_get.c:106 Warning: argument `fsdata' of command @param is not found in the argument list of cache_inode_get(cache_inode_fsal_data_t *pfsdata, fsal_attrib_list_t *pattr, hash_table_t *ht, cache_inode_client_t *pclient, fsal_op_context_t *pcontext, cache_inode_status_t *pstatus)
/opt/philippe/GANESHA/src/Cache_inode/cache_inode_get.c:106 Warning: The following parameters of cache_inode_get(cache_inode_fsal_data_t *pfsdata, fsal_attrib_list_t *pattr, hash_table_t *ht, cache_inode_client_t *pclient, fsal_op_context_t *pcontext, cache_inode_status_t *pstatus) are not documented:
  parameter pfsdata

/opt/philippe/GANESHA/src/Cache_inode/cache_inode_init.c:134 Warning: The following parameters of cache_inode_client_init(cache_inode_client_t *pclient, cache_inode_client_parameter_t param, int thread_index, void *pworker_data) are not documented:
  parameter pworker_data

/opt/philippe/GANESHA/src/Cache_inode/cache_inode_lock.c:119 Warning: argument `pfilelock' of command @param is not found in the argument list of cache_inode_lock_check_conflicting_range(cache_entry_t *pentry, uint64_t offset, uint64_t length, cache_inode_lock_type_t lock_type, cache_inode_state_v4_t **ppfilelock, cache_inode_status_t *pstatus)
/opt/philippe/GANESHA/src/Cache_inode/cache_inode_lock.c:119 Warning: The following parameters of cache_inode_lock_check_conflicting_range(cache_entry_t *pentry, uint64_t offset, uint64_t length, cache_inode_lock_type_t lock_type, cache_inode_state_v4_t **ppfilelock, cache_inode_status_t *pstatus) are not documented:
  parameter lock_type
  parameter ppfilelock

/opt/philippe/GANESHA/src/Cache_inode/cache_inode_lock.c:319 Warning: The following parameters of cache_inode_lock_create(cache_entry_t *pentry, uint64_t offset, uint64_t length, cache_inode_lock_type_t lock_type, uint64_t clientid, unsigned int client_inst_num, cache_inode_state_v4_t **ppnewlock, cache_inode_state_v4_t **ppfilelock, cache_inode_client_t *pclient, cache_inode_status_t *pstatus) are not documented:
  parameter lock_type
  parameter ppnewlock
  parameter ppfilelock

/opt/philippe/GANESHA/src/Cache_inode/cache_inode_lock.c:285 Warning: The following parameters of cache_inode_lock_remove(cache_entry_t *pentry, cache_inode_state_v4_t *pfilelock, cache_inode_client_t *pclient) are not documented:
  parameter pentry
  parameter pclient

/opt/philippe/GANESHA/src/Cache_inode/cache_inode_lookup.c:453 Warning: argument `name' of command @param is not found in the argument list of cache_inode_lookup(cache_entry_t *pentry_parent, fsal_name_t *pname, fsal_attrib_list_t *pattr, hash_table_t *ht, cache_inode_client_t *pclient, fsal_op_context_t *pcontext, cache_inode_status_t *pstatus)
/opt/philippe/GANESHA/src/Cache_inode/cache_inode_lookup.c:453 Warning: The following parameters of cache_inode_lookup(cache_entry_t *pentry_parent, fsal_name_t *pname, fsal_attrib_list_t *pattr, hash_table_t *ht, cache_inode_client_t *pclient, fsal_op_context_t *pcontext, cache_inode_status_t *pstatus) are not documented:
  parameter pname

/opt/philippe/GANESHA/src/Cache_inode/cache_inode_lookup.c:415 Warning: argument `name' of command @param is not found in the argument list of cache_inode_lookup_no_mutex(cache_entry_t *pentry_parent, fsal_name_t *pname, fsal_attrib_list_t *pattr, hash_table_t *ht, cache_inode_client_t *pclient, fsal_op_context_t *pcontext, cache_inode_status_t *pstatus)
/opt/philippe/GANESHA/src/Cache_inode/cache_inode_lookup.c:415 Warning: The following parameters of cache_inode_lookup_no_mutex(cache_entry_t *pentry_parent, fsal_name_t *pname, fsal_attrib_list_t *pattr, hash_table_t *ht, cache_inode_client_t *pclient, fsal_op_context_t *pcontext, cache_inode_status_t *pstatus) are not documented:
  parameter pname

/opt/philippe/GANESHA/src/Cache_inode/cache_inode_lookup.c:105 Warning: argument `name' of command @param is not found in the argument list of cache_inode_lookup_sw(cache_entry_t *pentry_parent, fsal_name_t *pname, fsal_attrib_list_t *pattr, hash_table_t *ht, cache_inode_client_t *pclient, fsal_op_context_t *pcontext, cache_inode_status_t *pstatus, int use_mutex)
/opt/philippe/GANESHA/src/Cache_inode/cache_inode_lookup.c:105 Warning: The following parameters of cache_inode_lookup_sw(cache_entry_t *pentry_parent, fsal_name_t *pname, fsal_attrib_list_t *pattr, hash_table_t *ht, cache_inode_client_t *pclient, fsal_op_context_t *pcontext, cache_inode_status_t *pstatus, int use_mutex) are not documented:
  parameter pname

/opt/philippe/GANESHA/src/Cache_inode/cache_inode_misc.c:231 Warning: argument `link_content' of command @param is not found in the argument list of cache_inode_new_entry(cache_inode_fsal_data_t *pfsdata, fsal_attrib_list_t *pfsal_attr, cache_inode_file_type_t type, cache_inode_create_arg_t *pcreate_arg, cache_entry_t *pentry_dir_prev, hash_table_t *ht, cache_inode_client_t *pclient, fsal_op_context_t *pcontext, unsigned int create_flag, cache_inode_status_t *pstatus)
/opt/philippe/GANESHA/src/Cache_inode/cache_inode_misc.c:231 Warning: The following parameters of cache_inode_new_entry(cache_inode_fsal_data_t *pfsdata, fsal_attrib_list_t *pfsal_attr, cache_inode_file_type_t type, cache_inode_create_arg_t *pcreate_arg, cache_entry_t *pentry_dir_prev, hash_table_t *ht, cache_inode_client_t *pclient, fsal_op_context_t *pcontext, unsigned int create_flag, cache_inode_status_t *pstatus) are not documented:
  parameter pcreate_arg

/opt/philippe/GANESHA/src/Cache_inode/cache_inode_misc.c:1283 Warning: argument `pentry' of command @param is not found in the argument list of cache_inode_print_dir(cache_entry_t *cache_entry_root)
/opt/philippe/GANESHA/src/Cache_inode/cache_inode_misc.c:1283 Warning: The following parameters of cache_inode_print_dir(cache_entry_t *cache_entry_root) are not documented:
  parameter cache_entry_root

/opt/philippe/GANESHA/src/Cache_inode/cache_inode_open_close.c:364 Warning: Found unknown command `\pstatus'
/opt/philippe/GANESHA/src/Cache_inode/cache_inode_open_close.c:354 Warning: The following parameters of cache_inode_close(cache_entry_t *pentry, cache_inode_client_t *pclient, cache_inode_status_t *pstatus) are not documented:
  parameter pstatus

/opt/philippe/GANESHA/src/Cache_inode/cache_inode_open_close.c:109 Warning: argument `pcontent' of command @param is not found in the argument list of cache_inode_open(cache_entry_t *pentry, cache_inode_client_t *pclient, fsal_openflags_t openflags, fsal_op_context_t *pcontext, cache_inode_status_t *pstatus)
/opt/philippe/GANESHA/src/Cache_inode/cache_inode_open_close.c:118 Warning: Found unknown command `\pstatus'
/opt/philippe/GANESHA/src/Cache_inode/cache_inode_open_close.c:109 Warning: The following parameters of cache_inode_open(cache_entry_t *pentry, cache_inode_client_t *pclient, fsal_openflags_t openflags, fsal_op_context_t *pcontext, cache_inode_status_t *pstatus) are not documented:
  parameter pcontext
  parameter pstatus

/opt/philippe/GANESHA/src/Cache_inode/cache_inode_open_close.c:207 Warning: argument `pcontent' of command @param is not found in the argument list of cache_inode_open_by_name(cache_entry_t *pentry_dir, fsal_name_t *pname, cache_entry_t *pentry_file, cache_inode_client_t *pclient, fsal_openflags_t openflags, fsal_op_context_t *pcontext, cache_inode_status_t *pstatus)
/opt/philippe/GANESHA/src/Cache_inode/cache_inode_open_close.c:218 Warning: Found unknown command `\pstatus'
/opt/philippe/GANESHA/src/Cache_inode/cache_inode_open_close.c:207 Warning: The following parameters of cache_inode_open_by_name(cache_entry_t *pentry_dir, fsal_name_t *pname, cache_entry_t *pentry_file, cache_inode_client_t *pclient, fsal_openflags_t openflags, fsal_op_context_t *pcontext, cache_inode_status_t *pstatus) are not documented:
  parameter pcontext
  parameter pstatus

/opt/philippe/GANESHA/src/Cache_inode/cache_inode_rdwr.c:124 Warning: Found unknown command `\pstatus'
/opt/philippe/GANESHA/src/Cache_inode/cache_inode_rdwr.c:109 Warning: The following parameters of cache_inode_rdwr(cache_entry_t *pentry, cache_inode_io_direction_t read_or_write, fsal_seek_t *seek_descriptor, fsal_size_t buffer_size, fsal_size_t *pio_size, fsal_attrib_list_t *pfsal_attr, caddr_t buffer, fsal_boolean_t *p_fsal_eof, hash_table_t *ht, cache_inode_client_t *pclient, fsal_op_context_t *pcontext, cache_inode_status_t *pstatus) are not documented:
  parameter p_fsal_eof
  parameter pstatus

/opt/philippe/GANESHA/src/Cache_inode/cache_inode_read_conf.c:479 Warning: argument `param' of command @param is not found in the argument list of cache_inode_print_conf_gc_policy(FILE *output, cache_inode_gc_policy_t gcpolicy)
/opt/philippe/GANESHA/src/Cache_inode/cache_inode_read_conf.c:479 Warning: The following parameters of cache_inode_print_conf_gc_policy(FILE *output, cache_inode_gc_policy_t gcpolicy) are not documented:
  parameter gcpolicy

/opt/philippe/GANESHA/src/Cache_inode/cache_inode_read_conf.c:343 Warning: argument `pparam' of command @param is not found in the argument list of cache_inode_read_conf_gc_policy(config_file_t in_config, cache_inode_gc_policy_t *ppolicy)
/opt/philippe/GANESHA/src/Cache_inode/cache_inode_read_conf.c:343 Warning: The following parameters of cache_inode_read_conf_gc_policy(config_file_t in_config, cache_inode_gc_policy_t *ppolicy) are not documented:
  parameter ppolicy

/opt/philippe/GANESHA/src/Cache_inode/cache_inode_readdir.c:321 Warning: argument `name' of command @param is not found in the argument list of cache_inode_add_cached_dirent(cache_entry_t *pentry_parent, fsal_name_t *pname, cache_entry_t *pentry_added, cache_entry_t **ppentry_next, hash_table_t *ht, cache_inode_client_t *pclient, fsal_op_context_t *pcontext, cache_inode_status_t *pstatus)
/opt/philippe/GANESHA/src/Cache_inode/cache_inode_readdir.c:321 Warning: argument `pentry_next' of command @param is not found in the argument list of cache_inode_add_cached_dirent(cache_entry_t *pentry_parent, fsal_name_t *pname, cache_entry_t *pentry_added, cache_entry_t **ppentry_next, hash_table_t *ht, cache_inode_client_t *pclient, fsal_op_context_t *pcontext, cache_inode_status_t *pstatus)
/opt/philippe/GANESHA/src/Cache_inode/cache_inode_readdir.c:321 Warning: The following parameters of cache_inode_add_cached_dirent(cache_entry_t *pentry_parent, fsal_name_t *pname, cache_entry_t *pentry_added, cache_entry_t **ppentry_next, hash_table_t *ht, cache_inode_client_t *pclient, fsal_op_context_t *pcontext, cache_inode_status_t *pstatus) are not documented:
  parameter pname
  parameter ppentry_next
  parameter pcontext

/opt/philippe/GANESHA/src/Cache_inode/cache_inode_readdir.c:106 Warning: argument `name' of command @param is not found in the argument list of cache_inode_operate_cached_dirent(cache_entry_t *pentry_parent, fsal_name_t *pname, fsal_name_t *newname, cache_inode_dirent_op_t dirent_op, cache_inode_status_t *pstatus)
/opt/philippe/GANESHA/src/Cache_inode/cache_inode_readdir.c:117 Warning: Found unknown command `\pstatus'
/opt/philippe/GANESHA/src/Cache_inode/cache_inode_readdir.c:106 Warning: The following parameters of cache_inode_operate_cached_dirent(cache_entry_t *pentry_parent, fsal_name_t *pname, fsal_name_t *newname, cache_inode_dirent_op_t dirent_op, cache_inode_status_t *pstatus) are not documented:
  parameter pname
  parameter pstatus

/opt/philippe/GANESHA/src/Cache_inode/cache_inode_readdir.c:954 Warning: argument `pentry' of command @param is not found in the argument list of cache_inode_readdir(cache_entry_t *dir_pentry, unsigned int cookie, unsigned int nbwanted, unsigned int *pnbfound, unsigned int *pend_cookie, cache_inode_endofdir_t *peod_met, cache_inode_dir_entry_t *dirent_array, unsigned int *cookie_array, hash_table_t *ht, cache_inode_client_t *pclient, fsal_op_context_t *pcontext, cache_inode_status_t *pstatus)
/opt/philippe/GANESHA/src/Cache_inode/cache_inode_readdir.c:954 Warning: The following parameters of cache_inode_readdir(cache_entry_t *dir_pentry, unsigned int cookie, unsigned int nbwanted, unsigned int *pnbfound, unsigned int *pend_cookie, cache_inode_endofdir_t *peod_met, cache_inode_dir_entry_t *dirent_array, unsigned int *cookie_array, hash_table_t *ht, cache_inode_client_t *pclient, fsal_op_context_t *pcontext, cache_inode_status_t *pstatus) are not documented:
  parameter dir_pentry
  parameter pnbfound
  parameter pend_cookie
  parameter cookie_array

/opt/philippe/GANESHA/src/Cache_inode/cache_inode_readdir.c:739 Warning: argument `pentry' of command @param is not found in the argument list of cache_inode_readdir_populate(cache_entry_t *pentry_dir, hash_table_t *ht, cache_inode_client_t *pclient, fsal_op_context_t *pcontext, cache_inode_status_t *pstatus)
/opt/philippe/GANESHA/src/Cache_inode/cache_inode_readdir.c:739 Warning: The following parameters of cache_inode_readdir_populate(cache_entry_t *pentry_dir, hash_table_t *ht, cache_inode_client_t *pclient, fsal_op_context_t *pcontext, cache_inode_status_t *pstatus) are not documented:
  parameter pentry_dir

/opt/philippe/GANESHA/src/Cache_inode/cache_inode_readdir.c:654 Warning: argument `name' of command @param is not found in the argument list of cache_inode_remove_cached_dirent(cache_entry_t *pentry_parent, fsal_name_t *pname, hash_table_t *ht, cache_inode_client_t *pclient, cache_inode_status_t *pstatus)
/opt/philippe/GANESHA/src/Cache_inode/cache_inode_readdir.c:654 Warning: The following parameters of cache_inode_remove_cached_dirent(cache_entry_t *pentry_parent, fsal_name_t *pname, hash_table_t *ht, cache_inode_client_t *pclient, cache_inode_status_t *pstatus) are not documented:
  parameter pname

/opt/philippe/GANESHA/src/Cache_inode/cache_inode_remove.c:521 Warning: argument `name' of command @param is not found in the argument list of cache_inode_remove(cache_entry_t *pentry, fsal_name_t *pnode_name, fsal_attrib_list_t *pattr, hash_table_t *ht, cache_inode_client_t *pclient, fsal_op_context_t *pcontext, cache_inode_status_t *pstatus)
/opt/philippe/GANESHA/src/Cache_inode/cache_inode_remove.c:521 Warning: The following parameters of cache_inode_remove(cache_entry_t *pentry, fsal_name_t *pnode_name, fsal_attrib_list_t *pattr, hash_table_t *ht, cache_inode_client_t *pclient, fsal_op_context_t *pcontext, cache_inode_status_t *pstatus) are not documented:
  parameter pnode_name

/opt/philippe/GANESHA/src/Cache_inode/cache_inode_remove.c:484 Warning: argument `name' of command @param is not found in the argument list of cache_inode_remove_no_mutex(cache_entry_t *pentry, fsal_name_t *pnode_name, fsal_attrib_list_t *pattr, hash_table_t *ht, cache_inode_client_t *pclient, fsal_op_context_t *pcontext, cache_inode_status_t *pstatus)
/opt/philippe/GANESHA/src/Cache_inode/cache_inode_remove.c:484 Warning: The following parameters of cache_inode_remove_no_mutex(cache_entry_t *pentry, fsal_name_t *pnode_name, fsal_attrib_list_t *pattr, hash_table_t *ht, cache_inode_client_t *pclient, fsal_op_context_t *pcontext, cache_inode_status_t *pstatus) are not documented:
  parameter pnode_name

/opt/philippe/GANESHA/src/Cache_inode/cache_inode_remove.c:118 Warning: argument `name' of command @param is not found in the argument list of cache_inode_remove_sw(cache_entry_t *pentry, fsal_name_t *pnode_name, fsal_attrib_list_t *pattr, hash_table_t *ht, cache_inode_client_t *pclient, fsal_op_context_t *pcontext, cache_inode_status_t *pstatus, int use_mutex)
/opt/philippe/GANESHA/src/Cache_inode/cache_inode_remove.c:118 Warning: The following parameters of cache_inode_remove_sw(cache_entry_t *pentry, fsal_name_t *pnode_name, fsal_attrib_list_t *pattr, hash_table_t *ht, cache_inode_client_t *pclient, fsal_op_context_t *pcontext, cache_inode_status_t *pstatus, int use_mutex) are not documented:
  parameter pnode_name
  parameter use_mutex

/opt/philippe/GANESHA/src/Cache_inode/cache_inode_rename.c:157 Warning: argument `newname' of command @param is not found in the argument list of cache_inode_rename(cache_entry_t *pentry_dirsrc, fsal_name_t *poldname, cache_entry_t *pentry_dirdest, fsal_name_t *pnewname, fsal_attrib_list_t *pattr_src, fsal_attrib_list_t *pattr_dst, hash_table_t *ht, cache_inode_client_t *pclient, fsal_op_context_t *pcontext, cache_inode_status_t *pstatus)
/opt/philippe/GANESHA/src/Cache_inode/cache_inode_rename.c:157 Warning: argument `newname' of command @param is not found in the argument list of cache_inode_rename(cache_entry_t *pentry_dirsrc, fsal_name_t *poldname, cache_entry_t *pentry_dirdest, fsal_name_t *pnewname, fsal_attrib_list_t *pattr_src, fsal_attrib_list_t *pattr_dst, hash_table_t *ht, cache_inode_client_t *pclient, fsal_op_context_t *pcontext, cache_inode_status_t *pstatus)
/opt/philippe/GANESHA/src/Cache_inode/cache_inode_rename.c:157 Warning: The following parameters of cache_inode_rename(cache_entry_t *pentry_dirsrc, fsal_name_t *poldname, cache_entry_t *pentry_dirdest, fsal_name_t *pnewname, fsal_attrib_list_t *pattr_src, fsal_attrib_list_t *pattr_dst, hash_table_t *ht, cache_inode_client_t *pclient, fsal_op_context_t *pcontext, cache_inode_status_t *pstatus) are not documented:
  parameter poldname
  parameter pnewname

/opt/philippe/GANESHA/src/Cache_inode/cache_inode_renew_entry.c:106 Warning: argument `pentry_parent' of command @param is not found in the argument list of cache_inode_renew_entry(cache_entry_t *pentry, fsal_attrib_list_t *pattr, hash_table_t *ht, cache_inode_client_t *pclient, fsal_op_context_t *pcontext, cache_inode_status_t *pstatus)
/opt/philippe/GANESHA/src/Cache_inode/cache_inode_renew_entry.c:106 Warning: The following parameters of cache_inode_renew_entry(cache_entry_t *pentry, fsal_attrib_list_t *pattr, hash_table_t *ht, cache_inode_client_t *pclient, fsal_op_context_t *pcontext, cache_inode_status_t *pstatus) are not documented:
  parameter pentry
  parameter ht

/opt/philippe/GANESHA/src/Cache_inode/cache_inode_setattr.c:106 Warning: argument `pentry_parent' of command @param is not found in the argument list of cache_inode_setattr(cache_entry_t *pentry, fsal_attrib_list_t *pattr, hash_table_t *ht, cache_inode_client_t *pclient, fsal_op_context_t *pcontext, cache_inode_status_t *pstatus)
/opt/philippe/GANESHA/src/Cache_inode/cache_inode_setattr.c:106 Warning: The following parameters of cache_inode_setattr(cache_entry_t *pentry, fsal_attrib_list_t *pattr, hash_table_t *ht, cache_inode_client_t *pclient, fsal_op_context_t *pcontext, cache_inode_status_t *pstatus) are not documented:
  parameter pentry

/opt/philippe/GANESHA/src/Cache_inode/cache_inode_gc.c:475 Warning: argument `pentry' of command @param is not found in the argument list of cache_inode_gc_function(LRU_entry_t *plru_entry, void *addparam)
/opt/philippe/GANESHA/src/Cache_inode/cache_inode_gc.c:475 Warning: The following parameters of cache_inode_gc_function(LRU_entry_t *plru_entry, void *addparam) are not documented:
  parameter plru_entry
  parameter addparam

/opt/philippe/GANESHA/src/Cache_inode/cache_inode_gc.c:383 Warning: The following parameters of cache_inode_gc_suppress_directory(cache_entry_t *pentry, cache_inode_param_gc_t *pgcparam) are not documented:
  parameter pgcparam

/opt/philippe/GANESHA/src/Cache_inode/cache_inode_gc.c:338 Warning: The following parameters of cache_inode_gc_suppress_file(cache_entry_t *pentry, cache_inode_param_gc_t *pgcparam) are not documented:
  parameter pgcparam

/opt/philippe/GANESHA/src/Cache_inode/cache_inode_fsal_hash.c:99 Warning: argument `hparam' of command @param is not found in the argument list of cache_inode_fsal_hash_func(hash_parameter_t *p_hparam, hash_buffer_t *buffclef)
/opt/philippe/GANESHA/src/Cache_inode/cache_inode_fsal_hash.c:99 Warning: The following parameters of cache_inode_fsal_hash_func(hash_parameter_t *p_hparam, hash_buffer_t *buffclef) are not documented:
  parameter p_hparam

/opt/philippe/GANESHA/src/Cache_inode/cache_inode_fsal_hash.c:129 Warning: argument `hparam' of command @param is not found in the argument list of cache_inode_fsal_rbt_func(hash_parameter_t *p_hparam, hash_buffer_t *buffclef)
/opt/philippe/GANESHA/src/Cache_inode/cache_inode_fsal_hash.c:129 Warning: The following parameters of cache_inode_fsal_rbt_func(hash_parameter_t *p_hparam, hash_buffer_t *buffclef) are not documented:
  parameter p_hparam

/opt/philippe/GANESHA/src/Cache_inode/cache_inode_gc.c:115 Warning: argument `addparam' of command @param is not found in the argument list of cache_inode_gc_clean_entry(cache_entry_t *pentry, cache_inode_param_gc_t *pgcparam)
/opt/philippe/GANESHA/src/Cache_inode/cache_inode_gc.c:115 Warning: The following parameters of cache_inode_gc_clean_entry(cache_entry_t *pentry, cache_inode_param_gc_t *pgcparam) are not documented:
  parameter pgcparam

/opt/philippe/GANESHA/src/Cache_inode/cache_inode_gc.c:255 Warning: argument `addparam' of command @param is not found in the argument list of cache_inode_gc_invalidate_related_dirent(cache_entry_t *pentry, cache_inode_param_gc_t *pgcparam)
/opt/philippe/GANESHA/src/Cache_inode/cache_inode_gc.c:255 Warning: The following parameters of cache_inode_gc_invalidate_related_dirent(cache_entry_t *pentry, cache_inode_param_gc_t *pgcparam) are not documented:
  parameter pgcparam

/opt/philippe/GANESHA/src/Cache_inode/cache_inode_gc.c:338 Warning: The following parameters of cache_inode_gc_suppress_file(cache_entry_t *pentry, cache_inode_param_gc_t *pgcparam) are not documented:
  parameter pgcparam

/opt/philippe/GANESHA/src/Cache_inode/cache_inode_gc.c:383 Warning: The following parameters of cache_inode_gc_suppress_directory(cache_entry_t *pentry, cache_inode_param_gc_t *pgcparam) are not documented:
  parameter pgcparam

/opt/philippe/GANESHA/src/Cache_inode/cache_inode_gc.c:475 Warning: argument `pentry' of command @param is not found in the argument list of cache_inode_gc_function(LRU_entry_t *plru_entry, void *addparam)
/opt/philippe/GANESHA/src/Cache_inode/cache_inode_gc.c:475 Warning: The following parameters of cache_inode_gc_function(LRU_entry_t *plru_entry, void *addparam) are not documented:
  parameter plru_entry
  parameter addparam

/opt/philippe/GANESHA/src/Cache_inode/cache_inode_get.c:106 Warning: argument `fsdata' of command @param is not found in the argument list of cache_inode_get(cache_inode_fsal_data_t *pfsdata, fsal_attrib_list_t *pattr, hash_table_t *ht, cache_inode_client_t *pclient, fsal_op_context_t *pcontext, cache_inode_status_t *pstatus)
/opt/philippe/GANESHA/src/Cache_inode/cache_inode_get.c:106 Warning: The following parameters of cache_inode_get(cache_inode_fsal_data_t *pfsdata, fsal_attrib_list_t *pattr, hash_table_t *ht, cache_inode_client_t *pclient, fsal_op_context_t *pcontext, cache_inode_status_t *pstatus) are not documented:
  parameter pfsdata

/opt/philippe/GANESHA/src/Cache_inode/cache_inode_init.c:134 Warning: The following parameters of cache_inode_client_init(cache_inode_client_t *pclient, cache_inode_client_parameter_t param, int thread_index, void *pworker_data) are not documented:
  parameter pworker_data

/opt/philippe/GANESHA/src/Cache_inode/cache_inode_lock.c:119 Warning: argument `pfilelock' of command @param is not found in the argument list of cache_inode_lock_check_conflicting_range(cache_entry_t *pentry, uint64_t offset, uint64_t length, cache_inode_lock_type_t lock_type, cache_inode_state_v4_t **ppfilelock, cache_inode_status_t *pstatus)
/opt/philippe/GANESHA/src/Cache_inode/cache_inode_lock.c:119 Warning: The following parameters of cache_inode_lock_check_conflicting_range(cache_entry_t *pentry, uint64_t offset, uint64_t length, cache_inode_lock_type_t lock_type, cache_inode_state_v4_t **ppfilelock, cache_inode_status_t *pstatus) are not documented:
  parameter lock_type
  parameter ppfilelock

/opt/philippe/GANESHA/src/Cache_inode/cache_inode_lock.c:285 Warning: The following parameters of cache_inode_lock_remove(cache_entry_t *pentry, cache_inode_state_v4_t *pfilelock, cache_inode_client_t *pclient) are not documented:
  parameter pentry
  parameter pclient

/opt/philippe/GANESHA/src/Cache_inode/cache_inode_lock.c:319 Warning: The following parameters of cache_inode_lock_create(cache_entry_t *pentry, uint64_t offset, uint64_t length, cache_inode_lock_type_t lock_type, uint64_t clientid, unsigned int client_inst_num, cache_inode_state_v4_t **ppnewlock, cache_inode_state_v4_t **ppfilelock, cache_inode_client_t *pclient, cache_inode_status_t *pstatus) are not documented:
  parameter lock_type
  parameter ppnewlock
  parameter ppfilelock

/opt/philippe/GANESHA/src/Cache_inode/cache_inode_lookup.c:105 Warning: argument `name' of command @param is not found in the argument list of cache_inode_lookup_sw(cache_entry_t *pentry_parent, fsal_name_t *pname, fsal_attrib_list_t *pattr, hash_table_t *ht, cache_inode_client_t *pclient, fsal_op_context_t *pcontext, cache_inode_status_t *pstatus, int use_mutex)
/opt/philippe/GANESHA/src/Cache_inode/cache_inode_lookup.c:105 Warning: The following parameters of cache_inode_lookup_sw(cache_entry_t *pentry_parent, fsal_name_t *pname, fsal_attrib_list_t *pattr, hash_table_t *ht, cache_inode_client_t *pclient, fsal_op_context_t *pcontext, cache_inode_status_t *pstatus, int use_mutex) are not documented:
  parameter pname

/opt/philippe/GANESHA/src/Cache_inode/cache_inode_lookup.c:415 Warning: argument `name' of command @param is not found in the argument list of cache_inode_lookup_no_mutex(cache_entry_t *pentry_parent, fsal_name_t *pname, fsal_attrib_list_t *pattr, hash_table_t *ht, cache_inode_client_t *pclient, fsal_op_context_t *pcontext, cache_inode_status_t *pstatus)
/opt/philippe/GANESHA/src/Cache_inode/cache_inode_lookup.c:415 Warning: The following parameters of cache_inode_lookup_no_mutex(cache_entry_t *pentry_parent, fsal_name_t *pname, fsal_attrib_list_t *pattr, hash_table_t *ht, cache_inode_client_t *pclient, fsal_op_context_t *pcontext, cache_inode_status_t *pstatus) are not documented:
  parameter pname

/opt/philippe/GANESHA/src/Cache_inode/cache_inode_lookup.c:453 Warning: argument `name' of command @param is not found in the argument list of cache_inode_lookup(cache_entry_t *pentry_parent, fsal_name_t *pname, fsal_attrib_list_t *pattr, hash_table_t *ht, cache_inode_client_t *pclient, fsal_op_context_t *pcontext, cache_inode_status_t *pstatus)
/opt/philippe/GANESHA/src/Cache_inode/cache_inode_lookup.c:453 Warning: The following parameters of cache_inode_lookup(cache_entry_t *pentry_parent, fsal_name_t *pname, fsal_attrib_list_t *pattr, hash_table_t *ht, cache_inode_client_t *pclient, fsal_op_context_t *pcontext, cache_inode_status_t *pstatus) are not documented:
  parameter pname

/opt/philippe/GANESHA/src/Cache_inode/cache_inode_misc.c:231 Warning: argument `link_content' of command @param is not found in the argument list of cache_inode_new_entry(cache_inode_fsal_data_t *pfsdata, fsal_attrib_list_t *pfsal_attr, cache_inode_file_type_t type, cache_inode_create_arg_t *pcreate_arg, cache_entry_t *pentry_dir_prev, hash_table_t *ht, cache_inode_client_t *pclient, fsal_op_context_t *pcontext, unsigned int create_flag, cache_inode_status_t *pstatus)
/opt/philippe/GANESHA/src/Cache_inode/cache_inode_misc.c:231 Warning: The following parameters of cache_inode_new_entry(cache_inode_fsal_data_t *pfsdata, fsal_attrib_list_t *pfsal_attr, cache_inode_file_type_t type, cache_inode_create_arg_t *pcreate_arg, cache_entry_t *pentry_dir_prev, hash_table_t *ht, cache_inode_client_t *pclient, fsal_op_context_t *pcontext, unsigned int create_flag, cache_inode_status_t *pstatus) are not documented:
  parameter pcreate_arg

/opt/philippe/GANESHA/src/Cache_inode/cache_inode_misc.c:1283 Warning: argument `pentry' of command @param is not found in the argument list of cache_inode_print_dir(cache_entry_t *cache_entry_root)
/opt/philippe/GANESHA/src/Cache_inode/cache_inode_misc.c:1283 Warning: The following parameters of cache_inode_print_dir(cache_entry_t *cache_entry_root) are not documented:
  parameter cache_entry_root

/opt/philippe/GANESHA/src/Cache_inode/cache_inode_open_close.c:109 Warning: argument `pcontent' of command @param is not found in the argument list of cache_inode_open(cache_entry_t *pentry, cache_inode_client_t *pclient, fsal_openflags_t openflags, fsal_op_context_t *pcontext, cache_inode_status_t *pstatus)
/opt/philippe/GANESHA/src/Cache_inode/cache_inode_open_close.c:118 Warning: Found unknown command `\pstatus'
/opt/philippe/GANESHA/src/Cache_inode/cache_inode_open_close.c:109 Warning: The following parameters of cache_inode_open(cache_entry_t *pentry, cache_inode_client_t *pclient, fsal_openflags_t openflags, fsal_op_context_t *pcontext, cache_inode_status_t *pstatus) are not documented:
  parameter pcontext
  parameter pstatus

/opt/philippe/GANESHA/src/Cache_inode/cache_inode_open_close.c:207 Warning: argument `pcontent' of command @param is not found in the argument list of cache_inode_open_by_name(cache_entry_t *pentry_dir, fsal_name_t *pname, cache_entry_t *pentry_file, cache_inode_client_t *pclient, fsal_openflags_t openflags, fsal_op_context_t *pcontext, cache_inode_status_t *pstatus)
/opt/philippe/GANESHA/src/Cache_inode/cache_inode_open_close.c:218 Warning: Found unknown command `\pstatus'
/opt/philippe/GANESHA/src/Cache_inode/cache_inode_open_close.c:207 Warning: The following parameters of cache_inode_open_by_name(cache_entry_t *pentry_dir, fsal_name_t *pname, cache_entry_t *pentry_file, cache_inode_client_t *pclient, fsal_openflags_t openflags, fsal_op_context_t *pcontext, cache_inode_status_t *pstatus) are not documented:
  parameter pcontext
  parameter pstatus

/opt/philippe/GANESHA/src/Cache_inode/cache_inode_open_close.c:364 Warning: Found unknown command `\pstatus'
/opt/philippe/GANESHA/src/Cache_inode/cache_inode_open_close.c:354 Warning: The following parameters of cache_inode_close(cache_entry_t *pentry, cache_inode_client_t *pclient, cache_inode_status_t *pstatus) are not documented:
  parameter pstatus

/opt/philippe/GANESHA/src/Cache_inode/cache_inode_rdwr.c:124 Warning: Found unknown command `\pstatus'
/opt/philippe/GANESHA/src/Cache_inode/cache_inode_rdwr.c:109 Warning: The following parameters of cache_inode_rdwr(cache_entry_t *pentry, cache_inode_io_direction_t read_or_write, fsal_seek_t *seek_descriptor, fsal_size_t buffer_size, fsal_size_t *pio_size, fsal_attrib_list_t *pfsal_attr, caddr_t buffer, fsal_boolean_t *p_fsal_eof, hash_table_t *ht, cache_inode_client_t *pclient, fsal_op_context_t *pcontext, cache_inode_status_t *pstatus) are not documented:
  parameter p_fsal_eof
  parameter pstatus

/opt/philippe/GANESHA/src/Cache_inode/cache_inode_read_conf.c:343 Warning: argument `pparam' of command @param is not found in the argument list of cache_inode_read_conf_gc_policy(config_file_t in_config, cache_inode_gc_policy_t *ppolicy)
/opt/philippe/GANESHA/src/Cache_inode/cache_inode_read_conf.c:343 Warning: The following parameters of cache_inode_read_conf_gc_policy(config_file_t in_config, cache_inode_gc_policy_t *ppolicy) are not documented:
  parameter ppolicy

/opt/philippe/GANESHA/src/Cache_inode/cache_inode_read_conf.c:479 Warning: argument `param' of command @param is not found in the argument list of cache_inode_print_conf_gc_policy(FILE *output, cache_inode_gc_policy_t gcpolicy)
/opt/philippe/GANESHA/src/Cache_inode/cache_inode_read_conf.c:479 Warning: The following parameters of cache_inode_print_conf_gc_policy(FILE *output, cache_inode_gc_policy_t gcpolicy) are not documented:
  parameter gcpolicy

/opt/philippe/GANESHA/src/Cache_inode/cache_inode_readdir.c:106 Warning: argument `name' of command @param is not found in the argument list of cache_inode_operate_cached_dirent(cache_entry_t *pentry_parent, fsal_name_t *pname, fsal_name_t *newname, cache_inode_dirent_op_t dirent_op, cache_inode_status_t *pstatus)
/opt/philippe/GANESHA/src/Cache_inode/cache_inode_readdir.c:117 Warning: Found unknown command `\pstatus'
/opt/philippe/GANESHA/src/Cache_inode/cache_inode_readdir.c:106 Warning: The following parameters of cache_inode_operate_cached_dirent(cache_entry_t *pentry_parent, fsal_name_t *pname, fsal_name_t *newname, cache_inode_dirent_op_t dirent_op, cache_inode_status_t *pstatus) are not documented:
  parameter pname
  parameter pstatus

/opt/philippe/GANESHA/src/Cache_inode/cache_inode_readdir.c:321 Warning: argument `name' of command @param is not found in the argument list of cache_inode_add_cached_dirent(cache_entry_t *pentry_parent, fsal_name_t *pname, cache_entry_t *pentry_added, cache_entry_t **ppentry_next, hash_table_t *ht, cache_inode_client_t *pclient, fsal_op_context_t *pcontext, cache_inode_status_t *pstatus)
/opt/philippe/GANESHA/src/Cache_inode/cache_inode_readdir.c:321 Warning: argument `pentry_next' of command @param is not found in the argument list of cache_inode_add_cached_dirent(cache_entry_t *pentry_parent, fsal_name_t *pname, cache_entry_t *pentry_added, cache_entry_t **ppentry_next, hash_table_t *ht, cache_inode_client_t *pclient, fsal_op_context_t *pcontext, cache_inode_status_t *pstatus)
/opt/philippe/GANESHA/src/Cache_inode/cache_inode_readdir.c:321 Warning: The following parameters of cache_inode_add_cached_dirent(cache_entry_t *pentry_parent, fsal_name_t *pname, cache_entry_t *pentry_added, cache_entry_t **ppentry_next, hash_table_t *ht, cache_inode_client_t *pclient, fsal_op_context_t *pcontext, cache_inode_status_t *pstatus) are not documented:
  parameter pname
  parameter ppentry_next
  parameter pcontext

/opt/philippe/GANESHA/src/Cache_inode/cache_inode_readdir.c:654 Warning: argument `name' of command @param is not found in the argument list of cache_inode_remove_cached_dirent(cache_entry_t *pentry_parent, fsal_name_t *pname, hash_table_t *ht, cache_inode_client_t *pclient, cache_inode_status_t *pstatus)
/opt/philippe/GANESHA/src/Cache_inode/cache_inode_readdir.c:654 Warning: The following parameters of cache_inode_remove_cached_dirent(cache_entry_t *pentry_parent, fsal_name_t *pname, hash_table_t *ht, cache_inode_client_t *pclient, cache_inode_status_t *pstatus) are not documented:
  parameter pname

/opt/philippe/GANESHA/src/Cache_inode/cache_inode_readdir.c:739 Warning: argument `pentry' of command @param is not found in the argument list of cache_inode_readdir_populate(cache_entry_t *pentry_dir, hash_table_t *ht, cache_inode_client_t *pclient, fsal_op_context_t *pcontext, cache_inode_status_t *pstatus)
/opt/philippe/GANESHA/src/Cache_inode/cache_inode_readdir.c:739 Warning: The following parameters of cache_inode_readdir_populate(cache_entry_t *pentry_dir, hash_table_t *ht, cache_inode_client_t *pclient, fsal_op_context_t *pcontext, cache_inode_status_t *pstatus) are not documented:
  parameter pentry_dir

/opt/philippe/GANESHA/src/Cache_inode/cache_inode_readdir.c:954 Warning: argument `pentry' of command @param is not found in the argument list of cache_inode_readdir(cache_entry_t *dir_pentry, unsigned int cookie, unsigned int nbwanted, unsigned int *pnbfound, unsigned int *pend_cookie, cache_inode_endofdir_t *peod_met, cache_inode_dir_entry_t *dirent_array, unsigned int *cookie_array, hash_table_t *ht, cache_inode_client_t *pclient, fsal_op_context_t *pcontext, cache_inode_status_t *pstatus)
/opt/philippe/GANESHA/src/Cache_inode/cache_inode_readdir.c:954 Warning: The following parameters of cache_inode_readdir(cache_entry_t *dir_pentry, unsigned int cookie, unsigned int nbwanted, unsigned int *pnbfound, unsigned int *pend_cookie, cache_inode_endofdir_t *peod_met, cache_inode_dir_entry_t *dirent_array, unsigned int *cookie_array, hash_table_t *ht, cache_inode_client_t *pclient, fsal_op_context_t *pcontext, cache_inode_status_t *pstatus) are not documented:
  parameter dir_pentry
  parameter pnbfound
  parameter pend_cookie
  parameter cookie_array

/opt/philippe/GANESHA/src/Cache_inode/cache_inode_remove.c:118 Warning: argument `name' of command @param is not found in the argument list of cache_inode_remove_sw(cache_entry_t *pentry, fsal_name_t *pnode_name, fsal_attrib_list_t *pattr, hash_table_t *ht, cache_inode_client_t *pclient, fsal_op_context_t *pcontext, cache_inode_status_t *pstatus, int use_mutex)
/opt/philippe/GANESHA/src/Cache_inode/cache_inode_remove.c:118 Warning: The following parameters of cache_inode_remove_sw(cache_entry_t *pentry, fsal_name_t *pnode_name, fsal_attrib_list_t *pattr, hash_table_t *ht, cache_inode_client_t *pclient, fsal_op_context_t *pcontext, cache_inode_status_t *pstatus, int use_mutex) are not documented:
  parameter pnode_name
  parameter use_mutex

/opt/philippe/GANESHA/src/Cache_inode/cache_inode_remove.c:484 Warning: argument `name' of command @param is not found in the argument list of cache_inode_remove_no_mutex(cache_entry_t *pentry, fsal_name_t *pnode_name, fsal_attrib_list_t *pattr, hash_table_t *ht, cache_inode_client_t *pclient, fsal_op_context_t *pcontext, cache_inode_status_t *pstatus)
/opt/philippe/GANESHA/src/Cache_inode/cache_inode_remove.c:484 Warning: The following parameters of cache_inode_remove_no_mutex(cache_entry_t *pentry, fsal_name_t *pnode_name, fsal_attrib_list_t *pattr, hash_table_t *ht, cache_inode_client_t *pclient, fsal_op_context_t *pcontext, cache_inode_status_t *pstatus) are not documented:
  parameter pnode_name

/opt/philippe/GANESHA/src/Cache_inode/cache_inode_remove.c:521 Warning: argument `name' of command @param is not found in the argument list of cache_inode_remove(cache_entry_t *pentry, fsal_name_t *pnode_name, fsal_attrib_list_t *pattr, hash_table_t *ht, cache_inode_client_t *pclient, fsal_op_context_t *pcontext, cache_inode_status_t *pstatus)
/opt/philippe/GANESHA/src/Cache_inode/cache_inode_remove.c:521 Warning: The following parameters of cache_inode_remove(cache_entry_t *pentry, fsal_name_t *pnode_name, fsal_attrib_list_t *pattr, hash_table_t *ht, cache_inode_client_t *pclient, fsal_op_context_t *pcontext, cache_inode_status_t *pstatus) are not documented:
  parameter pnode_name

/opt/philippe/GANESHA/src/Cache_inode/cache_inode_rename.c:157 Warning: argument `newname' of command @param is not found in the argument list of cache_inode_rename(cache_entry_t *pentry_dirsrc, fsal_name_t *poldname, cache_entry_t *pentry_dirdest, fsal_name_t *pnewname, fsal_attrib_list_t *pattr_src, fsal_attrib_list_t *pattr_dst, hash_table_t *ht, cache_inode_client_t *pclient, fsal_op_context_t *pcontext, cache_inode_status_t *pstatus)
/opt/philippe/GANESHA/src/Cache_inode/cache_inode_rename.c:157 Warning: argument `newname' of command @param is not found in the argument list of cache_inode_rename(cache_entry_t *pentry_dirsrc, fsal_name_t *poldname, cache_entry_t *pentry_dirdest, fsal_name_t *pnewname, fsal_attrib_list_t *pattr_src, fsal_attrib_list_t *pattr_dst, hash_table_t *ht, cache_inode_client_t *pclient, fsal_op_context_t *pcontext, cache_inode_status_t *pstatus)
/opt/philippe/GANESHA/src/Cache_inode/cache_inode_rename.c:157 Warning: The following parameters of cache_inode_rename(cache_entry_t *pentry_dirsrc, fsal_name_t *poldname, cache_entry_t *pentry_dirdest, fsal_name_t *pnewname, fsal_attrib_list_t *pattr_src, fsal_attrib_list_t *pattr_dst, hash_table_t *ht, cache_inode_client_t *pclient, fsal_op_context_t *pcontext, cache_inode_status_t *pstatus) are not documented:
  parameter poldname
  parameter pnewname

/opt/philippe/GANESHA/src/Cache_inode/cache_inode_renew_entry.c:106 Warning: argument `pentry_parent' of command @param is not found in the argument list of cache_inode_renew_entry(cache_entry_t *pentry, fsal_attrib_list_t *pattr, hash_table_t *ht, cache_inode_client_t *pclient, fsal_op_context_t *pcontext, cache_inode_status_t *pstatus)
/opt/philippe/GANESHA/src/Cache_inode/cache_inode_renew_entry.c:106 Warning: The following parameters of cache_inode_renew_entry(cache_entry_t *pentry, fsal_attrib_list_t *pattr, hash_table_t *ht, cache_inode_client_t *pclient, fsal_op_context_t *pcontext, cache_inode_status_t *pstatus) are not documented:
  parameter pentry
  parameter ht

/opt/philippe/GANESHA/src/Cache_inode/cache_inode_setattr.c:106 Warning: argument `pentry_parent' of command @param is not found in the argument list of cache_inode_setattr(cache_entry_t *pentry, fsal_attrib_list_t *pattr, hash_table_t *ht, cache_inode_client_t *pclient, fsal_op_context_t *pcontext, cache_inode_status_t *pstatus)
/opt/philippe/GANESHA/src/Cache_inode/cache_inode_setattr.c:106 Warning: The following parameters of cache_inode_setattr(cache_entry_t *pentry, fsal_attrib_list_t *pattr, hash_table_t *ht, cache_inode_client_t *pclient, fsal_op_context_t *pcontext, cache_inode_status_t *pstatus) are not documented:
  parameter pentry

/opt/philippe/GANESHA/src/Cache_inode/cache_inode_gc.c:115 Warning: argument `addparam' of command @param is not found in the argument list of cache_inode_gc_clean_entry(cache_entry_t *pentry, cache_inode_param_gc_t *pgcparam)
/opt/philippe/GANESHA/src/Cache_inode/cache_inode_gc.c:115 Warning: The following parameters of cache_inode_gc_clean_entry(cache_entry_t *pentry, cache_inode_param_gc_t *pgcparam) are not documented:
  parameter pgcparam

/opt/philippe/GANESHA/src/Cache_inode/cache_inode_gc.c:255 Warning: argument `addparam' of command @param is not found in the argument list of cache_inode_gc_invalidate_related_dirent(cache_entry_t *pentry, cache_inode_param_gc_t *pgcparam)
/opt/philippe/GANESHA/src/Cache_inode/cache_inode_gc.c:255 Warning: The following parameters of cache_inode_gc_invalidate_related_dirent(cache_entry_t *pentry, cache_inode_param_gc_t *pgcparam) are not documented:
  parameter pgcparam

/opt/philippe/GANESHA/src/Cache_inode/cache_inode_gc.c:338 Warning: The following parameters of cache_inode_gc_suppress_file(cache_entry_t *pentry, cache_inode_param_gc_t *pgcparam) are not documented:
  parameter pgcparam

/opt/philippe/GANESHA/src/Cache_inode/cache_inode_gc.c:383 Warning: The following parameters of cache_inode_gc_suppress_directory(cache_entry_t *pentry, cache_inode_param_gc_t *pgcparam) are not documented:
  parameter pgcparam

/opt/philippe/GANESHA/src/Cache_inode/cache_inode_gc.c:475 Warning: argument `pentry' of command @param is not found in the argument list of cache_inode_gc_function(LRU_entry_t *plru_entry, void *addparam)
/opt/philippe/GANESHA/src/Cache_inode/cache_inode_gc.c:475 Warning: The following parameters of cache_inode_gc_function(LRU_entry_t *plru_entry, void *addparam) are not documented:
  parameter plru_entry
  parameter addparam

