This is TeX, Version 3.14159 (Web2C 7.4.5) (format=latex 2005.2.10)  25 OCT 2006 09:00
**refman.tex
(./refman.tex
LaTeX2e <2001/06/01>
Babel <v3.7h> and hyphenation patterns for american, french, german, ngerman, n
ohyphenation, loaded.
(/usr/share/texmf/tex/latex/base/book.cls
Document Class: book 2001/04/21 v1.4e Standard LaTeX document class
(/usr/share/texmf/tex/latex/base/bk10.clo
File: bk10.clo 2001/04/21 v1.4e Standard LaTeX file (size option)
)
\c@part=\count79
\c@chapter=\count80
\c@section=\count81
\c@subsection=\count82
\c@subsubsection=\count83
\c@paragraph=\count84
\c@subparagraph=\count85
\c@figure=\count86
\c@table=\count87
\abovecaptionskip=\skip41
\belowcaptionskip=\skip42
\bibindent=\dimen102
)
(/usr/share/texmf/tex/latex/misc/a4wide.sty
Package: a4wide 1994/08/30

(/usr/share/texmf/tex/latex/ntgclass/a4.sty
Package: a4 1999/03/03 v1.2f A4 based page layout
))
(/usr/share/texmf/tex/latex/base/makeidx.sty
Package: makeidx 2000/03/29 v1.0m Standard LaTeX package
)
(/usr/share/texmf/tex/latex/fancyhdr/fancyhdr.sty
\headwidth=\dimen103
)
(/usr/share/texmf/tex/latex/graphics/graphicx.sty
Package: graphicx 1999/02/16 v1.0f Enhanced LaTeX Graphics (DPC,SPQR)

(/usr/share/texmf/tex/latex/graphics/keyval.sty
Package: keyval 1999/03/16 v1.13 key=value parser (DPC)
\KV@toks@=\toks14
)
(/usr/share/texmf/tex/latex/graphics/graphics.sty
Package: graphics 2001/07/07 v1.0n Standard LaTeX Graphics (DPC,SPQR)

(/usr/share/texmf/tex/latex/graphics/trig.sty
Package: trig 1999/03/16 v1.09 sin cos tan (DPC)
)
(/usr/share/texmf/tex/latex/config/graphics.cfg
File: graphics.cfg 2001/08/31 v1.1 graphics configuration of teTeX/TeXLive
)
Package graphics Info: Driver file: dvips.def on input line 80.

(/usr/share/texmf/tex/latex/graphics/dvips.def
File: dvips.def 1999/02/16 v3.0i Driver-dependant file (DPC,SPQR)
))
\Gin@req@height=\dimen104
\Gin@req@width=\dimen105
)
(/usr/share/texmf/tex/latex/tools/multicol.sty
Package: multicol 2000/07/10 v1.5z multicolumn formatting (FMi)
\c@tracingmulticols=\count88
\mult@box=\box26
\multicol@leftmargin=\dimen106
\c@unbalance=\count89
\c@collectmore=\count90
\doublecol@number=\count91
\multicoltolerance=\count92
\multicolpretolerance=\count93
\full@width=\dimen107
\page@free=\dimen108
\premulticols=\dimen109
\postmulticols=\dimen110
\multicolsep=\skip43
\multicolbaselineskip=\skip44
\partial@page=\box27
\last@line=\box28
\mult@rightbox=\box29
\mult@grightbox=\box30
\mult@gfirstbox=\box31
\mult@firstbox=\box32
\@tempa=\box33
\@tempa=\box34
\@tempa=\box35
\@tempa=\box36
\@tempa=\box37
\@tempa=\box38
\@tempa=\box39
\@tempa=\box40
\@tempa=\box41
\@tempa=\box42
\@tempa=\box43
\@tempa=\box44
\@tempa=\box45
\@tempa=\box46
\@tempa=\box47
\@tempa=\box48
\@tempa=\box49
\c@columnbadness=\count94
\c@finalcolumnbadness=\count95
\last@try=\dimen111
\multicolovershoot=\dimen112
\multicolundershoot=\dimen113
\mult@nat@firstbox=\box50
\colbreak@box=\box51
)
(/usr/share/texmf/tex/latex/misc/float.sty
Package: float 2001/11/08 v1.3d Float enhancements (AL)
\c@float@type=\count96
\float@exts=\toks15
\float@box=\box52
\@float@everytoks=\toks16
\@floatcapt=\box53
)
(/usr/share/texmf/tex/latex/base/textcomp.sty
Package: textcomp 2001/06/05 v1.94 Standard LaTeX package

(/usr/share/texmf/tex/latex/base/ts1enc.def
File: ts1enc.def 2001/06/05 v3.0e (jk/car/fm) Standard LaTeX file
))
(/usr/share/texmf/tex/latex/base/alltt.sty
Package: alltt 1997/06/16 v2.0g defines alltt environment
) (./doxygen.sty
Package: doxygen 

(/usr/share/texmf/tex/latex/tools/calc.sty
Package: calc 1998/07/07 v4.1b Infix arithmetic (KKT,FJ)
\calc@Acount=\count97
\calc@Bcount=\count98
\calc@Adimen=\dimen114
\calc@Bdimen=\dimen115
\calc@Askip=\skip45
\calc@Bskip=\skip46
LaTeX Info: Redefining \setlength on input line 59.
LaTeX Info: Redefining \addtolength on input line 60.
\calc@denominator=\count99
)
(/usr/share/texmf/tex/latex/tools/array.sty
Package: array 1998/05/13 v2.3m Tabular extension package (FMi)
\col@sep=\dimen116
\extrarowheight=\dimen117
\NC@list=\toks17
\extratabsurround=\skip47
\backup@length=\skip48
)
\tmplength=\skip49
)
(/usr/share/texmf/tex/latex/base/fontenc.sty
Package: fontenc 2001/06/05 v1.94 Standard LaTeX package

(/usr/share/texmf/tex/latex/base/t1enc.def
File: t1enc.def 2001/06/05 v1.94 Standard LaTeX file
LaTeX Font Info:    Redeclaring font encoding T1 on input line 38.
))
\@indexfile=\write3
\openout3 = `refman.idx'.


Writing index file refman.idx
(./refman.aux (./structCt__data.aux) (./structCu__data.aux)
(./structrec__strm.aux) (./structSvc__rpc__gss__data.aux)
(./structSvcudp__data.aux) (./structtcp__conn.aux) (./structtcp__rendezvous.aux
) (./Auth__none_8c.aux) (./Auth__unix_8c.aux) (./Authgss__prot_8c.aux)
(./Authuxprot_8c.aux) (./client-gss_8c.aux) (./Clnt__generic_8c.aux)
(./Clnt__perror_8c.aux) (./Clnt__raw_8c.aux) (./Clnt__tcp_8c.aux)
(./Clnt__udp_8c.aux) (./Get__myaddress_8c.aux) (./onc__rpc__client_8c.aux)
(./onc__rpc__server_8c.aux) (./Pm__getport_8c.aux) (./Pmap__clnt_8c.aux)
(./Pmap__prot_8c.aux) (./Pmap__rmt_8c.aux) (./Release__gss__buffer_8c.aux)
(./Rpc__cmsg_8c.aux) (./Rpc__prot_8c.aux) (./rpcsec__gss__client_8c.aux)
(./rpcsec__gss__client_8natif_8c.aux) (./rpcsec__gss__client__v4_8c.aux)
(./rpcsec__gss__client__v4_8natif_8c.aux) (./rpcsec__gss__server_8c.aux)
(./rpcsec__gss__server_8natif_8c.aux) (./server-gss_8c.aux) (./Svc_8c.aux)
(./Svc__auth_8c.aux) (./Svc__auth__gss_8c.aux) (./Svc__auth__none_8c.aux)
(./Svc__auth__unix_8c.aux) (./Svc__raw_8c.aux) (./Svc__run_8c.aux)
(./Svc__tab__auth_8c.aux) (./Svc__tcp_8c.aux) (./Svc__udp_8c.aux)
(./tools-gss_8c.aux) (./tools-gss_8h.aux) (./Xdr_8c.aux) (./Xdr__array_8c.aux)
(./Xdr__float_8c.aux) (./Xdr__mem_8c.aux) (./Xdr__rec_8c.aux)
(./Xdr__reference_8c.aux) (./Xdr__stdio_8c.aux))
\openout1 = `refman.aux'.

LaTeX Font Info:    Checking defaults for OML/cmm/m/it on input line 14.
LaTeX Font Info:    ... okay on input line 14.
LaTeX Font Info:    Checking defaults for T1/cmr/m/n on input line 14.
LaTeX Font Info:    ... okay on input line 14.
LaTeX Font Info:    Checking defaults for OT1/cmr/m/n on input line 14.
LaTeX Font Info:    ... okay on input line 14.
LaTeX Font Info:    Checking defaults for OMS/cmsy/m/n on input line 14.
LaTeX Font Info:    ... okay on input line 14.
LaTeX Font Info:    Checking defaults for OMX/cmex/m/n on input line 14.
LaTeX Font Info:    ... okay on input line 14.
LaTeX Font Info:    Checking defaults for U/cmr/m/n on input line 14.
LaTeX Font Info:    ... okay on input line 14.
LaTeX Font Info:    Checking defaults for TS1/cmr/m/n on input line 14.
LaTeX Font Info:    Try loading font information for TS1+cmr on input line 14.

(/usr/share/texmf/tex/latex/base/ts1cmr.fd
File: ts1cmr.fd 1999/05/25 v2.5h Standard LaTeX font definitions
)
LaTeX Font Info:    ... okay on input line 14.
 [1


] [2

] (./refman.toc
LaTeX Font Info:    External font `cmex10' loaded for size
(Font)              <7> on input line 2.
LaTeX Font Info:    External font `cmex10' loaded for size
(Font)              <5> on input line 2.
 [1

])
\tf@toc=\write4
\openout4 = `refman.toc'.

 [2]
Chapter 1.
(./annotated.tex) [1


] [2

]
Chapter 2.
(./files.tex [3]) [4]
Chapter 3.
(./structAudata.tex [5

]) [6]
\openout2 = `structCt__data.aux'.

 (./structCt__data.tex [7

]) [8]
\openout2 = `structCu__data.aux'.


(./structCu__data.tex [9


]) [10]
\openout2 = `structrec__strm.aux'.

 (./structrec__strm.tex [11


] [12]) [13]
\openout2 = `structSvc__rpc__gss__data.aux'.


(./structSvc__rpc__gss__data.tex [14


]) [15]
\openout2 = `structSvcudp__data.aux'.

 (./structSvcudp__data.tex) [16


]
\openout2 = `structtcp__conn.aux'.


(./structtcp__conn.tex) [17


]
\openout2 = `structtcp__rendezvous.aux'.

 (./structtcp__rendezvous.tex) [18


]
Chapter 4.
(./Auth__gss_8c.tex
LaTeX Font Info:    Try loading font information for T1+cmtt on input line 3.
 (/usr/share/texmf/tex/latex/base/t1cmtt.fd
File: t1cmtt.fd 1999/05/25 v2.5h Standard LaTeX font definitions
)) [19


]
\openout2 = `Auth__none_8c.aux'.


(./Auth__none_8c.tex) [20

]
\openout2 = `Auth__unix_8c.aux'.

 (./Auth__unix_8c.tex) [21


]
\openout2 = `Authgss__prot_8c.aux'.

 (./Authgss__prot_8c.tex)
[22


]
\openout2 = `Authuxprot_8c.aux'.

 (./Authuxprot_8c.tex) [23


]
\openout2 = `client-gss_8c.aux'.

 (./client-gss_8c.tex [24


] [25]
Underfull \hbox (badness 3872) in paragraph at lines 216--218
[]\T1/cmr/m/n/10 References Creer-Socket(), g_-mech-Oid, LEN-MSG, negociation_-
client(), op-tions, sname,
 []

[26] [27]) [28]
\openout2 = `Clnt__generic_8c.aux'.

 (./Clnt__generic_8c.tex) [29


]
\openout2 = `Clnt__perror_8c.aux'.

 (./Clnt__perror_8c.tex [30


])
[31]
\openout2 = `Clnt__raw_8c.aux'.

 (./Clnt__raw_8c.tex) [32


]
\openout2 = `Clnt__tcp_8c.aux'.

 (./Clnt__tcp_8c.tex [33


]
Underfull \hbox (badness 1383) in paragraph at lines 62--63
[]\T1/cmr/m/n/10 References Authnone_-create(), Ct_-data::ct_-addr, Ct_-data::c
t_-closeit, Ct_-data::ct_-mpos,
 []


Underfull \hbox (badness 4132) in paragraph at lines 62--63
\T1/cmr/m/n/10 Ct_-data::ct_-sock, Ct_-data::ct_-wait, Ct_-data::ct_-waitset, M
CALL_-MSG_-SIZE, Xdr_-
 []

) [34]
\openout2 = `Clnt__udp_8c.aux'.

 (./Clnt__udp_8c.tex
Underfull \vbox (badness 1406) has occurred while \output is active []

 [35


]
Underfull \hbox (badness 3792) in paragraph at lines 57--58
\T1/cmr/m/n/10 Cu_-data::cu_-raddr, Cu_-data::cu_-recvsz, Cu_-data::cu_-rlen, C
u_-data::cu_-sendsz, Cu_-
 []

) [36]
\openout2 = `Get__myaddress_8c.aux'.

 (./Get__myaddress_8c.tex) [37


]
\openout2 = `onc__rpc__client_8c.aux'.

 (./onc__rpc__client_8c.tex [38


] [39])
[40]
\openout2 = `onc__rpc__server_8c.aux'.

 (./onc__rpc__server_8c.tex [41


] [42]
Underfull \hbox (badness 1152) in paragraph at lines 153--154
[]\T1/cmr/m/n/10 References dis-patch(), LOGFILE_-DEFAUT, op-tions, Pmap_-unset
(), RECV_-SIZE, rpc_-
 []


Underfull \hbox (badness 6364) in paragraph at lines 153--154
\T1/cmr/m/n/10 service_-num, SEND_-SIZE, Svc_-register(), Svc_-run(), Svcauth_-
gss_-tab_-creds_-alloc(),
 []

) [43]
\openout2 = `Pm__getport_8c.aux'.

 (./Pm__getport_8c.tex) [44


]
\openout2 = `Pmap__clnt_8c.aux'.

 (./Pmap__clnt_8c.tex) [45


]
\openout2 = `Pmap__prot_8c.aux'.


(./Pmap__prot_8c.tex) [46


]
\openout2 = `Pmap__rmt_8c.aux'.

 (./Pmap__rmt_8c.tex [47


]) [48]
\openout2 = `Release__gss__buffer_8c.aux'.


(./Release__gss__buffer_8c.tex [49


] [50] [51]) [52]
\openout2 = `Rpc__cmsg_8c.aux'.

 (./Rpc__cmsg_8c.tex)
[53


]
\openout2 = `Rpc__prot_8c.aux'.

 (./Rpc__prot_8c.tex
Underfull \hbox (badness 2970) in paragraph at lines 39--40
[]\T1/cmr/m/n/10 Referenced by Xdr_-accepted_-reply(), Xdr_-callhdr(), Xdr_-rej
ected_-reply(), and Xdr_-
 []

[54


]) [55]
\openout2 = `rpcsec__gss__client_8c.aux'.

 (./rpcsec__gss__client_8c.tex [56


] [57]
Underfull \hbox (badness 4556) in paragraph at lines 164--165
[]\T1/cmr/m/n/10 References Clnt_-perror(), Creer_-RPCClient(), DEFAULT_-PRINCI
PAL, op-tions, princ,
 []

) [58]
\openout2 = `rpcsec__gss__client_8natif_8c.aux'.

 (./rpcsec__gss__client_8natif_8c.tex [59


] [60]) [61]
\openout2 = `rpcsec__gss__client__v4_8c.aux'.


(./rpcsec__gss__client__v4_8c.tex [62


] [63]) [64]
\openout2 = `rpcsec__gss__client__v4_8natif_8c.aux'.


(./rpcsec__gss__client__v4_8natif_8c.tex [65


] [66]) [67]
\openout2 = `rpcsec__gss__server_8c.aux'.


(./rpcsec__gss__server_8c.tex [68


] [69]
Underfull \hbox (badness 5345) in paragraph at lines 185--187
[]\T1/cmr/m/n/10 References DEFAULT_-MECHANISM, DEFAULT_-PRINCIPAL, dis-patch()
, LOGFILE_-
 []


Underfull \hbox (badness 1789) in paragraph at lines 185--187
\T1/cmr/m/n/10 DEFAUT, op-tions, Pmap_-unset(), RECV_-SIZE, rpc_-service_-num, 
SEND_-SIZE, Svc_-
 []

[70]) [71]
\openout2 = `rpcsec__gss__server_8natif_8c.aux'.

 (./rpcsec__gss__server_8natif_8c.tex [72


] [73]
Underfull \hbox (badness 5345) in paragraph at lines 183--185
[]\T1/cmr/m/n/10 References DEFAULT_-MECHANISM, DEFAULT_-PRINCIPAL, dis-patch()
, LOGFILE_-
 []


Underfull \hbox (badness 1789) in paragraph at lines 183--185
\T1/cmr/m/n/10 DEFAUT, op-tions, Pmap_-unset(), RECV_-SIZE, rpc_-service_-num, 
SEND_-SIZE, Svc_-
 []

[74]) [75]
\openout2 = `server-gss_8c.aux'.

 (./server-gss_8c.tex [76


] [77] [78]
Underfull \hbox (badness 10000) in paragraph at lines 288--290
[]\T1/cmr/m/n/10 References binding_-port, creds, gss_-service, GSS_-SERVICE_-D
EFAUT, LEN-MSG,
 []


Underfull \hbox (badness 10000) in paragraph at lines 288--290
\T1/cmr/m/n/10 LOGFILE_-DEFAUT, MAX_-CONN, negociation_-server(), obtention_-cr
eds(), op-tions,
 []

[79]) [80] [81]
\openout2 = `Svc_8c.aux'.

 (./Svc_8c.tex [82


] [83] [84]) [85]
\openout2 = `Svc__auth_8c.aux'.

 (./Svc__auth_8c.tex)
[86


]
\openout2 = `Svc__auth__gss_8c.aux'.

 (./Svc__auth__gss_8c.tex) [87


]
\openout2 = `Svc__auth__none_8c.aux'.

 (./Svc__auth__none_8c.tex) [88


]
\openout2 = `Svc__auth__unix_8c.aux'.


(./Svc__auth__unix_8c.tex) [89


]
\openout2 = `Svc__raw_8c.aux'.

 (./Svc__raw_8c.tex) [90


]
\openout2 = `Svc__run_8c.aux'.

 (./Svc__run_8c.tex
Underfull \hbox (badness 10000) in paragraph at lines 33--33

 []


Underfull \hbox (badness 10000) in paragraph at lines 38--38

 []


Underfull \hbox (badness 10000) in paragraph at lines 40--40

 []

) [91


] [92]
\openout2 = `Svc__tab__auth_8c.aux'.

 (./Svc__tab__auth_8c.tex [93


]) [94]
\openout2 = `Svc__tcp_8c.aux'.

 (./Svc__tcp_8c.tex [95


]
Underfull \hbox (badness 1939) in paragraph at lines 82--83
[]\T1/cmr/m/n/10 References MAX_-CONN, tcp_-rendezvous::recvsize, tcp_-rendezvo
us::sendsize, and Xprt_-
 []

) [96]
\openout2 = `Svc__udp_8c.aux'.

 (./Svc__udp_8c.tex [97


]) [98]
\openout2 = `tools-gss_8c.aux'.

 (./tools-gss_8c.tex [99


] [100] [101]
Underfull \hbox (badness 4254) in paragraph at lines 245--247
[]\T1/cmr/m/n/10 References gss_-get_-mic, gss_-unwrap, recv_-token(), send_-to
ken(), sperror_-gss(), and
 []

)
Underfull \vbox (badness 1400) has occurred while \output is active []

 [102]
[103]
\openout2 = `tools-gss_8h.aux'.

 (./tools-gss_8h.tex [104


] [105]
Underfull \hbox (badness 4254) in paragraph at lines 200--202
[]\T1/cmr/m/n/10 References gss_-get_-mic, gss_-unwrap, recv_-token(), send_-to
ken(), sperror_-gss(), and
 []

[106]) [107]
\openout2 = `Xdr_8c.aux'.

 (./Xdr_8c.tex [108


] [109] [110]) [111] [112]
\openout2 = `Xdr__array_8c.aux'.

 (./Xdr__array_8c.tex) [113


]
\openout2 = `Xdr__float_8c.aux'.

 (./Xdr__float_8c.tex) [114


]
\openout2 = `Xdr__mem_8c.aux'.

 (./Xdr__mem_8c.tex) [115


]
\openout2 = `Xdr__rec_8c.aux'.

 (./Xdr__rec_8c.tex [116


]
Underfull \hbox (badness 3323) in paragraph at lines 70--71
\T1/cmr/m/n/10 rec_-strm::in_-boundry, rec_-strm::in_-finger, rec_-strm::in_-si
ze, rec_-strm::last_-frag, rec_-
 []

) [117]
\openout2 = `Xdr__reference_8c.aux'.

 (./Xdr__reference_8c.tex) [118


]
\openout2 = `Xdr__stdio_8c.aux'.

 (./Xdr__stdio_8c.tex) [119


]
(./refman.ind [120


] [121] [122] [123] [124] [125] [126] [127] [128] [129]
[130] [131

]) (./refman.aux (./structCt__data.aux) (./structCu__data.aux)
(./structrec__strm.aux) (./structSvc__rpc__gss__data.aux)
(./structSvcudp__data.aux) (./structtcp__conn.aux) (./structtcp__rendezvous.aux
) (./Auth__none_8c.aux) (./Auth__unix_8c.aux) (./Authgss__prot_8c.aux)
(./Authuxprot_8c.aux) (./client-gss_8c.aux) (./Clnt__generic_8c.aux)
(./Clnt__perror_8c.aux) (./Clnt__raw_8c.aux) (./Clnt__tcp_8c.aux)
(./Clnt__udp_8c.aux) (./Get__myaddress_8c.aux) (./onc__rpc__client_8c.aux)
(./onc__rpc__server_8c.aux) (./Pm__getport_8c.aux) (./Pmap__clnt_8c.aux)
(./Pmap__prot_8c.aux) (./Pmap__rmt_8c.aux) (./Release__gss__buffer_8c.aux)
(./Rpc__cmsg_8c.aux) (./Rpc__prot_8c.aux) (./rpcsec__gss__client_8c.aux)
(./rpcsec__gss__client_8natif_8c.aux) (./rpcsec__gss__client__v4_8c.aux)
(./rpcsec__gss__client__v4_8natif_8c.aux) (./rpcsec__gss__server_8c.aux)
(./rpcsec__gss__server_8natif_8c.aux) (./server-gss_8c.aux) (./Svc_8c.aux)
(./Svc__auth_8c.aux) (./Svc__auth__gss_8c.aux) (./Svc__auth__none_8c.aux)
(./Svc__auth__unix_8c.aux) (./Svc__raw_8c.aux) (./Svc__run_8c.aux)
(./Svc__tab__auth_8c.aux) (./Svc__tcp_8c.aux) (./Svc__udp_8c.aux)
(./tools-gss_8c.aux) (./tools-gss_8h.aux) (./Xdr_8c.aux) (./Xdr__array_8c.aux)
(./Xdr__float_8c.aux) (./Xdr__mem_8c.aux) (./Xdr__rec_8c.aux)
(./Xdr__reference_8c.aux) (./Xdr__stdio_8c.aux)) ) 
Here is how much of TeX's memory you used:
 2551 strings out of 95847
 39880 string characters out of 1193874
 89441 words of memory out of 1000001
 5090 multiletter control sequences out of 10000+50000
 15330 words of font info for 31 fonts, out of 500000 for 1000
 14 hyphenation exceptions out of 1000
 30i,12n,43p,733b,433s stack positions out of 1500i,500n,5000p,200000b,5000s

Output written on refman.dvi (135 pages, 263852 bytes).
