/opt/philippe/GANESHA/src/HashTable/HashTable.c:256 Warning: missing title after \defgroup HashTableInternalFunctions
/opt/philippe/GANESHA/src/HashTable/HashTable.c:496 Warning: missing title after \defgroup HashTableExportedFunctions
/opt/philippe/GANESHA/src/HashTable/HashTable.c:299 Warning: argument `hparam' of command @param is not found in the argument list of double_hash_func(hash_parameter_t *p_hparam, hash_buffer_t *buffclef)
/opt/philippe/GANESHA/src/HashTable/HashTable.c:299 Warning: The following parameters of double_hash_func(hash_parameter_t *p_hparam, hash_buffer_t *buffclef) are not documented:
  parameter p_hparam

/opt/philippe/GANESHA/src/HashTable/HashTable.c:332 Warning: argument `hparam' of command @param is not found in the argument list of rbt_hash_func(hash_parameter_t *p_hparam, hash_buffer_t *buffclef)
/opt/philippe/GANESHA/src/HashTable/HashTable.c:332 Warning: The following parameters of rbt_hash_func(hash_parameter_t *p_hparam, hash_buffer_t *buffclef) are not documented:
  parameter p_hparam

/opt/philippe/GANESHA/src/HashTable/HashTable.c:260 Warning: argument `hparam' of command @param is not found in the argument list of simple_hash_func(hash_parameter_t *p_hparam, hash_buffer_t *buffclef)
/opt/philippe/GANESHA/src/HashTable/HashTable.c:260 Warning: The following parameters of simple_hash_func(hash_parameter_t *p_hparam, hash_buffer_t *buffclef) are not documented:
  parameter p_hparam

/opt/philippe/GANESHA/src/HashTable/HashTable.c:798 Warning: argument `pusedbuffkeydata' of command @param is not found in the argument list of HashTable_Del(hash_table_t *ht, hash_buffer_t *buffkey, hash_buffer_t *p_usedbuffkey, hash_buffer_t *p_usedbuffdata)
/opt/philippe/GANESHA/src/HashTable/HashTable.c:798 Warning: The following parameters of HashTable_Del(hash_table_t *ht, hash_buffer_t *buffkey, hash_buffer_t *p_usedbuffkey, hash_buffer_t *p_usedbuffdata) are not documented:
  parameter p_usedbuffkey
  parameter p_usedbuffdata

/opt/philippe/GANESHA/src/HashTable/HashTable.c:260 Warning: argument `hparam' of command @param is not found in the argument list of simple_hash_func(hash_parameter_t *p_hparam, hash_buffer_t *buffclef)
/opt/philippe/GANESHA/src/HashTable/HashTable.c:260 Warning: The following parameters of simple_hash_func(hash_parameter_t *p_hparam, hash_buffer_t *buffclef) are not documented:
  parameter p_hparam

/opt/philippe/GANESHA/src/HashTable/HashTable.c:299 Warning: argument `hparam' of command @param is not found in the argument list of double_hash_func(hash_parameter_t *p_hparam, hash_buffer_t *buffclef)
/opt/philippe/GANESHA/src/HashTable/HashTable.c:299 Warning: The following parameters of double_hash_func(hash_parameter_t *p_hparam, hash_buffer_t *buffclef) are not documented:
  parameter p_hparam

/opt/philippe/GANESHA/src/HashTable/HashTable.c:332 Warning: argument `hparam' of command @param is not found in the argument list of rbt_hash_func(hash_parameter_t *p_hparam, hash_buffer_t *buffclef)
/opt/philippe/GANESHA/src/HashTable/HashTable.c:332 Warning: The following parameters of rbt_hash_func(hash_parameter_t *p_hparam, hash_buffer_t *buffclef) are not documented:
  parameter p_hparam

/opt/philippe/GANESHA/src/HashTable/HashTable.c:798 Warning: argument `pusedbuffkeydata' of command @param is not found in the argument list of HashTable_Del(hash_table_t *ht, hash_buffer_t *buffkey, hash_buffer_t *p_usedbuffkey, hash_buffer_t *p_usedbuffdata)
/opt/philippe/GANESHA/src/HashTable/HashTable.c:798 Warning: The following parameters of HashTable_Del(hash_table_t *ht, hash_buffer_t *buffkey, hash_buffer_t *p_usedbuffkey, hash_buffer_t *p_usedbuffdata) are not documented:
  parameter p_usedbuffkey
  parameter p_usedbuffdata

/opt/philippe/GANESHA/src/HashTable/HashTable.c:260 Warning: argument `hparam' of command @param is not found in the argument list of simple_hash_func(hash_parameter_t *p_hparam, hash_buffer_t *buffclef)
/opt/philippe/GANESHA/src/HashTable/HashTable.c:260 Warning: The following parameters of simple_hash_func(hash_parameter_t *p_hparam, hash_buffer_t *buffclef) are not documented:
  parameter p_hparam

/opt/philippe/GANESHA/src/HashTable/HashTable.c:299 Warning: argument `hparam' of command @param is not found in the argument list of double_hash_func(hash_parameter_t *p_hparam, hash_buffer_t *buffclef)
/opt/philippe/GANESHA/src/HashTable/HashTable.c:299 Warning: The following parameters of double_hash_func(hash_parameter_t *p_hparam, hash_buffer_t *buffclef) are not documented:
  parameter p_hparam

/opt/philippe/GANESHA/src/HashTable/HashTable.c:332 Warning: argument `hparam' of command @param is not found in the argument list of rbt_hash_func(hash_parameter_t *p_hparam, hash_buffer_t *buffclef)
/opt/philippe/GANESHA/src/HashTable/HashTable.c:332 Warning: The following parameters of rbt_hash_func(hash_parameter_t *p_hparam, hash_buffer_t *buffclef) are not documented:
  parameter p_hparam

/opt/philippe/GANESHA/src/HashTable/HashTable.c:260 Warning: argument `hparam' of command @param is not found in the argument list of simple_hash_func(hash_parameter_t *p_hparam, hash_buffer_t *buffclef)
/opt/philippe/GANESHA/src/HashTable/HashTable.c:260 Warning: The following parameters of simple_hash_func(hash_parameter_t *p_hparam, hash_buffer_t *buffclef) are not documented:
  parameter p_hparam

/opt/philippe/GANESHA/src/HashTable/HashTable.c:299 Warning: argument `hparam' of command @param is not found in the argument list of double_hash_func(hash_parameter_t *p_hparam, hash_buffer_t *buffclef)
/opt/philippe/GANESHA/src/HashTable/HashTable.c:299 Warning: The following parameters of double_hash_func(hash_parameter_t *p_hparam, hash_buffer_t *buffclef) are not documented:
  parameter p_hparam

/opt/philippe/GANESHA/src/HashTable/HashTable.c:332 Warning: argument `hparam' of command @param is not found in the argument list of rbt_hash_func(hash_parameter_t *p_hparam, hash_buffer_t *buffclef)
/opt/philippe/GANESHA/src/HashTable/HashTable.c:332 Warning: The following parameters of rbt_hash_func(hash_parameter_t *p_hparam, hash_buffer_t *buffclef) are not documented:
  parameter p_hparam

/opt/philippe/GANESHA/src/HashTable/HashTable.c:260 Warning: argument `hparam' of command @param is not found in the argument list of simple_hash_func(hash_parameter_t *p_hparam, hash_buffer_t *buffclef)
/opt/philippe/GANESHA/src/HashTable/HashTable.c:260 Warning: The following parameters of simple_hash_func(hash_parameter_t *p_hparam, hash_buffer_t *buffclef) are not documented:
  parameter p_hparam

/opt/philippe/GANESHA/src/HashTable/HashTable.c:299 Warning: argument `hparam' of command @param is not found in the argument list of double_hash_func(hash_parameter_t *p_hparam, hash_buffer_t *buffclef)
/opt/philippe/GANESHA/src/HashTable/HashTable.c:299 Warning: The following parameters of double_hash_func(hash_parameter_t *p_hparam, hash_buffer_t *buffclef) are not documented:
  parameter p_hparam

/opt/philippe/GANESHA/src/HashTable/HashTable.c:332 Warning: argument `hparam' of command @param is not found in the argument list of rbt_hash_func(hash_parameter_t *p_hparam, hash_buffer_t *buffclef)
/opt/philippe/GANESHA/src/HashTable/HashTable.c:332 Warning: The following parameters of rbt_hash_func(hash_parameter_t *p_hparam, hash_buffer_t *buffclef) are not documented:
  parameter p_hparam

/opt/philippe/GANESHA/src/HashTable/HashTable.c:260 Warning: argument `hparam' of command @param is not found in the argument list of simple_hash_func(hash_parameter_t *p_hparam, hash_buffer_t *buffclef)
/opt/philippe/GANESHA/src/HashTable/HashTable.c:260 Warning: The following parameters of simple_hash_func(hash_parameter_t *p_hparam, hash_buffer_t *buffclef) are not documented:
  parameter p_hparam

/opt/philippe/GANESHA/src/HashTable/HashTable.c:299 Warning: argument `hparam' of command @param is not found in the argument list of double_hash_func(hash_parameter_t *p_hparam, hash_buffer_t *buffclef)
/opt/philippe/GANESHA/src/HashTable/HashTable.c:299 Warning: The following parameters of double_hash_func(hash_parameter_t *p_hparam, hash_buffer_t *buffclef) are not documented:
  parameter p_hparam

/opt/philippe/GANESHA/src/HashTable/HashTable.c:332 Warning: argument `hparam' of command @param is not found in the argument list of rbt_hash_func(hash_parameter_t *p_hparam, hash_buffer_t *buffclef)
/opt/philippe/GANESHA/src/HashTable/HashTable.c:332 Warning: The following parameters of rbt_hash_func(hash_parameter_t *p_hparam, hash_buffer_t *buffclef) are not documented:
  parameter p_hparam

/opt/philippe/GANESHA/src/HashTable/HashTable.c:798 Warning: argument `pusedbuffkeydata' of command @param is not found in the argument list of HashTable_Del(hash_table_t *ht, hash_buffer_t *buffkey, hash_buffer_t *p_usedbuffkey, hash_buffer_t *p_usedbuffdata)
/opt/philippe/GANESHA/src/HashTable/HashTable.c:798 Warning: The following parameters of HashTable_Del(hash_table_t *ht, hash_buffer_t *buffkey, hash_buffer_t *p_usedbuffkey, hash_buffer_t *p_usedbuffdata) are not documented:
  parameter p_usedbuffkey
  parameter p_usedbuffdata

